[2024-06-11T22:43:51.869+0000] {processor.py:161} INFO - Started process (PID=83) to work on /home/airflow/.local/lib/python3.12/site-packages/airflow/example_dags/example_task_group_decorator.py
[2024-06-11T22:43:51.870+0000] {processor.py:830} INFO - Processing file /home/airflow/.local/lib/python3.12/site-packages/airflow/example_dags/example_task_group_decorator.py for tasks to queue
[2024-06-11T22:43:51.872+0000] {logging_mixin.py:188} INFO - [2024-06-11T22:43:51.871+0000] {dagbag.py:545} INFO - Filling up the DagBag from /home/airflow/.local/lib/python3.12/site-packages/airflow/example_dags/example_task_group_decorator.py
[2024-06-11T22:43:51.883+0000] {processor.py:840} INFO - DAG(s) 'example_task_group_decorator' retrieved from /home/airflow/.local/lib/python3.12/site-packages/airflow/example_dags/example_task_group_decorator.py
[2024-06-11T22:43:51.893+0000] {logging_mixin.py:188} INFO - [2024-06-11T22:43:51.893+0000] {dag.py:3096} INFO - Sync 1 DAGs
[2024-06-11T22:43:51.912+0000] {logging_mixin.py:188} INFO - [2024-06-11T22:43:51.912+0000] {dag.py:3954} INFO - Setting next_dagrun for example_task_group_decorator to 2024-06-10 00:00:00+00:00, run_after=2024-06-11 00:00:00+00:00
[2024-06-11T22:43:51.929+0000] {processor.py:183} INFO - Processing /home/airflow/.local/lib/python3.12/site-packages/airflow/example_dags/example_task_group_decorator.py took 0.064 seconds
[2024-06-11T22:44:22.952+0000] {processor.py:161} INFO - Started process (PID=141) to work on /home/airflow/.local/lib/python3.12/site-packages/airflow/example_dags/example_task_group_decorator.py
[2024-06-11T22:44:22.953+0000] {processor.py:830} INFO - Processing file /home/airflow/.local/lib/python3.12/site-packages/airflow/example_dags/example_task_group_decorator.py for tasks to queue
[2024-06-11T22:44:22.954+0000] {logging_mixin.py:188} INFO - [2024-06-11T22:44:22.954+0000] {dagbag.py:545} INFO - Filling up the DagBag from /home/airflow/.local/lib/python3.12/site-packages/airflow/example_dags/example_task_group_decorator.py
[2024-06-11T22:44:22.966+0000] {processor.py:840} INFO - DAG(s) 'example_task_group_decorator' retrieved from /home/airflow/.local/lib/python3.12/site-packages/airflow/example_dags/example_task_group_decorator.py
[2024-06-11T22:44:23.040+0000] {logging_mixin.py:188} INFO - [2024-06-11T22:44:23.040+0000] {dag.py:3096} INFO - Sync 1 DAGs
[2024-06-11T22:44:23.055+0000] {logging_mixin.py:188} INFO - [2024-06-11T22:44:23.054+0000] {dag.py:3954} INFO - Setting next_dagrun for example_task_group_decorator to 2024-06-10 00:00:00+00:00, run_after=2024-06-11 00:00:00+00:00
[2024-06-11T22:44:23.074+0000] {processor.py:183} INFO - Processing /home/airflow/.local/lib/python3.12/site-packages/airflow/example_dags/example_task_group_decorator.py took 0.126 seconds
[2024-06-11T22:44:53.440+0000] {processor.py:161} INFO - Started process (PID=199) to work on /home/airflow/.local/lib/python3.12/site-packages/airflow/example_dags/example_task_group_decorator.py
[2024-06-11T22:44:53.441+0000] {processor.py:830} INFO - Processing file /home/airflow/.local/lib/python3.12/site-packages/airflow/example_dags/example_task_group_decorator.py for tasks to queue
[2024-06-11T22:44:53.443+0000] {logging_mixin.py:188} INFO - [2024-06-11T22:44:53.443+0000] {dagbag.py:545} INFO - Filling up the DagBag from /home/airflow/.local/lib/python3.12/site-packages/airflow/example_dags/example_task_group_decorator.py
[2024-06-11T22:44:53.453+0000] {processor.py:840} INFO - DAG(s) 'example_task_group_decorator' retrieved from /home/airflow/.local/lib/python3.12/site-packages/airflow/example_dags/example_task_group_decorator.py
[2024-06-11T22:44:53.472+0000] {logging_mixin.py:188} INFO - [2024-06-11T22:44:53.472+0000] {dag.py:3096} INFO - Sync 1 DAGs
[2024-06-11T22:44:53.487+0000] {logging_mixin.py:188} INFO - [2024-06-11T22:44:53.487+0000] {dag.py:3954} INFO - Setting next_dagrun for example_task_group_decorator to 2024-06-10 00:00:00+00:00, run_after=2024-06-11 00:00:00+00:00
[2024-06-11T22:44:53.503+0000] {processor.py:183} INFO - Processing /home/airflow/.local/lib/python3.12/site-packages/airflow/example_dags/example_task_group_decorator.py took 0.067 seconds
[2024-06-11T22:45:24.113+0000] {processor.py:161} INFO - Started process (PID=258) to work on /home/airflow/.local/lib/python3.12/site-packages/airflow/example_dags/example_task_group_decorator.py
[2024-06-11T22:45:24.114+0000] {processor.py:830} INFO - Processing file /home/airflow/.local/lib/python3.12/site-packages/airflow/example_dags/example_task_group_decorator.py for tasks to queue
[2024-06-11T22:45:24.116+0000] {logging_mixin.py:188} INFO - [2024-06-11T22:45:24.116+0000] {dagbag.py:545} INFO - Filling up the DagBag from /home/airflow/.local/lib/python3.12/site-packages/airflow/example_dags/example_task_group_decorator.py
[2024-06-11T22:45:24.129+0000] {processor.py:840} INFO - DAG(s) 'example_task_group_decorator' retrieved from /home/airflow/.local/lib/python3.12/site-packages/airflow/example_dags/example_task_group_decorator.py
[2024-06-11T22:45:24.151+0000] {logging_mixin.py:188} INFO - [2024-06-11T22:45:24.151+0000] {dag.py:3096} INFO - Sync 1 DAGs
[2024-06-11T22:45:24.180+0000] {logging_mixin.py:188} INFO - [2024-06-11T22:45:24.179+0000] {dag.py:3954} INFO - Setting next_dagrun for example_task_group_decorator to 2024-06-10 00:00:00+00:00, run_after=2024-06-11 00:00:00+00:00
[2024-06-11T22:45:24.204+0000] {processor.py:183} INFO - Processing /home/airflow/.local/lib/python3.12/site-packages/airflow/example_dags/example_task_group_decorator.py took 0.096 seconds
[2024-06-11T22:45:54.814+0000] {processor.py:161} INFO - Started process (PID=316) to work on /home/airflow/.local/lib/python3.12/site-packages/airflow/example_dags/example_task_group_decorator.py
[2024-06-11T22:45:54.815+0000] {processor.py:830} INFO - Processing file /home/airflow/.local/lib/python3.12/site-packages/airflow/example_dags/example_task_group_decorator.py for tasks to queue
[2024-06-11T22:45:54.816+0000] {logging_mixin.py:188} INFO - [2024-06-11T22:45:54.816+0000] {dagbag.py:545} INFO - Filling up the DagBag from /home/airflow/.local/lib/python3.12/site-packages/airflow/example_dags/example_task_group_decorator.py
[2024-06-11T22:45:54.828+0000] {processor.py:840} INFO - DAG(s) 'example_task_group_decorator' retrieved from /home/airflow/.local/lib/python3.12/site-packages/airflow/example_dags/example_task_group_decorator.py
[2024-06-11T22:45:54.848+0000] {logging_mixin.py:188} INFO - [2024-06-11T22:45:54.848+0000] {dag.py:3096} INFO - Sync 1 DAGs
[2024-06-11T22:45:54.866+0000] {logging_mixin.py:188} INFO - [2024-06-11T22:45:54.866+0000] {dag.py:3954} INFO - Setting next_dagrun for example_task_group_decorator to 2024-06-10 00:00:00+00:00, run_after=2024-06-11 00:00:00+00:00
[2024-06-11T22:45:54.884+0000] {processor.py:183} INFO - Processing /home/airflow/.local/lib/python3.12/site-packages/airflow/example_dags/example_task_group_decorator.py took 0.076 seconds
[2024-06-11T22:46:26.194+0000] {processor.py:161} INFO - Started process (PID=374) to work on /home/airflow/.local/lib/python3.12/site-packages/airflow/example_dags/example_task_group_decorator.py
[2024-06-11T22:46:26.196+0000] {processor.py:830} INFO - Processing file /home/airflow/.local/lib/python3.12/site-packages/airflow/example_dags/example_task_group_decorator.py for tasks to queue
[2024-06-11T22:46:26.197+0000] {logging_mixin.py:188} INFO - [2024-06-11T22:46:26.197+0000] {dagbag.py:545} INFO - Filling up the DagBag from /home/airflow/.local/lib/python3.12/site-packages/airflow/example_dags/example_task_group_decorator.py
[2024-06-11T22:46:26.209+0000] {processor.py:840} INFO - DAG(s) 'example_task_group_decorator' retrieved from /home/airflow/.local/lib/python3.12/site-packages/airflow/example_dags/example_task_group_decorator.py
[2024-06-11T22:46:26.231+0000] {logging_mixin.py:188} INFO - [2024-06-11T22:46:26.230+0000] {dag.py:3096} INFO - Sync 1 DAGs
[2024-06-11T22:46:26.252+0000] {logging_mixin.py:188} INFO - [2024-06-11T22:46:26.251+0000] {dag.py:3954} INFO - Setting next_dagrun for example_task_group_decorator to 2024-06-10 00:00:00+00:00, run_after=2024-06-11 00:00:00+00:00
[2024-06-11T22:46:26.274+0000] {processor.py:183} INFO - Processing /home/airflow/.local/lib/python3.12/site-packages/airflow/example_dags/example_task_group_decorator.py took 0.085 seconds
[2024-06-11T22:46:57.198+0000] {processor.py:161} INFO - Started process (PID=432) to work on /home/airflow/.local/lib/python3.12/site-packages/airflow/example_dags/example_task_group_decorator.py
[2024-06-11T22:46:57.199+0000] {processor.py:830} INFO - Processing file /home/airflow/.local/lib/python3.12/site-packages/airflow/example_dags/example_task_group_decorator.py for tasks to queue
[2024-06-11T22:46:57.201+0000] {logging_mixin.py:188} INFO - [2024-06-11T22:46:57.200+0000] {dagbag.py:545} INFO - Filling up the DagBag from /home/airflow/.local/lib/python3.12/site-packages/airflow/example_dags/example_task_group_decorator.py
[2024-06-11T22:46:57.221+0000] {processor.py:840} INFO - DAG(s) 'example_task_group_decorator' retrieved from /home/airflow/.local/lib/python3.12/site-packages/airflow/example_dags/example_task_group_decorator.py
[2024-06-11T22:46:57.247+0000] {logging_mixin.py:188} INFO - [2024-06-11T22:46:57.247+0000] {dag.py:3096} INFO - Sync 1 DAGs
[2024-06-11T22:46:57.268+0000] {logging_mixin.py:188} INFO - [2024-06-11T22:46:57.267+0000] {dag.py:3954} INFO - Setting next_dagrun for example_task_group_decorator to 2024-06-10 00:00:00+00:00, run_after=2024-06-11 00:00:00+00:00
[2024-06-11T22:46:57.296+0000] {processor.py:183} INFO - Processing /home/airflow/.local/lib/python3.12/site-packages/airflow/example_dags/example_task_group_decorator.py took 0.116 seconds
[2024-06-11T22:47:27.343+0000] {processor.py:161} INFO - Started process (PID=490) to work on /home/airflow/.local/lib/python3.12/site-packages/airflow/example_dags/example_task_group_decorator.py
[2024-06-11T22:47:27.345+0000] {processor.py:830} INFO - Processing file /home/airflow/.local/lib/python3.12/site-packages/airflow/example_dags/example_task_group_decorator.py for tasks to queue
[2024-06-11T22:47:27.346+0000] {logging_mixin.py:188} INFO - [2024-06-11T22:47:27.346+0000] {dagbag.py:545} INFO - Filling up the DagBag from /home/airflow/.local/lib/python3.12/site-packages/airflow/example_dags/example_task_group_decorator.py
[2024-06-11T22:47:27.359+0000] {processor.py:840} INFO - DAG(s) 'example_task_group_decorator' retrieved from /home/airflow/.local/lib/python3.12/site-packages/airflow/example_dags/example_task_group_decorator.py
[2024-06-11T22:47:27.379+0000] {logging_mixin.py:188} INFO - [2024-06-11T22:47:27.379+0000] {dag.py:3096} INFO - Sync 1 DAGs
[2024-06-11T22:47:27.398+0000] {logging_mixin.py:188} INFO - [2024-06-11T22:47:27.398+0000] {dag.py:3954} INFO - Setting next_dagrun for example_task_group_decorator to 2024-06-10 00:00:00+00:00, run_after=2024-06-11 00:00:00+00:00
[2024-06-11T22:47:27.422+0000] {processor.py:183} INFO - Processing /home/airflow/.local/lib/python3.12/site-packages/airflow/example_dags/example_task_group_decorator.py took 0.083 seconds
[2024-06-11T22:47:57.550+0000] {processor.py:161} INFO - Started process (PID=548) to work on /home/airflow/.local/lib/python3.12/site-packages/airflow/example_dags/example_task_group_decorator.py
[2024-06-11T22:47:57.551+0000] {processor.py:830} INFO - Processing file /home/airflow/.local/lib/python3.12/site-packages/airflow/example_dags/example_task_group_decorator.py for tasks to queue
[2024-06-11T22:47:57.552+0000] {logging_mixin.py:188} INFO - [2024-06-11T22:47:57.552+0000] {dagbag.py:545} INFO - Filling up the DagBag from /home/airflow/.local/lib/python3.12/site-packages/airflow/example_dags/example_task_group_decorator.py
[2024-06-11T22:47:57.565+0000] {processor.py:840} INFO - DAG(s) 'example_task_group_decorator' retrieved from /home/airflow/.local/lib/python3.12/site-packages/airflow/example_dags/example_task_group_decorator.py
[2024-06-11T22:47:57.586+0000] {logging_mixin.py:188} INFO - [2024-06-11T22:47:57.586+0000] {dag.py:3096} INFO - Sync 1 DAGs
[2024-06-11T22:47:57.603+0000] {logging_mixin.py:188} INFO - [2024-06-11T22:47:57.603+0000] {dag.py:3954} INFO - Setting next_dagrun for example_task_group_decorator to 2024-06-10 00:00:00+00:00, run_after=2024-06-11 00:00:00+00:00
[2024-06-11T22:47:57.622+0000] {processor.py:183} INFO - Processing /home/airflow/.local/lib/python3.12/site-packages/airflow/example_dags/example_task_group_decorator.py took 0.078 seconds
[2024-06-11T22:48:30.386+0000] {processor.py:161} INFO - Started process (PID=606) to work on /home/airflow/.local/lib/python3.12/site-packages/airflow/example_dags/example_task_group_decorator.py
[2024-06-11T22:48:30.387+0000] {processor.py:830} INFO - Processing file /home/airflow/.local/lib/python3.12/site-packages/airflow/example_dags/example_task_group_decorator.py for tasks to queue
[2024-06-11T22:48:30.389+0000] {logging_mixin.py:188} INFO - [2024-06-11T22:48:30.389+0000] {dagbag.py:545} INFO - Filling up the DagBag from /home/airflow/.local/lib/python3.12/site-packages/airflow/example_dags/example_task_group_decorator.py
[2024-06-11T22:48:30.401+0000] {processor.py:840} INFO - DAG(s) 'example_task_group_decorator' retrieved from /home/airflow/.local/lib/python3.12/site-packages/airflow/example_dags/example_task_group_decorator.py
[2024-06-11T22:48:30.420+0000] {logging_mixin.py:188} INFO - [2024-06-11T22:48:30.420+0000] {dag.py:3096} INFO - Sync 1 DAGs
[2024-06-11T22:48:30.436+0000] {logging_mixin.py:188} INFO - [2024-06-11T22:48:30.436+0000] {dag.py:3954} INFO - Setting next_dagrun for example_task_group_decorator to 2024-06-10 00:00:00+00:00, run_after=2024-06-11 00:00:00+00:00
[2024-06-11T22:48:30.451+0000] {processor.py:183} INFO - Processing /home/airflow/.local/lib/python3.12/site-packages/airflow/example_dags/example_task_group_decorator.py took 0.069 seconds
[2024-06-11T22:49:01.044+0000] {processor.py:161} INFO - Started process (PID=670) to work on /home/airflow/.local/lib/python3.12/site-packages/airflow/example_dags/example_task_group_decorator.py
[2024-06-11T22:49:01.045+0000] {processor.py:830} INFO - Processing file /home/airflow/.local/lib/python3.12/site-packages/airflow/example_dags/example_task_group_decorator.py for tasks to queue
[2024-06-11T22:49:01.047+0000] {logging_mixin.py:188} INFO - [2024-06-11T22:49:01.046+0000] {dagbag.py:545} INFO - Filling up the DagBag from /home/airflow/.local/lib/python3.12/site-packages/airflow/example_dags/example_task_group_decorator.py
[2024-06-11T22:49:01.059+0000] {processor.py:840} INFO - DAG(s) 'example_task_group_decorator' retrieved from /home/airflow/.local/lib/python3.12/site-packages/airflow/example_dags/example_task_group_decorator.py
[2024-06-11T22:49:01.080+0000] {logging_mixin.py:188} INFO - [2024-06-11T22:49:01.080+0000] {dag.py:3096} INFO - Sync 1 DAGs
[2024-06-11T22:49:01.100+0000] {logging_mixin.py:188} INFO - [2024-06-11T22:49:01.100+0000] {dag.py:3954} INFO - Setting next_dagrun for example_task_group_decorator to 2024-06-10 00:00:00+00:00, run_after=2024-06-11 00:00:00+00:00
[2024-06-11T22:49:01.119+0000] {processor.py:183} INFO - Processing /home/airflow/.local/lib/python3.12/site-packages/airflow/example_dags/example_task_group_decorator.py took 0.080 seconds
[2024-06-11T22:49:32.375+0000] {processor.py:161} INFO - Started process (PID=728) to work on /home/airflow/.local/lib/python3.12/site-packages/airflow/example_dags/example_task_group_decorator.py
[2024-06-11T22:49:32.378+0000] {processor.py:830} INFO - Processing file /home/airflow/.local/lib/python3.12/site-packages/airflow/example_dags/example_task_group_decorator.py for tasks to queue
[2024-06-11T22:49:32.425+0000] {logging_mixin.py:188} INFO - [2024-06-11T22:49:32.424+0000] {dagbag.py:545} INFO - Filling up the DagBag from /home/airflow/.local/lib/python3.12/site-packages/airflow/example_dags/example_task_group_decorator.py
[2024-06-11T22:49:32.484+0000] {processor.py:840} INFO - DAG(s) 'example_task_group_decorator' retrieved from /home/airflow/.local/lib/python3.12/site-packages/airflow/example_dags/example_task_group_decorator.py
[2024-06-11T22:49:32.511+0000] {logging_mixin.py:188} INFO - [2024-06-11T22:49:32.511+0000] {dag.py:3096} INFO - Sync 1 DAGs
[2024-06-11T22:49:32.534+0000] {logging_mixin.py:188} INFO - [2024-06-11T22:49:32.534+0000] {dag.py:3954} INFO - Setting next_dagrun for example_task_group_decorator to 2024-06-10 00:00:00+00:00, run_after=2024-06-11 00:00:00+00:00
[2024-06-11T22:49:32.557+0000] {processor.py:183} INFO - Processing /home/airflow/.local/lib/python3.12/site-packages/airflow/example_dags/example_task_group_decorator.py took 0.188 seconds
[2024-06-11T22:50:03.302+0000] {processor.py:161} INFO - Started process (PID=786) to work on /home/airflow/.local/lib/python3.12/site-packages/airflow/example_dags/example_task_group_decorator.py
[2024-06-11T22:50:03.392+0000] {processor.py:830} INFO - Processing file /home/airflow/.local/lib/python3.12/site-packages/airflow/example_dags/example_task_group_decorator.py for tasks to queue
[2024-06-11T22:50:03.402+0000] {logging_mixin.py:188} INFO - [2024-06-11T22:50:03.402+0000] {dagbag.py:545} INFO - Filling up the DagBag from /home/airflow/.local/lib/python3.12/site-packages/airflow/example_dags/example_task_group_decorator.py
[2024-06-11T22:50:03.427+0000] {processor.py:840} INFO - DAG(s) 'example_task_group_decorator' retrieved from /home/airflow/.local/lib/python3.12/site-packages/airflow/example_dags/example_task_group_decorator.py
[2024-06-11T22:50:03.543+0000] {logging_mixin.py:188} INFO - [2024-06-11T22:50:03.543+0000] {dag.py:3096} INFO - Sync 1 DAGs
[2024-06-11T22:50:03.667+0000] {logging_mixin.py:188} INFO - [2024-06-11T22:50:03.667+0000] {dag.py:3954} INFO - Setting next_dagrun for example_task_group_decorator to 2024-06-10 00:00:00+00:00, run_after=2024-06-11 00:00:00+00:00
[2024-06-11T22:50:03.736+0000] {processor.py:183} INFO - Processing /home/airflow/.local/lib/python3.12/site-packages/airflow/example_dags/example_task_group_decorator.py took 0.439 seconds
[2024-06-11T22:50:34.186+0000] {processor.py:161} INFO - Started process (PID=844) to work on /home/airflow/.local/lib/python3.12/site-packages/airflow/example_dags/example_task_group_decorator.py
[2024-06-11T22:50:34.187+0000] {processor.py:830} INFO - Processing file /home/airflow/.local/lib/python3.12/site-packages/airflow/example_dags/example_task_group_decorator.py for tasks to queue
[2024-06-11T22:50:34.189+0000] {logging_mixin.py:188} INFO - [2024-06-11T22:50:34.189+0000] {dagbag.py:545} INFO - Filling up the DagBag from /home/airflow/.local/lib/python3.12/site-packages/airflow/example_dags/example_task_group_decorator.py
[2024-06-11T22:50:34.208+0000] {processor.py:840} INFO - DAG(s) 'example_task_group_decorator' retrieved from /home/airflow/.local/lib/python3.12/site-packages/airflow/example_dags/example_task_group_decorator.py
[2024-06-11T22:50:34.232+0000] {logging_mixin.py:188} INFO - [2024-06-11T22:50:34.231+0000] {dag.py:3096} INFO - Sync 1 DAGs
[2024-06-11T22:50:34.252+0000] {logging_mixin.py:188} INFO - [2024-06-11T22:50:34.251+0000] {dag.py:3954} INFO - Setting next_dagrun for example_task_group_decorator to 2024-06-10 00:00:00+00:00, run_after=2024-06-11 00:00:00+00:00
[2024-06-11T22:50:34.271+0000] {processor.py:183} INFO - Processing /home/airflow/.local/lib/python3.12/site-packages/airflow/example_dags/example_task_group_decorator.py took 0.090 seconds
[2024-06-11T22:51:04.956+0000] {processor.py:161} INFO - Started process (PID=902) to work on /home/airflow/.local/lib/python3.12/site-packages/airflow/example_dags/example_task_group_decorator.py
[2024-06-11T22:51:04.957+0000] {processor.py:830} INFO - Processing file /home/airflow/.local/lib/python3.12/site-packages/airflow/example_dags/example_task_group_decorator.py for tasks to queue
[2024-06-11T22:51:04.959+0000] {logging_mixin.py:188} INFO - [2024-06-11T22:51:04.959+0000] {dagbag.py:545} INFO - Filling up the DagBag from /home/airflow/.local/lib/python3.12/site-packages/airflow/example_dags/example_task_group_decorator.py
[2024-06-11T22:51:04.974+0000] {processor.py:840} INFO - DAG(s) 'example_task_group_decorator' retrieved from /home/airflow/.local/lib/python3.12/site-packages/airflow/example_dags/example_task_group_decorator.py
[2024-06-11T22:51:04.997+0000] {logging_mixin.py:188} INFO - [2024-06-11T22:51:04.997+0000] {dag.py:3096} INFO - Sync 1 DAGs
[2024-06-11T22:51:05.017+0000] {logging_mixin.py:188} INFO - [2024-06-11T22:51:05.016+0000] {dag.py:3954} INFO - Setting next_dagrun for example_task_group_decorator to 2024-06-10 00:00:00+00:00, run_after=2024-06-11 00:00:00+00:00
[2024-06-11T22:51:05.037+0000] {processor.py:183} INFO - Processing /home/airflow/.local/lib/python3.12/site-packages/airflow/example_dags/example_task_group_decorator.py took 0.088 seconds
[2024-06-11T22:51:35.653+0000] {processor.py:161} INFO - Started process (PID=960) to work on /home/airflow/.local/lib/python3.12/site-packages/airflow/example_dags/example_task_group_decorator.py
[2024-06-11T22:51:35.655+0000] {processor.py:830} INFO - Processing file /home/airflow/.local/lib/python3.12/site-packages/airflow/example_dags/example_task_group_decorator.py for tasks to queue
[2024-06-11T22:51:35.657+0000] {logging_mixin.py:188} INFO - [2024-06-11T22:51:35.657+0000] {dagbag.py:545} INFO - Filling up the DagBag from /home/airflow/.local/lib/python3.12/site-packages/airflow/example_dags/example_task_group_decorator.py
[2024-06-11T22:51:35.670+0000] {processor.py:840} INFO - DAG(s) 'example_task_group_decorator' retrieved from /home/airflow/.local/lib/python3.12/site-packages/airflow/example_dags/example_task_group_decorator.py
[2024-06-11T22:51:35.692+0000] {logging_mixin.py:188} INFO - [2024-06-11T22:51:35.692+0000] {dag.py:3096} INFO - Sync 1 DAGs
[2024-06-11T22:51:35.712+0000] {logging_mixin.py:188} INFO - [2024-06-11T22:51:35.712+0000] {dag.py:3954} INFO - Setting next_dagrun for example_task_group_decorator to 2024-06-10 00:00:00+00:00, run_after=2024-06-11 00:00:00+00:00
[2024-06-11T22:51:35.744+0000] {processor.py:183} INFO - Processing /home/airflow/.local/lib/python3.12/site-packages/airflow/example_dags/example_task_group_decorator.py took 0.095 seconds
[2024-06-11T22:52:07.454+0000] {processor.py:161} INFO - Started process (PID=1018) to work on /home/airflow/.local/lib/python3.12/site-packages/airflow/example_dags/example_task_group_decorator.py
[2024-06-11T22:52:07.462+0000] {processor.py:830} INFO - Processing file /home/airflow/.local/lib/python3.12/site-packages/airflow/example_dags/example_task_group_decorator.py for tasks to queue
[2024-06-11T22:52:07.464+0000] {logging_mixin.py:188} INFO - [2024-06-11T22:52:07.463+0000] {dagbag.py:545} INFO - Filling up the DagBag from /home/airflow/.local/lib/python3.12/site-packages/airflow/example_dags/example_task_group_decorator.py
[2024-06-11T22:52:07.475+0000] {processor.py:840} INFO - DAG(s) 'example_task_group_decorator' retrieved from /home/airflow/.local/lib/python3.12/site-packages/airflow/example_dags/example_task_group_decorator.py
[2024-06-11T22:52:07.620+0000] {logging_mixin.py:188} INFO - [2024-06-11T22:52:07.619+0000] {dag.py:3096} INFO - Sync 1 DAGs
[2024-06-11T22:52:07.654+0000] {logging_mixin.py:188} INFO - [2024-06-11T22:52:07.653+0000] {dag.py:3954} INFO - Setting next_dagrun for example_task_group_decorator to 2024-06-10 00:00:00+00:00, run_after=2024-06-11 00:00:00+00:00
[2024-06-11T22:52:07.681+0000] {processor.py:183} INFO - Processing /home/airflow/.local/lib/python3.12/site-packages/airflow/example_dags/example_task_group_decorator.py took 0.233 seconds
[2024-06-11T22:52:38.491+0000] {processor.py:161} INFO - Started process (PID=1076) to work on /home/airflow/.local/lib/python3.12/site-packages/airflow/example_dags/example_task_group_decorator.py
[2024-06-11T22:52:38.503+0000] {processor.py:830} INFO - Processing file /home/airflow/.local/lib/python3.12/site-packages/airflow/example_dags/example_task_group_decorator.py for tasks to queue
[2024-06-11T22:52:38.506+0000] {logging_mixin.py:188} INFO - [2024-06-11T22:52:38.505+0000] {dagbag.py:545} INFO - Filling up the DagBag from /home/airflow/.local/lib/python3.12/site-packages/airflow/example_dags/example_task_group_decorator.py
[2024-06-11T22:52:38.518+0000] {processor.py:840} INFO - DAG(s) 'example_task_group_decorator' retrieved from /home/airflow/.local/lib/python3.12/site-packages/airflow/example_dags/example_task_group_decorator.py
[2024-06-11T22:52:38.544+0000] {logging_mixin.py:188} INFO - [2024-06-11T22:52:38.544+0000] {dag.py:3096} INFO - Sync 1 DAGs
[2024-06-11T22:52:38.566+0000] {logging_mixin.py:188} INFO - [2024-06-11T22:52:38.566+0000] {dag.py:3954} INFO - Setting next_dagrun for example_task_group_decorator to 2024-06-10 00:00:00+00:00, run_after=2024-06-11 00:00:00+00:00
[2024-06-11T22:52:38.593+0000] {processor.py:183} INFO - Processing /home/airflow/.local/lib/python3.12/site-packages/airflow/example_dags/example_task_group_decorator.py took 0.108 seconds
[2024-06-11T22:53:08.927+0000] {processor.py:161} INFO - Started process (PID=1134) to work on /home/airflow/.local/lib/python3.12/site-packages/airflow/example_dags/example_task_group_decorator.py
[2024-06-11T22:53:08.929+0000] {processor.py:830} INFO - Processing file /home/airflow/.local/lib/python3.12/site-packages/airflow/example_dags/example_task_group_decorator.py for tasks to queue
[2024-06-11T22:53:08.931+0000] {logging_mixin.py:188} INFO - [2024-06-11T22:53:08.930+0000] {dagbag.py:545} INFO - Filling up the DagBag from /home/airflow/.local/lib/python3.12/site-packages/airflow/example_dags/example_task_group_decorator.py
[2024-06-11T22:53:08.945+0000] {processor.py:840} INFO - DAG(s) 'example_task_group_decorator' retrieved from /home/airflow/.local/lib/python3.12/site-packages/airflow/example_dags/example_task_group_decorator.py
[2024-06-11T22:53:08.973+0000] {logging_mixin.py:188} INFO - [2024-06-11T22:53:08.972+0000] {dag.py:3096} INFO - Sync 1 DAGs
[2024-06-11T22:53:08.996+0000] {logging_mixin.py:188} INFO - [2024-06-11T22:53:08.996+0000] {dag.py:3954} INFO - Setting next_dagrun for example_task_group_decorator to 2024-06-10 00:00:00+00:00, run_after=2024-06-11 00:00:00+00:00
[2024-06-11T22:53:09.014+0000] {processor.py:183} INFO - Processing /home/airflow/.local/lib/python3.12/site-packages/airflow/example_dags/example_task_group_decorator.py took 0.093 seconds
[2024-06-11T22:53:39.401+0000] {processor.py:161} INFO - Started process (PID=1192) to work on /home/airflow/.local/lib/python3.12/site-packages/airflow/example_dags/example_task_group_decorator.py
[2024-06-11T22:53:39.402+0000] {processor.py:830} INFO - Processing file /home/airflow/.local/lib/python3.12/site-packages/airflow/example_dags/example_task_group_decorator.py for tasks to queue
[2024-06-11T22:53:39.403+0000] {logging_mixin.py:188} INFO - [2024-06-11T22:53:39.403+0000] {dagbag.py:545} INFO - Filling up the DagBag from /home/airflow/.local/lib/python3.12/site-packages/airflow/example_dags/example_task_group_decorator.py
[2024-06-11T22:53:39.414+0000] {processor.py:840} INFO - DAG(s) 'example_task_group_decorator' retrieved from /home/airflow/.local/lib/python3.12/site-packages/airflow/example_dags/example_task_group_decorator.py
[2024-06-11T22:53:39.434+0000] {logging_mixin.py:188} INFO - [2024-06-11T22:53:39.434+0000] {dag.py:3096} INFO - Sync 1 DAGs
[2024-06-11T22:53:39.452+0000] {logging_mixin.py:188} INFO - [2024-06-11T22:53:39.451+0000] {dag.py:3954} INFO - Setting next_dagrun for example_task_group_decorator to 2024-06-10 00:00:00+00:00, run_after=2024-06-11 00:00:00+00:00
[2024-06-11T22:53:39.469+0000] {processor.py:183} INFO - Processing /home/airflow/.local/lib/python3.12/site-packages/airflow/example_dags/example_task_group_decorator.py took 0.074 seconds
[2024-06-11T22:54:09.606+0000] {processor.py:161} INFO - Started process (PID=1250) to work on /home/airflow/.local/lib/python3.12/site-packages/airflow/example_dags/example_task_group_decorator.py
[2024-06-11T22:54:09.607+0000] {processor.py:830} INFO - Processing file /home/airflow/.local/lib/python3.12/site-packages/airflow/example_dags/example_task_group_decorator.py for tasks to queue
[2024-06-11T22:54:09.609+0000] {logging_mixin.py:188} INFO - [2024-06-11T22:54:09.609+0000] {dagbag.py:545} INFO - Filling up the DagBag from /home/airflow/.local/lib/python3.12/site-packages/airflow/example_dags/example_task_group_decorator.py
[2024-06-11T22:54:09.620+0000] {processor.py:840} INFO - DAG(s) 'example_task_group_decorator' retrieved from /home/airflow/.local/lib/python3.12/site-packages/airflow/example_dags/example_task_group_decorator.py
[2024-06-11T22:54:09.642+0000] {logging_mixin.py:188} INFO - [2024-06-11T22:54:09.642+0000] {dag.py:3096} INFO - Sync 1 DAGs
[2024-06-11T22:54:09.659+0000] {logging_mixin.py:188} INFO - [2024-06-11T22:54:09.659+0000] {dag.py:3954} INFO - Setting next_dagrun for example_task_group_decorator to 2024-06-10 00:00:00+00:00, run_after=2024-06-11 00:00:00+00:00
[2024-06-11T22:54:09.678+0000] {processor.py:183} INFO - Processing /home/airflow/.local/lib/python3.12/site-packages/airflow/example_dags/example_task_group_decorator.py took 0.079 seconds
[2024-06-11T22:54:40.062+0000] {processor.py:161} INFO - Started process (PID=1307) to work on /home/airflow/.local/lib/python3.12/site-packages/airflow/example_dags/example_task_group_decorator.py
[2024-06-11T22:54:40.063+0000] {processor.py:830} INFO - Processing file /home/airflow/.local/lib/python3.12/site-packages/airflow/example_dags/example_task_group_decorator.py for tasks to queue
[2024-06-11T22:54:40.065+0000] {logging_mixin.py:188} INFO - [2024-06-11T22:54:40.065+0000] {dagbag.py:545} INFO - Filling up the DagBag from /home/airflow/.local/lib/python3.12/site-packages/airflow/example_dags/example_task_group_decorator.py
[2024-06-11T22:54:40.076+0000] {processor.py:840} INFO - DAG(s) 'example_task_group_decorator' retrieved from /home/airflow/.local/lib/python3.12/site-packages/airflow/example_dags/example_task_group_decorator.py
[2024-06-11T22:54:40.099+0000] {logging_mixin.py:188} INFO - [2024-06-11T22:54:40.099+0000] {dag.py:3096} INFO - Sync 1 DAGs
[2024-06-11T22:54:40.119+0000] {logging_mixin.py:188} INFO - [2024-06-11T22:54:40.119+0000] {dag.py:3954} INFO - Setting next_dagrun for example_task_group_decorator to 2024-06-10 00:00:00+00:00, run_after=2024-06-11 00:00:00+00:00
[2024-06-11T22:54:40.139+0000] {processor.py:183} INFO - Processing /home/airflow/.local/lib/python3.12/site-packages/airflow/example_dags/example_task_group_decorator.py took 0.082 seconds
[2024-06-11T22:55:10.431+0000] {processor.py:161} INFO - Started process (PID=1365) to work on /home/airflow/.local/lib/python3.12/site-packages/airflow/example_dags/example_task_group_decorator.py
[2024-06-11T22:55:10.432+0000] {processor.py:830} INFO - Processing file /home/airflow/.local/lib/python3.12/site-packages/airflow/example_dags/example_task_group_decorator.py for tasks to queue
[2024-06-11T22:55:10.434+0000] {logging_mixin.py:188} INFO - [2024-06-11T22:55:10.434+0000] {dagbag.py:545} INFO - Filling up the DagBag from /home/airflow/.local/lib/python3.12/site-packages/airflow/example_dags/example_task_group_decorator.py
[2024-06-11T22:55:10.444+0000] {processor.py:840} INFO - DAG(s) 'example_task_group_decorator' retrieved from /home/airflow/.local/lib/python3.12/site-packages/airflow/example_dags/example_task_group_decorator.py
[2024-06-11T22:55:10.465+0000] {logging_mixin.py:188} INFO - [2024-06-11T22:55:10.465+0000] {dag.py:3096} INFO - Sync 1 DAGs
[2024-06-11T22:55:10.483+0000] {logging_mixin.py:188} INFO - [2024-06-11T22:55:10.482+0000] {dag.py:3954} INFO - Setting next_dagrun for example_task_group_decorator to 2024-06-10 00:00:00+00:00, run_after=2024-06-11 00:00:00+00:00
[2024-06-11T22:55:10.499+0000] {processor.py:183} INFO - Processing /home/airflow/.local/lib/python3.12/site-packages/airflow/example_dags/example_task_group_decorator.py took 0.072 seconds
[2024-06-11T22:55:41.474+0000] {processor.py:161} INFO - Started process (PID=1423) to work on /home/airflow/.local/lib/python3.12/site-packages/airflow/example_dags/example_task_group_decorator.py
[2024-06-11T22:55:41.475+0000] {processor.py:830} INFO - Processing file /home/airflow/.local/lib/python3.12/site-packages/airflow/example_dags/example_task_group_decorator.py for tasks to queue
[2024-06-11T22:55:41.476+0000] {logging_mixin.py:188} INFO - [2024-06-11T22:55:41.476+0000] {dagbag.py:545} INFO - Filling up the DagBag from /home/airflow/.local/lib/python3.12/site-packages/airflow/example_dags/example_task_group_decorator.py
[2024-06-11T22:55:41.489+0000] {processor.py:840} INFO - DAG(s) 'example_task_group_decorator' retrieved from /home/airflow/.local/lib/python3.12/site-packages/airflow/example_dags/example_task_group_decorator.py
[2024-06-11T22:55:41.512+0000] {logging_mixin.py:188} INFO - [2024-06-11T22:55:41.512+0000] {dag.py:3096} INFO - Sync 1 DAGs
[2024-06-11T22:55:41.533+0000] {logging_mixin.py:188} INFO - [2024-06-11T22:55:41.533+0000] {dag.py:3954} INFO - Setting next_dagrun for example_task_group_decorator to 2024-06-10 00:00:00+00:00, run_after=2024-06-11 00:00:00+00:00
[2024-06-11T22:55:41.555+0000] {processor.py:183} INFO - Processing /home/airflow/.local/lib/python3.12/site-packages/airflow/example_dags/example_task_group_decorator.py took 0.088 seconds
[2024-06-11T22:56:11.655+0000] {processor.py:161} INFO - Started process (PID=1480) to work on /home/airflow/.local/lib/python3.12/site-packages/airflow/example_dags/example_task_group_decorator.py
[2024-06-11T22:56:11.658+0000] {processor.py:830} INFO - Processing file /home/airflow/.local/lib/python3.12/site-packages/airflow/example_dags/example_task_group_decorator.py for tasks to queue
[2024-06-11T22:56:11.660+0000] {logging_mixin.py:188} INFO - [2024-06-11T22:56:11.659+0000] {dagbag.py:545} INFO - Filling up the DagBag from /home/airflow/.local/lib/python3.12/site-packages/airflow/example_dags/example_task_group_decorator.py
[2024-06-11T22:56:11.669+0000] {processor.py:840} INFO - DAG(s) 'example_task_group_decorator' retrieved from /home/airflow/.local/lib/python3.12/site-packages/airflow/example_dags/example_task_group_decorator.py
[2024-06-11T22:56:11.687+0000] {logging_mixin.py:188} INFO - [2024-06-11T22:56:11.687+0000] {dag.py:3096} INFO - Sync 1 DAGs
[2024-06-11T22:56:11.703+0000] {logging_mixin.py:188} INFO - [2024-06-11T22:56:11.702+0000] {dag.py:3954} INFO - Setting next_dagrun for example_task_group_decorator to 2024-06-10 00:00:00+00:00, run_after=2024-06-11 00:00:00+00:00
[2024-06-11T22:56:11.718+0000] {processor.py:183} INFO - Processing /home/airflow/.local/lib/python3.12/site-packages/airflow/example_dags/example_task_group_decorator.py took 0.067 seconds
[2024-06-11T22:56:42.140+0000] {processor.py:161} INFO - Started process (PID=1538) to work on /home/airflow/.local/lib/python3.12/site-packages/airflow/example_dags/example_task_group_decorator.py
[2024-06-11T22:56:42.141+0000] {processor.py:830} INFO - Processing file /home/airflow/.local/lib/python3.12/site-packages/airflow/example_dags/example_task_group_decorator.py for tasks to queue
[2024-06-11T22:56:42.143+0000] {logging_mixin.py:188} INFO - [2024-06-11T22:56:42.142+0000] {dagbag.py:545} INFO - Filling up the DagBag from /home/airflow/.local/lib/python3.12/site-packages/airflow/example_dags/example_task_group_decorator.py
[2024-06-11T22:56:42.152+0000] {processor.py:840} INFO - DAG(s) 'example_task_group_decorator' retrieved from /home/airflow/.local/lib/python3.12/site-packages/airflow/example_dags/example_task_group_decorator.py
[2024-06-11T22:56:42.171+0000] {logging_mixin.py:188} INFO - [2024-06-11T22:56:42.171+0000] {dag.py:3096} INFO - Sync 1 DAGs
[2024-06-11T22:56:42.188+0000] {logging_mixin.py:188} INFO - [2024-06-11T22:56:42.187+0000] {dag.py:3954} INFO - Setting next_dagrun for example_task_group_decorator to 2024-06-10 00:00:00+00:00, run_after=2024-06-11 00:00:00+00:00
[2024-06-11T22:56:42.202+0000] {processor.py:183} INFO - Processing /home/airflow/.local/lib/python3.12/site-packages/airflow/example_dags/example_task_group_decorator.py took 0.073 seconds
[2024-06-11T22:57:12.580+0000] {processor.py:161} INFO - Started process (PID=1596) to work on /home/airflow/.local/lib/python3.12/site-packages/airflow/example_dags/example_task_group_decorator.py
[2024-06-11T22:57:12.582+0000] {processor.py:830} INFO - Processing file /home/airflow/.local/lib/python3.12/site-packages/airflow/example_dags/example_task_group_decorator.py for tasks to queue
[2024-06-11T22:57:12.584+0000] {logging_mixin.py:188} INFO - [2024-06-11T22:57:12.583+0000] {dagbag.py:545} INFO - Filling up the DagBag from /home/airflow/.local/lib/python3.12/site-packages/airflow/example_dags/example_task_group_decorator.py
[2024-06-11T22:57:12.596+0000] {processor.py:840} INFO - DAG(s) 'example_task_group_decorator' retrieved from /home/airflow/.local/lib/python3.12/site-packages/airflow/example_dags/example_task_group_decorator.py
[2024-06-11T22:57:12.625+0000] {logging_mixin.py:188} INFO - [2024-06-11T22:57:12.625+0000] {dag.py:3096} INFO - Sync 1 DAGs
[2024-06-11T22:57:12.654+0000] {logging_mixin.py:188} INFO - [2024-06-11T22:57:12.654+0000] {dag.py:3954} INFO - Setting next_dagrun for example_task_group_decorator to 2024-06-10 00:00:00+00:00, run_after=2024-06-11 00:00:00+00:00
[2024-06-11T22:57:12.675+0000] {processor.py:183} INFO - Processing /home/airflow/.local/lib/python3.12/site-packages/airflow/example_dags/example_task_group_decorator.py took 0.101 seconds
[2024-06-11T22:57:42.755+0000] {processor.py:161} INFO - Started process (PID=1653) to work on /home/airflow/.local/lib/python3.12/site-packages/airflow/example_dags/example_task_group_decorator.py
[2024-06-11T22:57:42.757+0000] {processor.py:830} INFO - Processing file /home/airflow/.local/lib/python3.12/site-packages/airflow/example_dags/example_task_group_decorator.py for tasks to queue
[2024-06-11T22:57:42.758+0000] {logging_mixin.py:188} INFO - [2024-06-11T22:57:42.758+0000] {dagbag.py:545} INFO - Filling up the DagBag from /home/airflow/.local/lib/python3.12/site-packages/airflow/example_dags/example_task_group_decorator.py
[2024-06-11T22:57:42.773+0000] {processor.py:840} INFO - DAG(s) 'example_task_group_decorator' retrieved from /home/airflow/.local/lib/python3.12/site-packages/airflow/example_dags/example_task_group_decorator.py
[2024-06-11T22:57:42.802+0000] {logging_mixin.py:188} INFO - [2024-06-11T22:57:42.802+0000] {dag.py:3096} INFO - Sync 1 DAGs
[2024-06-11T22:57:42.824+0000] {logging_mixin.py:188} INFO - [2024-06-11T22:57:42.824+0000] {dag.py:3954} INFO - Setting next_dagrun for example_task_group_decorator to 2024-06-10 00:00:00+00:00, run_after=2024-06-11 00:00:00+00:00
[2024-06-11T22:57:42.843+0000] {processor.py:183} INFO - Processing /home/airflow/.local/lib/python3.12/site-packages/airflow/example_dags/example_task_group_decorator.py took 0.093 seconds
[2024-06-11T22:58:15.342+0000] {processor.py:161} INFO - Started process (PID=1711) to work on /home/airflow/.local/lib/python3.12/site-packages/airflow/example_dags/example_task_group_decorator.py
[2024-06-11T22:58:15.344+0000] {processor.py:830} INFO - Processing file /home/airflow/.local/lib/python3.12/site-packages/airflow/example_dags/example_task_group_decorator.py for tasks to queue
[2024-06-11T22:58:15.348+0000] {logging_mixin.py:188} INFO - [2024-06-11T22:58:15.347+0000] {dagbag.py:545} INFO - Filling up the DagBag from /home/airflow/.local/lib/python3.12/site-packages/airflow/example_dags/example_task_group_decorator.py
[2024-06-11T22:58:15.364+0000] {processor.py:840} INFO - DAG(s) 'example_task_group_decorator' retrieved from /home/airflow/.local/lib/python3.12/site-packages/airflow/example_dags/example_task_group_decorator.py
[2024-06-11T22:58:15.396+0000] {logging_mixin.py:188} INFO - [2024-06-11T22:58:15.396+0000] {dag.py:3096} INFO - Sync 1 DAGs
[2024-06-11T22:58:15.419+0000] {logging_mixin.py:188} INFO - [2024-06-11T22:58:15.419+0000] {dag.py:3954} INFO - Setting next_dagrun for example_task_group_decorator to 2024-06-10 00:00:00+00:00, run_after=2024-06-11 00:00:00+00:00
[2024-06-11T22:58:15.449+0000] {processor.py:183} INFO - Processing /home/airflow/.local/lib/python3.12/site-packages/airflow/example_dags/example_task_group_decorator.py took 0.114 seconds
[2024-06-11T22:58:46.370+0000] {processor.py:161} INFO - Started process (PID=1769) to work on /home/airflow/.local/lib/python3.12/site-packages/airflow/example_dags/example_task_group_decorator.py
[2024-06-11T22:58:46.371+0000] {processor.py:830} INFO - Processing file /home/airflow/.local/lib/python3.12/site-packages/airflow/example_dags/example_task_group_decorator.py for tasks to queue
[2024-06-11T22:58:46.373+0000] {logging_mixin.py:188} INFO - [2024-06-11T22:58:46.372+0000] {dagbag.py:545} INFO - Filling up the DagBag from /home/airflow/.local/lib/python3.12/site-packages/airflow/example_dags/example_task_group_decorator.py
[2024-06-11T22:58:46.385+0000] {processor.py:840} INFO - DAG(s) 'example_task_group_decorator' retrieved from /home/airflow/.local/lib/python3.12/site-packages/airflow/example_dags/example_task_group_decorator.py
[2024-06-11T22:58:46.410+0000] {logging_mixin.py:188} INFO - [2024-06-11T22:58:46.410+0000] {dag.py:3096} INFO - Sync 1 DAGs
[2024-06-11T22:58:46.431+0000] {logging_mixin.py:188} INFO - [2024-06-11T22:58:46.431+0000] {dag.py:3954} INFO - Setting next_dagrun for example_task_group_decorator to 2024-06-10 00:00:00+00:00, run_after=2024-06-11 00:00:00+00:00
[2024-06-11T22:58:46.448+0000] {processor.py:183} INFO - Processing /home/airflow/.local/lib/python3.12/site-packages/airflow/example_dags/example_task_group_decorator.py took 0.083 seconds
[2024-06-11T22:59:16.711+0000] {processor.py:161} INFO - Started process (PID=1827) to work on /home/airflow/.local/lib/python3.12/site-packages/airflow/example_dags/example_task_group_decorator.py
[2024-06-11T22:59:16.712+0000] {processor.py:830} INFO - Processing file /home/airflow/.local/lib/python3.12/site-packages/airflow/example_dags/example_task_group_decorator.py for tasks to queue
[2024-06-11T22:59:16.715+0000] {logging_mixin.py:188} INFO - [2024-06-11T22:59:16.714+0000] {dagbag.py:545} INFO - Filling up the DagBag from /home/airflow/.local/lib/python3.12/site-packages/airflow/example_dags/example_task_group_decorator.py
[2024-06-11T22:59:16.733+0000] {processor.py:840} INFO - DAG(s) 'example_task_group_decorator' retrieved from /home/airflow/.local/lib/python3.12/site-packages/airflow/example_dags/example_task_group_decorator.py
[2024-06-11T22:59:16.757+0000] {logging_mixin.py:188} INFO - [2024-06-11T22:59:16.757+0000] {dag.py:3096} INFO - Sync 1 DAGs
[2024-06-11T22:59:16.777+0000] {logging_mixin.py:188} INFO - [2024-06-11T22:59:16.777+0000] {dag.py:3954} INFO - Setting next_dagrun for example_task_group_decorator to 2024-06-10 00:00:00+00:00, run_after=2024-06-11 00:00:00+00:00
[2024-06-11T22:59:16.799+0000] {processor.py:183} INFO - Processing /home/airflow/.local/lib/python3.12/site-packages/airflow/example_dags/example_task_group_decorator.py took 0.095 seconds
[2024-06-11T22:59:47.278+0000] {processor.py:161} INFO - Started process (PID=1885) to work on /home/airflow/.local/lib/python3.12/site-packages/airflow/example_dags/example_task_group_decorator.py
[2024-06-11T22:59:47.279+0000] {processor.py:830} INFO - Processing file /home/airflow/.local/lib/python3.12/site-packages/airflow/example_dags/example_task_group_decorator.py for tasks to queue
[2024-06-11T22:59:47.281+0000] {logging_mixin.py:188} INFO - [2024-06-11T22:59:47.281+0000] {dagbag.py:545} INFO - Filling up the DagBag from /home/airflow/.local/lib/python3.12/site-packages/airflow/example_dags/example_task_group_decorator.py
[2024-06-11T22:59:47.295+0000] {processor.py:840} INFO - DAG(s) 'example_task_group_decorator' retrieved from /home/airflow/.local/lib/python3.12/site-packages/airflow/example_dags/example_task_group_decorator.py
[2024-06-11T22:59:47.317+0000] {logging_mixin.py:188} INFO - [2024-06-11T22:59:47.316+0000] {dag.py:3096} INFO - Sync 1 DAGs
[2024-06-11T22:59:47.333+0000] {logging_mixin.py:188} INFO - [2024-06-11T22:59:47.333+0000] {dag.py:3954} INFO - Setting next_dagrun for example_task_group_decorator to 2024-06-10 00:00:00+00:00, run_after=2024-06-11 00:00:00+00:00
[2024-06-11T22:59:47.350+0000] {processor.py:183} INFO - Processing /home/airflow/.local/lib/python3.12/site-packages/airflow/example_dags/example_task_group_decorator.py took 0.079 seconds
[2024-06-11T23:00:18.159+0000] {processor.py:161} INFO - Started process (PID=1944) to work on /home/airflow/.local/lib/python3.12/site-packages/airflow/example_dags/example_task_group_decorator.py
[2024-06-11T23:00:18.161+0000] {processor.py:830} INFO - Processing file /home/airflow/.local/lib/python3.12/site-packages/airflow/example_dags/example_task_group_decorator.py for tasks to queue
[2024-06-11T23:00:18.164+0000] {logging_mixin.py:188} INFO - [2024-06-11T23:00:18.164+0000] {dagbag.py:545} INFO - Filling up the DagBag from /home/airflow/.local/lib/python3.12/site-packages/airflow/example_dags/example_task_group_decorator.py
[2024-06-11T23:00:18.175+0000] {processor.py:840} INFO - DAG(s) 'example_task_group_decorator' retrieved from /home/airflow/.local/lib/python3.12/site-packages/airflow/example_dags/example_task_group_decorator.py
[2024-06-11T23:00:18.194+0000] {logging_mixin.py:188} INFO - [2024-06-11T23:00:18.194+0000] {dag.py:3096} INFO - Sync 1 DAGs
[2024-06-11T23:00:18.213+0000] {logging_mixin.py:188} INFO - [2024-06-11T23:00:18.212+0000] {dag.py:3954} INFO - Setting next_dagrun for example_task_group_decorator to 2024-06-10 00:00:00+00:00, run_after=2024-06-11 00:00:00+00:00
[2024-06-11T23:00:18.234+0000] {processor.py:183} INFO - Processing /home/airflow/.local/lib/python3.12/site-packages/airflow/example_dags/example_task_group_decorator.py took 0.079 seconds
[2024-06-11T23:00:50.650+0000] {processor.py:161} INFO - Started process (PID=2002) to work on /home/airflow/.local/lib/python3.12/site-packages/airflow/example_dags/example_task_group_decorator.py
[2024-06-11T23:00:50.651+0000] {processor.py:830} INFO - Processing file /home/airflow/.local/lib/python3.12/site-packages/airflow/example_dags/example_task_group_decorator.py for tasks to queue
[2024-06-11T23:00:50.653+0000] {logging_mixin.py:188} INFO - [2024-06-11T23:00:50.653+0000] {dagbag.py:545} INFO - Filling up the DagBag from /home/airflow/.local/lib/python3.12/site-packages/airflow/example_dags/example_task_group_decorator.py
[2024-06-11T23:00:50.781+0000] {processor.py:840} INFO - DAG(s) 'example_task_group_decorator' retrieved from /home/airflow/.local/lib/python3.12/site-packages/airflow/example_dags/example_task_group_decorator.py
[2024-06-11T23:00:50.803+0000] {logging_mixin.py:188} INFO - [2024-06-11T23:00:50.803+0000] {dag.py:3096} INFO - Sync 1 DAGs
[2024-06-11T23:00:50.822+0000] {logging_mixin.py:188} INFO - [2024-06-11T23:00:50.821+0000] {dag.py:3954} INFO - Setting next_dagrun for example_task_group_decorator to 2024-06-10 00:00:00+00:00, run_after=2024-06-11 00:00:00+00:00
[2024-06-11T23:00:50.842+0000] {processor.py:183} INFO - Processing /home/airflow/.local/lib/python3.12/site-packages/airflow/example_dags/example_task_group_decorator.py took 0.197 seconds
[2024-06-11T23:01:21.191+0000] {processor.py:161} INFO - Started process (PID=2060) to work on /home/airflow/.local/lib/python3.12/site-packages/airflow/example_dags/example_task_group_decorator.py
[2024-06-11T23:01:21.192+0000] {processor.py:830} INFO - Processing file /home/airflow/.local/lib/python3.12/site-packages/airflow/example_dags/example_task_group_decorator.py for tasks to queue
[2024-06-11T23:01:21.194+0000] {logging_mixin.py:188} INFO - [2024-06-11T23:01:21.193+0000] {dagbag.py:545} INFO - Filling up the DagBag from /home/airflow/.local/lib/python3.12/site-packages/airflow/example_dags/example_task_group_decorator.py
[2024-06-11T23:01:21.206+0000] {processor.py:840} INFO - DAG(s) 'example_task_group_decorator' retrieved from /home/airflow/.local/lib/python3.12/site-packages/airflow/example_dags/example_task_group_decorator.py
[2024-06-11T23:01:21.231+0000] {logging_mixin.py:188} INFO - [2024-06-11T23:01:21.231+0000] {dag.py:3096} INFO - Sync 1 DAGs
[2024-06-11T23:01:21.253+0000] {logging_mixin.py:188} INFO - [2024-06-11T23:01:21.253+0000] {dag.py:3954} INFO - Setting next_dagrun for example_task_group_decorator to 2024-06-10 00:00:00+00:00, run_after=2024-06-11 00:00:00+00:00
[2024-06-11T23:01:21.273+0000] {processor.py:183} INFO - Processing /home/airflow/.local/lib/python3.12/site-packages/airflow/example_dags/example_task_group_decorator.py took 0.087 seconds
[2024-06-11T23:01:52.073+0000] {processor.py:161} INFO - Started process (PID=2118) to work on /home/airflow/.local/lib/python3.12/site-packages/airflow/example_dags/example_task_group_decorator.py
[2024-06-11T23:01:52.076+0000] {processor.py:830} INFO - Processing file /home/airflow/.local/lib/python3.12/site-packages/airflow/example_dags/example_task_group_decorator.py for tasks to queue
[2024-06-11T23:01:52.079+0000] {logging_mixin.py:188} INFO - [2024-06-11T23:01:52.079+0000] {dagbag.py:545} INFO - Filling up the DagBag from /home/airflow/.local/lib/python3.12/site-packages/airflow/example_dags/example_task_group_decorator.py
[2024-06-11T23:01:52.094+0000] {processor.py:840} INFO - DAG(s) 'example_task_group_decorator' retrieved from /home/airflow/.local/lib/python3.12/site-packages/airflow/example_dags/example_task_group_decorator.py
[2024-06-11T23:01:52.128+0000] {logging_mixin.py:188} INFO - [2024-06-11T23:01:52.127+0000] {dag.py:3096} INFO - Sync 1 DAGs
[2024-06-11T23:01:52.147+0000] {logging_mixin.py:188} INFO - [2024-06-11T23:01:52.147+0000] {dag.py:3954} INFO - Setting next_dagrun for example_task_group_decorator to 2024-06-10 00:00:00+00:00, run_after=2024-06-11 00:00:00+00:00
[2024-06-11T23:01:52.165+0000] {processor.py:183} INFO - Processing /home/airflow/.local/lib/python3.12/site-packages/airflow/example_dags/example_task_group_decorator.py took 0.098 seconds
[2024-06-11T23:02:22.238+0000] {processor.py:161} INFO - Started process (PID=2176) to work on /home/airflow/.local/lib/python3.12/site-packages/airflow/example_dags/example_task_group_decorator.py
[2024-06-11T23:02:22.239+0000] {processor.py:830} INFO - Processing file /home/airflow/.local/lib/python3.12/site-packages/airflow/example_dags/example_task_group_decorator.py for tasks to queue
[2024-06-11T23:02:22.241+0000] {logging_mixin.py:188} INFO - [2024-06-11T23:02:22.241+0000] {dagbag.py:545} INFO - Filling up the DagBag from /home/airflow/.local/lib/python3.12/site-packages/airflow/example_dags/example_task_group_decorator.py
[2024-06-11T23:02:22.253+0000] {processor.py:840} INFO - DAG(s) 'example_task_group_decorator' retrieved from /home/airflow/.local/lib/python3.12/site-packages/airflow/example_dags/example_task_group_decorator.py
[2024-06-11T23:02:22.274+0000] {logging_mixin.py:188} INFO - [2024-06-11T23:02:22.274+0000] {dag.py:3096} INFO - Sync 1 DAGs
[2024-06-11T23:02:22.292+0000] {logging_mixin.py:188} INFO - [2024-06-11T23:02:22.292+0000] {dag.py:3954} INFO - Setting next_dagrun for example_task_group_decorator to 2024-06-10 00:00:00+00:00, run_after=2024-06-11 00:00:00+00:00
[2024-06-11T23:02:22.310+0000] {processor.py:183} INFO - Processing /home/airflow/.local/lib/python3.12/site-packages/airflow/example_dags/example_task_group_decorator.py took 0.078 seconds
[2024-06-11T23:02:52.638+0000] {processor.py:161} INFO - Started process (PID=2234) to work on /home/airflow/.local/lib/python3.12/site-packages/airflow/example_dags/example_task_group_decorator.py
[2024-06-11T23:02:52.639+0000] {processor.py:830} INFO - Processing file /home/airflow/.local/lib/python3.12/site-packages/airflow/example_dags/example_task_group_decorator.py for tasks to queue
[2024-06-11T23:02:52.641+0000] {logging_mixin.py:188} INFO - [2024-06-11T23:02:52.641+0000] {dagbag.py:545} INFO - Filling up the DagBag from /home/airflow/.local/lib/python3.12/site-packages/airflow/example_dags/example_task_group_decorator.py
[2024-06-11T23:02:52.653+0000] {processor.py:840} INFO - DAG(s) 'example_task_group_decorator' retrieved from /home/airflow/.local/lib/python3.12/site-packages/airflow/example_dags/example_task_group_decorator.py
[2024-06-11T23:02:52.677+0000] {logging_mixin.py:188} INFO - [2024-06-11T23:02:52.677+0000] {dag.py:3096} INFO - Sync 1 DAGs
[2024-06-11T23:02:52.697+0000] {logging_mixin.py:188} INFO - [2024-06-11T23:02:52.697+0000] {dag.py:3954} INFO - Setting next_dagrun for example_task_group_decorator to 2024-06-10 00:00:00+00:00, run_after=2024-06-11 00:00:00+00:00
[2024-06-11T23:02:52.718+0000] {processor.py:183} INFO - Processing /home/airflow/.local/lib/python3.12/site-packages/airflow/example_dags/example_task_group_decorator.py took 0.084 seconds
[2024-06-11T23:03:23.150+0000] {processor.py:161} INFO - Started process (PID=2292) to work on /home/airflow/.local/lib/python3.12/site-packages/airflow/example_dags/example_task_group_decorator.py
[2024-06-11T23:03:23.151+0000] {processor.py:830} INFO - Processing file /home/airflow/.local/lib/python3.12/site-packages/airflow/example_dags/example_task_group_decorator.py for tasks to queue
[2024-06-11T23:03:23.153+0000] {logging_mixin.py:188} INFO - [2024-06-11T23:03:23.153+0000] {dagbag.py:545} INFO - Filling up the DagBag from /home/airflow/.local/lib/python3.12/site-packages/airflow/example_dags/example_task_group_decorator.py
[2024-06-11T23:03:23.165+0000] {processor.py:840} INFO - DAG(s) 'example_task_group_decorator' retrieved from /home/airflow/.local/lib/python3.12/site-packages/airflow/example_dags/example_task_group_decorator.py
[2024-06-11T23:03:23.187+0000] {logging_mixin.py:188} INFO - [2024-06-11T23:03:23.187+0000] {dag.py:3096} INFO - Sync 1 DAGs
[2024-06-11T23:03:23.273+0000] {logging_mixin.py:188} INFO - [2024-06-11T23:03:23.273+0000] {dag.py:3954} INFO - Setting next_dagrun for example_task_group_decorator to 2024-06-10 00:00:00+00:00, run_after=2024-06-11 00:00:00+00:00
[2024-06-11T23:03:23.291+0000] {processor.py:183} INFO - Processing /home/airflow/.local/lib/python3.12/site-packages/airflow/example_dags/example_task_group_decorator.py took 0.146 seconds
[2024-06-11T23:03:54.272+0000] {processor.py:161} INFO - Started process (PID=2350) to work on /home/airflow/.local/lib/python3.12/site-packages/airflow/example_dags/example_task_group_decorator.py
[2024-06-11T23:03:54.273+0000] {processor.py:830} INFO - Processing file /home/airflow/.local/lib/python3.12/site-packages/airflow/example_dags/example_task_group_decorator.py for tasks to queue
[2024-06-11T23:03:54.275+0000] {logging_mixin.py:188} INFO - [2024-06-11T23:03:54.275+0000] {dagbag.py:545} INFO - Filling up the DagBag from /home/airflow/.local/lib/python3.12/site-packages/airflow/example_dags/example_task_group_decorator.py
[2024-06-11T23:03:54.287+0000] {processor.py:840} INFO - DAG(s) 'example_task_group_decorator' retrieved from /home/airflow/.local/lib/python3.12/site-packages/airflow/example_dags/example_task_group_decorator.py
[2024-06-11T23:03:54.309+0000] {logging_mixin.py:188} INFO - [2024-06-11T23:03:54.309+0000] {dag.py:3096} INFO - Sync 1 DAGs
[2024-06-11T23:03:54.332+0000] {logging_mixin.py:188} INFO - [2024-06-11T23:03:54.331+0000] {dag.py:3954} INFO - Setting next_dagrun for example_task_group_decorator to 2024-06-10 00:00:00+00:00, run_after=2024-06-11 00:00:00+00:00
[2024-06-11T23:03:54.350+0000] {processor.py:183} INFO - Processing /home/airflow/.local/lib/python3.12/site-packages/airflow/example_dags/example_task_group_decorator.py took 0.083 seconds
[2024-06-11T23:04:24.609+0000] {processor.py:161} INFO - Started process (PID=2408) to work on /home/airflow/.local/lib/python3.12/site-packages/airflow/example_dags/example_task_group_decorator.py
[2024-06-11T23:04:24.610+0000] {processor.py:830} INFO - Processing file /home/airflow/.local/lib/python3.12/site-packages/airflow/example_dags/example_task_group_decorator.py for tasks to queue
[2024-06-11T23:04:24.612+0000] {logging_mixin.py:188} INFO - [2024-06-11T23:04:24.611+0000] {dagbag.py:545} INFO - Filling up the DagBag from /home/airflow/.local/lib/python3.12/site-packages/airflow/example_dags/example_task_group_decorator.py
[2024-06-11T23:04:24.624+0000] {processor.py:840} INFO - DAG(s) 'example_task_group_decorator' retrieved from /home/airflow/.local/lib/python3.12/site-packages/airflow/example_dags/example_task_group_decorator.py
[2024-06-11T23:04:24.648+0000] {logging_mixin.py:188} INFO - [2024-06-11T23:04:24.647+0000] {dag.py:3096} INFO - Sync 1 DAGs
[2024-06-11T23:04:24.727+0000] {logging_mixin.py:188} INFO - [2024-06-11T23:04:24.726+0000] {dag.py:3954} INFO - Setting next_dagrun for example_task_group_decorator to 2024-06-10 00:00:00+00:00, run_after=2024-06-11 00:00:00+00:00
[2024-06-11T23:04:24.745+0000] {processor.py:183} INFO - Processing /home/airflow/.local/lib/python3.12/site-packages/airflow/example_dags/example_task_group_decorator.py took 0.142 seconds
[2024-06-11T23:04:55.368+0000] {processor.py:161} INFO - Started process (PID=2467) to work on /home/airflow/.local/lib/python3.12/site-packages/airflow/example_dags/example_task_group_decorator.py
[2024-06-11T23:04:55.369+0000] {processor.py:830} INFO - Processing file /home/airflow/.local/lib/python3.12/site-packages/airflow/example_dags/example_task_group_decorator.py for tasks to queue
[2024-06-11T23:04:55.374+0000] {logging_mixin.py:188} INFO - [2024-06-11T23:04:55.373+0000] {dagbag.py:545} INFO - Filling up the DagBag from /home/airflow/.local/lib/python3.12/site-packages/airflow/example_dags/example_task_group_decorator.py
[2024-06-11T23:04:55.392+0000] {processor.py:840} INFO - DAG(s) 'example_task_group_decorator' retrieved from /home/airflow/.local/lib/python3.12/site-packages/airflow/example_dags/example_task_group_decorator.py
[2024-06-11T23:04:55.448+0000] {logging_mixin.py:188} INFO - [2024-06-11T23:04:55.448+0000] {dag.py:3096} INFO - Sync 1 DAGs
[2024-06-11T23:04:55.509+0000] {logging_mixin.py:188} INFO - [2024-06-11T23:04:55.509+0000] {dag.py:3954} INFO - Setting next_dagrun for example_task_group_decorator to 2024-06-10 00:00:00+00:00, run_after=2024-06-11 00:00:00+00:00
[2024-06-11T23:04:55.543+0000] {processor.py:183} INFO - Processing /home/airflow/.local/lib/python3.12/site-packages/airflow/example_dags/example_task_group_decorator.py took 0.183 seconds
[2024-06-11T23:05:25.709+0000] {processor.py:161} INFO - Started process (PID=2525) to work on /home/airflow/.local/lib/python3.12/site-packages/airflow/example_dags/example_task_group_decorator.py
[2024-06-11T23:05:25.711+0000] {processor.py:830} INFO - Processing file /home/airflow/.local/lib/python3.12/site-packages/airflow/example_dags/example_task_group_decorator.py for tasks to queue
[2024-06-11T23:05:25.713+0000] {logging_mixin.py:188} INFO - [2024-06-11T23:05:25.712+0000] {dagbag.py:545} INFO - Filling up the DagBag from /home/airflow/.local/lib/python3.12/site-packages/airflow/example_dags/example_task_group_decorator.py
[2024-06-11T23:05:25.726+0000] {processor.py:840} INFO - DAG(s) 'example_task_group_decorator' retrieved from /home/airflow/.local/lib/python3.12/site-packages/airflow/example_dags/example_task_group_decorator.py
[2024-06-11T23:05:25.748+0000] {logging_mixin.py:188} INFO - [2024-06-11T23:05:25.747+0000] {dag.py:3096} INFO - Sync 1 DAGs
[2024-06-11T23:05:25.767+0000] {logging_mixin.py:188} INFO - [2024-06-11T23:05:25.766+0000] {dag.py:3954} INFO - Setting next_dagrun for example_task_group_decorator to 2024-06-10 00:00:00+00:00, run_after=2024-06-11 00:00:00+00:00
[2024-06-11T23:05:25.783+0000] {processor.py:183} INFO - Processing /home/airflow/.local/lib/python3.12/site-packages/airflow/example_dags/example_task_group_decorator.py took 0.091 seconds
[2024-06-11T23:05:55.910+0000] {processor.py:161} INFO - Started process (PID=2583) to work on /home/airflow/.local/lib/python3.12/site-packages/airflow/example_dags/example_task_group_decorator.py
[2024-06-11T23:05:55.911+0000] {processor.py:830} INFO - Processing file /home/airflow/.local/lib/python3.12/site-packages/airflow/example_dags/example_task_group_decorator.py for tasks to queue
[2024-06-11T23:05:55.913+0000] {logging_mixin.py:188} INFO - [2024-06-11T23:05:55.913+0000] {dagbag.py:545} INFO - Filling up the DagBag from /home/airflow/.local/lib/python3.12/site-packages/airflow/example_dags/example_task_group_decorator.py
[2024-06-11T23:05:55.925+0000] {processor.py:840} INFO - DAG(s) 'example_task_group_decorator' retrieved from /home/airflow/.local/lib/python3.12/site-packages/airflow/example_dags/example_task_group_decorator.py
[2024-06-11T23:05:55.946+0000] {logging_mixin.py:188} INFO - [2024-06-11T23:05:55.946+0000] {dag.py:3096} INFO - Sync 1 DAGs
[2024-06-11T23:05:55.965+0000] {logging_mixin.py:188} INFO - [2024-06-11T23:05:55.964+0000] {dag.py:3954} INFO - Setting next_dagrun for example_task_group_decorator to 2024-06-10 00:00:00+00:00, run_after=2024-06-11 00:00:00+00:00
[2024-06-11T23:05:55.981+0000] {processor.py:183} INFO - Processing /home/airflow/.local/lib/python3.12/site-packages/airflow/example_dags/example_task_group_decorator.py took 0.075 seconds
[2024-06-11T23:06:26.391+0000] {processor.py:161} INFO - Started process (PID=2641) to work on /home/airflow/.local/lib/python3.12/site-packages/airflow/example_dags/example_task_group_decorator.py
[2024-06-11T23:06:26.392+0000] {processor.py:830} INFO - Processing file /home/airflow/.local/lib/python3.12/site-packages/airflow/example_dags/example_task_group_decorator.py for tasks to queue
[2024-06-11T23:06:26.394+0000] {logging_mixin.py:188} INFO - [2024-06-11T23:06:26.393+0000] {dagbag.py:545} INFO - Filling up the DagBag from /home/airflow/.local/lib/python3.12/site-packages/airflow/example_dags/example_task_group_decorator.py
[2024-06-11T23:06:26.407+0000] {processor.py:840} INFO - DAG(s) 'example_task_group_decorator' retrieved from /home/airflow/.local/lib/python3.12/site-packages/airflow/example_dags/example_task_group_decorator.py
[2024-06-11T23:06:26.428+0000] {logging_mixin.py:188} INFO - [2024-06-11T23:06:26.428+0000] {dag.py:3096} INFO - Sync 1 DAGs
[2024-06-11T23:06:26.473+0000] {logging_mixin.py:188} INFO - [2024-06-11T23:06:26.473+0000] {dag.py:3954} INFO - Setting next_dagrun for example_task_group_decorator to 2024-06-10 00:00:00+00:00, run_after=2024-06-11 00:00:00+00:00
[2024-06-11T23:06:26.490+0000] {processor.py:183} INFO - Processing /home/airflow/.local/lib/python3.12/site-packages/airflow/example_dags/example_task_group_decorator.py took 0.103 seconds
[2024-06-11T23:06:56.920+0000] {processor.py:161} INFO - Started process (PID=2699) to work on /home/airflow/.local/lib/python3.12/site-packages/airflow/example_dags/example_task_group_decorator.py
[2024-06-11T23:06:56.921+0000] {processor.py:830} INFO - Processing file /home/airflow/.local/lib/python3.12/site-packages/airflow/example_dags/example_task_group_decorator.py for tasks to queue
[2024-06-11T23:06:56.924+0000] {logging_mixin.py:188} INFO - [2024-06-11T23:06:56.924+0000] {dagbag.py:545} INFO - Filling up the DagBag from /home/airflow/.local/lib/python3.12/site-packages/airflow/example_dags/example_task_group_decorator.py
[2024-06-11T23:06:56.936+0000] {processor.py:840} INFO - DAG(s) 'example_task_group_decorator' retrieved from /home/airflow/.local/lib/python3.12/site-packages/airflow/example_dags/example_task_group_decorator.py
[2024-06-11T23:06:56.973+0000] {logging_mixin.py:188} INFO - [2024-06-11T23:06:56.972+0000] {dag.py:3096} INFO - Sync 1 DAGs
[2024-06-11T23:06:56.996+0000] {logging_mixin.py:188} INFO - [2024-06-11T23:06:56.995+0000] {dag.py:3954} INFO - Setting next_dagrun for example_task_group_decorator to 2024-06-10 00:00:00+00:00, run_after=2024-06-11 00:00:00+00:00
[2024-06-11T23:06:57.018+0000] {processor.py:183} INFO - Processing /home/airflow/.local/lib/python3.12/site-packages/airflow/example_dags/example_task_group_decorator.py took 0.103 seconds
