[2024-06-11T22:43:51.026+0000] {processor.py:161} INFO - Started process (PID=70) to work on /home/airflow/.local/lib/python3.12/site-packages/airflow/example_dags/example_display_name.py
[2024-06-11T22:43:51.028+0000] {processor.py:830} INFO - Processing file /home/airflow/.local/lib/python3.12/site-packages/airflow/example_dags/example_display_name.py for tasks to queue
[2024-06-11T22:43:51.030+0000] {logging_mixin.py:188} INFO - [2024-06-11T22:43:51.030+0000] {dagbag.py:545} INFO - Filling up the DagBag from /home/airflow/.local/lib/python3.12/site-packages/airflow/example_dags/example_display_name.py
[2024-06-11T22:43:51.035+0000] {processor.py:840} INFO - DAG(s) 'example_display_name' retrieved from /home/airflow/.local/lib/python3.12/site-packages/airflow/example_dags/example_display_name.py
[2024-06-11T22:43:51.045+0000] {logging_mixin.py:188} INFO - [2024-06-11T22:43:51.045+0000] {dag.py:3096} INFO - Sync 1 DAGs
[2024-06-11T22:43:51.057+0000] {logging_mixin.py:188} INFO - [2024-06-11T22:43:51.057+0000] {dag.py:3954} INFO - Setting next_dagrun for example_display_name to None, run_after=None
[2024-06-11T22:43:51.087+0000] {processor.py:183} INFO - Processing /home/airflow/.local/lib/python3.12/site-packages/airflow/example_dags/example_display_name.py took 0.064 seconds
[2024-06-11T22:44:22.064+0000] {processor.py:161} INFO - Started process (PID=128) to work on /home/airflow/.local/lib/python3.12/site-packages/airflow/example_dags/example_display_name.py
[2024-06-11T22:44:22.065+0000] {processor.py:830} INFO - Processing file /home/airflow/.local/lib/python3.12/site-packages/airflow/example_dags/example_display_name.py for tasks to queue
[2024-06-11T22:44:22.067+0000] {logging_mixin.py:188} INFO - [2024-06-11T22:44:22.067+0000] {dagbag.py:545} INFO - Filling up the DagBag from /home/airflow/.local/lib/python3.12/site-packages/airflow/example_dags/example_display_name.py
[2024-06-11T22:44:22.071+0000] {processor.py:840} INFO - DAG(s) 'example_display_name' retrieved from /home/airflow/.local/lib/python3.12/site-packages/airflow/example_dags/example_display_name.py
[2024-06-11T22:44:22.138+0000] {logging_mixin.py:188} INFO - [2024-06-11T22:44:22.138+0000] {dag.py:3096} INFO - Sync 1 DAGs
[2024-06-11T22:44:22.146+0000] {logging_mixin.py:188} INFO - [2024-06-11T22:44:22.146+0000] {dag.py:3954} INFO - Setting next_dagrun for example_display_name to None, run_after=None
[2024-06-11T22:44:22.160+0000] {processor.py:183} INFO - Processing /home/airflow/.local/lib/python3.12/site-packages/airflow/example_dags/example_display_name.py took 0.100 seconds
[2024-06-11T22:44:52.908+0000] {processor.py:161} INFO - Started process (PID=186) to work on /home/airflow/.local/lib/python3.12/site-packages/airflow/example_dags/example_display_name.py
[2024-06-11T22:44:52.910+0000] {processor.py:830} INFO - Processing file /home/airflow/.local/lib/python3.12/site-packages/airflow/example_dags/example_display_name.py for tasks to queue
[2024-06-11T22:44:52.912+0000] {logging_mixin.py:188} INFO - [2024-06-11T22:44:52.912+0000] {dagbag.py:545} INFO - Filling up the DagBag from /home/airflow/.local/lib/python3.12/site-packages/airflow/example_dags/example_display_name.py
[2024-06-11T22:44:52.916+0000] {processor.py:840} INFO - DAG(s) 'example_display_name' retrieved from /home/airflow/.local/lib/python3.12/site-packages/airflow/example_dags/example_display_name.py
[2024-06-11T22:44:52.929+0000] {logging_mixin.py:188} INFO - [2024-06-11T22:44:52.929+0000] {dag.py:3096} INFO - Sync 1 DAGs
[2024-06-11T22:44:52.938+0000] {logging_mixin.py:188} INFO - [2024-06-11T22:44:52.938+0000] {dag.py:3954} INFO - Setting next_dagrun for example_display_name to None, run_after=None
[2024-06-11T22:44:52.954+0000] {processor.py:183} INFO - Processing /home/airflow/.local/lib/python3.12/site-packages/airflow/example_dags/example_display_name.py took 0.050 seconds
[2024-06-11T22:45:23.407+0000] {processor.py:161} INFO - Started process (PID=245) to work on /home/airflow/.local/lib/python3.12/site-packages/airflow/example_dags/example_display_name.py
[2024-06-11T22:45:23.408+0000] {processor.py:830} INFO - Processing file /home/airflow/.local/lib/python3.12/site-packages/airflow/example_dags/example_display_name.py for tasks to queue
[2024-06-11T22:45:23.410+0000] {logging_mixin.py:188} INFO - [2024-06-11T22:45:23.409+0000] {dagbag.py:545} INFO - Filling up the DagBag from /home/airflow/.local/lib/python3.12/site-packages/airflow/example_dags/example_display_name.py
[2024-06-11T22:45:23.414+0000] {processor.py:840} INFO - DAG(s) 'example_display_name' retrieved from /home/airflow/.local/lib/python3.12/site-packages/airflow/example_dags/example_display_name.py
[2024-06-11T22:45:23.431+0000] {logging_mixin.py:188} INFO - [2024-06-11T22:45:23.431+0000] {dag.py:3096} INFO - Sync 1 DAGs
[2024-06-11T22:45:23.444+0000] {logging_mixin.py:188} INFO - [2024-06-11T22:45:23.444+0000] {dag.py:3954} INFO - Setting next_dagrun for example_display_name to None, run_after=None
[2024-06-11T22:45:23.462+0000] {processor.py:183} INFO - Processing /home/airflow/.local/lib/python3.12/site-packages/airflow/example_dags/example_display_name.py took 0.060 seconds
[2024-06-11T22:45:54.073+0000] {processor.py:161} INFO - Started process (PID=303) to work on /home/airflow/.local/lib/python3.12/site-packages/airflow/example_dags/example_display_name.py
[2024-06-11T22:45:54.080+0000] {processor.py:830} INFO - Processing file /home/airflow/.local/lib/python3.12/site-packages/airflow/example_dags/example_display_name.py for tasks to queue
[2024-06-11T22:45:54.089+0000] {logging_mixin.py:188} INFO - [2024-06-11T22:45:54.089+0000] {dagbag.py:545} INFO - Filling up the DagBag from /home/airflow/.local/lib/python3.12/site-packages/airflow/example_dags/example_display_name.py
[2024-06-11T22:45:54.101+0000] {processor.py:840} INFO - DAG(s) 'example_display_name' retrieved from /home/airflow/.local/lib/python3.12/site-packages/airflow/example_dags/example_display_name.py
[2024-06-11T22:45:54.123+0000] {logging_mixin.py:188} INFO - [2024-06-11T22:45:54.123+0000] {dag.py:3096} INFO - Sync 1 DAGs
[2024-06-11T22:45:54.134+0000] {logging_mixin.py:188} INFO - [2024-06-11T22:45:54.134+0000] {dag.py:3954} INFO - Setting next_dagrun for example_display_name to None, run_after=None
[2024-06-11T22:45:54.151+0000] {processor.py:183} INFO - Processing /home/airflow/.local/lib/python3.12/site-packages/airflow/example_dags/example_display_name.py took 0.088 seconds
[2024-06-11T22:46:24.927+0000] {processor.py:161} INFO - Started process (PID=361) to work on /home/airflow/.local/lib/python3.12/site-packages/airflow/example_dags/example_display_name.py
[2024-06-11T22:46:24.928+0000] {processor.py:830} INFO - Processing file /home/airflow/.local/lib/python3.12/site-packages/airflow/example_dags/example_display_name.py for tasks to queue
[2024-06-11T22:46:24.930+0000] {logging_mixin.py:188} INFO - [2024-06-11T22:46:24.930+0000] {dagbag.py:545} INFO - Filling up the DagBag from /home/airflow/.local/lib/python3.12/site-packages/airflow/example_dags/example_display_name.py
[2024-06-11T22:46:24.934+0000] {processor.py:840} INFO - DAG(s) 'example_display_name' retrieved from /home/airflow/.local/lib/python3.12/site-packages/airflow/example_dags/example_display_name.py
[2024-06-11T22:46:24.950+0000] {logging_mixin.py:188} INFO - [2024-06-11T22:46:24.950+0000] {dag.py:3096} INFO - Sync 1 DAGs
[2024-06-11T22:46:24.961+0000] {logging_mixin.py:188} INFO - [2024-06-11T22:46:24.960+0000] {dag.py:3954} INFO - Setting next_dagrun for example_display_name to None, run_after=None
[2024-06-11T22:46:24.979+0000] {processor.py:183} INFO - Processing /home/airflow/.local/lib/python3.12/site-packages/airflow/example_dags/example_display_name.py took 0.057 seconds
[2024-06-11T22:46:55.140+0000] {processor.py:161} INFO - Started process (PID=419) to work on /home/airflow/.local/lib/python3.12/site-packages/airflow/example_dags/example_display_name.py
[2024-06-11T22:46:55.142+0000] {processor.py:830} INFO - Processing file /home/airflow/.local/lib/python3.12/site-packages/airflow/example_dags/example_display_name.py for tasks to queue
[2024-06-11T22:46:55.144+0000] {logging_mixin.py:188} INFO - [2024-06-11T22:46:55.143+0000] {dagbag.py:545} INFO - Filling up the DagBag from /home/airflow/.local/lib/python3.12/site-packages/airflow/example_dags/example_display_name.py
[2024-06-11T22:46:55.150+0000] {processor.py:840} INFO - DAG(s) 'example_display_name' retrieved from /home/airflow/.local/lib/python3.12/site-packages/airflow/example_dags/example_display_name.py
[2024-06-11T22:46:55.216+0000] {logging_mixin.py:188} INFO - [2024-06-11T22:46:55.215+0000] {dag.py:3096} INFO - Sync 1 DAGs
[2024-06-11T22:46:55.236+0000] {logging_mixin.py:188} INFO - [2024-06-11T22:46:55.235+0000] {dag.py:3954} INFO - Setting next_dagrun for example_display_name to None, run_after=None
[2024-06-11T22:46:55.258+0000] {processor.py:183} INFO - Processing /home/airflow/.local/lib/python3.12/site-packages/airflow/example_dags/example_display_name.py took 0.124 seconds
[2024-06-11T22:47:25.570+0000] {processor.py:161} INFO - Started process (PID=477) to work on /home/airflow/.local/lib/python3.12/site-packages/airflow/example_dags/example_display_name.py
[2024-06-11T22:47:25.571+0000] {processor.py:830} INFO - Processing file /home/airflow/.local/lib/python3.12/site-packages/airflow/example_dags/example_display_name.py for tasks to queue
[2024-06-11T22:47:25.573+0000] {logging_mixin.py:188} INFO - [2024-06-11T22:47:25.572+0000] {dagbag.py:545} INFO - Filling up the DagBag from /home/airflow/.local/lib/python3.12/site-packages/airflow/example_dags/example_display_name.py
[2024-06-11T22:47:25.580+0000] {processor.py:840} INFO - DAG(s) 'example_display_name' retrieved from /home/airflow/.local/lib/python3.12/site-packages/airflow/example_dags/example_display_name.py
[2024-06-11T22:47:25.597+0000] {logging_mixin.py:188} INFO - [2024-06-11T22:47:25.597+0000] {dag.py:3096} INFO - Sync 1 DAGs
[2024-06-11T22:47:25.608+0000] {logging_mixin.py:188} INFO - [2024-06-11T22:47:25.607+0000] {dag.py:3954} INFO - Setting next_dagrun for example_display_name to None, run_after=None
[2024-06-11T22:47:25.625+0000] {processor.py:183} INFO - Processing /home/airflow/.local/lib/python3.12/site-packages/airflow/example_dags/example_display_name.py took 0.062 seconds
[2024-06-11T22:47:55.742+0000] {processor.py:161} INFO - Started process (PID=535) to work on /home/airflow/.local/lib/python3.12/site-packages/airflow/example_dags/example_display_name.py
[2024-06-11T22:47:55.743+0000] {processor.py:830} INFO - Processing file /home/airflow/.local/lib/python3.12/site-packages/airflow/example_dags/example_display_name.py for tasks to queue
[2024-06-11T22:47:55.745+0000] {logging_mixin.py:188} INFO - [2024-06-11T22:47:55.744+0000] {dagbag.py:545} INFO - Filling up the DagBag from /home/airflow/.local/lib/python3.12/site-packages/airflow/example_dags/example_display_name.py
[2024-06-11T22:47:55.749+0000] {processor.py:840} INFO - DAG(s) 'example_display_name' retrieved from /home/airflow/.local/lib/python3.12/site-packages/airflow/example_dags/example_display_name.py
[2024-06-11T22:47:55.768+0000] {logging_mixin.py:188} INFO - [2024-06-11T22:47:55.768+0000] {dag.py:3096} INFO - Sync 1 DAGs
[2024-06-11T22:47:55.782+0000] {logging_mixin.py:188} INFO - [2024-06-11T22:47:55.782+0000] {dag.py:3954} INFO - Setting next_dagrun for example_display_name to None, run_after=None
[2024-06-11T22:47:55.802+0000] {processor.py:183} INFO - Processing /home/airflow/.local/lib/python3.12/site-packages/airflow/example_dags/example_display_name.py took 0.065 seconds
[2024-06-11T22:48:27.828+0000] {processor.py:161} INFO - Started process (PID=593) to work on /home/airflow/.local/lib/python3.12/site-packages/airflow/example_dags/example_display_name.py
[2024-06-11T22:48:27.830+0000] {processor.py:830} INFO - Processing file /home/airflow/.local/lib/python3.12/site-packages/airflow/example_dags/example_display_name.py for tasks to queue
[2024-06-11T22:48:27.839+0000] {logging_mixin.py:188} INFO - [2024-06-11T22:48:27.839+0000] {dagbag.py:545} INFO - Filling up the DagBag from /home/airflow/.local/lib/python3.12/site-packages/airflow/example_dags/example_display_name.py
[2024-06-11T22:48:27.943+0000] {processor.py:840} INFO - DAG(s) 'example_display_name' retrieved from /home/airflow/.local/lib/python3.12/site-packages/airflow/example_dags/example_display_name.py
[2024-06-11T22:48:27.988+0000] {logging_mixin.py:188} INFO - [2024-06-11T22:48:27.988+0000] {dag.py:3096} INFO - Sync 1 DAGs
[2024-06-11T22:48:28.021+0000] {logging_mixin.py:188} INFO - [2024-06-11T22:48:28.021+0000] {dag.py:3954} INFO - Setting next_dagrun for example_display_name to None, run_after=None
[2024-06-11T22:48:28.043+0000] {processor.py:183} INFO - Processing /home/airflow/.local/lib/python3.12/site-packages/airflow/example_dags/example_display_name.py took 0.220 seconds
[2024-06-11T22:48:58.332+0000] {processor.py:161} INFO - Started process (PID=651) to work on /home/airflow/.local/lib/python3.12/site-packages/airflow/example_dags/example_display_name.py
[2024-06-11T22:48:58.333+0000] {processor.py:830} INFO - Processing file /home/airflow/.local/lib/python3.12/site-packages/airflow/example_dags/example_display_name.py for tasks to queue
[2024-06-11T22:48:58.336+0000] {logging_mixin.py:188} INFO - [2024-06-11T22:48:58.336+0000] {dagbag.py:545} INFO - Filling up the DagBag from /home/airflow/.local/lib/python3.12/site-packages/airflow/example_dags/example_display_name.py
[2024-06-11T22:48:58.344+0000] {processor.py:840} INFO - DAG(s) 'example_display_name' retrieved from /home/airflow/.local/lib/python3.12/site-packages/airflow/example_dags/example_display_name.py
[2024-06-11T22:48:58.370+0000] {logging_mixin.py:188} INFO - [2024-06-11T22:48:58.370+0000] {dag.py:3096} INFO - Sync 1 DAGs
[2024-06-11T22:48:58.383+0000] {logging_mixin.py:188} INFO - [2024-06-11T22:48:58.383+0000] {dag.py:3954} INFO - Setting next_dagrun for example_display_name to None, run_after=None
[2024-06-11T22:48:58.435+0000] {processor.py:183} INFO - Processing /home/airflow/.local/lib/python3.12/site-packages/airflow/example_dags/example_display_name.py took 0.111 seconds
[2024-06-11T22:49:29.194+0000] {processor.py:161} INFO - Started process (PID=709) to work on /home/airflow/.local/lib/python3.12/site-packages/airflow/example_dags/example_display_name.py
[2024-06-11T22:49:29.225+0000] {processor.py:830} INFO - Processing file /home/airflow/.local/lib/python3.12/site-packages/airflow/example_dags/example_display_name.py for tasks to queue
[2024-06-11T22:49:29.237+0000] {logging_mixin.py:188} INFO - [2024-06-11T22:49:29.236+0000] {dagbag.py:545} INFO - Filling up the DagBag from /home/airflow/.local/lib/python3.12/site-packages/airflow/example_dags/example_display_name.py
[2024-06-11T22:49:29.246+0000] {processor.py:840} INFO - DAG(s) 'example_display_name' retrieved from /home/airflow/.local/lib/python3.12/site-packages/airflow/example_dags/example_display_name.py
[2024-06-11T22:49:29.294+0000] {logging_mixin.py:188} INFO - [2024-06-11T22:49:29.294+0000] {dag.py:3096} INFO - Sync 1 DAGs
[2024-06-11T22:49:29.331+0000] {logging_mixin.py:188} INFO - [2024-06-11T22:49:29.331+0000] {dag.py:3954} INFO - Setting next_dagrun for example_display_name to None, run_after=None
[2024-06-11T22:49:29.368+0000] {processor.py:183} INFO - Processing /home/airflow/.local/lib/python3.12/site-packages/airflow/example_dags/example_display_name.py took 0.179 seconds
[2024-06-11T22:50:00.551+0000] {processor.py:161} INFO - Started process (PID=767) to work on /home/airflow/.local/lib/python3.12/site-packages/airflow/example_dags/example_display_name.py
[2024-06-11T22:50:00.553+0000] {processor.py:830} INFO - Processing file /home/airflow/.local/lib/python3.12/site-packages/airflow/example_dags/example_display_name.py for tasks to queue
[2024-06-11T22:50:00.556+0000] {logging_mixin.py:188} INFO - [2024-06-11T22:50:00.555+0000] {dagbag.py:545} INFO - Filling up the DagBag from /home/airflow/.local/lib/python3.12/site-packages/airflow/example_dags/example_display_name.py
[2024-06-11T22:50:00.563+0000] {processor.py:840} INFO - DAG(s) 'example_display_name' retrieved from /home/airflow/.local/lib/python3.12/site-packages/airflow/example_dags/example_display_name.py
[2024-06-11T22:50:00.584+0000] {logging_mixin.py:188} INFO - [2024-06-11T22:50:00.584+0000] {dag.py:3096} INFO - Sync 1 DAGs
[2024-06-11T22:50:00.597+0000] {logging_mixin.py:188} INFO - [2024-06-11T22:50:00.597+0000] {dag.py:3954} INFO - Setting next_dagrun for example_display_name to None, run_after=None
[2024-06-11T22:50:00.617+0000] {processor.py:183} INFO - Processing /home/airflow/.local/lib/python3.12/site-packages/airflow/example_dags/example_display_name.py took 0.071 seconds
[2024-06-11T22:50:30.879+0000] {processor.py:161} INFO - Started process (PID=831) to work on /home/airflow/.local/lib/python3.12/site-packages/airflow/example_dags/example_display_name.py
[2024-06-11T22:50:30.880+0000] {processor.py:830} INFO - Processing file /home/airflow/.local/lib/python3.12/site-packages/airflow/example_dags/example_display_name.py for tasks to queue
[2024-06-11T22:50:30.882+0000] {logging_mixin.py:188} INFO - [2024-06-11T22:50:30.882+0000] {dagbag.py:545} INFO - Filling up the DagBag from /home/airflow/.local/lib/python3.12/site-packages/airflow/example_dags/example_display_name.py
[2024-06-11T22:50:30.887+0000] {processor.py:840} INFO - DAG(s) 'example_display_name' retrieved from /home/airflow/.local/lib/python3.12/site-packages/airflow/example_dags/example_display_name.py
[2024-06-11T22:50:30.907+0000] {logging_mixin.py:188} INFO - [2024-06-11T22:50:30.907+0000] {dag.py:3096} INFO - Sync 1 DAGs
[2024-06-11T22:50:30.918+0000] {logging_mixin.py:188} INFO - [2024-06-11T22:50:30.918+0000] {dag.py:3954} INFO - Setting next_dagrun for example_display_name to None, run_after=None
[2024-06-11T22:50:30.936+0000] {processor.py:183} INFO - Processing /home/airflow/.local/lib/python3.12/site-packages/airflow/example_dags/example_display_name.py took 0.063 seconds
[2024-06-11T22:51:01.452+0000] {processor.py:161} INFO - Started process (PID=889) to work on /home/airflow/.local/lib/python3.12/site-packages/airflow/example_dags/example_display_name.py
[2024-06-11T22:51:01.454+0000] {processor.py:830} INFO - Processing file /home/airflow/.local/lib/python3.12/site-packages/airflow/example_dags/example_display_name.py for tasks to queue
[2024-06-11T22:51:01.456+0000] {logging_mixin.py:188} INFO - [2024-06-11T22:51:01.455+0000] {dagbag.py:545} INFO - Filling up the DagBag from /home/airflow/.local/lib/python3.12/site-packages/airflow/example_dags/example_display_name.py
[2024-06-11T22:51:01.460+0000] {processor.py:840} INFO - DAG(s) 'example_display_name' retrieved from /home/airflow/.local/lib/python3.12/site-packages/airflow/example_dags/example_display_name.py
[2024-06-11T22:51:01.477+0000] {logging_mixin.py:188} INFO - [2024-06-11T22:51:01.477+0000] {dag.py:3096} INFO - Sync 1 DAGs
[2024-06-11T22:51:01.491+0000] {logging_mixin.py:188} INFO - [2024-06-11T22:51:01.491+0000] {dag.py:3954} INFO - Setting next_dagrun for example_display_name to None, run_after=None
[2024-06-11T22:51:01.508+0000] {processor.py:183} INFO - Processing /home/airflow/.local/lib/python3.12/site-packages/airflow/example_dags/example_display_name.py took 0.062 seconds
[2024-06-11T22:51:31.869+0000] {processor.py:161} INFO - Started process (PID=947) to work on /home/airflow/.local/lib/python3.12/site-packages/airflow/example_dags/example_display_name.py
[2024-06-11T22:51:31.870+0000] {processor.py:830} INFO - Processing file /home/airflow/.local/lib/python3.12/site-packages/airflow/example_dags/example_display_name.py for tasks to queue
[2024-06-11T22:51:31.872+0000] {logging_mixin.py:188} INFO - [2024-06-11T22:51:31.871+0000] {dagbag.py:545} INFO - Filling up the DagBag from /home/airflow/.local/lib/python3.12/site-packages/airflow/example_dags/example_display_name.py
[2024-06-11T22:51:31.876+0000] {processor.py:840} INFO - DAG(s) 'example_display_name' retrieved from /home/airflow/.local/lib/python3.12/site-packages/airflow/example_dags/example_display_name.py
[2024-06-11T22:51:31.891+0000] {logging_mixin.py:188} INFO - [2024-06-11T22:51:31.891+0000] {dag.py:3096} INFO - Sync 1 DAGs
[2024-06-11T22:51:31.930+0000] {logging_mixin.py:188} INFO - [2024-06-11T22:51:31.930+0000] {dag.py:3954} INFO - Setting next_dagrun for example_display_name to None, run_after=None
[2024-06-11T22:51:31.949+0000] {processor.py:183} INFO - Processing /home/airflow/.local/lib/python3.12/site-packages/airflow/example_dags/example_display_name.py took 0.084 seconds
[2024-06-11T22:52:03.607+0000] {processor.py:161} INFO - Started process (PID=1005) to work on /home/airflow/.local/lib/python3.12/site-packages/airflow/example_dags/example_display_name.py
[2024-06-11T22:52:03.609+0000] {processor.py:830} INFO - Processing file /home/airflow/.local/lib/python3.12/site-packages/airflow/example_dags/example_display_name.py for tasks to queue
[2024-06-11T22:52:03.613+0000] {logging_mixin.py:188} INFO - [2024-06-11T22:52:03.612+0000] {dagbag.py:545} INFO - Filling up the DagBag from /home/airflow/.local/lib/python3.12/site-packages/airflow/example_dags/example_display_name.py
[2024-06-11T22:52:03.624+0000] {processor.py:840} INFO - DAG(s) 'example_display_name' retrieved from /home/airflow/.local/lib/python3.12/site-packages/airflow/example_dags/example_display_name.py
[2024-06-11T22:52:03.666+0000] {logging_mixin.py:188} INFO - [2024-06-11T22:52:03.666+0000] {dag.py:3096} INFO - Sync 1 DAGs
[2024-06-11T22:52:03.688+0000] {logging_mixin.py:188} INFO - [2024-06-11T22:52:03.688+0000] {dag.py:3954} INFO - Setting next_dagrun for example_display_name to None, run_after=None
[2024-06-11T22:52:03.716+0000] {processor.py:183} INFO - Processing /home/airflow/.local/lib/python3.12/site-packages/airflow/example_dags/example_display_name.py took 0.117 seconds
[2024-06-11T22:52:34.111+0000] {processor.py:161} INFO - Started process (PID=1063) to work on /home/airflow/.local/lib/python3.12/site-packages/airflow/example_dags/example_display_name.py
[2024-06-11T22:52:34.112+0000] {processor.py:830} INFO - Processing file /home/airflow/.local/lib/python3.12/site-packages/airflow/example_dags/example_display_name.py for tasks to queue
[2024-06-11T22:52:34.114+0000] {logging_mixin.py:188} INFO - [2024-06-11T22:52:34.113+0000] {dagbag.py:545} INFO - Filling up the DagBag from /home/airflow/.local/lib/python3.12/site-packages/airflow/example_dags/example_display_name.py
[2024-06-11T22:52:34.121+0000] {processor.py:840} INFO - DAG(s) 'example_display_name' retrieved from /home/airflow/.local/lib/python3.12/site-packages/airflow/example_dags/example_display_name.py
[2024-06-11T22:52:34.155+0000] {logging_mixin.py:188} INFO - [2024-06-11T22:52:34.154+0000] {dag.py:3096} INFO - Sync 1 DAGs
[2024-06-11T22:52:34.179+0000] {logging_mixin.py:188} INFO - [2024-06-11T22:52:34.179+0000] {dag.py:3954} INFO - Setting next_dagrun for example_display_name to None, run_after=None
[2024-06-11T22:52:34.212+0000] {processor.py:183} INFO - Processing /home/airflow/.local/lib/python3.12/site-packages/airflow/example_dags/example_display_name.py took 0.108 seconds
[2024-06-11T22:53:06.210+0000] {processor.py:161} INFO - Started process (PID=1121) to work on /home/airflow/.local/lib/python3.12/site-packages/airflow/example_dags/example_display_name.py
[2024-06-11T22:53:06.211+0000] {processor.py:830} INFO - Processing file /home/airflow/.local/lib/python3.12/site-packages/airflow/example_dags/example_display_name.py for tasks to queue
[2024-06-11T22:53:06.213+0000] {logging_mixin.py:188} INFO - [2024-06-11T22:53:06.212+0000] {dagbag.py:545} INFO - Filling up the DagBag from /home/airflow/.local/lib/python3.12/site-packages/airflow/example_dags/example_display_name.py
[2024-06-11T22:53:06.218+0000] {processor.py:840} INFO - DAG(s) 'example_display_name' retrieved from /home/airflow/.local/lib/python3.12/site-packages/airflow/example_dags/example_display_name.py
[2024-06-11T22:53:06.234+0000] {logging_mixin.py:188} INFO - [2024-06-11T22:53:06.234+0000] {dag.py:3096} INFO - Sync 1 DAGs
[2024-06-11T22:53:06.243+0000] {logging_mixin.py:188} INFO - [2024-06-11T22:53:06.243+0000] {dag.py:3954} INFO - Setting next_dagrun for example_display_name to None, run_after=None
[2024-06-11T22:53:06.258+0000] {processor.py:183} INFO - Processing /home/airflow/.local/lib/python3.12/site-packages/airflow/example_dags/example_display_name.py took 0.052 seconds
[2024-06-11T22:53:36.599+0000] {processor.py:161} INFO - Started process (PID=1179) to work on /home/airflow/.local/lib/python3.12/site-packages/airflow/example_dags/example_display_name.py
[2024-06-11T22:53:36.600+0000] {processor.py:830} INFO - Processing file /home/airflow/.local/lib/python3.12/site-packages/airflow/example_dags/example_display_name.py for tasks to queue
[2024-06-11T22:53:36.602+0000] {logging_mixin.py:188} INFO - [2024-06-11T22:53:36.602+0000] {dagbag.py:545} INFO - Filling up the DagBag from /home/airflow/.local/lib/python3.12/site-packages/airflow/example_dags/example_display_name.py
[2024-06-11T22:53:36.606+0000] {processor.py:840} INFO - DAG(s) 'example_display_name' retrieved from /home/airflow/.local/lib/python3.12/site-packages/airflow/example_dags/example_display_name.py
[2024-06-11T22:53:36.621+0000] {logging_mixin.py:188} INFO - [2024-06-11T22:53:36.621+0000] {dag.py:3096} INFO - Sync 1 DAGs
[2024-06-11T22:53:36.631+0000] {logging_mixin.py:188} INFO - [2024-06-11T22:53:36.631+0000] {dag.py:3954} INFO - Setting next_dagrun for example_display_name to None, run_after=None
[2024-06-11T22:53:36.652+0000] {processor.py:183} INFO - Processing /home/airflow/.local/lib/python3.12/site-packages/airflow/example_dags/example_display_name.py took 0.057 seconds
[2024-06-11T22:54:06.874+0000] {processor.py:161} INFO - Started process (PID=1237) to work on /home/airflow/.local/lib/python3.12/site-packages/airflow/example_dags/example_display_name.py
[2024-06-11T22:54:06.875+0000] {processor.py:830} INFO - Processing file /home/airflow/.local/lib/python3.12/site-packages/airflow/example_dags/example_display_name.py for tasks to queue
[2024-06-11T22:54:06.877+0000] {logging_mixin.py:188} INFO - [2024-06-11T22:54:06.877+0000] {dagbag.py:545} INFO - Filling up the DagBag from /home/airflow/.local/lib/python3.12/site-packages/airflow/example_dags/example_display_name.py
[2024-06-11T22:54:06.884+0000] {processor.py:840} INFO - DAG(s) 'example_display_name' retrieved from /home/airflow/.local/lib/python3.12/site-packages/airflow/example_dags/example_display_name.py
[2024-06-11T22:54:06.912+0000] {logging_mixin.py:188} INFO - [2024-06-11T22:54:06.912+0000] {dag.py:3096} INFO - Sync 1 DAGs
[2024-06-11T22:54:06.923+0000] {logging_mixin.py:188} INFO - [2024-06-11T22:54:06.923+0000] {dag.py:3954} INFO - Setting next_dagrun for example_display_name to None, run_after=None
[2024-06-11T22:54:06.947+0000] {processor.py:183} INFO - Processing /home/airflow/.local/lib/python3.12/site-packages/airflow/example_dags/example_display_name.py took 0.078 seconds
[2024-06-11T22:54:37.364+0000] {processor.py:161} INFO - Started process (PID=1295) to work on /home/airflow/.local/lib/python3.12/site-packages/airflow/example_dags/example_display_name.py
[2024-06-11T22:54:37.365+0000] {processor.py:830} INFO - Processing file /home/airflow/.local/lib/python3.12/site-packages/airflow/example_dags/example_display_name.py for tasks to queue
[2024-06-11T22:54:37.367+0000] {logging_mixin.py:188} INFO - [2024-06-11T22:54:37.366+0000] {dagbag.py:545} INFO - Filling up the DagBag from /home/airflow/.local/lib/python3.12/site-packages/airflow/example_dags/example_display_name.py
[2024-06-11T22:54:37.371+0000] {processor.py:840} INFO - DAG(s) 'example_display_name' retrieved from /home/airflow/.local/lib/python3.12/site-packages/airflow/example_dags/example_display_name.py
[2024-06-11T22:54:37.390+0000] {logging_mixin.py:188} INFO - [2024-06-11T22:54:37.389+0000] {dag.py:3096} INFO - Sync 1 DAGs
[2024-06-11T22:54:37.408+0000] {logging_mixin.py:188} INFO - [2024-06-11T22:54:37.408+0000] {dag.py:3954} INFO - Setting next_dagrun for example_display_name to None, run_after=None
[2024-06-11T22:54:37.429+0000] {processor.py:183} INFO - Processing /home/airflow/.local/lib/python3.12/site-packages/airflow/example_dags/example_display_name.py took 0.071 seconds
[2024-06-11T22:55:07.776+0000] {processor.py:161} INFO - Started process (PID=1353) to work on /home/airflow/.local/lib/python3.12/site-packages/airflow/example_dags/example_display_name.py
[2024-06-11T22:55:07.777+0000] {processor.py:830} INFO - Processing file /home/airflow/.local/lib/python3.12/site-packages/airflow/example_dags/example_display_name.py for tasks to queue
[2024-06-11T22:55:07.779+0000] {logging_mixin.py:188} INFO - [2024-06-11T22:55:07.778+0000] {dagbag.py:545} INFO - Filling up the DagBag from /home/airflow/.local/lib/python3.12/site-packages/airflow/example_dags/example_display_name.py
[2024-06-11T22:55:07.786+0000] {processor.py:840} INFO - DAG(s) 'example_display_name' retrieved from /home/airflow/.local/lib/python3.12/site-packages/airflow/example_dags/example_display_name.py
[2024-06-11T22:55:07.813+0000] {logging_mixin.py:188} INFO - [2024-06-11T22:55:07.812+0000] {dag.py:3096} INFO - Sync 1 DAGs
[2024-06-11T22:55:07.824+0000] {logging_mixin.py:188} INFO - [2024-06-11T22:55:07.823+0000] {dag.py:3954} INFO - Setting next_dagrun for example_display_name to None, run_after=None
[2024-06-11T22:55:07.839+0000] {processor.py:183} INFO - Processing /home/airflow/.local/lib/python3.12/site-packages/airflow/example_dags/example_display_name.py took 0.068 seconds
[2024-06-11T22:55:38.655+0000] {processor.py:161} INFO - Started process (PID=1411) to work on /home/airflow/.local/lib/python3.12/site-packages/airflow/example_dags/example_display_name.py
[2024-06-11T22:55:38.657+0000] {processor.py:830} INFO - Processing file /home/airflow/.local/lib/python3.12/site-packages/airflow/example_dags/example_display_name.py for tasks to queue
[2024-06-11T22:55:38.659+0000] {logging_mixin.py:188} INFO - [2024-06-11T22:55:38.659+0000] {dagbag.py:545} INFO - Filling up the DagBag from /home/airflow/.local/lib/python3.12/site-packages/airflow/example_dags/example_display_name.py
[2024-06-11T22:55:38.663+0000] {processor.py:840} INFO - DAG(s) 'example_display_name' retrieved from /home/airflow/.local/lib/python3.12/site-packages/airflow/example_dags/example_display_name.py
[2024-06-11T22:55:38.677+0000] {logging_mixin.py:188} INFO - [2024-06-11T22:55:38.677+0000] {dag.py:3096} INFO - Sync 1 DAGs
[2024-06-11T22:55:38.686+0000] {logging_mixin.py:188} INFO - [2024-06-11T22:55:38.686+0000] {dag.py:3954} INFO - Setting next_dagrun for example_display_name to None, run_after=None
[2024-06-11T22:55:38.703+0000] {processor.py:183} INFO - Processing /home/airflow/.local/lib/python3.12/site-packages/airflow/example_dags/example_display_name.py took 0.052 seconds
[2024-06-11T22:56:09.035+0000] {processor.py:161} INFO - Started process (PID=1468) to work on /home/airflow/.local/lib/python3.12/site-packages/airflow/example_dags/example_display_name.py
[2024-06-11T22:56:09.036+0000] {processor.py:830} INFO - Processing file /home/airflow/.local/lib/python3.12/site-packages/airflow/example_dags/example_display_name.py for tasks to queue
[2024-06-11T22:56:09.039+0000] {logging_mixin.py:188} INFO - [2024-06-11T22:56:09.038+0000] {dagbag.py:545} INFO - Filling up the DagBag from /home/airflow/.local/lib/python3.12/site-packages/airflow/example_dags/example_display_name.py
[2024-06-11T22:56:09.043+0000] {processor.py:840} INFO - DAG(s) 'example_display_name' retrieved from /home/airflow/.local/lib/python3.12/site-packages/airflow/example_dags/example_display_name.py
[2024-06-11T22:56:09.060+0000] {logging_mixin.py:188} INFO - [2024-06-11T22:56:09.060+0000] {dag.py:3096} INFO - Sync 1 DAGs
[2024-06-11T22:56:09.070+0000] {logging_mixin.py:188} INFO - [2024-06-11T22:56:09.070+0000] {dag.py:3954} INFO - Setting next_dagrun for example_display_name to None, run_after=None
[2024-06-11T22:56:09.083+0000] {processor.py:183} INFO - Processing /home/airflow/.local/lib/python3.12/site-packages/airflow/example_dags/example_display_name.py took 0.053 seconds
[2024-06-11T22:56:39.543+0000] {processor.py:161} INFO - Started process (PID=1526) to work on /home/airflow/.local/lib/python3.12/site-packages/airflow/example_dags/example_display_name.py
[2024-06-11T22:56:39.544+0000] {processor.py:830} INFO - Processing file /home/airflow/.local/lib/python3.12/site-packages/airflow/example_dags/example_display_name.py for tasks to queue
[2024-06-11T22:56:39.546+0000] {logging_mixin.py:188} INFO - [2024-06-11T22:56:39.545+0000] {dagbag.py:545} INFO - Filling up the DagBag from /home/airflow/.local/lib/python3.12/site-packages/airflow/example_dags/example_display_name.py
[2024-06-11T22:56:39.550+0000] {processor.py:840} INFO - DAG(s) 'example_display_name' retrieved from /home/airflow/.local/lib/python3.12/site-packages/airflow/example_dags/example_display_name.py
[2024-06-11T22:56:39.563+0000] {logging_mixin.py:188} INFO - [2024-06-11T22:56:39.563+0000] {dag.py:3096} INFO - Sync 1 DAGs
[2024-06-11T22:56:39.574+0000] {logging_mixin.py:188} INFO - [2024-06-11T22:56:39.574+0000] {dag.py:3954} INFO - Setting next_dagrun for example_display_name to None, run_after=None
[2024-06-11T22:56:39.592+0000] {processor.py:183} INFO - Processing /home/airflow/.local/lib/python3.12/site-packages/airflow/example_dags/example_display_name.py took 0.053 seconds
[2024-06-11T22:57:09.931+0000] {processor.py:161} INFO - Started process (PID=1584) to work on /home/airflow/.local/lib/python3.12/site-packages/airflow/example_dags/example_display_name.py
[2024-06-11T22:57:09.932+0000] {processor.py:830} INFO - Processing file /home/airflow/.local/lib/python3.12/site-packages/airflow/example_dags/example_display_name.py for tasks to queue
[2024-06-11T22:57:09.934+0000] {logging_mixin.py:188} INFO - [2024-06-11T22:57:09.934+0000] {dagbag.py:545} INFO - Filling up the DagBag from /home/airflow/.local/lib/python3.12/site-packages/airflow/example_dags/example_display_name.py
[2024-06-11T22:57:09.939+0000] {processor.py:840} INFO - DAG(s) 'example_display_name' retrieved from /home/airflow/.local/lib/python3.12/site-packages/airflow/example_dags/example_display_name.py
[2024-06-11T22:57:09.959+0000] {logging_mixin.py:188} INFO - [2024-06-11T22:57:09.959+0000] {dag.py:3096} INFO - Sync 1 DAGs
[2024-06-11T22:57:09.975+0000] {logging_mixin.py:188} INFO - [2024-06-11T22:57:09.975+0000] {dag.py:3954} INFO - Setting next_dagrun for example_display_name to None, run_after=None
[2024-06-11T22:57:10.000+0000] {processor.py:183} INFO - Processing /home/airflow/.local/lib/python3.12/site-packages/airflow/example_dags/example_display_name.py took 0.074 seconds
[2024-06-11T22:57:41.051+0000] {processor.py:161} INFO - Started process (PID=1641) to work on /home/airflow/.local/lib/python3.12/site-packages/airflow/example_dags/example_display_name.py
[2024-06-11T22:57:41.052+0000] {processor.py:830} INFO - Processing file /home/airflow/.local/lib/python3.12/site-packages/airflow/example_dags/example_display_name.py for tasks to queue
[2024-06-11T22:57:41.054+0000] {logging_mixin.py:188} INFO - [2024-06-11T22:57:41.053+0000] {dagbag.py:545} INFO - Filling up the DagBag from /home/airflow/.local/lib/python3.12/site-packages/airflow/example_dags/example_display_name.py
[2024-06-11T22:57:41.059+0000] {processor.py:840} INFO - DAG(s) 'example_display_name' retrieved from /home/airflow/.local/lib/python3.12/site-packages/airflow/example_dags/example_display_name.py
[2024-06-11T22:57:41.076+0000] {logging_mixin.py:188} INFO - [2024-06-11T22:57:41.076+0000] {dag.py:3096} INFO - Sync 1 DAGs
[2024-06-11T22:57:41.088+0000] {logging_mixin.py:188} INFO - [2024-06-11T22:57:41.088+0000] {dag.py:3954} INFO - Setting next_dagrun for example_display_name to None, run_after=None
[2024-06-11T22:57:41.108+0000] {processor.py:183} INFO - Processing /home/airflow/.local/lib/python3.12/site-packages/airflow/example_dags/example_display_name.py took 0.063 seconds
[2024-06-11T22:58:14.458+0000] {processor.py:161} INFO - Started process (PID=1699) to work on /home/airflow/.local/lib/python3.12/site-packages/airflow/example_dags/example_display_name.py
[2024-06-11T22:58:14.459+0000] {processor.py:830} INFO - Processing file /home/airflow/.local/lib/python3.12/site-packages/airflow/example_dags/example_display_name.py for tasks to queue
[2024-06-11T22:58:14.461+0000] {logging_mixin.py:188} INFO - [2024-06-11T22:58:14.460+0000] {dagbag.py:545} INFO - Filling up the DagBag from /home/airflow/.local/lib/python3.12/site-packages/airflow/example_dags/example_display_name.py
[2024-06-11T22:58:14.467+0000] {processor.py:840} INFO - DAG(s) 'example_display_name' retrieved from /home/airflow/.local/lib/python3.12/site-packages/airflow/example_dags/example_display_name.py
[2024-06-11T22:58:14.491+0000] {logging_mixin.py:188} INFO - [2024-06-11T22:58:14.490+0000] {dag.py:3096} INFO - Sync 1 DAGs
[2024-06-11T22:58:14.506+0000] {logging_mixin.py:188} INFO - [2024-06-11T22:58:14.505+0000] {dag.py:3954} INFO - Setting next_dagrun for example_display_name to None, run_after=None
[2024-06-11T22:58:14.538+0000] {processor.py:183} INFO - Processing /home/airflow/.local/lib/python3.12/site-packages/airflow/example_dags/example_display_name.py took 0.085 seconds
[2024-06-11T22:58:45.245+0000] {processor.py:161} INFO - Started process (PID=1757) to work on /home/airflow/.local/lib/python3.12/site-packages/airflow/example_dags/example_display_name.py
[2024-06-11T22:58:45.245+0000] {processor.py:830} INFO - Processing file /home/airflow/.local/lib/python3.12/site-packages/airflow/example_dags/example_display_name.py for tasks to queue
[2024-06-11T22:58:45.247+0000] {logging_mixin.py:188} INFO - [2024-06-11T22:58:45.247+0000] {dagbag.py:545} INFO - Filling up the DagBag from /home/airflow/.local/lib/python3.12/site-packages/airflow/example_dags/example_display_name.py
[2024-06-11T22:58:45.253+0000] {processor.py:840} INFO - DAG(s) 'example_display_name' retrieved from /home/airflow/.local/lib/python3.12/site-packages/airflow/example_dags/example_display_name.py
[2024-06-11T22:58:45.271+0000] {logging_mixin.py:188} INFO - [2024-06-11T22:58:45.271+0000] {dag.py:3096} INFO - Sync 1 DAGs
[2024-06-11T22:58:45.282+0000] {logging_mixin.py:188} INFO - [2024-06-11T22:58:45.282+0000] {dag.py:3954} INFO - Setting next_dagrun for example_display_name to None, run_after=None
[2024-06-11T22:58:45.301+0000] {processor.py:183} INFO - Processing /home/airflow/.local/lib/python3.12/site-packages/airflow/example_dags/example_display_name.py took 0.061 seconds
[2024-06-11T22:59:15.942+0000] {processor.py:161} INFO - Started process (PID=1815) to work on /home/airflow/.local/lib/python3.12/site-packages/airflow/example_dags/example_display_name.py
[2024-06-11T22:59:15.943+0000] {processor.py:830} INFO - Processing file /home/airflow/.local/lib/python3.12/site-packages/airflow/example_dags/example_display_name.py for tasks to queue
[2024-06-11T22:59:15.945+0000] {logging_mixin.py:188} INFO - [2024-06-11T22:59:15.945+0000] {dagbag.py:545} INFO - Filling up the DagBag from /home/airflow/.local/lib/python3.12/site-packages/airflow/example_dags/example_display_name.py
[2024-06-11T22:59:15.950+0000] {processor.py:840} INFO - DAG(s) 'example_display_name' retrieved from /home/airflow/.local/lib/python3.12/site-packages/airflow/example_dags/example_display_name.py
[2024-06-11T22:59:15.964+0000] {logging_mixin.py:188} INFO - [2024-06-11T22:59:15.964+0000] {dag.py:3096} INFO - Sync 1 DAGs
[2024-06-11T22:59:15.973+0000] {logging_mixin.py:188} INFO - [2024-06-11T22:59:15.973+0000] {dag.py:3954} INFO - Setting next_dagrun for example_display_name to None, run_after=None
[2024-06-11T22:59:15.992+0000] {processor.py:183} INFO - Processing /home/airflow/.local/lib/python3.12/site-packages/airflow/example_dags/example_display_name.py took 0.055 seconds
[2024-06-11T22:59:46.684+0000] {processor.py:161} INFO - Started process (PID=1873) to work on /home/airflow/.local/lib/python3.12/site-packages/airflow/example_dags/example_display_name.py
[2024-06-11T22:59:46.685+0000] {processor.py:830} INFO - Processing file /home/airflow/.local/lib/python3.12/site-packages/airflow/example_dags/example_display_name.py for tasks to queue
[2024-06-11T22:59:46.687+0000] {logging_mixin.py:188} INFO - [2024-06-11T22:59:46.687+0000] {dagbag.py:545} INFO - Filling up the DagBag from /home/airflow/.local/lib/python3.12/site-packages/airflow/example_dags/example_display_name.py
[2024-06-11T22:59:46.691+0000] {processor.py:840} INFO - DAG(s) 'example_display_name' retrieved from /home/airflow/.local/lib/python3.12/site-packages/airflow/example_dags/example_display_name.py
[2024-06-11T22:59:46.708+0000] {logging_mixin.py:188} INFO - [2024-06-11T22:59:46.708+0000] {dag.py:3096} INFO - Sync 1 DAGs
[2024-06-11T22:59:46.720+0000] {logging_mixin.py:188} INFO - [2024-06-11T22:59:46.719+0000] {dag.py:3954} INFO - Setting next_dagrun for example_display_name to None, run_after=None
[2024-06-11T22:59:46.736+0000] {processor.py:183} INFO - Processing /home/airflow/.local/lib/python3.12/site-packages/airflow/example_dags/example_display_name.py took 0.057 seconds
[2024-06-11T23:00:17.559+0000] {processor.py:161} INFO - Started process (PID=1932) to work on /home/airflow/.local/lib/python3.12/site-packages/airflow/example_dags/example_display_name.py
[2024-06-11T23:00:17.560+0000] {processor.py:830} INFO - Processing file /home/airflow/.local/lib/python3.12/site-packages/airflow/example_dags/example_display_name.py for tasks to queue
[2024-06-11T23:00:17.562+0000] {logging_mixin.py:188} INFO - [2024-06-11T23:00:17.562+0000] {dagbag.py:545} INFO - Filling up the DagBag from /home/airflow/.local/lib/python3.12/site-packages/airflow/example_dags/example_display_name.py
[2024-06-11T23:00:17.567+0000] {processor.py:840} INFO - DAG(s) 'example_display_name' retrieved from /home/airflow/.local/lib/python3.12/site-packages/airflow/example_dags/example_display_name.py
[2024-06-11T23:00:17.587+0000] {logging_mixin.py:188} INFO - [2024-06-11T23:00:17.587+0000] {dag.py:3096} INFO - Sync 1 DAGs
[2024-06-11T23:00:17.598+0000] {logging_mixin.py:188} INFO - [2024-06-11T23:00:17.598+0000] {dag.py:3954} INFO - Setting next_dagrun for example_display_name to None, run_after=None
[2024-06-11T23:00:17.612+0000] {processor.py:183} INFO - Processing /home/airflow/.local/lib/python3.12/site-packages/airflow/example_dags/example_display_name.py took 0.057 seconds
[2024-06-11T23:00:48.973+0000] {processor.py:161} INFO - Started process (PID=1990) to work on /home/airflow/.local/lib/python3.12/site-packages/airflow/example_dags/example_display_name.py
[2024-06-11T23:00:48.974+0000] {processor.py:830} INFO - Processing file /home/airflow/.local/lib/python3.12/site-packages/airflow/example_dags/example_display_name.py for tasks to queue
[2024-06-11T23:00:48.976+0000] {logging_mixin.py:188} INFO - [2024-06-11T23:00:48.975+0000] {dagbag.py:545} INFO - Filling up the DagBag from /home/airflow/.local/lib/python3.12/site-packages/airflow/example_dags/example_display_name.py
[2024-06-11T23:00:48.980+0000] {processor.py:840} INFO - DAG(s) 'example_display_name' retrieved from /home/airflow/.local/lib/python3.12/site-packages/airflow/example_dags/example_display_name.py
[2024-06-11T23:00:49.120+0000] {logging_mixin.py:188} INFO - [2024-06-11T23:00:49.120+0000] {dag.py:3096} INFO - Sync 1 DAGs
[2024-06-11T23:00:49.129+0000] {logging_mixin.py:188} INFO - [2024-06-11T23:00:49.129+0000] {dag.py:3954} INFO - Setting next_dagrun for example_display_name to None, run_after=None
[2024-06-11T23:00:49.147+0000] {processor.py:183} INFO - Processing /home/airflow/.local/lib/python3.12/site-packages/airflow/example_dags/example_display_name.py took 0.180 seconds
[2024-06-11T23:01:19.220+0000] {processor.py:161} INFO - Started process (PID=2048) to work on /home/airflow/.local/lib/python3.12/site-packages/airflow/example_dags/example_display_name.py
[2024-06-11T23:01:19.222+0000] {processor.py:830} INFO - Processing file /home/airflow/.local/lib/python3.12/site-packages/airflow/example_dags/example_display_name.py for tasks to queue
[2024-06-11T23:01:19.223+0000] {logging_mixin.py:188} INFO - [2024-06-11T23:01:19.223+0000] {dagbag.py:545} INFO - Filling up the DagBag from /home/airflow/.local/lib/python3.12/site-packages/airflow/example_dags/example_display_name.py
[2024-06-11T23:01:19.228+0000] {processor.py:840} INFO - DAG(s) 'example_display_name' retrieved from /home/airflow/.local/lib/python3.12/site-packages/airflow/example_dags/example_display_name.py
[2024-06-11T23:01:19.244+0000] {logging_mixin.py:188} INFO - [2024-06-11T23:01:19.244+0000] {dag.py:3096} INFO - Sync 1 DAGs
[2024-06-11T23:01:19.256+0000] {logging_mixin.py:188} INFO - [2024-06-11T23:01:19.256+0000] {dag.py:3954} INFO - Setting next_dagrun for example_display_name to None, run_after=None
[2024-06-11T23:01:19.272+0000] {processor.py:183} INFO - Processing /home/airflow/.local/lib/python3.12/site-packages/airflow/example_dags/example_display_name.py took 0.057 seconds
[2024-06-11T23:01:49.504+0000] {processor.py:161} INFO - Started process (PID=2106) to work on /home/airflow/.local/lib/python3.12/site-packages/airflow/example_dags/example_display_name.py
[2024-06-11T23:01:49.505+0000] {processor.py:830} INFO - Processing file /home/airflow/.local/lib/python3.12/site-packages/airflow/example_dags/example_display_name.py for tasks to queue
[2024-06-11T23:01:49.507+0000] {logging_mixin.py:188} INFO - [2024-06-11T23:01:49.506+0000] {dagbag.py:545} INFO - Filling up the DagBag from /home/airflow/.local/lib/python3.12/site-packages/airflow/example_dags/example_display_name.py
[2024-06-11T23:01:49.512+0000] {processor.py:840} INFO - DAG(s) 'example_display_name' retrieved from /home/airflow/.local/lib/python3.12/site-packages/airflow/example_dags/example_display_name.py
[2024-06-11T23:01:49.529+0000] {logging_mixin.py:188} INFO - [2024-06-11T23:01:49.529+0000] {dag.py:3096} INFO - Sync 1 DAGs
[2024-06-11T23:01:49.545+0000] {logging_mixin.py:188} INFO - [2024-06-11T23:01:49.545+0000] {dag.py:3954} INFO - Setting next_dagrun for example_display_name to None, run_after=None
[2024-06-11T23:01:49.564+0000] {processor.py:183} INFO - Processing /home/airflow/.local/lib/python3.12/site-packages/airflow/example_dags/example_display_name.py took 0.065 seconds
[2024-06-11T23:02:20.536+0000] {processor.py:161} INFO - Started process (PID=2164) to work on /home/airflow/.local/lib/python3.12/site-packages/airflow/example_dags/example_display_name.py
[2024-06-11T23:02:20.537+0000] {processor.py:830} INFO - Processing file /home/airflow/.local/lib/python3.12/site-packages/airflow/example_dags/example_display_name.py for tasks to queue
[2024-06-11T23:02:20.539+0000] {logging_mixin.py:188} INFO - [2024-06-11T23:02:20.538+0000] {dagbag.py:545} INFO - Filling up the DagBag from /home/airflow/.local/lib/python3.12/site-packages/airflow/example_dags/example_display_name.py
[2024-06-11T23:02:20.548+0000] {processor.py:840} INFO - DAG(s) 'example_display_name' retrieved from /home/airflow/.local/lib/python3.12/site-packages/airflow/example_dags/example_display_name.py
[2024-06-11T23:02:20.565+0000] {logging_mixin.py:188} INFO - [2024-06-11T23:02:20.565+0000] {dag.py:3096} INFO - Sync 1 DAGs
[2024-06-11T23:02:20.576+0000] {logging_mixin.py:188} INFO - [2024-06-11T23:02:20.576+0000] {dag.py:3954} INFO - Setting next_dagrun for example_display_name to None, run_after=None
[2024-06-11T23:02:20.592+0000] {processor.py:183} INFO - Processing /home/airflow/.local/lib/python3.12/site-packages/airflow/example_dags/example_display_name.py took 0.061 seconds
[2024-06-11T23:02:50.825+0000] {processor.py:161} INFO - Started process (PID=2222) to work on /home/airflow/.local/lib/python3.12/site-packages/airflow/example_dags/example_display_name.py
[2024-06-11T23:02:50.826+0000] {processor.py:830} INFO - Processing file /home/airflow/.local/lib/python3.12/site-packages/airflow/example_dags/example_display_name.py for tasks to queue
[2024-06-11T23:02:50.828+0000] {logging_mixin.py:188} INFO - [2024-06-11T23:02:50.827+0000] {dagbag.py:545} INFO - Filling up the DagBag from /home/airflow/.local/lib/python3.12/site-packages/airflow/example_dags/example_display_name.py
[2024-06-11T23:02:50.832+0000] {processor.py:840} INFO - DAG(s) 'example_display_name' retrieved from /home/airflow/.local/lib/python3.12/site-packages/airflow/example_dags/example_display_name.py
[2024-06-11T23:02:50.850+0000] {logging_mixin.py:188} INFO - [2024-06-11T23:02:50.849+0000] {dag.py:3096} INFO - Sync 1 DAGs
[2024-06-11T23:02:50.861+0000] {logging_mixin.py:188} INFO - [2024-06-11T23:02:50.861+0000] {dag.py:3954} INFO - Setting next_dagrun for example_display_name to None, run_after=None
[2024-06-11T23:02:50.879+0000] {processor.py:183} INFO - Processing /home/airflow/.local/lib/python3.12/site-packages/airflow/example_dags/example_display_name.py took 0.059 seconds
[2024-06-11T23:03:21.428+0000] {processor.py:161} INFO - Started process (PID=2280) to work on /home/airflow/.local/lib/python3.12/site-packages/airflow/example_dags/example_display_name.py
[2024-06-11T23:03:21.428+0000] {processor.py:830} INFO - Processing file /home/airflow/.local/lib/python3.12/site-packages/airflow/example_dags/example_display_name.py for tasks to queue
[2024-06-11T23:03:21.430+0000] {logging_mixin.py:188} INFO - [2024-06-11T23:03:21.430+0000] {dagbag.py:545} INFO - Filling up the DagBag from /home/airflow/.local/lib/python3.12/site-packages/airflow/example_dags/example_display_name.py
[2024-06-11T23:03:21.435+0000] {processor.py:840} INFO - DAG(s) 'example_display_name' retrieved from /home/airflow/.local/lib/python3.12/site-packages/airflow/example_dags/example_display_name.py
[2024-06-11T23:03:21.451+0000] {logging_mixin.py:188} INFO - [2024-06-11T23:03:21.451+0000] {dag.py:3096} INFO - Sync 1 DAGs
[2024-06-11T23:03:21.464+0000] {logging_mixin.py:188} INFO - [2024-06-11T23:03:21.463+0000] {dag.py:3954} INFO - Setting next_dagrun for example_display_name to None, run_after=None
[2024-06-11T23:03:21.481+0000] {processor.py:183} INFO - Processing /home/airflow/.local/lib/python3.12/site-packages/airflow/example_dags/example_display_name.py took 0.058 seconds
[2024-06-11T23:03:51.543+0000] {processor.py:161} INFO - Started process (PID=2338) to work on /home/airflow/.local/lib/python3.12/site-packages/airflow/example_dags/example_display_name.py
[2024-06-11T23:03:51.549+0000] {processor.py:830} INFO - Processing file /home/airflow/.local/lib/python3.12/site-packages/airflow/example_dags/example_display_name.py for tasks to queue
[2024-06-11T23:03:51.552+0000] {logging_mixin.py:188} INFO - [2024-06-11T23:03:51.551+0000] {dagbag.py:545} INFO - Filling up the DagBag from /home/airflow/.local/lib/python3.12/site-packages/airflow/example_dags/example_display_name.py
[2024-06-11T23:03:51.559+0000] {processor.py:840} INFO - DAG(s) 'example_display_name' retrieved from /home/airflow/.local/lib/python3.12/site-packages/airflow/example_dags/example_display_name.py
[2024-06-11T23:03:51.576+0000] {logging_mixin.py:188} INFO - [2024-06-11T23:03:51.576+0000] {dag.py:3096} INFO - Sync 1 DAGs
[2024-06-11T23:03:51.586+0000] {logging_mixin.py:188} INFO - [2024-06-11T23:03:51.586+0000] {dag.py:3954} INFO - Setting next_dagrun for example_display_name to None, run_after=None
[2024-06-11T23:03:51.604+0000] {processor.py:183} INFO - Processing /home/airflow/.local/lib/python3.12/site-packages/airflow/example_dags/example_display_name.py took 0.065 seconds
[2024-06-11T23:04:21.968+0000] {processor.py:161} INFO - Started process (PID=2396) to work on /home/airflow/.local/lib/python3.12/site-packages/airflow/example_dags/example_display_name.py
[2024-06-11T23:04:21.969+0000] {processor.py:830} INFO - Processing file /home/airflow/.local/lib/python3.12/site-packages/airflow/example_dags/example_display_name.py for tasks to queue
[2024-06-11T23:04:21.970+0000] {logging_mixin.py:188} INFO - [2024-06-11T23:04:21.970+0000] {dagbag.py:545} INFO - Filling up the DagBag from /home/airflow/.local/lib/python3.12/site-packages/airflow/example_dags/example_display_name.py
[2024-06-11T23:04:21.975+0000] {processor.py:840} INFO - DAG(s) 'example_display_name' retrieved from /home/airflow/.local/lib/python3.12/site-packages/airflow/example_dags/example_display_name.py
[2024-06-11T23:04:21.991+0000] {logging_mixin.py:188} INFO - [2024-06-11T23:04:21.991+0000] {dag.py:3096} INFO - Sync 1 DAGs
[2024-06-11T23:04:22.002+0000] {logging_mixin.py:188} INFO - [2024-06-11T23:04:22.001+0000] {dag.py:3954} INFO - Setting next_dagrun for example_display_name to None, run_after=None
[2024-06-11T23:04:22.017+0000] {processor.py:183} INFO - Processing /home/airflow/.local/lib/python3.12/site-packages/airflow/example_dags/example_display_name.py took 0.055 seconds
[2024-06-11T23:04:52.494+0000] {processor.py:161} INFO - Started process (PID=2455) to work on /home/airflow/.local/lib/python3.12/site-packages/airflow/example_dags/example_display_name.py
[2024-06-11T23:04:52.495+0000] {processor.py:830} INFO - Processing file /home/airflow/.local/lib/python3.12/site-packages/airflow/example_dags/example_display_name.py for tasks to queue
[2024-06-11T23:04:52.497+0000] {logging_mixin.py:188} INFO - [2024-06-11T23:04:52.497+0000] {dagbag.py:545} INFO - Filling up the DagBag from /home/airflow/.local/lib/python3.12/site-packages/airflow/example_dags/example_display_name.py
[2024-06-11T23:04:52.502+0000] {processor.py:840} INFO - DAG(s) 'example_display_name' retrieved from /home/airflow/.local/lib/python3.12/site-packages/airflow/example_dags/example_display_name.py
[2024-06-11T23:04:52.518+0000] {logging_mixin.py:188} INFO - [2024-06-11T23:04:52.517+0000] {dag.py:3096} INFO - Sync 1 DAGs
[2024-06-11T23:04:52.529+0000] {logging_mixin.py:188} INFO - [2024-06-11T23:04:52.529+0000] {dag.py:3954} INFO - Setting next_dagrun for example_display_name to None, run_after=None
[2024-06-11T23:04:52.545+0000] {processor.py:183} INFO - Processing /home/airflow/.local/lib/python3.12/site-packages/airflow/example_dags/example_display_name.py took 0.055 seconds
[2024-06-11T23:05:23.031+0000] {processor.py:161} INFO - Started process (PID=2513) to work on /home/airflow/.local/lib/python3.12/site-packages/airflow/example_dags/example_display_name.py
[2024-06-11T23:05:23.032+0000] {processor.py:830} INFO - Processing file /home/airflow/.local/lib/python3.12/site-packages/airflow/example_dags/example_display_name.py for tasks to queue
[2024-06-11T23:05:23.034+0000] {logging_mixin.py:188} INFO - [2024-06-11T23:05:23.034+0000] {dagbag.py:545} INFO - Filling up the DagBag from /home/airflow/.local/lib/python3.12/site-packages/airflow/example_dags/example_display_name.py
[2024-06-11T23:05:23.039+0000] {processor.py:840} INFO - DAG(s) 'example_display_name' retrieved from /home/airflow/.local/lib/python3.12/site-packages/airflow/example_dags/example_display_name.py
[2024-06-11T23:05:23.062+0000] {logging_mixin.py:188} INFO - [2024-06-11T23:05:23.062+0000] {dag.py:3096} INFO - Sync 1 DAGs
[2024-06-11T23:05:23.074+0000] {logging_mixin.py:188} INFO - [2024-06-11T23:05:23.074+0000] {dag.py:3954} INFO - Setting next_dagrun for example_display_name to None, run_after=None
[2024-06-11T23:05:23.092+0000] {processor.py:183} INFO - Processing /home/airflow/.local/lib/python3.12/site-packages/airflow/example_dags/example_display_name.py took 0.066 seconds
[2024-06-11T23:05:53.199+0000] {processor.py:161} INFO - Started process (PID=2571) to work on /home/airflow/.local/lib/python3.12/site-packages/airflow/example_dags/example_display_name.py
[2024-06-11T23:05:53.200+0000] {processor.py:830} INFO - Processing file /home/airflow/.local/lib/python3.12/site-packages/airflow/example_dags/example_display_name.py for tasks to queue
[2024-06-11T23:05:53.202+0000] {logging_mixin.py:188} INFO - [2024-06-11T23:05:53.202+0000] {dagbag.py:545} INFO - Filling up the DagBag from /home/airflow/.local/lib/python3.12/site-packages/airflow/example_dags/example_display_name.py
[2024-06-11T23:05:53.207+0000] {processor.py:840} INFO - DAG(s) 'example_display_name' retrieved from /home/airflow/.local/lib/python3.12/site-packages/airflow/example_dags/example_display_name.py
[2024-06-11T23:05:53.225+0000] {logging_mixin.py:188} INFO - [2024-06-11T23:05:53.225+0000] {dag.py:3096} INFO - Sync 1 DAGs
[2024-06-11T23:05:53.243+0000] {logging_mixin.py:188} INFO - [2024-06-11T23:05:53.243+0000] {dag.py:3954} INFO - Setting next_dagrun for example_display_name to None, run_after=None
[2024-06-11T23:05:53.268+0000] {processor.py:183} INFO - Processing /home/airflow/.local/lib/python3.12/site-packages/airflow/example_dags/example_display_name.py took 0.074 seconds
[2024-06-11T23:06:23.450+0000] {processor.py:161} INFO - Started process (PID=2629) to work on /home/airflow/.local/lib/python3.12/site-packages/airflow/example_dags/example_display_name.py
[2024-06-11T23:06:23.451+0000] {processor.py:830} INFO - Processing file /home/airflow/.local/lib/python3.12/site-packages/airflow/example_dags/example_display_name.py for tasks to queue
[2024-06-11T23:06:23.453+0000] {logging_mixin.py:188} INFO - [2024-06-11T23:06:23.452+0000] {dagbag.py:545} INFO - Filling up the DagBag from /home/airflow/.local/lib/python3.12/site-packages/airflow/example_dags/example_display_name.py
[2024-06-11T23:06:23.458+0000] {processor.py:840} INFO - DAG(s) 'example_display_name' retrieved from /home/airflow/.local/lib/python3.12/site-packages/airflow/example_dags/example_display_name.py
[2024-06-11T23:06:23.476+0000] {logging_mixin.py:188} INFO - [2024-06-11T23:06:23.476+0000] {dag.py:3096} INFO - Sync 1 DAGs
[2024-06-11T23:06:23.493+0000] {logging_mixin.py:188} INFO - [2024-06-11T23:06:23.492+0000] {dag.py:3954} INFO - Setting next_dagrun for example_display_name to None, run_after=None
[2024-06-11T23:06:23.512+0000] {processor.py:183} INFO - Processing /home/airflow/.local/lib/python3.12/site-packages/airflow/example_dags/example_display_name.py took 0.068 seconds
[2024-06-11T23:06:54.087+0000] {processor.py:161} INFO - Started process (PID=2687) to work on /home/airflow/.local/lib/python3.12/site-packages/airflow/example_dags/example_display_name.py
[2024-06-11T23:06:54.088+0000] {processor.py:830} INFO - Processing file /home/airflow/.local/lib/python3.12/site-packages/airflow/example_dags/example_display_name.py for tasks to queue
[2024-06-11T23:06:54.090+0000] {logging_mixin.py:188} INFO - [2024-06-11T23:06:54.090+0000] {dagbag.py:545} INFO - Filling up the DagBag from /home/airflow/.local/lib/python3.12/site-packages/airflow/example_dags/example_display_name.py
[2024-06-11T23:06:54.095+0000] {processor.py:840} INFO - DAG(s) 'example_display_name' retrieved from /home/airflow/.local/lib/python3.12/site-packages/airflow/example_dags/example_display_name.py
[2024-06-11T23:06:54.113+0000] {logging_mixin.py:188} INFO - [2024-06-11T23:06:54.113+0000] {dag.py:3096} INFO - Sync 1 DAGs
[2024-06-11T23:06:54.129+0000] {logging_mixin.py:188} INFO - [2024-06-11T23:06:54.129+0000] {dag.py:3954} INFO - Setting next_dagrun for example_display_name to None, run_after=None
[2024-06-11T23:06:54.153+0000] {processor.py:183} INFO - Processing /home/airflow/.local/lib/python3.12/site-packages/airflow/example_dags/example_display_name.py took 0.071 seconds
