[2024-06-11T22:43:50.798+0000] {processor.py:161} INFO - Started process (PID=65) to work on /home/airflow/.local/lib/python3.12/site-packages/airflow/example_dags/example_bash_operator.py
[2024-06-11T22:43:50.800+0000] {processor.py:830} INFO - Processing file /home/airflow/.local/lib/python3.12/site-packages/airflow/example_dags/example_bash_operator.py for tasks to queue
[2024-06-11T22:43:50.802+0000] {logging_mixin.py:188} INFO - [2024-06-11T22:43:50.801+0000] {dagbag.py:545} INFO - Filling up the DagBag from /home/airflow/.local/lib/python3.12/site-packages/airflow/example_dags/example_bash_operator.py
[2024-06-11T22:43:50.815+0000] {processor.py:840} INFO - DAG(s) 'example_bash_operator' retrieved from /home/airflow/.local/lib/python3.12/site-packages/airflow/example_dags/example_bash_operator.py
[2024-06-11T22:43:50.827+0000] {logging_mixin.py:188} INFO - [2024-06-11T22:43:50.827+0000] {dag.py:3096} INFO - Sync 1 DAGs
[2024-06-11T22:43:50.852+0000] {logging_mixin.py:188} INFO - [2024-06-11T22:43:50.852+0000] {dag.py:3954} INFO - Setting next_dagrun for example_bash_operator to 2024-06-10 00:00:00+00:00, run_after=2024-06-11 00:00:00+00:00
[2024-06-11T22:43:50.881+0000] {processor.py:183} INFO - Processing /home/airflow/.local/lib/python3.12/site-packages/airflow/example_dags/example_bash_operator.py took 0.088 seconds
[2024-06-11T22:44:21.685+0000] {processor.py:161} INFO - Started process (PID=123) to work on /home/airflow/.local/lib/python3.12/site-packages/airflow/example_dags/example_bash_operator.py
[2024-06-11T22:44:21.686+0000] {processor.py:830} INFO - Processing file /home/airflow/.local/lib/python3.12/site-packages/airflow/example_dags/example_bash_operator.py for tasks to queue
[2024-06-11T22:44:21.688+0000] {logging_mixin.py:188} INFO - [2024-06-11T22:44:21.687+0000] {dagbag.py:545} INFO - Filling up the DagBag from /home/airflow/.local/lib/python3.12/site-packages/airflow/example_dags/example_bash_operator.py
[2024-06-11T22:44:21.695+0000] {processor.py:840} INFO - DAG(s) 'example_bash_operator' retrieved from /home/airflow/.local/lib/python3.12/site-packages/airflow/example_dags/example_bash_operator.py
[2024-06-11T22:44:21.767+0000] {logging_mixin.py:188} INFO - [2024-06-11T22:44:21.767+0000] {dag.py:3096} INFO - Sync 1 DAGs
[2024-06-11T22:44:21.781+0000] {logging_mixin.py:188} INFO - [2024-06-11T22:44:21.781+0000] {dag.py:3954} INFO - Setting next_dagrun for example_bash_operator to 2024-06-10 00:00:00+00:00, run_after=2024-06-11 00:00:00+00:00
[2024-06-11T22:44:21.797+0000] {processor.py:183} INFO - Processing /home/airflow/.local/lib/python3.12/site-packages/airflow/example_dags/example_bash_operator.py took 0.118 seconds
[2024-06-11T22:44:52.644+0000] {processor.py:161} INFO - Started process (PID=181) to work on /home/airflow/.local/lib/python3.12/site-packages/airflow/example_dags/example_bash_operator.py
[2024-06-11T22:44:52.645+0000] {processor.py:830} INFO - Processing file /home/airflow/.local/lib/python3.12/site-packages/airflow/example_dags/example_bash_operator.py for tasks to queue
[2024-06-11T22:44:52.647+0000] {logging_mixin.py:188} INFO - [2024-06-11T22:44:52.647+0000] {dagbag.py:545} INFO - Filling up the DagBag from /home/airflow/.local/lib/python3.12/site-packages/airflow/example_dags/example_bash_operator.py
[2024-06-11T22:44:52.655+0000] {processor.py:840} INFO - DAG(s) 'example_bash_operator' retrieved from /home/airflow/.local/lib/python3.12/site-packages/airflow/example_dags/example_bash_operator.py
[2024-06-11T22:44:52.674+0000] {logging_mixin.py:188} INFO - [2024-06-11T22:44:52.674+0000] {dag.py:3096} INFO - Sync 1 DAGs
[2024-06-11T22:44:52.692+0000] {logging_mixin.py:188} INFO - [2024-06-11T22:44:52.692+0000] {dag.py:3954} INFO - Setting next_dagrun for example_bash_operator to 2024-06-10 00:00:00+00:00, run_after=2024-06-11 00:00:00+00:00
[2024-06-11T22:44:52.708+0000] {processor.py:183} INFO - Processing /home/airflow/.local/lib/python3.12/site-packages/airflow/example_dags/example_bash_operator.py took 0.069 seconds
[2024-06-11T22:45:23.075+0000] {processor.py:161} INFO - Started process (PID=240) to work on /home/airflow/.local/lib/python3.12/site-packages/airflow/example_dags/example_bash_operator.py
[2024-06-11T22:45:23.076+0000] {processor.py:830} INFO - Processing file /home/airflow/.local/lib/python3.12/site-packages/airflow/example_dags/example_bash_operator.py for tasks to queue
[2024-06-11T22:45:23.077+0000] {logging_mixin.py:188} INFO - [2024-06-11T22:45:23.077+0000] {dagbag.py:545} INFO - Filling up the DagBag from /home/airflow/.local/lib/python3.12/site-packages/airflow/example_dags/example_bash_operator.py
[2024-06-11T22:45:23.088+0000] {processor.py:840} INFO - DAG(s) 'example_bash_operator' retrieved from /home/airflow/.local/lib/python3.12/site-packages/airflow/example_dags/example_bash_operator.py
[2024-06-11T22:45:23.108+0000] {logging_mixin.py:188} INFO - [2024-06-11T22:45:23.108+0000] {dag.py:3096} INFO - Sync 1 DAGs
[2024-06-11T22:45:23.135+0000] {logging_mixin.py:188} INFO - [2024-06-11T22:45:23.135+0000] {dag.py:3954} INFO - Setting next_dagrun for example_bash_operator to 2024-06-10 00:00:00+00:00, run_after=2024-06-11 00:00:00+00:00
[2024-06-11T22:45:23.158+0000] {processor.py:183} INFO - Processing /home/airflow/.local/lib/python3.12/site-packages/airflow/example_dags/example_bash_operator.py took 0.087 seconds
[2024-06-11T22:45:53.663+0000] {processor.py:161} INFO - Started process (PID=298) to work on /home/airflow/.local/lib/python3.12/site-packages/airflow/example_dags/example_bash_operator.py
[2024-06-11T22:45:53.663+0000] {processor.py:830} INFO - Processing file /home/airflow/.local/lib/python3.12/site-packages/airflow/example_dags/example_bash_operator.py for tasks to queue
[2024-06-11T22:45:53.665+0000] {logging_mixin.py:188} INFO - [2024-06-11T22:45:53.665+0000] {dagbag.py:545} INFO - Filling up the DagBag from /home/airflow/.local/lib/python3.12/site-packages/airflow/example_dags/example_bash_operator.py
[2024-06-11T22:45:53.675+0000] {processor.py:840} INFO - DAG(s) 'example_bash_operator' retrieved from /home/airflow/.local/lib/python3.12/site-packages/airflow/example_dags/example_bash_operator.py
[2024-06-11T22:45:53.703+0000] {logging_mixin.py:188} INFO - [2024-06-11T22:45:53.703+0000] {dag.py:3096} INFO - Sync 1 DAGs
[2024-06-11T22:45:53.727+0000] {logging_mixin.py:188} INFO - [2024-06-11T22:45:53.727+0000] {dag.py:3954} INFO - Setting next_dagrun for example_bash_operator to 2024-06-10 00:00:00+00:00, run_after=2024-06-11 00:00:00+00:00
[2024-06-11T22:45:53.752+0000] {processor.py:183} INFO - Processing /home/airflow/.local/lib/python3.12/site-packages/airflow/example_dags/example_bash_operator.py took 0.095 seconds
[2024-06-11T22:46:24.598+0000] {processor.py:161} INFO - Started process (PID=356) to work on /home/airflow/.local/lib/python3.12/site-packages/airflow/example_dags/example_bash_operator.py
[2024-06-11T22:46:24.599+0000] {processor.py:830} INFO - Processing file /home/airflow/.local/lib/python3.12/site-packages/airflow/example_dags/example_bash_operator.py for tasks to queue
[2024-06-11T22:46:24.601+0000] {logging_mixin.py:188} INFO - [2024-06-11T22:46:24.601+0000] {dagbag.py:545} INFO - Filling up the DagBag from /home/airflow/.local/lib/python3.12/site-packages/airflow/example_dags/example_bash_operator.py
[2024-06-11T22:46:24.611+0000] {processor.py:840} INFO - DAG(s) 'example_bash_operator' retrieved from /home/airflow/.local/lib/python3.12/site-packages/airflow/example_dags/example_bash_operator.py
[2024-06-11T22:46:24.639+0000] {logging_mixin.py:188} INFO - [2024-06-11T22:46:24.639+0000] {dag.py:3096} INFO - Sync 1 DAGs
[2024-06-11T22:46:24.665+0000] {logging_mixin.py:188} INFO - [2024-06-11T22:46:24.664+0000] {dag.py:3954} INFO - Setting next_dagrun for example_bash_operator to 2024-06-10 00:00:00+00:00, run_after=2024-06-11 00:00:00+00:00
[2024-06-11T22:46:24.695+0000] {processor.py:183} INFO - Processing /home/airflow/.local/lib/python3.12/site-packages/airflow/example_dags/example_bash_operator.py took 0.102 seconds
[2024-06-11T22:46:54.771+0000] {processor.py:161} INFO - Started process (PID=414) to work on /home/airflow/.local/lib/python3.12/site-packages/airflow/example_dags/example_bash_operator.py
[2024-06-11T22:46:54.772+0000] {processor.py:830} INFO - Processing file /home/airflow/.local/lib/python3.12/site-packages/airflow/example_dags/example_bash_operator.py for tasks to queue
[2024-06-11T22:46:54.774+0000] {logging_mixin.py:188} INFO - [2024-06-11T22:46:54.773+0000] {dagbag.py:545} INFO - Filling up the DagBag from /home/airflow/.local/lib/python3.12/site-packages/airflow/example_dags/example_bash_operator.py
[2024-06-11T22:46:54.783+0000] {processor.py:840} INFO - DAG(s) 'example_bash_operator' retrieved from /home/airflow/.local/lib/python3.12/site-packages/airflow/example_dags/example_bash_operator.py
[2024-06-11T22:46:54.808+0000] {logging_mixin.py:188} INFO - [2024-06-11T22:46:54.808+0000] {dag.py:3096} INFO - Sync 1 DAGs
[2024-06-11T22:46:54.843+0000] {logging_mixin.py:188} INFO - [2024-06-11T22:46:54.842+0000] {dag.py:3954} INFO - Setting next_dagrun for example_bash_operator to 2024-06-10 00:00:00+00:00, run_after=2024-06-11 00:00:00+00:00
[2024-06-11T22:46:54.870+0000] {processor.py:183} INFO - Processing /home/airflow/.local/lib/python3.12/site-packages/airflow/example_dags/example_bash_operator.py took 0.104 seconds
[2024-06-11T22:47:25.209+0000] {processor.py:161} INFO - Started process (PID=472) to work on /home/airflow/.local/lib/python3.12/site-packages/airflow/example_dags/example_bash_operator.py
[2024-06-11T22:47:25.210+0000] {processor.py:830} INFO - Processing file /home/airflow/.local/lib/python3.12/site-packages/airflow/example_dags/example_bash_operator.py for tasks to queue
[2024-06-11T22:47:25.212+0000] {logging_mixin.py:188} INFO - [2024-06-11T22:47:25.212+0000] {dagbag.py:545} INFO - Filling up the DagBag from /home/airflow/.local/lib/python3.12/site-packages/airflow/example_dags/example_bash_operator.py
[2024-06-11T22:47:25.228+0000] {processor.py:840} INFO - DAG(s) 'example_bash_operator' retrieved from /home/airflow/.local/lib/python3.12/site-packages/airflow/example_dags/example_bash_operator.py
[2024-06-11T22:47:25.261+0000] {logging_mixin.py:188} INFO - [2024-06-11T22:47:25.260+0000] {dag.py:3096} INFO - Sync 1 DAGs
[2024-06-11T22:47:25.283+0000] {logging_mixin.py:188} INFO - [2024-06-11T22:47:25.283+0000] {dag.py:3954} INFO - Setting next_dagrun for example_bash_operator to 2024-06-10 00:00:00+00:00, run_after=2024-06-11 00:00:00+00:00
[2024-06-11T22:47:25.314+0000] {processor.py:183} INFO - Processing /home/airflow/.local/lib/python3.12/site-packages/airflow/example_dags/example_bash_operator.py took 0.111 seconds
[2024-06-11T22:47:55.401+0000] {processor.py:161} INFO - Started process (PID=530) to work on /home/airflow/.local/lib/python3.12/site-packages/airflow/example_dags/example_bash_operator.py
[2024-06-11T22:47:55.403+0000] {processor.py:830} INFO - Processing file /home/airflow/.local/lib/python3.12/site-packages/airflow/example_dags/example_bash_operator.py for tasks to queue
[2024-06-11T22:47:55.405+0000] {logging_mixin.py:188} INFO - [2024-06-11T22:47:55.405+0000] {dagbag.py:545} INFO - Filling up the DagBag from /home/airflow/.local/lib/python3.12/site-packages/airflow/example_dags/example_bash_operator.py
[2024-06-11T22:47:55.420+0000] {processor.py:840} INFO - DAG(s) 'example_bash_operator' retrieved from /home/airflow/.local/lib/python3.12/site-packages/airflow/example_dags/example_bash_operator.py
[2024-06-11T22:47:55.443+0000] {logging_mixin.py:188} INFO - [2024-06-11T22:47:55.443+0000] {dag.py:3096} INFO - Sync 1 DAGs
[2024-06-11T22:47:55.463+0000] {logging_mixin.py:188} INFO - [2024-06-11T22:47:55.463+0000] {dag.py:3954} INFO - Setting next_dagrun for example_bash_operator to 2024-06-10 00:00:00+00:00, run_after=2024-06-11 00:00:00+00:00
[2024-06-11T22:47:55.480+0000] {processor.py:183} INFO - Processing /home/airflow/.local/lib/python3.12/site-packages/airflow/example_dags/example_bash_operator.py took 0.087 seconds
[2024-06-11T22:48:27.012+0000] {processor.py:161} INFO - Started process (PID=588) to work on /home/airflow/.local/lib/python3.12/site-packages/airflow/example_dags/example_bash_operator.py
[2024-06-11T22:48:27.015+0000] {processor.py:830} INFO - Processing file /home/airflow/.local/lib/python3.12/site-packages/airflow/example_dags/example_bash_operator.py for tasks to queue
[2024-06-11T22:48:27.025+0000] {logging_mixin.py:188} INFO - [2024-06-11T22:48:27.024+0000] {dagbag.py:545} INFO - Filling up the DagBag from /home/airflow/.local/lib/python3.12/site-packages/airflow/example_dags/example_bash_operator.py
[2024-06-11T22:48:27.035+0000] {processor.py:840} INFO - DAG(s) 'example_bash_operator' retrieved from /home/airflow/.local/lib/python3.12/site-packages/airflow/example_dags/example_bash_operator.py
[2024-06-11T22:48:27.163+0000] {logging_mixin.py:188} INFO - [2024-06-11T22:48:27.162+0000] {dag.py:3096} INFO - Sync 1 DAGs
[2024-06-11T22:48:27.191+0000] {logging_mixin.py:188} INFO - [2024-06-11T22:48:27.191+0000] {dag.py:3954} INFO - Setting next_dagrun for example_bash_operator to 2024-06-10 00:00:00+00:00, run_after=2024-06-11 00:00:00+00:00
[2024-06-11T22:48:27.308+0000] {processor.py:183} INFO - Processing /home/airflow/.local/lib/python3.12/site-packages/airflow/example_dags/example_bash_operator.py took 0.306 seconds
[2024-06-11T22:48:57.799+0000] {processor.py:161} INFO - Started process (PID=646) to work on /home/airflow/.local/lib/python3.12/site-packages/airflow/example_dags/example_bash_operator.py
[2024-06-11T22:48:57.800+0000] {processor.py:830} INFO - Processing file /home/airflow/.local/lib/python3.12/site-packages/airflow/example_dags/example_bash_operator.py for tasks to queue
[2024-06-11T22:48:57.803+0000] {logging_mixin.py:188} INFO - [2024-06-11T22:48:57.802+0000] {dagbag.py:545} INFO - Filling up the DagBag from /home/airflow/.local/lib/python3.12/site-packages/airflow/example_dags/example_bash_operator.py
[2024-06-11T22:48:57.814+0000] {processor.py:840} INFO - DAG(s) 'example_bash_operator' retrieved from /home/airflow/.local/lib/python3.12/site-packages/airflow/example_dags/example_bash_operator.py
[2024-06-11T22:48:57.840+0000] {logging_mixin.py:188} INFO - [2024-06-11T22:48:57.840+0000] {dag.py:3096} INFO - Sync 1 DAGs
[2024-06-11T22:48:57.862+0000] {logging_mixin.py:188} INFO - [2024-06-11T22:48:57.862+0000] {dag.py:3954} INFO - Setting next_dagrun for example_bash_operator to 2024-06-10 00:00:00+00:00, run_after=2024-06-11 00:00:00+00:00
[2024-06-11T22:48:57.882+0000] {processor.py:183} INFO - Processing /home/airflow/.local/lib/python3.12/site-packages/airflow/example_dags/example_bash_operator.py took 0.092 seconds
[2024-06-11T22:49:28.693+0000] {processor.py:161} INFO - Started process (PID=704) to work on /home/airflow/.local/lib/python3.12/site-packages/airflow/example_dags/example_bash_operator.py
[2024-06-11T22:49:28.693+0000] {processor.py:830} INFO - Processing file /home/airflow/.local/lib/python3.12/site-packages/airflow/example_dags/example_bash_operator.py for tasks to queue
[2024-06-11T22:49:28.695+0000] {logging_mixin.py:188} INFO - [2024-06-11T22:49:28.695+0000] {dagbag.py:545} INFO - Filling up the DagBag from /home/airflow/.local/lib/python3.12/site-packages/airflow/example_dags/example_bash_operator.py
[2024-06-11T22:49:28.705+0000] {processor.py:840} INFO - DAG(s) 'example_bash_operator' retrieved from /home/airflow/.local/lib/python3.12/site-packages/airflow/example_dags/example_bash_operator.py
[2024-06-11T22:49:28.726+0000] {logging_mixin.py:188} INFO - [2024-06-11T22:49:28.726+0000] {dag.py:3096} INFO - Sync 1 DAGs
[2024-06-11T22:49:28.745+0000] {logging_mixin.py:188} INFO - [2024-06-11T22:49:28.745+0000] {dag.py:3954} INFO - Setting next_dagrun for example_bash_operator to 2024-06-10 00:00:00+00:00, run_after=2024-06-11 00:00:00+00:00
[2024-06-11T22:49:28.764+0000] {processor.py:183} INFO - Processing /home/airflow/.local/lib/python3.12/site-packages/airflow/example_dags/example_bash_operator.py took 0.075 seconds
[2024-06-11T22:49:59.248+0000] {processor.py:161} INFO - Started process (PID=762) to work on /home/airflow/.local/lib/python3.12/site-packages/airflow/example_dags/example_bash_operator.py
[2024-06-11T22:49:59.304+0000] {processor.py:830} INFO - Processing file /home/airflow/.local/lib/python3.12/site-packages/airflow/example_dags/example_bash_operator.py for tasks to queue
[2024-06-11T22:49:59.332+0000] {logging_mixin.py:188} INFO - [2024-06-11T22:49:59.331+0000] {dagbag.py:545} INFO - Filling up the DagBag from /home/airflow/.local/lib/python3.12/site-packages/airflow/example_dags/example_bash_operator.py
[2024-06-11T22:49:59.453+0000] {processor.py:840} INFO - DAG(s) 'example_bash_operator' retrieved from /home/airflow/.local/lib/python3.12/site-packages/airflow/example_dags/example_bash_operator.py
[2024-06-11T22:49:59.479+0000] {logging_mixin.py:188} INFO - [2024-06-11T22:49:59.479+0000] {dag.py:3096} INFO - Sync 1 DAGs
[2024-06-11T22:49:59.591+0000] {logging_mixin.py:188} INFO - [2024-06-11T22:49:59.591+0000] {dag.py:3954} INFO - Setting next_dagrun for example_bash_operator to 2024-06-10 00:00:00+00:00, run_after=2024-06-11 00:00:00+00:00
[2024-06-11T22:49:59.637+0000] {processor.py:183} INFO - Processing /home/airflow/.local/lib/python3.12/site-packages/airflow/example_dags/example_bash_operator.py took 0.395 seconds
[2024-06-11T22:50:30.512+0000] {processor.py:161} INFO - Started process (PID=820) to work on /home/airflow/.local/lib/python3.12/site-packages/airflow/example_dags/example_bash_operator.py
[2024-06-11T22:50:30.517+0000] {processor.py:830} INFO - Processing file /home/airflow/.local/lib/python3.12/site-packages/airflow/example_dags/example_bash_operator.py for tasks to queue
[2024-06-11T22:50:30.521+0000] {logging_mixin.py:188} INFO - [2024-06-11T22:50:30.520+0000] {dagbag.py:545} INFO - Filling up the DagBag from /home/airflow/.local/lib/python3.12/site-packages/airflow/example_dags/example_bash_operator.py
[2024-06-11T22:50:30.554+0000] {processor.py:840} INFO - DAG(s) 'example_bash_operator' retrieved from /home/airflow/.local/lib/python3.12/site-packages/airflow/example_dags/example_bash_operator.py
[2024-06-11T22:50:30.592+0000] {logging_mixin.py:188} INFO - [2024-06-11T22:50:30.592+0000] {dag.py:3096} INFO - Sync 1 DAGs
[2024-06-11T22:50:30.615+0000] {logging_mixin.py:188} INFO - [2024-06-11T22:50:30.615+0000] {dag.py:3954} INFO - Setting next_dagrun for example_bash_operator to 2024-06-10 00:00:00+00:00, run_after=2024-06-11 00:00:00+00:00
[2024-06-11T22:50:30.635+0000] {processor.py:183} INFO - Processing /home/airflow/.local/lib/python3.12/site-packages/airflow/example_dags/example_bash_operator.py took 0.134 seconds
[2024-06-11T22:51:00.995+0000] {processor.py:161} INFO - Started process (PID=884) to work on /home/airflow/.local/lib/python3.12/site-packages/airflow/example_dags/example_bash_operator.py
[2024-06-11T22:51:00.997+0000] {processor.py:830} INFO - Processing file /home/airflow/.local/lib/python3.12/site-packages/airflow/example_dags/example_bash_operator.py for tasks to queue
[2024-06-11T22:51:01.001+0000] {logging_mixin.py:188} INFO - [2024-06-11T22:51:01.000+0000] {dagbag.py:545} INFO - Filling up the DagBag from /home/airflow/.local/lib/python3.12/site-packages/airflow/example_dags/example_bash_operator.py
[2024-06-11T22:51:01.017+0000] {processor.py:840} INFO - DAG(s) 'example_bash_operator' retrieved from /home/airflow/.local/lib/python3.12/site-packages/airflow/example_dags/example_bash_operator.py
[2024-06-11T22:51:01.091+0000] {logging_mixin.py:188} INFO - [2024-06-11T22:51:01.090+0000] {dag.py:3096} INFO - Sync 1 DAGs
[2024-06-11T22:51:01.130+0000] {logging_mixin.py:188} INFO - [2024-06-11T22:51:01.130+0000] {dag.py:3954} INFO - Setting next_dagrun for example_bash_operator to 2024-06-10 00:00:00+00:00, run_after=2024-06-11 00:00:00+00:00
[2024-06-11T22:51:01.168+0000] {processor.py:183} INFO - Processing /home/airflow/.local/lib/python3.12/site-packages/airflow/example_dags/example_bash_operator.py took 0.180 seconds
[2024-06-11T22:51:31.332+0000] {processor.py:161} INFO - Started process (PID=942) to work on /home/airflow/.local/lib/python3.12/site-packages/airflow/example_dags/example_bash_operator.py
[2024-06-11T22:51:31.333+0000] {processor.py:830} INFO - Processing file /home/airflow/.local/lib/python3.12/site-packages/airflow/example_dags/example_bash_operator.py for tasks to queue
[2024-06-11T22:51:31.335+0000] {logging_mixin.py:188} INFO - [2024-06-11T22:51:31.334+0000] {dagbag.py:545} INFO - Filling up the DagBag from /home/airflow/.local/lib/python3.12/site-packages/airflow/example_dags/example_bash_operator.py
[2024-06-11T22:51:31.348+0000] {processor.py:840} INFO - DAG(s) 'example_bash_operator' retrieved from /home/airflow/.local/lib/python3.12/site-packages/airflow/example_dags/example_bash_operator.py
[2024-06-11T22:51:31.371+0000] {logging_mixin.py:188} INFO - [2024-06-11T22:51:31.371+0000] {dag.py:3096} INFO - Sync 1 DAGs
[2024-06-11T22:51:31.398+0000] {logging_mixin.py:188} INFO - [2024-06-11T22:51:31.398+0000] {dag.py:3954} INFO - Setting next_dagrun for example_bash_operator to 2024-06-10 00:00:00+00:00, run_after=2024-06-11 00:00:00+00:00
[2024-06-11T22:51:31.477+0000] {processor.py:183} INFO - Processing /home/airflow/.local/lib/python3.12/site-packages/airflow/example_dags/example_bash_operator.py took 0.150 seconds
[2024-06-11T22:52:03.163+0000] {processor.py:161} INFO - Started process (PID=1000) to work on /home/airflow/.local/lib/python3.12/site-packages/airflow/example_dags/example_bash_operator.py
[2024-06-11T22:52:03.165+0000] {processor.py:830} INFO - Processing file /home/airflow/.local/lib/python3.12/site-packages/airflow/example_dags/example_bash_operator.py for tasks to queue
[2024-06-11T22:52:03.167+0000] {logging_mixin.py:188} INFO - [2024-06-11T22:52:03.167+0000] {dagbag.py:545} INFO - Filling up the DagBag from /home/airflow/.local/lib/python3.12/site-packages/airflow/example_dags/example_bash_operator.py
[2024-06-11T22:52:03.178+0000] {processor.py:840} INFO - DAG(s) 'example_bash_operator' retrieved from /home/airflow/.local/lib/python3.12/site-packages/airflow/example_dags/example_bash_operator.py
[2024-06-11T22:52:03.206+0000] {logging_mixin.py:188} INFO - [2024-06-11T22:52:03.206+0000] {dag.py:3096} INFO - Sync 1 DAGs
[2024-06-11T22:52:03.236+0000] {logging_mixin.py:188} INFO - [2024-06-11T22:52:03.235+0000] {dag.py:3954} INFO - Setting next_dagrun for example_bash_operator to 2024-06-10 00:00:00+00:00, run_after=2024-06-11 00:00:00+00:00
[2024-06-11T22:52:03.259+0000] {processor.py:183} INFO - Processing /home/airflow/.local/lib/python3.12/site-packages/airflow/example_dags/example_bash_operator.py took 0.100 seconds
[2024-06-11T22:52:33.729+0000] {processor.py:161} INFO - Started process (PID=1058) to work on /home/airflow/.local/lib/python3.12/site-packages/airflow/example_dags/example_bash_operator.py
[2024-06-11T22:52:33.730+0000] {processor.py:830} INFO - Processing file /home/airflow/.local/lib/python3.12/site-packages/airflow/example_dags/example_bash_operator.py for tasks to queue
[2024-06-11T22:52:33.732+0000] {logging_mixin.py:188} INFO - [2024-06-11T22:52:33.732+0000] {dagbag.py:545} INFO - Filling up the DagBag from /home/airflow/.local/lib/python3.12/site-packages/airflow/example_dags/example_bash_operator.py
[2024-06-11T22:52:33.744+0000] {processor.py:840} INFO - DAG(s) 'example_bash_operator' retrieved from /home/airflow/.local/lib/python3.12/site-packages/airflow/example_dags/example_bash_operator.py
[2024-06-11T22:52:33.773+0000] {logging_mixin.py:188} INFO - [2024-06-11T22:52:33.772+0000] {dag.py:3096} INFO - Sync 1 DAGs
[2024-06-11T22:52:33.803+0000] {logging_mixin.py:188} INFO - [2024-06-11T22:52:33.802+0000] {dag.py:3954} INFO - Setting next_dagrun for example_bash_operator to 2024-06-10 00:00:00+00:00, run_after=2024-06-11 00:00:00+00:00
[2024-06-11T22:52:33.829+0000] {processor.py:183} INFO - Processing /home/airflow/.local/lib/python3.12/site-packages/airflow/example_dags/example_bash_operator.py took 0.106 seconds
[2024-06-11T22:53:05.938+0000] {processor.py:161} INFO - Started process (PID=1116) to work on /home/airflow/.local/lib/python3.12/site-packages/airflow/example_dags/example_bash_operator.py
[2024-06-11T22:53:05.939+0000] {processor.py:830} INFO - Processing file /home/airflow/.local/lib/python3.12/site-packages/airflow/example_dags/example_bash_operator.py for tasks to queue
[2024-06-11T22:53:05.941+0000] {logging_mixin.py:188} INFO - [2024-06-11T22:53:05.941+0000] {dagbag.py:545} INFO - Filling up the DagBag from /home/airflow/.local/lib/python3.12/site-packages/airflow/example_dags/example_bash_operator.py
[2024-06-11T22:53:05.951+0000] {processor.py:840} INFO - DAG(s) 'example_bash_operator' retrieved from /home/airflow/.local/lib/python3.12/site-packages/airflow/example_dags/example_bash_operator.py
[2024-06-11T22:53:05.976+0000] {logging_mixin.py:188} INFO - [2024-06-11T22:53:05.975+0000] {dag.py:3096} INFO - Sync 1 DAGs
[2024-06-11T22:53:05.994+0000] {logging_mixin.py:188} INFO - [2024-06-11T22:53:05.993+0000] {dag.py:3954} INFO - Setting next_dagrun for example_bash_operator to 2024-06-10 00:00:00+00:00, run_after=2024-06-11 00:00:00+00:00
[2024-06-11T22:53:06.012+0000] {processor.py:183} INFO - Processing /home/airflow/.local/lib/python3.12/site-packages/airflow/example_dags/example_bash_operator.py took 0.079 seconds
[2024-06-11T22:53:36.251+0000] {processor.py:161} INFO - Started process (PID=1174) to work on /home/airflow/.local/lib/python3.12/site-packages/airflow/example_dags/example_bash_operator.py
[2024-06-11T22:53:36.252+0000] {processor.py:830} INFO - Processing file /home/airflow/.local/lib/python3.12/site-packages/airflow/example_dags/example_bash_operator.py for tasks to queue
[2024-06-11T22:53:36.254+0000] {logging_mixin.py:188} INFO - [2024-06-11T22:53:36.253+0000] {dagbag.py:545} INFO - Filling up the DagBag from /home/airflow/.local/lib/python3.12/site-packages/airflow/example_dags/example_bash_operator.py
[2024-06-11T22:53:36.269+0000] {processor.py:840} INFO - DAG(s) 'example_bash_operator' retrieved from /home/airflow/.local/lib/python3.12/site-packages/airflow/example_dags/example_bash_operator.py
[2024-06-11T22:53:36.304+0000] {logging_mixin.py:188} INFO - [2024-06-11T22:53:36.303+0000] {dag.py:3096} INFO - Sync 1 DAGs
[2024-06-11T22:53:36.323+0000] {logging_mixin.py:188} INFO - [2024-06-11T22:53:36.322+0000] {dag.py:3954} INFO - Setting next_dagrun for example_bash_operator to 2024-06-10 00:00:00+00:00, run_after=2024-06-11 00:00:00+00:00
[2024-06-11T22:53:36.343+0000] {processor.py:183} INFO - Processing /home/airflow/.local/lib/python3.12/site-packages/airflow/example_dags/example_bash_operator.py took 0.097 seconds
[2024-06-11T22:54:06.528+0000] {processor.py:161} INFO - Started process (PID=1232) to work on /home/airflow/.local/lib/python3.12/site-packages/airflow/example_dags/example_bash_operator.py
[2024-06-11T22:54:06.529+0000] {processor.py:830} INFO - Processing file /home/airflow/.local/lib/python3.12/site-packages/airflow/example_dags/example_bash_operator.py for tasks to queue
[2024-06-11T22:54:06.531+0000] {logging_mixin.py:188} INFO - [2024-06-11T22:54:06.531+0000] {dagbag.py:545} INFO - Filling up the DagBag from /home/airflow/.local/lib/python3.12/site-packages/airflow/example_dags/example_bash_operator.py
[2024-06-11T22:54:06.541+0000] {processor.py:840} INFO - DAG(s) 'example_bash_operator' retrieved from /home/airflow/.local/lib/python3.12/site-packages/airflow/example_dags/example_bash_operator.py
[2024-06-11T22:54:06.575+0000] {logging_mixin.py:188} INFO - [2024-06-11T22:54:06.574+0000] {dag.py:3096} INFO - Sync 1 DAGs
[2024-06-11T22:54:06.604+0000] {logging_mixin.py:188} INFO - [2024-06-11T22:54:06.604+0000] {dag.py:3954} INFO - Setting next_dagrun for example_bash_operator to 2024-06-10 00:00:00+00:00, run_after=2024-06-11 00:00:00+00:00
[2024-06-11T22:54:06.626+0000] {processor.py:183} INFO - Processing /home/airflow/.local/lib/python3.12/site-packages/airflow/example_dags/example_bash_operator.py took 0.104 seconds
[2024-06-11T22:54:37.051+0000] {processor.py:161} INFO - Started process (PID=1290) to work on /home/airflow/.local/lib/python3.12/site-packages/airflow/example_dags/example_bash_operator.py
[2024-06-11T22:54:37.052+0000] {processor.py:830} INFO - Processing file /home/airflow/.local/lib/python3.12/site-packages/airflow/example_dags/example_bash_operator.py for tasks to queue
[2024-06-11T22:54:37.055+0000] {logging_mixin.py:188} INFO - [2024-06-11T22:54:37.054+0000] {dagbag.py:545} INFO - Filling up the DagBag from /home/airflow/.local/lib/python3.12/site-packages/airflow/example_dags/example_bash_operator.py
[2024-06-11T22:54:37.068+0000] {processor.py:840} INFO - DAG(s) 'example_bash_operator' retrieved from /home/airflow/.local/lib/python3.12/site-packages/airflow/example_dags/example_bash_operator.py
[2024-06-11T22:54:37.098+0000] {logging_mixin.py:188} INFO - [2024-06-11T22:54:37.097+0000] {dag.py:3096} INFO - Sync 1 DAGs
[2024-06-11T22:54:37.121+0000] {logging_mixin.py:188} INFO - [2024-06-11T22:54:37.121+0000] {dag.py:3954} INFO - Setting next_dagrun for example_bash_operator to 2024-06-10 00:00:00+00:00, run_after=2024-06-11 00:00:00+00:00
[2024-06-11T22:54:37.154+0000] {processor.py:183} INFO - Processing /home/airflow/.local/lib/python3.12/site-packages/airflow/example_dags/example_bash_operator.py took 0.111 seconds
[2024-06-11T22:55:07.458+0000] {processor.py:161} INFO - Started process (PID=1348) to work on /home/airflow/.local/lib/python3.12/site-packages/airflow/example_dags/example_bash_operator.py
[2024-06-11T22:55:07.459+0000] {processor.py:830} INFO - Processing file /home/airflow/.local/lib/python3.12/site-packages/airflow/example_dags/example_bash_operator.py for tasks to queue
[2024-06-11T22:55:07.461+0000] {logging_mixin.py:188} INFO - [2024-06-11T22:55:07.460+0000] {dagbag.py:545} INFO - Filling up the DagBag from /home/airflow/.local/lib/python3.12/site-packages/airflow/example_dags/example_bash_operator.py
[2024-06-11T22:55:07.471+0000] {processor.py:840} INFO - DAG(s) 'example_bash_operator' retrieved from /home/airflow/.local/lib/python3.12/site-packages/airflow/example_dags/example_bash_operator.py
[2024-06-11T22:55:07.493+0000] {logging_mixin.py:188} INFO - [2024-06-11T22:55:07.493+0000] {dag.py:3096} INFO - Sync 1 DAGs
[2024-06-11T22:55:07.517+0000] {logging_mixin.py:188} INFO - [2024-06-11T22:55:07.517+0000] {dag.py:3954} INFO - Setting next_dagrun for example_bash_operator to 2024-06-10 00:00:00+00:00, run_after=2024-06-11 00:00:00+00:00
[2024-06-11T22:55:07.536+0000] {processor.py:183} INFO - Processing /home/airflow/.local/lib/python3.12/site-packages/airflow/example_dags/example_bash_operator.py took 0.083 seconds
[2024-06-11T22:55:38.372+0000] {processor.py:161} INFO - Started process (PID=1406) to work on /home/airflow/.local/lib/python3.12/site-packages/airflow/example_dags/example_bash_operator.py
[2024-06-11T22:55:38.373+0000] {processor.py:830} INFO - Processing file /home/airflow/.local/lib/python3.12/site-packages/airflow/example_dags/example_bash_operator.py for tasks to queue
[2024-06-11T22:55:38.375+0000] {logging_mixin.py:188} INFO - [2024-06-11T22:55:38.374+0000] {dagbag.py:545} INFO - Filling up the DagBag from /home/airflow/.local/lib/python3.12/site-packages/airflow/example_dags/example_bash_operator.py
[2024-06-11T22:55:38.382+0000] {processor.py:840} INFO - DAG(s) 'example_bash_operator' retrieved from /home/airflow/.local/lib/python3.12/site-packages/airflow/example_dags/example_bash_operator.py
[2024-06-11T22:55:38.402+0000] {logging_mixin.py:188} INFO - [2024-06-11T22:55:38.402+0000] {dag.py:3096} INFO - Sync 1 DAGs
[2024-06-11T22:55:38.420+0000] {logging_mixin.py:188} INFO - [2024-06-11T22:55:38.420+0000] {dag.py:3954} INFO - Setting next_dagrun for example_bash_operator to 2024-06-10 00:00:00+00:00, run_after=2024-06-11 00:00:00+00:00
[2024-06-11T22:55:38.437+0000] {processor.py:183} INFO - Processing /home/airflow/.local/lib/python3.12/site-packages/airflow/example_dags/example_bash_operator.py took 0.069 seconds
[2024-06-11T22:56:08.774+0000] {processor.py:161} INFO - Started process (PID=1463) to work on /home/airflow/.local/lib/python3.12/site-packages/airflow/example_dags/example_bash_operator.py
[2024-06-11T22:56:08.775+0000] {processor.py:830} INFO - Processing file /home/airflow/.local/lib/python3.12/site-packages/airflow/example_dags/example_bash_operator.py for tasks to queue
[2024-06-11T22:56:08.776+0000] {logging_mixin.py:188} INFO - [2024-06-11T22:56:08.776+0000] {dagbag.py:545} INFO - Filling up the DagBag from /home/airflow/.local/lib/python3.12/site-packages/airflow/example_dags/example_bash_operator.py
[2024-06-11T22:56:08.784+0000] {processor.py:840} INFO - DAG(s) 'example_bash_operator' retrieved from /home/airflow/.local/lib/python3.12/site-packages/airflow/example_dags/example_bash_operator.py
[2024-06-11T22:56:08.803+0000] {logging_mixin.py:188} INFO - [2024-06-11T22:56:08.803+0000] {dag.py:3096} INFO - Sync 1 DAGs
[2024-06-11T22:56:08.820+0000] {logging_mixin.py:188} INFO - [2024-06-11T22:56:08.820+0000] {dag.py:3954} INFO - Setting next_dagrun for example_bash_operator to 2024-06-10 00:00:00+00:00, run_after=2024-06-11 00:00:00+00:00
[2024-06-11T22:56:08.844+0000] {processor.py:183} INFO - Processing /home/airflow/.local/lib/python3.12/site-packages/airflow/example_dags/example_bash_operator.py took 0.074 seconds
[2024-06-11T22:56:39.169+0000] {processor.py:161} INFO - Started process (PID=1521) to work on /home/airflow/.local/lib/python3.12/site-packages/airflow/example_dags/example_bash_operator.py
[2024-06-11T22:56:39.170+0000] {processor.py:830} INFO - Processing file /home/airflow/.local/lib/python3.12/site-packages/airflow/example_dags/example_bash_operator.py for tasks to queue
[2024-06-11T22:56:39.171+0000] {logging_mixin.py:188} INFO - [2024-06-11T22:56:39.171+0000] {dagbag.py:545} INFO - Filling up the DagBag from /home/airflow/.local/lib/python3.12/site-packages/airflow/example_dags/example_bash_operator.py
[2024-06-11T22:56:39.181+0000] {processor.py:840} INFO - DAG(s) 'example_bash_operator' retrieved from /home/airflow/.local/lib/python3.12/site-packages/airflow/example_dags/example_bash_operator.py
[2024-06-11T22:56:39.202+0000] {logging_mixin.py:188} INFO - [2024-06-11T22:56:39.202+0000] {dag.py:3096} INFO - Sync 1 DAGs
[2024-06-11T22:56:39.219+0000] {logging_mixin.py:188} INFO - [2024-06-11T22:56:39.219+0000] {dag.py:3954} INFO - Setting next_dagrun for example_bash_operator to 2024-06-10 00:00:00+00:00, run_after=2024-06-11 00:00:00+00:00
[2024-06-11T22:56:39.236+0000] {processor.py:183} INFO - Processing /home/airflow/.local/lib/python3.12/site-packages/airflow/example_dags/example_bash_operator.py took 0.072 seconds
[2024-06-11T22:57:09.402+0000] {processor.py:161} INFO - Started process (PID=1579) to work on /home/airflow/.local/lib/python3.12/site-packages/airflow/example_dags/example_bash_operator.py
[2024-06-11T22:57:09.403+0000] {processor.py:830} INFO - Processing file /home/airflow/.local/lib/python3.12/site-packages/airflow/example_dags/example_bash_operator.py for tasks to queue
[2024-06-11T22:57:09.404+0000] {logging_mixin.py:188} INFO - [2024-06-11T22:57:09.404+0000] {dagbag.py:545} INFO - Filling up the DagBag from /home/airflow/.local/lib/python3.12/site-packages/airflow/example_dags/example_bash_operator.py
[2024-06-11T22:57:09.414+0000] {processor.py:840} INFO - DAG(s) 'example_bash_operator' retrieved from /home/airflow/.local/lib/python3.12/site-packages/airflow/example_dags/example_bash_operator.py
[2024-06-11T22:57:09.439+0000] {logging_mixin.py:188} INFO - [2024-06-11T22:57:09.438+0000] {dag.py:3096} INFO - Sync 1 DAGs
[2024-06-11T22:57:09.459+0000] {logging_mixin.py:188} INFO - [2024-06-11T22:57:09.459+0000] {dag.py:3954} INFO - Setting next_dagrun for example_bash_operator to 2024-06-10 00:00:00+00:00, run_after=2024-06-11 00:00:00+00:00
[2024-06-11T22:57:09.535+0000] {processor.py:183} INFO - Processing /home/airflow/.local/lib/python3.12/site-packages/airflow/example_dags/example_bash_operator.py took 0.138 seconds
[2024-06-11T22:57:40.729+0000] {processor.py:161} INFO - Started process (PID=1636) to work on /home/airflow/.local/lib/python3.12/site-packages/airflow/example_dags/example_bash_operator.py
[2024-06-11T22:57:40.730+0000] {processor.py:830} INFO - Processing file /home/airflow/.local/lib/python3.12/site-packages/airflow/example_dags/example_bash_operator.py for tasks to queue
[2024-06-11T22:57:40.732+0000] {logging_mixin.py:188} INFO - [2024-06-11T22:57:40.732+0000] {dagbag.py:545} INFO - Filling up the DagBag from /home/airflow/.local/lib/python3.12/site-packages/airflow/example_dags/example_bash_operator.py
[2024-06-11T22:57:40.748+0000] {processor.py:840} INFO - DAG(s) 'example_bash_operator' retrieved from /home/airflow/.local/lib/python3.12/site-packages/airflow/example_dags/example_bash_operator.py
[2024-06-11T22:57:40.775+0000] {logging_mixin.py:188} INFO - [2024-06-11T22:57:40.775+0000] {dag.py:3096} INFO - Sync 1 DAGs
[2024-06-11T22:57:40.799+0000] {logging_mixin.py:188} INFO - [2024-06-11T22:57:40.799+0000] {dag.py:3954} INFO - Setting next_dagrun for example_bash_operator to 2024-06-10 00:00:00+00:00, run_after=2024-06-11 00:00:00+00:00
[2024-06-11T22:57:40.820+0000] {processor.py:183} INFO - Processing /home/airflow/.local/lib/python3.12/site-packages/airflow/example_dags/example_bash_operator.py took 0.097 seconds
[2024-06-11T22:58:12.798+0000] {processor.py:161} INFO - Started process (PID=1694) to work on /home/airflow/.local/lib/python3.12/site-packages/airflow/example_dags/example_bash_operator.py
[2024-06-11T22:58:12.799+0000] {processor.py:830} INFO - Processing file /home/airflow/.local/lib/python3.12/site-packages/airflow/example_dags/example_bash_operator.py for tasks to queue
[2024-06-11T22:58:12.801+0000] {logging_mixin.py:188} INFO - [2024-06-11T22:58:12.801+0000] {dagbag.py:545} INFO - Filling up the DagBag from /home/airflow/.local/lib/python3.12/site-packages/airflow/example_dags/example_bash_operator.py
[2024-06-11T22:58:12.810+0000] {processor.py:840} INFO - DAG(s) 'example_bash_operator' retrieved from /home/airflow/.local/lib/python3.12/site-packages/airflow/example_dags/example_bash_operator.py
[2024-06-11T22:58:12.837+0000] {logging_mixin.py:188} INFO - [2024-06-11T22:58:12.837+0000] {dag.py:3096} INFO - Sync 1 DAGs
[2024-06-11T22:58:12.876+0000] {logging_mixin.py:188} INFO - [2024-06-11T22:58:12.876+0000] {dag.py:3954} INFO - Setting next_dagrun for example_bash_operator to 2024-06-10 00:00:00+00:00, run_after=2024-06-11 00:00:00+00:00
[2024-06-11T22:58:13.034+0000] {processor.py:183} INFO - Processing /home/airflow/.local/lib/python3.12/site-packages/airflow/example_dags/example_bash_operator.py took 0.241 seconds
[2024-06-11T22:58:43.251+0000] {processor.py:161} INFO - Started process (PID=1751) to work on /home/airflow/.local/lib/python3.12/site-packages/airflow/example_dags/example_bash_operator.py
[2024-06-11T22:58:43.252+0000] {processor.py:830} INFO - Processing file /home/airflow/.local/lib/python3.12/site-packages/airflow/example_dags/example_bash_operator.py for tasks to queue
[2024-06-11T22:58:43.254+0000] {logging_mixin.py:188} INFO - [2024-06-11T22:58:43.254+0000] {dagbag.py:545} INFO - Filling up the DagBag from /home/airflow/.local/lib/python3.12/site-packages/airflow/example_dags/example_bash_operator.py
[2024-06-11T22:58:43.263+0000] {processor.py:840} INFO - DAG(s) 'example_bash_operator' retrieved from /home/airflow/.local/lib/python3.12/site-packages/airflow/example_dags/example_bash_operator.py
[2024-06-11T22:58:43.288+0000] {logging_mixin.py:188} INFO - [2024-06-11T22:58:43.288+0000] {dag.py:3096} INFO - Sync 1 DAGs
[2024-06-11T22:58:43.310+0000] {logging_mixin.py:188} INFO - [2024-06-11T22:58:43.309+0000] {dag.py:3954} INFO - Setting next_dagrun for example_bash_operator to 2024-06-10 00:00:00+00:00, run_after=2024-06-11 00:00:00+00:00
[2024-06-11T22:58:43.328+0000] {processor.py:183} INFO - Processing /home/airflow/.local/lib/python3.12/site-packages/airflow/example_dags/example_bash_operator.py took 0.083 seconds
[2024-06-11T22:59:13.588+0000] {processor.py:161} INFO - Started process (PID=1810) to work on /home/airflow/.local/lib/python3.12/site-packages/airflow/example_dags/example_bash_operator.py
[2024-06-11T22:59:13.589+0000] {processor.py:830} INFO - Processing file /home/airflow/.local/lib/python3.12/site-packages/airflow/example_dags/example_bash_operator.py for tasks to queue
[2024-06-11T22:59:13.591+0000] {logging_mixin.py:188} INFO - [2024-06-11T22:59:13.591+0000] {dagbag.py:545} INFO - Filling up the DagBag from /home/airflow/.local/lib/python3.12/site-packages/airflow/example_dags/example_bash_operator.py
[2024-06-11T22:59:13.599+0000] {processor.py:840} INFO - DAG(s) 'example_bash_operator' retrieved from /home/airflow/.local/lib/python3.12/site-packages/airflow/example_dags/example_bash_operator.py
[2024-06-11T22:59:13.621+0000] {logging_mixin.py:188} INFO - [2024-06-11T22:59:13.621+0000] {dag.py:3096} INFO - Sync 1 DAGs
[2024-06-11T22:59:13.646+0000] {logging_mixin.py:188} INFO - [2024-06-11T22:59:13.646+0000] {dag.py:3954} INFO - Setting next_dagrun for example_bash_operator to 2024-06-10 00:00:00+00:00, run_after=2024-06-11 00:00:00+00:00
[2024-06-11T22:59:13.662+0000] {processor.py:183} INFO - Processing /home/airflow/.local/lib/python3.12/site-packages/airflow/example_dags/example_bash_operator.py took 0.078 seconds
[2024-06-11T22:59:44.362+0000] {processor.py:161} INFO - Started process (PID=1868) to work on /home/airflow/.local/lib/python3.12/site-packages/airflow/example_dags/example_bash_operator.py
[2024-06-11T22:59:44.363+0000] {processor.py:830} INFO - Processing file /home/airflow/.local/lib/python3.12/site-packages/airflow/example_dags/example_bash_operator.py for tasks to queue
[2024-06-11T22:59:44.365+0000] {logging_mixin.py:188} INFO - [2024-06-11T22:59:44.365+0000] {dagbag.py:545} INFO - Filling up the DagBag from /home/airflow/.local/lib/python3.12/site-packages/airflow/example_dags/example_bash_operator.py
[2024-06-11T22:59:44.373+0000] {processor.py:840} INFO - DAG(s) 'example_bash_operator' retrieved from /home/airflow/.local/lib/python3.12/site-packages/airflow/example_dags/example_bash_operator.py
[2024-06-11T22:59:44.392+0000] {logging_mixin.py:188} INFO - [2024-06-11T22:59:44.392+0000] {dag.py:3096} INFO - Sync 1 DAGs
[2024-06-11T22:59:44.409+0000] {logging_mixin.py:188} INFO - [2024-06-11T22:59:44.409+0000] {dag.py:3954} INFO - Setting next_dagrun for example_bash_operator to 2024-06-10 00:00:00+00:00, run_after=2024-06-11 00:00:00+00:00
[2024-06-11T22:59:44.423+0000] {processor.py:183} INFO - Processing /home/airflow/.local/lib/python3.12/site-packages/airflow/example_dags/example_bash_operator.py took 0.065 seconds
[2024-06-11T23:00:15.307+0000] {processor.py:161} INFO - Started process (PID=1927) to work on /home/airflow/.local/lib/python3.12/site-packages/airflow/example_dags/example_bash_operator.py
[2024-06-11T23:00:15.309+0000] {processor.py:830} INFO - Processing file /home/airflow/.local/lib/python3.12/site-packages/airflow/example_dags/example_bash_operator.py for tasks to queue
[2024-06-11T23:00:15.311+0000] {logging_mixin.py:188} INFO - [2024-06-11T23:00:15.310+0000] {dagbag.py:545} INFO - Filling up the DagBag from /home/airflow/.local/lib/python3.12/site-packages/airflow/example_dags/example_bash_operator.py
[2024-06-11T23:00:15.320+0000] {processor.py:840} INFO - DAG(s) 'example_bash_operator' retrieved from /home/airflow/.local/lib/python3.12/site-packages/airflow/example_dags/example_bash_operator.py
[2024-06-11T23:00:15.345+0000] {logging_mixin.py:188} INFO - [2024-06-11T23:00:15.345+0000] {dag.py:3096} INFO - Sync 1 DAGs
[2024-06-11T23:00:15.366+0000] {logging_mixin.py:188} INFO - [2024-06-11T23:00:15.365+0000] {dag.py:3954} INFO - Setting next_dagrun for example_bash_operator to 2024-06-10 00:00:00+00:00, run_after=2024-06-11 00:00:00+00:00
[2024-06-11T23:00:15.384+0000] {processor.py:183} INFO - Processing /home/airflow/.local/lib/python3.12/site-packages/airflow/example_dags/example_bash_operator.py took 0.083 seconds
[2024-06-11T23:00:45.980+0000] {processor.py:161} INFO - Started process (PID=1985) to work on /home/airflow/.local/lib/python3.12/site-packages/airflow/example_dags/example_bash_operator.py
[2024-06-11T23:00:45.981+0000] {processor.py:830} INFO - Processing file /home/airflow/.local/lib/python3.12/site-packages/airflow/example_dags/example_bash_operator.py for tasks to queue
[2024-06-11T23:00:45.983+0000] {logging_mixin.py:188} INFO - [2024-06-11T23:00:45.983+0000] {dagbag.py:545} INFO - Filling up the DagBag from /home/airflow/.local/lib/python3.12/site-packages/airflow/example_dags/example_bash_operator.py
[2024-06-11T23:00:45.999+0000] {processor.py:840} INFO - DAG(s) 'example_bash_operator' retrieved from /home/airflow/.local/lib/python3.12/site-packages/airflow/example_dags/example_bash_operator.py
[2024-06-11T23:00:46.140+0000] {logging_mixin.py:188} INFO - [2024-06-11T23:00:46.139+0000] {dag.py:3096} INFO - Sync 1 DAGs
[2024-06-11T23:00:46.188+0000] {logging_mixin.py:188} INFO - [2024-06-11T23:00:46.188+0000] {dag.py:3954} INFO - Setting next_dagrun for example_bash_operator to 2024-06-10 00:00:00+00:00, run_after=2024-06-11 00:00:00+00:00
[2024-06-11T23:00:46.225+0000] {processor.py:183} INFO - Processing /home/airflow/.local/lib/python3.12/site-packages/airflow/example_dags/example_bash_operator.py took 0.249 seconds
[2024-06-11T23:01:16.995+0000] {processor.py:161} INFO - Started process (PID=2043) to work on /home/airflow/.local/lib/python3.12/site-packages/airflow/example_dags/example_bash_operator.py
[2024-06-11T23:01:16.996+0000] {processor.py:830} INFO - Processing file /home/airflow/.local/lib/python3.12/site-packages/airflow/example_dags/example_bash_operator.py for tasks to queue
[2024-06-11T23:01:16.998+0000] {logging_mixin.py:188} INFO - [2024-06-11T23:01:16.997+0000] {dagbag.py:545} INFO - Filling up the DagBag from /home/airflow/.local/lib/python3.12/site-packages/airflow/example_dags/example_bash_operator.py
[2024-06-11T23:01:17.007+0000] {processor.py:840} INFO - DAG(s) 'example_bash_operator' retrieved from /home/airflow/.local/lib/python3.12/site-packages/airflow/example_dags/example_bash_operator.py
[2024-06-11T23:01:17.032+0000] {logging_mixin.py:188} INFO - [2024-06-11T23:01:17.032+0000] {dag.py:3096} INFO - Sync 1 DAGs
[2024-06-11T23:01:17.083+0000] {logging_mixin.py:188} INFO - [2024-06-11T23:01:17.082+0000] {dag.py:3954} INFO - Setting next_dagrun for example_bash_operator to 2024-06-10 00:00:00+00:00, run_after=2024-06-11 00:00:00+00:00
[2024-06-11T23:01:17.118+0000] {processor.py:183} INFO - Processing /home/airflow/.local/lib/python3.12/site-packages/airflow/example_dags/example_bash_operator.py took 0.129 seconds
[2024-06-11T23:01:47.151+0000] {processor.py:161} INFO - Started process (PID=2101) to work on /home/airflow/.local/lib/python3.12/site-packages/airflow/example_dags/example_bash_operator.py
[2024-06-11T23:01:47.152+0000] {processor.py:830} INFO - Processing file /home/airflow/.local/lib/python3.12/site-packages/airflow/example_dags/example_bash_operator.py for tasks to queue
[2024-06-11T23:01:47.154+0000] {logging_mixin.py:188} INFO - [2024-06-11T23:01:47.153+0000] {dagbag.py:545} INFO - Filling up the DagBag from /home/airflow/.local/lib/python3.12/site-packages/airflow/example_dags/example_bash_operator.py
[2024-06-11T23:01:47.163+0000] {processor.py:840} INFO - DAG(s) 'example_bash_operator' retrieved from /home/airflow/.local/lib/python3.12/site-packages/airflow/example_dags/example_bash_operator.py
[2024-06-11T23:01:47.206+0000] {logging_mixin.py:188} INFO - [2024-06-11T23:01:47.206+0000] {dag.py:3096} INFO - Sync 1 DAGs
[2024-06-11T23:01:47.226+0000] {logging_mixin.py:188} INFO - [2024-06-11T23:01:47.226+0000] {dag.py:3954} INFO - Setting next_dagrun for example_bash_operator to 2024-06-10 00:00:00+00:00, run_after=2024-06-11 00:00:00+00:00
[2024-06-11T23:01:47.244+0000] {processor.py:183} INFO - Processing /home/airflow/.local/lib/python3.12/site-packages/airflow/example_dags/example_bash_operator.py took 0.098 seconds
[2024-06-11T23:02:18.208+0000] {processor.py:161} INFO - Started process (PID=2159) to work on /home/airflow/.local/lib/python3.12/site-packages/airflow/example_dags/example_bash_operator.py
[2024-06-11T23:02:18.209+0000] {processor.py:830} INFO - Processing file /home/airflow/.local/lib/python3.12/site-packages/airflow/example_dags/example_bash_operator.py for tasks to queue
[2024-06-11T23:02:18.211+0000] {logging_mixin.py:188} INFO - [2024-06-11T23:02:18.211+0000] {dagbag.py:545} INFO - Filling up the DagBag from /home/airflow/.local/lib/python3.12/site-packages/airflow/example_dags/example_bash_operator.py
[2024-06-11T23:02:18.221+0000] {processor.py:840} INFO - DAG(s) 'example_bash_operator' retrieved from /home/airflow/.local/lib/python3.12/site-packages/airflow/example_dags/example_bash_operator.py
[2024-06-11T23:02:18.244+0000] {logging_mixin.py:188} INFO - [2024-06-11T23:02:18.244+0000] {dag.py:3096} INFO - Sync 1 DAGs
[2024-06-11T23:02:18.263+0000] {logging_mixin.py:188} INFO - [2024-06-11T23:02:18.263+0000] {dag.py:3954} INFO - Setting next_dagrun for example_bash_operator to 2024-06-10 00:00:00+00:00, run_after=2024-06-11 00:00:00+00:00
[2024-06-11T23:02:18.281+0000] {processor.py:183} INFO - Processing /home/airflow/.local/lib/python3.12/site-packages/airflow/example_dags/example_bash_operator.py took 0.079 seconds
[2024-06-11T23:02:48.517+0000] {processor.py:161} INFO - Started process (PID=2217) to work on /home/airflow/.local/lib/python3.12/site-packages/airflow/example_dags/example_bash_operator.py
[2024-06-11T23:02:48.519+0000] {processor.py:830} INFO - Processing file /home/airflow/.local/lib/python3.12/site-packages/airflow/example_dags/example_bash_operator.py for tasks to queue
[2024-06-11T23:02:48.521+0000] {logging_mixin.py:188} INFO - [2024-06-11T23:02:48.521+0000] {dagbag.py:545} INFO - Filling up the DagBag from /home/airflow/.local/lib/python3.12/site-packages/airflow/example_dags/example_bash_operator.py
[2024-06-11T23:02:48.530+0000] {processor.py:840} INFO - DAG(s) 'example_bash_operator' retrieved from /home/airflow/.local/lib/python3.12/site-packages/airflow/example_dags/example_bash_operator.py
[2024-06-11T23:02:48.555+0000] {logging_mixin.py:188} INFO - [2024-06-11T23:02:48.555+0000] {dag.py:3096} INFO - Sync 1 DAGs
[2024-06-11T23:02:48.576+0000] {logging_mixin.py:188} INFO - [2024-06-11T23:02:48.576+0000] {dag.py:3954} INFO - Setting next_dagrun for example_bash_operator to 2024-06-10 00:00:00+00:00, run_after=2024-06-11 00:00:00+00:00
[2024-06-11T23:02:48.594+0000] {processor.py:183} INFO - Processing /home/airflow/.local/lib/python3.12/site-packages/airflow/example_dags/example_bash_operator.py took 0.082 seconds
[2024-06-11T23:03:20.174+0000] {processor.py:161} INFO - Started process (PID=2275) to work on /home/airflow/.local/lib/python3.12/site-packages/airflow/example_dags/example_bash_operator.py
[2024-06-11T23:03:20.175+0000] {processor.py:830} INFO - Processing file /home/airflow/.local/lib/python3.12/site-packages/airflow/example_dags/example_bash_operator.py for tasks to queue
[2024-06-11T23:03:20.177+0000] {logging_mixin.py:188} INFO - [2024-06-11T23:03:20.176+0000] {dagbag.py:545} INFO - Filling up the DagBag from /home/airflow/.local/lib/python3.12/site-packages/airflow/example_dags/example_bash_operator.py
[2024-06-11T23:03:20.190+0000] {processor.py:840} INFO - DAG(s) 'example_bash_operator' retrieved from /home/airflow/.local/lib/python3.12/site-packages/airflow/example_dags/example_bash_operator.py
[2024-06-11T23:03:20.217+0000] {logging_mixin.py:188} INFO - [2024-06-11T23:03:20.216+0000] {dag.py:3096} INFO - Sync 1 DAGs
[2024-06-11T23:03:20.297+0000] {logging_mixin.py:188} INFO - [2024-06-11T23:03:20.296+0000] {dag.py:3954} INFO - Setting next_dagrun for example_bash_operator to 2024-06-10 00:00:00+00:00, run_after=2024-06-11 00:00:00+00:00
[2024-06-11T23:03:20.319+0000] {processor.py:183} INFO - Processing /home/airflow/.local/lib/python3.12/site-packages/airflow/example_dags/example_bash_operator.py took 0.152 seconds
[2024-06-11T23:03:51.299+0000] {processor.py:161} INFO - Started process (PID=2333) to work on /home/airflow/.local/lib/python3.12/site-packages/airflow/example_dags/example_bash_operator.py
[2024-06-11T23:03:51.300+0000] {processor.py:830} INFO - Processing file /home/airflow/.local/lib/python3.12/site-packages/airflow/example_dags/example_bash_operator.py for tasks to queue
[2024-06-11T23:03:51.302+0000] {logging_mixin.py:188} INFO - [2024-06-11T23:03:51.301+0000] {dagbag.py:545} INFO - Filling up the DagBag from /home/airflow/.local/lib/python3.12/site-packages/airflow/example_dags/example_bash_operator.py
[2024-06-11T23:03:51.313+0000] {processor.py:840} INFO - DAG(s) 'example_bash_operator' retrieved from /home/airflow/.local/lib/python3.12/site-packages/airflow/example_dags/example_bash_operator.py
[2024-06-11T23:03:51.334+0000] {logging_mixin.py:188} INFO - [2024-06-11T23:03:51.334+0000] {dag.py:3096} INFO - Sync 1 DAGs
[2024-06-11T23:03:51.354+0000] {logging_mixin.py:188} INFO - [2024-06-11T23:03:51.353+0000] {dag.py:3954} INFO - Setting next_dagrun for example_bash_operator to 2024-06-10 00:00:00+00:00, run_after=2024-06-11 00:00:00+00:00
[2024-06-11T23:03:51.377+0000] {processor.py:183} INFO - Processing /home/airflow/.local/lib/python3.12/site-packages/airflow/example_dags/example_bash_operator.py took 0.086 seconds
[2024-06-11T23:04:21.761+0000] {processor.py:161} INFO - Started process (PID=2391) to work on /home/airflow/.local/lib/python3.12/site-packages/airflow/example_dags/example_bash_operator.py
[2024-06-11T23:04:21.762+0000] {processor.py:830} INFO - Processing file /home/airflow/.local/lib/python3.12/site-packages/airflow/example_dags/example_bash_operator.py for tasks to queue
[2024-06-11T23:04:21.763+0000] {logging_mixin.py:188} INFO - [2024-06-11T23:04:21.763+0000] {dagbag.py:545} INFO - Filling up the DagBag from /home/airflow/.local/lib/python3.12/site-packages/airflow/example_dags/example_bash_operator.py
[2024-06-11T23:04:21.773+0000] {processor.py:840} INFO - DAG(s) 'example_bash_operator' retrieved from /home/airflow/.local/lib/python3.12/site-packages/airflow/example_dags/example_bash_operator.py
[2024-06-11T23:04:21.796+0000] {logging_mixin.py:188} INFO - [2024-06-11T23:04:21.796+0000] {dag.py:3096} INFO - Sync 1 DAGs
[2024-06-11T23:04:21.815+0000] {logging_mixin.py:188} INFO - [2024-06-11T23:04:21.815+0000] {dag.py:3954} INFO - Setting next_dagrun for example_bash_operator to 2024-06-10 00:00:00+00:00, run_after=2024-06-11 00:00:00+00:00
[2024-06-11T23:04:21.833+0000] {processor.py:183} INFO - Processing /home/airflow/.local/lib/python3.12/site-packages/airflow/example_dags/example_bash_operator.py took 0.078 seconds
[2024-06-11T23:04:52.025+0000] {processor.py:161} INFO - Started process (PID=2450) to work on /home/airflow/.local/lib/python3.12/site-packages/airflow/example_dags/example_bash_operator.py
[2024-06-11T23:04:52.026+0000] {processor.py:830} INFO - Processing file /home/airflow/.local/lib/python3.12/site-packages/airflow/example_dags/example_bash_operator.py for tasks to queue
[2024-06-11T23:04:52.028+0000] {logging_mixin.py:188} INFO - [2024-06-11T23:04:52.028+0000] {dagbag.py:545} INFO - Filling up the DagBag from /home/airflow/.local/lib/python3.12/site-packages/airflow/example_dags/example_bash_operator.py
[2024-06-11T23:04:52.037+0000] {processor.py:840} INFO - DAG(s) 'example_bash_operator' retrieved from /home/airflow/.local/lib/python3.12/site-packages/airflow/example_dags/example_bash_operator.py
[2024-06-11T23:04:52.074+0000] {logging_mixin.py:188} INFO - [2024-06-11T23:04:52.073+0000] {dag.py:3096} INFO - Sync 1 DAGs
[2024-06-11T23:04:52.097+0000] {logging_mixin.py:188} INFO - [2024-06-11T23:04:52.097+0000] {dag.py:3954} INFO - Setting next_dagrun for example_bash_operator to 2024-06-10 00:00:00+00:00, run_after=2024-06-11 00:00:00+00:00
[2024-06-11T23:04:52.116+0000] {processor.py:183} INFO - Processing /home/airflow/.local/lib/python3.12/site-packages/airflow/example_dags/example_bash_operator.py took 0.096 seconds
[2024-06-11T23:05:22.678+0000] {processor.py:161} INFO - Started process (PID=2508) to work on /home/airflow/.local/lib/python3.12/site-packages/airflow/example_dags/example_bash_operator.py
[2024-06-11T23:05:22.679+0000] {processor.py:830} INFO - Processing file /home/airflow/.local/lib/python3.12/site-packages/airflow/example_dags/example_bash_operator.py for tasks to queue
[2024-06-11T23:05:22.681+0000] {logging_mixin.py:188} INFO - [2024-06-11T23:05:22.680+0000] {dagbag.py:545} INFO - Filling up the DagBag from /home/airflow/.local/lib/python3.12/site-packages/airflow/example_dags/example_bash_operator.py
[2024-06-11T23:05:22.690+0000] {processor.py:840} INFO - DAG(s) 'example_bash_operator' retrieved from /home/airflow/.local/lib/python3.12/site-packages/airflow/example_dags/example_bash_operator.py
[2024-06-11T23:05:22.713+0000] {logging_mixin.py:188} INFO - [2024-06-11T23:05:22.712+0000] {dag.py:3096} INFO - Sync 1 DAGs
[2024-06-11T23:05:22.732+0000] {logging_mixin.py:188} INFO - [2024-06-11T23:05:22.731+0000] {dag.py:3954} INFO - Setting next_dagrun for example_bash_operator to 2024-06-10 00:00:00+00:00, run_after=2024-06-11 00:00:00+00:00
[2024-06-11T23:05:22.756+0000] {processor.py:183} INFO - Processing /home/airflow/.local/lib/python3.12/site-packages/airflow/example_dags/example_bash_operator.py took 0.083 seconds
[2024-06-11T23:05:52.865+0000] {processor.py:161} INFO - Started process (PID=2566) to work on /home/airflow/.local/lib/python3.12/site-packages/airflow/example_dags/example_bash_operator.py
[2024-06-11T23:05:52.867+0000] {processor.py:830} INFO - Processing file /home/airflow/.local/lib/python3.12/site-packages/airflow/example_dags/example_bash_operator.py for tasks to queue
[2024-06-11T23:05:52.869+0000] {logging_mixin.py:188} INFO - [2024-06-11T23:05:52.868+0000] {dagbag.py:545} INFO - Filling up the DagBag from /home/airflow/.local/lib/python3.12/site-packages/airflow/example_dags/example_bash_operator.py
[2024-06-11T23:05:52.878+0000] {processor.py:840} INFO - DAG(s) 'example_bash_operator' retrieved from /home/airflow/.local/lib/python3.12/site-packages/airflow/example_dags/example_bash_operator.py
[2024-06-11T23:05:52.901+0000] {logging_mixin.py:188} INFO - [2024-06-11T23:05:52.901+0000] {dag.py:3096} INFO - Sync 1 DAGs
[2024-06-11T23:05:52.922+0000] {logging_mixin.py:188} INFO - [2024-06-11T23:05:52.922+0000] {dag.py:3954} INFO - Setting next_dagrun for example_bash_operator to 2024-06-10 00:00:00+00:00, run_after=2024-06-11 00:00:00+00:00
[2024-06-11T23:05:52.950+0000] {processor.py:183} INFO - Processing /home/airflow/.local/lib/python3.12/site-packages/airflow/example_dags/example_bash_operator.py took 0.089 seconds
[2024-06-11T23:06:23.116+0000] {processor.py:161} INFO - Started process (PID=2624) to work on /home/airflow/.local/lib/python3.12/site-packages/airflow/example_dags/example_bash_operator.py
[2024-06-11T23:06:23.117+0000] {processor.py:830} INFO - Processing file /home/airflow/.local/lib/python3.12/site-packages/airflow/example_dags/example_bash_operator.py for tasks to queue
[2024-06-11T23:06:23.119+0000] {logging_mixin.py:188} INFO - [2024-06-11T23:06:23.119+0000] {dagbag.py:545} INFO - Filling up the DagBag from /home/airflow/.local/lib/python3.12/site-packages/airflow/example_dags/example_bash_operator.py
[2024-06-11T23:06:23.128+0000] {processor.py:840} INFO - DAG(s) 'example_bash_operator' retrieved from /home/airflow/.local/lib/python3.12/site-packages/airflow/example_dags/example_bash_operator.py
[2024-06-11T23:06:23.152+0000] {logging_mixin.py:188} INFO - [2024-06-11T23:06:23.152+0000] {dag.py:3096} INFO - Sync 1 DAGs
[2024-06-11T23:06:23.171+0000] {logging_mixin.py:188} INFO - [2024-06-11T23:06:23.171+0000] {dag.py:3954} INFO - Setting next_dagrun for example_bash_operator to 2024-06-10 00:00:00+00:00, run_after=2024-06-11 00:00:00+00:00
[2024-06-11T23:06:23.195+0000] {processor.py:183} INFO - Processing /home/airflow/.local/lib/python3.12/site-packages/airflow/example_dags/example_bash_operator.py took 0.083 seconds
[2024-06-11T23:06:53.724+0000] {processor.py:161} INFO - Started process (PID=2682) to work on /home/airflow/.local/lib/python3.12/site-packages/airflow/example_dags/example_bash_operator.py
[2024-06-11T23:06:53.725+0000] {processor.py:830} INFO - Processing file /home/airflow/.local/lib/python3.12/site-packages/airflow/example_dags/example_bash_operator.py for tasks to queue
[2024-06-11T23:06:53.727+0000] {logging_mixin.py:188} INFO - [2024-06-11T23:06:53.726+0000] {dagbag.py:545} INFO - Filling up the DagBag from /home/airflow/.local/lib/python3.12/site-packages/airflow/example_dags/example_bash_operator.py
[2024-06-11T23:06:53.738+0000] {processor.py:840} INFO - DAG(s) 'example_bash_operator' retrieved from /home/airflow/.local/lib/python3.12/site-packages/airflow/example_dags/example_bash_operator.py
[2024-06-11T23:06:53.766+0000] {logging_mixin.py:188} INFO - [2024-06-11T23:06:53.766+0000] {dag.py:3096} INFO - Sync 1 DAGs
[2024-06-11T23:06:53.795+0000] {logging_mixin.py:188} INFO - [2024-06-11T23:06:53.794+0000] {dag.py:3954} INFO - Setting next_dagrun for example_bash_operator to 2024-06-10 00:00:00+00:00, run_after=2024-06-11 00:00:00+00:00
[2024-06-11T23:06:53.815+0000] {processor.py:183} INFO - Processing /home/airflow/.local/lib/python3.12/site-packages/airflow/example_dags/example_bash_operator.py took 0.097 seconds
