[2024-06-11T22:43:49.955+0000] {processor.py:161} INFO - Started process (PID=58) to work on /home/airflow/.local/lib/python3.12/site-packages/airflow/example_dags/example_xcomargs.py
[2024-06-11T22:43:49.957+0000] {processor.py:830} INFO - Processing file /home/airflow/.local/lib/python3.12/site-packages/airflow/example_dags/example_xcomargs.py for tasks to queue
[2024-06-11T22:43:49.961+0000] {logging_mixin.py:188} INFO - [2024-06-11T22:43:49.960+0000] {dagbag.py:545} INFO - Filling up the DagBag from /home/airflow/.local/lib/python3.12/site-packages/airflow/example_dags/example_xcomargs.py
[2024-06-11T22:43:49.979+0000] {processor.py:840} INFO - DAG(s) 'example_xcom_args', 'example_xcom_args_with_operators' retrieved from /home/airflow/.local/lib/python3.12/site-packages/airflow/example_dags/example_xcomargs.py
[2024-06-11T22:43:50.007+0000] {logging_mixin.py:188} INFO - [2024-06-11T22:43:50.006+0000] {dag.py:3096} INFO - Sync 2 DAGs
[2024-06-11T22:43:50.033+0000] {logging_mixin.py:188} INFO - [2024-06-11T22:43:50.032+0000] {dag.py:3954} INFO - Setting next_dagrun for example_xcom_args to None, run_after=None
[2024-06-11T22:43:50.041+0000] {logging_mixin.py:188} INFO - [2024-06-11T22:43:50.041+0000] {dag.py:3954} INFO - Setting next_dagrun for example_xcom_args_with_operators to None, run_after=None
[2024-06-11T22:43:50.079+0000] {processor.py:183} INFO - Processing /home/airflow/.local/lib/python3.12/site-packages/airflow/example_dags/example_xcomargs.py took 0.131 seconds
[2024-06-11T22:44:21.077+0000] {processor.py:161} INFO - Started process (PID=116) to work on /home/airflow/.local/lib/python3.12/site-packages/airflow/example_dags/example_xcomargs.py
[2024-06-11T22:44:21.078+0000] {processor.py:830} INFO - Processing file /home/airflow/.local/lib/python3.12/site-packages/airflow/example_dags/example_xcomargs.py for tasks to queue
[2024-06-11T22:44:21.079+0000] {logging_mixin.py:188} INFO - [2024-06-11T22:44:21.079+0000] {dagbag.py:545} INFO - Filling up the DagBag from /home/airflow/.local/lib/python3.12/site-packages/airflow/example_dags/example_xcomargs.py
[2024-06-11T22:44:21.085+0000] {processor.py:840} INFO - DAG(s) 'example_xcom_args', 'example_xcom_args_with_operators' retrieved from /home/airflow/.local/lib/python3.12/site-packages/airflow/example_dags/example_xcomargs.py
[2024-06-11T22:44:21.162+0000] {logging_mixin.py:188} INFO - [2024-06-11T22:44:21.162+0000] {dag.py:3096} INFO - Sync 2 DAGs
[2024-06-11T22:44:21.199+0000] {logging_mixin.py:188} INFO - [2024-06-11T22:44:21.198+0000] {dag.py:3954} INFO - Setting next_dagrun for example_xcom_args to None, run_after=None
[2024-06-11T22:44:21.201+0000] {logging_mixin.py:188} INFO - [2024-06-11T22:44:21.201+0000] {dag.py:3954} INFO - Setting next_dagrun for example_xcom_args_with_operators to None, run_after=None
[2024-06-11T22:44:21.216+0000] {processor.py:183} INFO - Processing /home/airflow/.local/lib/python3.12/site-packages/airflow/example_dags/example_xcomargs.py took 0.143 seconds
[2024-06-11T22:44:51.379+0000] {processor.py:161} INFO - Started process (PID=174) to work on /home/airflow/.local/lib/python3.12/site-packages/airflow/example_dags/example_xcomargs.py
[2024-06-11T22:44:51.380+0000] {processor.py:830} INFO - Processing file /home/airflow/.local/lib/python3.12/site-packages/airflow/example_dags/example_xcomargs.py for tasks to queue
[2024-06-11T22:44:51.382+0000] {logging_mixin.py:188} INFO - [2024-06-11T22:44:51.381+0000] {dagbag.py:545} INFO - Filling up the DagBag from /home/airflow/.local/lib/python3.12/site-packages/airflow/example_dags/example_xcomargs.py
[2024-06-11T22:44:51.387+0000] {processor.py:840} INFO - DAG(s) 'example_xcom_args', 'example_xcom_args_with_operators' retrieved from /home/airflow/.local/lib/python3.12/site-packages/airflow/example_dags/example_xcomargs.py
[2024-06-11T22:44:51.406+0000] {logging_mixin.py:188} INFO - [2024-06-11T22:44:51.405+0000] {dag.py:3096} INFO - Sync 2 DAGs
[2024-06-11T22:44:51.416+0000] {logging_mixin.py:188} INFO - [2024-06-11T22:44:51.416+0000] {dag.py:3954} INFO - Setting next_dagrun for example_xcom_args to None, run_after=None
[2024-06-11T22:44:51.420+0000] {logging_mixin.py:188} INFO - [2024-06-11T22:44:51.419+0000] {dag.py:3954} INFO - Setting next_dagrun for example_xcom_args_with_operators to None, run_after=None
[2024-06-11T22:44:51.446+0000] {processor.py:183} INFO - Processing /home/airflow/.local/lib/python3.12/site-packages/airflow/example_dags/example_xcomargs.py took 0.070 seconds
[2024-06-11T22:45:21.757+0000] {processor.py:161} INFO - Started process (PID=233) to work on /home/airflow/.local/lib/python3.12/site-packages/airflow/example_dags/example_xcomargs.py
[2024-06-11T22:45:21.758+0000] {processor.py:830} INFO - Processing file /home/airflow/.local/lib/python3.12/site-packages/airflow/example_dags/example_xcomargs.py for tasks to queue
[2024-06-11T22:45:21.760+0000] {logging_mixin.py:188} INFO - [2024-06-11T22:45:21.759+0000] {dagbag.py:545} INFO - Filling up the DagBag from /home/airflow/.local/lib/python3.12/site-packages/airflow/example_dags/example_xcomargs.py
[2024-06-11T22:45:21.765+0000] {processor.py:840} INFO - DAG(s) 'example_xcom_args_with_operators', 'example_xcom_args' retrieved from /home/airflow/.local/lib/python3.12/site-packages/airflow/example_dags/example_xcomargs.py
[2024-06-11T22:45:21.783+0000] {logging_mixin.py:188} INFO - [2024-06-11T22:45:21.782+0000] {dag.py:3096} INFO - Sync 2 DAGs
[2024-06-11T22:45:21.793+0000] {logging_mixin.py:188} INFO - [2024-06-11T22:45:21.793+0000] {dag.py:3954} INFO - Setting next_dagrun for example_xcom_args to None, run_after=None
[2024-06-11T22:45:21.796+0000] {logging_mixin.py:188} INFO - [2024-06-11T22:45:21.796+0000] {dag.py:3954} INFO - Setting next_dagrun for example_xcom_args_with_operators to None, run_after=None
[2024-06-11T22:45:21.811+0000] {processor.py:183} INFO - Processing /home/airflow/.local/lib/python3.12/site-packages/airflow/example_dags/example_xcomargs.py took 0.058 seconds
[2024-06-11T22:45:52.281+0000] {processor.py:161} INFO - Started process (PID=291) to work on /home/airflow/.local/lib/python3.12/site-packages/airflow/example_dags/example_xcomargs.py
[2024-06-11T22:45:52.282+0000] {processor.py:830} INFO - Processing file /home/airflow/.local/lib/python3.12/site-packages/airflow/example_dags/example_xcomargs.py for tasks to queue
[2024-06-11T22:45:52.284+0000] {logging_mixin.py:188} INFO - [2024-06-11T22:45:52.284+0000] {dagbag.py:545} INFO - Filling up the DagBag from /home/airflow/.local/lib/python3.12/site-packages/airflow/example_dags/example_xcomargs.py
[2024-06-11T22:45:52.291+0000] {processor.py:840} INFO - DAG(s) 'example_xcom_args_with_operators', 'example_xcom_args' retrieved from /home/airflow/.local/lib/python3.12/site-packages/airflow/example_dags/example_xcomargs.py
[2024-06-11T22:45:52.314+0000] {logging_mixin.py:188} INFO - [2024-06-11T22:45:52.314+0000] {dag.py:3096} INFO - Sync 2 DAGs
[2024-06-11T22:45:52.327+0000] {logging_mixin.py:188} INFO - [2024-06-11T22:45:52.327+0000] {dag.py:3954} INFO - Setting next_dagrun for example_xcom_args to None, run_after=None
[2024-06-11T22:45:52.331+0000] {logging_mixin.py:188} INFO - [2024-06-11T22:45:52.331+0000] {dag.py:3954} INFO - Setting next_dagrun for example_xcom_args_with_operators to None, run_after=None
[2024-06-11T22:45:52.358+0000] {processor.py:183} INFO - Processing /home/airflow/.local/lib/python3.12/site-packages/airflow/example_dags/example_xcomargs.py took 0.082 seconds
[2024-06-11T22:46:23.115+0000] {processor.py:161} INFO - Started process (PID=349) to work on /home/airflow/.local/lib/python3.12/site-packages/airflow/example_dags/example_xcomargs.py
[2024-06-11T22:46:23.116+0000] {processor.py:830} INFO - Processing file /home/airflow/.local/lib/python3.12/site-packages/airflow/example_dags/example_xcomargs.py for tasks to queue
[2024-06-11T22:46:23.120+0000] {logging_mixin.py:188} INFO - [2024-06-11T22:46:23.120+0000] {dagbag.py:545} INFO - Filling up the DagBag from /home/airflow/.local/lib/python3.12/site-packages/airflow/example_dags/example_xcomargs.py
[2024-06-11T22:46:23.134+0000] {processor.py:840} INFO - DAG(s) 'example_xcom_args', 'example_xcom_args_with_operators' retrieved from /home/airflow/.local/lib/python3.12/site-packages/airflow/example_dags/example_xcomargs.py
[2024-06-11T22:46:23.205+0000] {logging_mixin.py:188} INFO - [2024-06-11T22:46:23.205+0000] {dag.py:3096} INFO - Sync 2 DAGs
[2024-06-11T22:46:23.227+0000] {logging_mixin.py:188} INFO - [2024-06-11T22:46:23.227+0000] {dag.py:3954} INFO - Setting next_dagrun for example_xcom_args to None, run_after=None
[2024-06-11T22:46:23.254+0000] {logging_mixin.py:188} INFO - [2024-06-11T22:46:23.253+0000] {dag.py:3954} INFO - Setting next_dagrun for example_xcom_args_with_operators to None, run_after=None
[2024-06-11T22:46:23.288+0000] {processor.py:183} INFO - Processing /home/airflow/.local/lib/python3.12/site-packages/airflow/example_dags/example_xcomargs.py took 0.178 seconds
[2024-06-11T22:46:53.455+0000] {processor.py:161} INFO - Started process (PID=407) to work on /home/airflow/.local/lib/python3.12/site-packages/airflow/example_dags/example_xcomargs.py
[2024-06-11T22:46:53.457+0000] {processor.py:830} INFO - Processing file /home/airflow/.local/lib/python3.12/site-packages/airflow/example_dags/example_xcomargs.py for tasks to queue
[2024-06-11T22:46:53.459+0000] {logging_mixin.py:188} INFO - [2024-06-11T22:46:53.458+0000] {dagbag.py:545} INFO - Filling up the DagBag from /home/airflow/.local/lib/python3.12/site-packages/airflow/example_dags/example_xcomargs.py
[2024-06-11T22:46:53.465+0000] {processor.py:840} INFO - DAG(s) 'example_xcom_args', 'example_xcom_args_with_operators' retrieved from /home/airflow/.local/lib/python3.12/site-packages/airflow/example_dags/example_xcomargs.py
[2024-06-11T22:46:53.487+0000] {logging_mixin.py:188} INFO - [2024-06-11T22:46:53.487+0000] {dag.py:3096} INFO - Sync 2 DAGs
[2024-06-11T22:46:53.499+0000] {logging_mixin.py:188} INFO - [2024-06-11T22:46:53.499+0000] {dag.py:3954} INFO - Setting next_dagrun for example_xcom_args to None, run_after=None
[2024-06-11T22:46:53.503+0000] {logging_mixin.py:188} INFO - [2024-06-11T22:46:53.503+0000] {dag.py:3954} INFO - Setting next_dagrun for example_xcom_args_with_operators to None, run_after=None
[2024-06-11T22:46:53.520+0000] {processor.py:183} INFO - Processing /home/airflow/.local/lib/python3.12/site-packages/airflow/example_dags/example_xcomargs.py took 0.069 seconds
[2024-06-11T22:47:23.891+0000] {processor.py:161} INFO - Started process (PID=465) to work on /home/airflow/.local/lib/python3.12/site-packages/airflow/example_dags/example_xcomargs.py
[2024-06-11T22:47:23.892+0000] {processor.py:830} INFO - Processing file /home/airflow/.local/lib/python3.12/site-packages/airflow/example_dags/example_xcomargs.py for tasks to queue
[2024-06-11T22:47:23.894+0000] {logging_mixin.py:188} INFO - [2024-06-11T22:47:23.894+0000] {dagbag.py:545} INFO - Filling up the DagBag from /home/airflow/.local/lib/python3.12/site-packages/airflow/example_dags/example_xcomargs.py
[2024-06-11T22:47:23.902+0000] {processor.py:840} INFO - DAG(s) 'example_xcom_args', 'example_xcom_args_with_operators' retrieved from /home/airflow/.local/lib/python3.12/site-packages/airflow/example_dags/example_xcomargs.py
[2024-06-11T22:47:23.922+0000] {logging_mixin.py:188} INFO - [2024-06-11T22:47:23.922+0000] {dag.py:3096} INFO - Sync 2 DAGs
[2024-06-11T22:47:23.933+0000] {logging_mixin.py:188} INFO - [2024-06-11T22:47:23.933+0000] {dag.py:3954} INFO - Setting next_dagrun for example_xcom_args to None, run_after=None
[2024-06-11T22:47:23.937+0000] {logging_mixin.py:188} INFO - [2024-06-11T22:47:23.936+0000] {dag.py:3954} INFO - Setting next_dagrun for example_xcom_args_with_operators to None, run_after=None
[2024-06-11T22:47:23.954+0000] {processor.py:183} INFO - Processing /home/airflow/.local/lib/python3.12/site-packages/airflow/example_dags/example_xcomargs.py took 0.072 seconds
[2024-06-11T22:47:54.051+0000] {processor.py:161} INFO - Started process (PID=523) to work on /home/airflow/.local/lib/python3.12/site-packages/airflow/example_dags/example_xcomargs.py
[2024-06-11T22:47:54.052+0000] {processor.py:830} INFO - Processing file /home/airflow/.local/lib/python3.12/site-packages/airflow/example_dags/example_xcomargs.py for tasks to queue
[2024-06-11T22:47:54.054+0000] {logging_mixin.py:188} INFO - [2024-06-11T22:47:54.054+0000] {dagbag.py:545} INFO - Filling up the DagBag from /home/airflow/.local/lib/python3.12/site-packages/airflow/example_dags/example_xcomargs.py
[2024-06-11T22:47:54.063+0000] {processor.py:840} INFO - DAG(s) 'example_xcom_args_with_operators', 'example_xcom_args' retrieved from /home/airflow/.local/lib/python3.12/site-packages/airflow/example_dags/example_xcomargs.py
[2024-06-11T22:47:54.085+0000] {logging_mixin.py:188} INFO - [2024-06-11T22:47:54.084+0000] {dag.py:3096} INFO - Sync 2 DAGs
[2024-06-11T22:47:54.098+0000] {logging_mixin.py:188} INFO - [2024-06-11T22:47:54.097+0000] {dag.py:3954} INFO - Setting next_dagrun for example_xcom_args to None, run_after=None
[2024-06-11T22:47:54.107+0000] {logging_mixin.py:188} INFO - [2024-06-11T22:47:54.106+0000] {dag.py:3954} INFO - Setting next_dagrun for example_xcom_args_with_operators to None, run_after=None
[2024-06-11T22:47:54.129+0000] {processor.py:183} INFO - Processing /home/airflow/.local/lib/python3.12/site-packages/airflow/example_dags/example_xcomargs.py took 0.083 seconds
[2024-06-11T22:48:25.535+0000] {processor.py:161} INFO - Started process (PID=581) to work on /home/airflow/.local/lib/python3.12/site-packages/airflow/example_dags/example_xcomargs.py
[2024-06-11T22:48:25.536+0000] {processor.py:830} INFO - Processing file /home/airflow/.local/lib/python3.12/site-packages/airflow/example_dags/example_xcomargs.py for tasks to queue
[2024-06-11T22:48:25.538+0000] {logging_mixin.py:188} INFO - [2024-06-11T22:48:25.538+0000] {dagbag.py:545} INFO - Filling up the DagBag from /home/airflow/.local/lib/python3.12/site-packages/airflow/example_dags/example_xcomargs.py
[2024-06-11T22:48:25.545+0000] {processor.py:840} INFO - DAG(s) 'example_xcom_args', 'example_xcom_args_with_operators' retrieved from /home/airflow/.local/lib/python3.12/site-packages/airflow/example_dags/example_xcomargs.py
[2024-06-11T22:48:25.576+0000] {logging_mixin.py:188} INFO - [2024-06-11T22:48:25.576+0000] {dag.py:3096} INFO - Sync 2 DAGs
[2024-06-11T22:48:25.588+0000] {logging_mixin.py:188} INFO - [2024-06-11T22:48:25.588+0000] {dag.py:3954} INFO - Setting next_dagrun for example_xcom_args to None, run_after=None
[2024-06-11T22:48:25.686+0000] {logging_mixin.py:188} INFO - [2024-06-11T22:48:25.686+0000] {dag.py:3954} INFO - Setting next_dagrun for example_xcom_args_with_operators to None, run_after=None
[2024-06-11T22:48:25.712+0000] {processor.py:183} INFO - Processing /home/airflow/.local/lib/python3.12/site-packages/airflow/example_dags/example_xcomargs.py took 0.181 seconds
[2024-06-11T22:48:56.277+0000] {processor.py:161} INFO - Started process (PID=639) to work on /home/airflow/.local/lib/python3.12/site-packages/airflow/example_dags/example_xcomargs.py
[2024-06-11T22:48:56.278+0000] {processor.py:830} INFO - Processing file /home/airflow/.local/lib/python3.12/site-packages/airflow/example_dags/example_xcomargs.py for tasks to queue
[2024-06-11T22:48:56.281+0000] {logging_mixin.py:188} INFO - [2024-06-11T22:48:56.281+0000] {dagbag.py:545} INFO - Filling up the DagBag from /home/airflow/.local/lib/python3.12/site-packages/airflow/example_dags/example_xcomargs.py
[2024-06-11T22:48:56.289+0000] {processor.py:840} INFO - DAG(s) 'example_xcom_args_with_operators', 'example_xcom_args' retrieved from /home/airflow/.local/lib/python3.12/site-packages/airflow/example_dags/example_xcomargs.py
[2024-06-11T22:48:56.310+0000] {logging_mixin.py:188} INFO - [2024-06-11T22:48:56.309+0000] {dag.py:3096} INFO - Sync 2 DAGs
[2024-06-11T22:48:56.321+0000] {logging_mixin.py:188} INFO - [2024-06-11T22:48:56.321+0000] {dag.py:3954} INFO - Setting next_dagrun for example_xcom_args to None, run_after=None
[2024-06-11T22:48:56.325+0000] {logging_mixin.py:188} INFO - [2024-06-11T22:48:56.325+0000] {dag.py:3954} INFO - Setting next_dagrun for example_xcom_args_with_operators to None, run_after=None
[2024-06-11T22:48:56.352+0000] {processor.py:183} INFO - Processing /home/airflow/.local/lib/python3.12/site-packages/airflow/example_dags/example_xcomargs.py took 0.086 seconds
[2024-06-11T22:49:27.037+0000] {processor.py:161} INFO - Started process (PID=697) to work on /home/airflow/.local/lib/python3.12/site-packages/airflow/example_dags/example_xcomargs.py
[2024-06-11T22:49:27.038+0000] {processor.py:830} INFO - Processing file /home/airflow/.local/lib/python3.12/site-packages/airflow/example_dags/example_xcomargs.py for tasks to queue
[2024-06-11T22:49:27.040+0000] {logging_mixin.py:188} INFO - [2024-06-11T22:49:27.040+0000] {dagbag.py:545} INFO - Filling up the DagBag from /home/airflow/.local/lib/python3.12/site-packages/airflow/example_dags/example_xcomargs.py
[2024-06-11T22:49:27.046+0000] {processor.py:840} INFO - DAG(s) 'example_xcom_args_with_operators', 'example_xcom_args' retrieved from /home/airflow/.local/lib/python3.12/site-packages/airflow/example_dags/example_xcomargs.py
[2024-06-11T22:49:27.065+0000] {logging_mixin.py:188} INFO - [2024-06-11T22:49:27.064+0000] {dag.py:3096} INFO - Sync 2 DAGs
[2024-06-11T22:49:27.075+0000] {logging_mixin.py:188} INFO - [2024-06-11T22:49:27.075+0000] {dag.py:3954} INFO - Setting next_dagrun for example_xcom_args to None, run_after=None
[2024-06-11T22:49:27.078+0000] {logging_mixin.py:188} INFO - [2024-06-11T22:49:27.078+0000] {dag.py:3954} INFO - Setting next_dagrun for example_xcom_args_with_operators to None, run_after=None
[2024-06-11T22:49:27.137+0000] {processor.py:183} INFO - Processing /home/airflow/.local/lib/python3.12/site-packages/airflow/example_dags/example_xcomargs.py took 0.104 seconds
[2024-06-11T22:49:57.632+0000] {processor.py:161} INFO - Started process (PID=755) to work on /home/airflow/.local/lib/python3.12/site-packages/airflow/example_dags/example_xcomargs.py
[2024-06-11T22:49:57.633+0000] {processor.py:830} INFO - Processing file /home/airflow/.local/lib/python3.12/site-packages/airflow/example_dags/example_xcomargs.py for tasks to queue
[2024-06-11T22:49:57.635+0000] {logging_mixin.py:188} INFO - [2024-06-11T22:49:57.634+0000] {dagbag.py:545} INFO - Filling up the DagBag from /home/airflow/.local/lib/python3.12/site-packages/airflow/example_dags/example_xcomargs.py
[2024-06-11T22:49:57.640+0000] {processor.py:840} INFO - DAG(s) 'example_xcom_args_with_operators', 'example_xcom_args' retrieved from /home/airflow/.local/lib/python3.12/site-packages/airflow/example_dags/example_xcomargs.py
[2024-06-11T22:49:57.664+0000] {logging_mixin.py:188} INFO - [2024-06-11T22:49:57.663+0000] {dag.py:3096} INFO - Sync 2 DAGs
[2024-06-11T22:49:57.676+0000] {logging_mixin.py:188} INFO - [2024-06-11T22:49:57.676+0000] {dag.py:3954} INFO - Setting next_dagrun for example_xcom_args to None, run_after=None
[2024-06-11T22:49:57.680+0000] {logging_mixin.py:188} INFO - [2024-06-11T22:49:57.680+0000] {dag.py:3954} INFO - Setting next_dagrun for example_xcom_args_with_operators to None, run_after=None
[2024-06-11T22:49:57.697+0000] {processor.py:183} INFO - Processing /home/airflow/.local/lib/python3.12/site-packages/airflow/example_dags/example_xcomargs.py took 0.074 seconds
[2024-06-11T22:50:27.952+0000] {processor.py:161} INFO - Started process (PID=813) to work on /home/airflow/.local/lib/python3.12/site-packages/airflow/example_dags/example_xcomargs.py
[2024-06-11T22:50:27.953+0000] {processor.py:830} INFO - Processing file /home/airflow/.local/lib/python3.12/site-packages/airflow/example_dags/example_xcomargs.py for tasks to queue
[2024-06-11T22:50:27.955+0000] {logging_mixin.py:188} INFO - [2024-06-11T22:50:27.955+0000] {dagbag.py:545} INFO - Filling up the DagBag from /home/airflow/.local/lib/python3.12/site-packages/airflow/example_dags/example_xcomargs.py
[2024-06-11T22:50:27.963+0000] {processor.py:840} INFO - DAG(s) 'example_xcom_args', 'example_xcom_args_with_operators' retrieved from /home/airflow/.local/lib/python3.12/site-packages/airflow/example_dags/example_xcomargs.py
[2024-06-11T22:50:27.987+0000] {logging_mixin.py:188} INFO - [2024-06-11T22:50:27.987+0000] {dag.py:3096} INFO - Sync 2 DAGs
[2024-06-11T22:50:28.000+0000] {logging_mixin.py:188} INFO - [2024-06-11T22:50:28.000+0000] {dag.py:3954} INFO - Setting next_dagrun for example_xcom_args to None, run_after=None
[2024-06-11T22:50:28.005+0000] {logging_mixin.py:188} INFO - [2024-06-11T22:50:28.005+0000] {dag.py:3954} INFO - Setting next_dagrun for example_xcom_args_with_operators to None, run_after=None
[2024-06-11T22:50:28.025+0000] {processor.py:183} INFO - Processing /home/airflow/.local/lib/python3.12/site-packages/airflow/example_dags/example_xcomargs.py took 0.078 seconds
[2024-06-11T22:50:58.497+0000] {processor.py:161} INFO - Started process (PID=871) to work on /home/airflow/.local/lib/python3.12/site-packages/airflow/example_dags/example_xcomargs.py
[2024-06-11T22:50:58.498+0000] {processor.py:830} INFO - Processing file /home/airflow/.local/lib/python3.12/site-packages/airflow/example_dags/example_xcomargs.py for tasks to queue
[2024-06-11T22:50:58.503+0000] {logging_mixin.py:188} INFO - [2024-06-11T22:50:58.502+0000] {dagbag.py:545} INFO - Filling up the DagBag from /home/airflow/.local/lib/python3.12/site-packages/airflow/example_dags/example_xcomargs.py
[2024-06-11T22:50:58.510+0000] {processor.py:840} INFO - DAG(s) 'example_xcom_args', 'example_xcom_args_with_operators' retrieved from /home/airflow/.local/lib/python3.12/site-packages/airflow/example_dags/example_xcomargs.py
[2024-06-11T22:50:58.529+0000] {logging_mixin.py:188} INFO - [2024-06-11T22:50:58.529+0000] {dag.py:3096} INFO - Sync 2 DAGs
[2024-06-11T22:50:58.580+0000] {logging_mixin.py:188} INFO - [2024-06-11T22:50:58.580+0000] {dag.py:3954} INFO - Setting next_dagrun for example_xcom_args to None, run_after=None
[2024-06-11T22:50:58.584+0000] {logging_mixin.py:188} INFO - [2024-06-11T22:50:58.584+0000] {dag.py:3954} INFO - Setting next_dagrun for example_xcom_args_with_operators to None, run_after=None
[2024-06-11T22:50:58.629+0000] {processor.py:183} INFO - Processing /home/airflow/.local/lib/python3.12/site-packages/airflow/example_dags/example_xcomargs.py took 0.137 seconds
[2024-06-11T22:51:30.768+0000] {processor.py:161} INFO - Started process (PID=929) to work on /home/airflow/.local/lib/python3.12/site-packages/airflow/example_dags/example_xcomargs.py
[2024-06-11T22:51:30.769+0000] {processor.py:830} INFO - Processing file /home/airflow/.local/lib/python3.12/site-packages/airflow/example_dags/example_xcomargs.py for tasks to queue
[2024-06-11T22:51:30.773+0000] {logging_mixin.py:188} INFO - [2024-06-11T22:51:30.772+0000] {dagbag.py:545} INFO - Filling up the DagBag from /home/airflow/.local/lib/python3.12/site-packages/airflow/example_dags/example_xcomargs.py
[2024-06-11T22:51:30.784+0000] {processor.py:840} INFO - DAG(s) 'example_xcom_args', 'example_xcom_args_with_operators' retrieved from /home/airflow/.local/lib/python3.12/site-packages/airflow/example_dags/example_xcomargs.py
[2024-06-11T22:51:30.968+0000] {logging_mixin.py:188} INFO - [2024-06-11T22:51:30.968+0000] {dag.py:3096} INFO - Sync 2 DAGs
[2024-06-11T22:51:30.983+0000] {logging_mixin.py:188} INFO - [2024-06-11T22:51:30.983+0000] {dag.py:3954} INFO - Setting next_dagrun for example_xcom_args to None, run_after=None
[2024-06-11T22:51:30.986+0000] {logging_mixin.py:188} INFO - [2024-06-11T22:51:30.986+0000] {dag.py:3954} INFO - Setting next_dagrun for example_xcom_args_with_operators to None, run_after=None
[2024-06-11T22:51:31.003+0000] {processor.py:183} INFO - Processing /home/airflow/.local/lib/python3.12/site-packages/airflow/example_dags/example_xcomargs.py took 0.240 seconds
[2024-06-11T22:52:01.668+0000] {processor.py:161} INFO - Started process (PID=993) to work on /home/airflow/.local/lib/python3.12/site-packages/airflow/example_dags/example_xcomargs.py
[2024-06-11T22:52:01.669+0000] {processor.py:830} INFO - Processing file /home/airflow/.local/lib/python3.12/site-packages/airflow/example_dags/example_xcomargs.py for tasks to queue
[2024-06-11T22:52:01.671+0000] {logging_mixin.py:188} INFO - [2024-06-11T22:52:01.671+0000] {dagbag.py:545} INFO - Filling up the DagBag from /home/airflow/.local/lib/python3.12/site-packages/airflow/example_dags/example_xcomargs.py
[2024-06-11T22:52:01.684+0000] {processor.py:840} INFO - DAG(s) 'example_xcom_args_with_operators', 'example_xcom_args' retrieved from /home/airflow/.local/lib/python3.12/site-packages/airflow/example_dags/example_xcomargs.py
[2024-06-11T22:52:01.806+0000] {logging_mixin.py:188} INFO - [2024-06-11T22:52:01.805+0000] {dag.py:3096} INFO - Sync 2 DAGs
[2024-06-11T22:52:01.842+0000] {logging_mixin.py:188} INFO - [2024-06-11T22:52:01.842+0000] {dag.py:3954} INFO - Setting next_dagrun for example_xcom_args to None, run_after=None
[2024-06-11T22:52:01.897+0000] {logging_mixin.py:188} INFO - [2024-06-11T22:52:01.897+0000] {dag.py:3954} INFO - Setting next_dagrun for example_xcom_args_with_operators to None, run_after=None
[2024-06-11T22:52:01.919+0000] {processor.py:183} INFO - Processing /home/airflow/.local/lib/python3.12/site-packages/airflow/example_dags/example_xcomargs.py took 0.259 seconds
[2024-06-11T22:52:33.297+0000] {processor.py:161} INFO - Started process (PID=1051) to work on /home/airflow/.local/lib/python3.12/site-packages/airflow/example_dags/example_xcomargs.py
[2024-06-11T22:52:33.302+0000] {processor.py:830} INFO - Processing file /home/airflow/.local/lib/python3.12/site-packages/airflow/example_dags/example_xcomargs.py for tasks to queue
[2024-06-11T22:52:33.309+0000] {logging_mixin.py:188} INFO - [2024-06-11T22:52:33.309+0000] {dagbag.py:545} INFO - Filling up the DagBag from /home/airflow/.local/lib/python3.12/site-packages/airflow/example_dags/example_xcomargs.py
[2024-06-11T22:52:33.318+0000] {processor.py:840} INFO - DAG(s) 'example_xcom_args', 'example_xcom_args_with_operators' retrieved from /home/airflow/.local/lib/python3.12/site-packages/airflow/example_dags/example_xcomargs.py
[2024-06-11T22:52:33.349+0000] {logging_mixin.py:188} INFO - [2024-06-11T22:52:33.348+0000] {dag.py:3096} INFO - Sync 2 DAGs
[2024-06-11T22:52:33.367+0000] {logging_mixin.py:188} INFO - [2024-06-11T22:52:33.366+0000] {dag.py:3954} INFO - Setting next_dagrun for example_xcom_args to None, run_after=None
[2024-06-11T22:52:33.373+0000] {logging_mixin.py:188} INFO - [2024-06-11T22:52:33.373+0000] {dag.py:3954} INFO - Setting next_dagrun for example_xcom_args_with_operators to None, run_after=None
[2024-06-11T22:52:33.395+0000] {processor.py:183} INFO - Processing /home/airflow/.local/lib/python3.12/site-packages/airflow/example_dags/example_xcomargs.py took 0.115 seconds
[2024-06-11T22:53:04.500+0000] {processor.py:161} INFO - Started process (PID=1109) to work on /home/airflow/.local/lib/python3.12/site-packages/airflow/example_dags/example_xcomargs.py
[2024-06-11T22:53:04.540+0000] {processor.py:830} INFO - Processing file /home/airflow/.local/lib/python3.12/site-packages/airflow/example_dags/example_xcomargs.py for tasks to queue
[2024-06-11T22:53:04.582+0000] {logging_mixin.py:188} INFO - [2024-06-11T22:53:04.582+0000] {dagbag.py:545} INFO - Filling up the DagBag from /home/airflow/.local/lib/python3.12/site-packages/airflow/example_dags/example_xcomargs.py
[2024-06-11T22:53:04.625+0000] {processor.py:840} INFO - DAG(s) 'example_xcom_args_with_operators', 'example_xcom_args' retrieved from /home/airflow/.local/lib/python3.12/site-packages/airflow/example_dags/example_xcomargs.py
[2024-06-11T22:53:04.719+0000] {logging_mixin.py:188} INFO - [2024-06-11T22:53:04.718+0000] {dag.py:3096} INFO - Sync 2 DAGs
[2024-06-11T22:53:04.946+0000] {logging_mixin.py:188} INFO - [2024-06-11T22:53:04.946+0000] {dag.py:3954} INFO - Setting next_dagrun for example_xcom_args to None, run_after=None
[2024-06-11T22:53:05.098+0000] {logging_mixin.py:188} INFO - [2024-06-11T22:53:05.098+0000] {dag.py:3954} INFO - Setting next_dagrun for example_xcom_args_with_operators to None, run_after=None
[2024-06-11T22:53:05.144+0000] {processor.py:183} INFO - Processing /home/airflow/.local/lib/python3.12/site-packages/airflow/example_dags/example_xcomargs.py took 0.649 seconds
[2024-06-11T22:53:35.839+0000] {processor.py:161} INFO - Started process (PID=1167) to work on /home/airflow/.local/lib/python3.12/site-packages/airflow/example_dags/example_xcomargs.py
[2024-06-11T22:53:35.841+0000] {processor.py:830} INFO - Processing file /home/airflow/.local/lib/python3.12/site-packages/airflow/example_dags/example_xcomargs.py for tasks to queue
[2024-06-11T22:53:35.844+0000] {logging_mixin.py:188} INFO - [2024-06-11T22:53:35.844+0000] {dagbag.py:545} INFO - Filling up the DagBag from /home/airflow/.local/lib/python3.12/site-packages/airflow/example_dags/example_xcomargs.py
[2024-06-11T22:53:35.858+0000] {processor.py:840} INFO - DAG(s) 'example_xcom_args', 'example_xcom_args_with_operators' retrieved from /home/airflow/.local/lib/python3.12/site-packages/airflow/example_dags/example_xcomargs.py
[2024-06-11T22:53:35.882+0000] {logging_mixin.py:188} INFO - [2024-06-11T22:53:35.882+0000] {dag.py:3096} INFO - Sync 2 DAGs
[2024-06-11T22:53:35.892+0000] {logging_mixin.py:188} INFO - [2024-06-11T22:53:35.892+0000] {dag.py:3954} INFO - Setting next_dagrun for example_xcom_args to None, run_after=None
[2024-06-11T22:53:35.895+0000] {logging_mixin.py:188} INFO - [2024-06-11T22:53:35.895+0000] {dag.py:3954} INFO - Setting next_dagrun for example_xcom_args_with_operators to None, run_after=None
[2024-06-11T22:53:35.920+0000] {processor.py:183} INFO - Processing /home/airflow/.local/lib/python3.12/site-packages/airflow/example_dags/example_xcomargs.py took 0.084 seconds
[2024-06-11T22:54:06.179+0000] {processor.py:161} INFO - Started process (PID=1225) to work on /home/airflow/.local/lib/python3.12/site-packages/airflow/example_dags/example_xcomargs.py
[2024-06-11T22:54:06.181+0000] {processor.py:830} INFO - Processing file /home/airflow/.local/lib/python3.12/site-packages/airflow/example_dags/example_xcomargs.py for tasks to queue
[2024-06-11T22:54:06.184+0000] {logging_mixin.py:188} INFO - [2024-06-11T22:54:06.184+0000] {dagbag.py:545} INFO - Filling up the DagBag from /home/airflow/.local/lib/python3.12/site-packages/airflow/example_dags/example_xcomargs.py
[2024-06-11T22:54:06.192+0000] {processor.py:840} INFO - DAG(s) 'example_xcom_args_with_operators', 'example_xcom_args' retrieved from /home/airflow/.local/lib/python3.12/site-packages/airflow/example_dags/example_xcomargs.py
[2024-06-11T22:54:06.215+0000] {logging_mixin.py:188} INFO - [2024-06-11T22:54:06.214+0000] {dag.py:3096} INFO - Sync 2 DAGs
[2024-06-11T22:54:06.228+0000] {logging_mixin.py:188} INFO - [2024-06-11T22:54:06.228+0000] {dag.py:3954} INFO - Setting next_dagrun for example_xcom_args to None, run_after=None
[2024-06-11T22:54:06.234+0000] {logging_mixin.py:188} INFO - [2024-06-11T22:54:06.233+0000] {dag.py:3954} INFO - Setting next_dagrun for example_xcom_args_with_operators to None, run_after=None
[2024-06-11T22:54:06.254+0000] {processor.py:183} INFO - Processing /home/airflow/.local/lib/python3.12/site-packages/airflow/example_dags/example_xcomargs.py took 0.080 seconds
[2024-06-11T22:54:36.592+0000] {processor.py:161} INFO - Started process (PID=1283) to work on /home/airflow/.local/lib/python3.12/site-packages/airflow/example_dags/example_xcomargs.py
[2024-06-11T22:54:36.597+0000] {processor.py:830} INFO - Processing file /home/airflow/.local/lib/python3.12/site-packages/airflow/example_dags/example_xcomargs.py for tasks to queue
[2024-06-11T22:54:36.599+0000] {logging_mixin.py:188} INFO - [2024-06-11T22:54:36.599+0000] {dagbag.py:545} INFO - Filling up the DagBag from /home/airflow/.local/lib/python3.12/site-packages/airflow/example_dags/example_xcomargs.py
[2024-06-11T22:54:36.609+0000] {processor.py:840} INFO - DAG(s) 'example_xcom_args_with_operators', 'example_xcom_args' retrieved from /home/airflow/.local/lib/python3.12/site-packages/airflow/example_dags/example_xcomargs.py
[2024-06-11T22:54:36.631+0000] {logging_mixin.py:188} INFO - [2024-06-11T22:54:36.631+0000] {dag.py:3096} INFO - Sync 2 DAGs
[2024-06-11T22:54:36.648+0000] {logging_mixin.py:188} INFO - [2024-06-11T22:54:36.647+0000] {dag.py:3954} INFO - Setting next_dagrun for example_xcom_args to None, run_after=None
[2024-06-11T22:54:36.652+0000] {logging_mixin.py:188} INFO - [2024-06-11T22:54:36.651+0000] {dag.py:3954} INFO - Setting next_dagrun for example_xcom_args_with_operators to None, run_after=None
[2024-06-11T22:54:36.669+0000] {processor.py:183} INFO - Processing /home/airflow/.local/lib/python3.12/site-packages/airflow/example_dags/example_xcomargs.py took 0.082 seconds
[2024-06-11T22:55:07.132+0000] {processor.py:161} INFO - Started process (PID=1341) to work on /home/airflow/.local/lib/python3.12/site-packages/airflow/example_dags/example_xcomargs.py
[2024-06-11T22:55:07.134+0000] {processor.py:830} INFO - Processing file /home/airflow/.local/lib/python3.12/site-packages/airflow/example_dags/example_xcomargs.py for tasks to queue
[2024-06-11T22:55:07.135+0000] {logging_mixin.py:188} INFO - [2024-06-11T22:55:07.135+0000] {dagbag.py:545} INFO - Filling up the DagBag from /home/airflow/.local/lib/python3.12/site-packages/airflow/example_dags/example_xcomargs.py
[2024-06-11T22:55:07.141+0000] {processor.py:840} INFO - DAG(s) 'example_xcom_args', 'example_xcom_args_with_operators' retrieved from /home/airflow/.local/lib/python3.12/site-packages/airflow/example_dags/example_xcomargs.py
[2024-06-11T22:55:07.168+0000] {logging_mixin.py:188} INFO - [2024-06-11T22:55:07.168+0000] {dag.py:3096} INFO - Sync 2 DAGs
[2024-06-11T22:55:07.184+0000] {logging_mixin.py:188} INFO - [2024-06-11T22:55:07.183+0000] {dag.py:3954} INFO - Setting next_dagrun for example_xcom_args to None, run_after=None
[2024-06-11T22:55:07.189+0000] {logging_mixin.py:188} INFO - [2024-06-11T22:55:07.188+0000] {dag.py:3954} INFO - Setting next_dagrun for example_xcom_args_with_operators to None, run_after=None
[2024-06-11T22:55:07.209+0000] {processor.py:183} INFO - Processing /home/airflow/.local/lib/python3.12/site-packages/airflow/example_dags/example_xcomargs.py took 0.081 seconds
[2024-06-11T22:55:38.041+0000] {processor.py:161} INFO - Started process (PID=1399) to work on /home/airflow/.local/lib/python3.12/site-packages/airflow/example_dags/example_xcomargs.py
[2024-06-11T22:55:38.043+0000] {processor.py:830} INFO - Processing file /home/airflow/.local/lib/python3.12/site-packages/airflow/example_dags/example_xcomargs.py for tasks to queue
[2024-06-11T22:55:38.044+0000] {logging_mixin.py:188} INFO - [2024-06-11T22:55:38.044+0000] {dagbag.py:545} INFO - Filling up the DagBag from /home/airflow/.local/lib/python3.12/site-packages/airflow/example_dags/example_xcomargs.py
[2024-06-11T22:55:38.050+0000] {processor.py:840} INFO - DAG(s) 'example_xcom_args_with_operators', 'example_xcom_args' retrieved from /home/airflow/.local/lib/python3.12/site-packages/airflow/example_dags/example_xcomargs.py
[2024-06-11T22:55:38.068+0000] {logging_mixin.py:188} INFO - [2024-06-11T22:55:38.068+0000] {dag.py:3096} INFO - Sync 2 DAGs
[2024-06-11T22:55:38.078+0000] {logging_mixin.py:188} INFO - [2024-06-11T22:55:38.078+0000] {dag.py:3954} INFO - Setting next_dagrun for example_xcom_args to None, run_after=None
[2024-06-11T22:55:38.081+0000] {logging_mixin.py:188} INFO - [2024-06-11T22:55:38.081+0000] {dag.py:3954} INFO - Setting next_dagrun for example_xcom_args_with_operators to None, run_after=None
[2024-06-11T22:55:38.102+0000] {processor.py:183} INFO - Processing /home/airflow/.local/lib/python3.12/site-packages/airflow/example_dags/example_xcomargs.py took 0.064 seconds
[2024-06-11T22:56:08.370+0000] {processor.py:161} INFO - Started process (PID=1456) to work on /home/airflow/.local/lib/python3.12/site-packages/airflow/example_dags/example_xcomargs.py
[2024-06-11T22:56:08.371+0000] {processor.py:830} INFO - Processing file /home/airflow/.local/lib/python3.12/site-packages/airflow/example_dags/example_xcomargs.py for tasks to queue
[2024-06-11T22:56:08.373+0000] {logging_mixin.py:188} INFO - [2024-06-11T22:56:08.373+0000] {dagbag.py:545} INFO - Filling up the DagBag from /home/airflow/.local/lib/python3.12/site-packages/airflow/example_dags/example_xcomargs.py
[2024-06-11T22:56:08.379+0000] {processor.py:840} INFO - DAG(s) 'example_xcom_args', 'example_xcom_args_with_operators' retrieved from /home/airflow/.local/lib/python3.12/site-packages/airflow/example_dags/example_xcomargs.py
[2024-06-11T22:56:08.398+0000] {logging_mixin.py:188} INFO - [2024-06-11T22:56:08.397+0000] {dag.py:3096} INFO - Sync 2 DAGs
[2024-06-11T22:56:08.411+0000] {logging_mixin.py:188} INFO - [2024-06-11T22:56:08.411+0000] {dag.py:3954} INFO - Setting next_dagrun for example_xcom_args to None, run_after=None
[2024-06-11T22:56:08.421+0000] {logging_mixin.py:188} INFO - [2024-06-11T22:56:08.421+0000] {dag.py:3954} INFO - Setting next_dagrun for example_xcom_args_with_operators to None, run_after=None
[2024-06-11T22:56:08.445+0000] {processor.py:183} INFO - Processing /home/airflow/.local/lib/python3.12/site-packages/airflow/example_dags/example_xcomargs.py took 0.078 seconds
[2024-06-11T22:56:38.784+0000] {processor.py:161} INFO - Started process (PID=1514) to work on /home/airflow/.local/lib/python3.12/site-packages/airflow/example_dags/example_xcomargs.py
[2024-06-11T22:56:38.786+0000] {processor.py:830} INFO - Processing file /home/airflow/.local/lib/python3.12/site-packages/airflow/example_dags/example_xcomargs.py for tasks to queue
[2024-06-11T22:56:38.788+0000] {logging_mixin.py:188} INFO - [2024-06-11T22:56:38.788+0000] {dagbag.py:545} INFO - Filling up the DagBag from /home/airflow/.local/lib/python3.12/site-packages/airflow/example_dags/example_xcomargs.py
[2024-06-11T22:56:38.794+0000] {processor.py:840} INFO - DAG(s) 'example_xcom_args_with_operators', 'example_xcom_args' retrieved from /home/airflow/.local/lib/python3.12/site-packages/airflow/example_dags/example_xcomargs.py
[2024-06-11T22:56:38.814+0000] {logging_mixin.py:188} INFO - [2024-06-11T22:56:38.814+0000] {dag.py:3096} INFO - Sync 2 DAGs
[2024-06-11T22:56:38.824+0000] {logging_mixin.py:188} INFO - [2024-06-11T22:56:38.823+0000] {dag.py:3954} INFO - Setting next_dagrun for example_xcom_args to None, run_after=None
[2024-06-11T22:56:38.828+0000] {logging_mixin.py:188} INFO - [2024-06-11T22:56:38.827+0000] {dag.py:3954} INFO - Setting next_dagrun for example_xcom_args_with_operators to None, run_after=None
[2024-06-11T22:56:38.851+0000] {processor.py:183} INFO - Processing /home/airflow/.local/lib/python3.12/site-packages/airflow/example_dags/example_xcomargs.py took 0.073 seconds
[2024-06-11T22:57:09.112+0000] {processor.py:161} INFO - Started process (PID=1572) to work on /home/airflow/.local/lib/python3.12/site-packages/airflow/example_dags/example_xcomargs.py
[2024-06-11T22:57:09.113+0000] {processor.py:830} INFO - Processing file /home/airflow/.local/lib/python3.12/site-packages/airflow/example_dags/example_xcomargs.py for tasks to queue
[2024-06-11T22:57:09.114+0000] {logging_mixin.py:188} INFO - [2024-06-11T22:57:09.114+0000] {dagbag.py:545} INFO - Filling up the DagBag from /home/airflow/.local/lib/python3.12/site-packages/airflow/example_dags/example_xcomargs.py
[2024-06-11T22:57:09.122+0000] {processor.py:840} INFO - DAG(s) 'example_xcom_args_with_operators', 'example_xcom_args' retrieved from /home/airflow/.local/lib/python3.12/site-packages/airflow/example_dags/example_xcomargs.py
[2024-06-11T22:57:09.143+0000] {logging_mixin.py:188} INFO - [2024-06-11T22:57:09.143+0000] {dag.py:3096} INFO - Sync 2 DAGs
[2024-06-11T22:57:09.155+0000] {logging_mixin.py:188} INFO - [2024-06-11T22:57:09.155+0000] {dag.py:3954} INFO - Setting next_dagrun for example_xcom_args to None, run_after=None
[2024-06-11T22:57:09.160+0000] {logging_mixin.py:188} INFO - [2024-06-11T22:57:09.159+0000] {dag.py:3954} INFO - Setting next_dagrun for example_xcom_args_with_operators to None, run_after=None
[2024-06-11T22:57:09.180+0000] {processor.py:183} INFO - Processing /home/airflow/.local/lib/python3.12/site-packages/airflow/example_dags/example_xcomargs.py took 0.073 seconds
[2024-06-11T22:57:39.630+0000] {processor.py:161} INFO - Started process (PID=1629) to work on /home/airflow/.local/lib/python3.12/site-packages/airflow/example_dags/example_xcomargs.py
[2024-06-11T22:57:39.635+0000] {processor.py:830} INFO - Processing file /home/airflow/.local/lib/python3.12/site-packages/airflow/example_dags/example_xcomargs.py for tasks to queue
[2024-06-11T22:57:39.641+0000] {logging_mixin.py:188} INFO - [2024-06-11T22:57:39.641+0000] {dagbag.py:545} INFO - Filling up the DagBag from /home/airflow/.local/lib/python3.12/site-packages/airflow/example_dags/example_xcomargs.py
[2024-06-11T22:57:39.655+0000] {processor.py:840} INFO - DAG(s) 'example_xcom_args_with_operators', 'example_xcom_args' retrieved from /home/airflow/.local/lib/python3.12/site-packages/airflow/example_dags/example_xcomargs.py
[2024-06-11T22:57:39.684+0000] {logging_mixin.py:188} INFO - [2024-06-11T22:57:39.684+0000] {dag.py:3096} INFO - Sync 2 DAGs
[2024-06-11T22:57:39.696+0000] {logging_mixin.py:188} INFO - [2024-06-11T22:57:39.696+0000] {dag.py:3954} INFO - Setting next_dagrun for example_xcom_args to None, run_after=None
[2024-06-11T22:57:39.702+0000] {logging_mixin.py:188} INFO - [2024-06-11T22:57:39.702+0000] {dag.py:3954} INFO - Setting next_dagrun for example_xcom_args_with_operators to None, run_after=None
[2024-06-11T22:57:39.727+0000] {processor.py:183} INFO - Processing /home/airflow/.local/lib/python3.12/site-packages/airflow/example_dags/example_xcomargs.py took 0.104 seconds
[2024-06-11T22:58:09.912+0000] {processor.py:161} INFO - Started process (PID=1687) to work on /home/airflow/.local/lib/python3.12/site-packages/airflow/example_dags/example_xcomargs.py
[2024-06-11T22:58:09.913+0000] {processor.py:830} INFO - Processing file /home/airflow/.local/lib/python3.12/site-packages/airflow/example_dags/example_xcomargs.py for tasks to queue
[2024-06-11T22:58:09.925+0000] {logging_mixin.py:188} INFO - [2024-06-11T22:58:09.914+0000] {dagbag.py:545} INFO - Filling up the DagBag from /home/airflow/.local/lib/python3.12/site-packages/airflow/example_dags/example_xcomargs.py
[2024-06-11T22:58:09.943+0000] {processor.py:840} INFO - DAG(s) 'example_xcom_args', 'example_xcom_args_with_operators' retrieved from /home/airflow/.local/lib/python3.12/site-packages/airflow/example_dags/example_xcomargs.py
[2024-06-11T22:58:10.059+0000] {logging_mixin.py:188} INFO - [2024-06-11T22:58:10.059+0000] {dag.py:3096} INFO - Sync 2 DAGs
[2024-06-11T22:58:10.216+0000] {logging_mixin.py:188} INFO - [2024-06-11T22:58:10.216+0000] {dag.py:3954} INFO - Setting next_dagrun for example_xcom_args to None, run_after=None
[2024-06-11T22:58:10.224+0000] {logging_mixin.py:188} INFO - [2024-06-11T22:58:10.224+0000] {dag.py:3954} INFO - Setting next_dagrun for example_xcom_args_with_operators to None, run_after=None
[2024-06-11T22:58:10.248+0000] {processor.py:183} INFO - Processing /home/airflow/.local/lib/python3.12/site-packages/airflow/example_dags/example_xcomargs.py took 0.341 seconds
[2024-06-11T22:58:41.960+0000] {processor.py:161} INFO - Started process (PID=1745) to work on /home/airflow/.local/lib/python3.12/site-packages/airflow/example_dags/example_xcomargs.py
[2024-06-11T22:58:41.961+0000] {processor.py:830} INFO - Processing file /home/airflow/.local/lib/python3.12/site-packages/airflow/example_dags/example_xcomargs.py for tasks to queue
[2024-06-11T22:58:41.963+0000] {logging_mixin.py:188} INFO - [2024-06-11T22:58:41.963+0000] {dagbag.py:545} INFO - Filling up the DagBag from /home/airflow/.local/lib/python3.12/site-packages/airflow/example_dags/example_xcomargs.py
[2024-06-11T22:58:41.970+0000] {processor.py:840} INFO - DAG(s) 'example_xcom_args', 'example_xcom_args_with_operators' retrieved from /home/airflow/.local/lib/python3.12/site-packages/airflow/example_dags/example_xcomargs.py
[2024-06-11T22:58:41.992+0000] {logging_mixin.py:188} INFO - [2024-06-11T22:58:41.992+0000] {dag.py:3096} INFO - Sync 2 DAGs
[2024-06-11T22:58:42.005+0000] {logging_mixin.py:188} INFO - [2024-06-11T22:58:42.005+0000] {dag.py:3954} INFO - Setting next_dagrun for example_xcom_args to None, run_after=None
[2024-06-11T22:58:42.009+0000] {logging_mixin.py:188} INFO - [2024-06-11T22:58:42.009+0000] {dag.py:3954} INFO - Setting next_dagrun for example_xcom_args_with_operators to None, run_after=None
[2024-06-11T22:58:42.031+0000] {processor.py:183} INFO - Processing /home/airflow/.local/lib/python3.12/site-packages/airflow/example_dags/example_xcomargs.py took 0.075 seconds
[2024-06-11T22:59:12.253+0000] {processor.py:161} INFO - Started process (PID=1803) to work on /home/airflow/.local/lib/python3.12/site-packages/airflow/example_dags/example_xcomargs.py
[2024-06-11T22:59:12.256+0000] {processor.py:830} INFO - Processing file /home/airflow/.local/lib/python3.12/site-packages/airflow/example_dags/example_xcomargs.py for tasks to queue
[2024-06-11T22:59:12.258+0000] {logging_mixin.py:188} INFO - [2024-06-11T22:59:12.257+0000] {dagbag.py:545} INFO - Filling up the DagBag from /home/airflow/.local/lib/python3.12/site-packages/airflow/example_dags/example_xcomargs.py
[2024-06-11T22:59:12.265+0000] {processor.py:840} INFO - DAG(s) 'example_xcom_args', 'example_xcom_args_with_operators' retrieved from /home/airflow/.local/lib/python3.12/site-packages/airflow/example_dags/example_xcomargs.py
[2024-06-11T22:59:12.289+0000] {logging_mixin.py:188} INFO - [2024-06-11T22:59:12.288+0000] {dag.py:3096} INFO - Sync 2 DAGs
[2024-06-11T22:59:12.302+0000] {logging_mixin.py:188} INFO - [2024-06-11T22:59:12.302+0000] {dag.py:3954} INFO - Setting next_dagrun for example_xcom_args to None, run_after=None
[2024-06-11T22:59:12.309+0000] {logging_mixin.py:188} INFO - [2024-06-11T22:59:12.308+0000] {dag.py:3954} INFO - Setting next_dagrun for example_xcom_args_with_operators to None, run_after=None
[2024-06-11T22:59:12.331+0000] {processor.py:183} INFO - Processing /home/airflow/.local/lib/python3.12/site-packages/airflow/example_dags/example_xcomargs.py took 0.083 seconds
[2024-06-11T22:59:43.071+0000] {processor.py:161} INFO - Started process (PID=1861) to work on /home/airflow/.local/lib/python3.12/site-packages/airflow/example_dags/example_xcomargs.py
[2024-06-11T22:59:43.072+0000] {processor.py:830} INFO - Processing file /home/airflow/.local/lib/python3.12/site-packages/airflow/example_dags/example_xcomargs.py for tasks to queue
[2024-06-11T22:59:43.074+0000] {logging_mixin.py:188} INFO - [2024-06-11T22:59:43.074+0000] {dagbag.py:545} INFO - Filling up the DagBag from /home/airflow/.local/lib/python3.12/site-packages/airflow/example_dags/example_xcomargs.py
[2024-06-11T22:59:43.080+0000] {processor.py:840} INFO - DAG(s) 'example_xcom_args_with_operators', 'example_xcom_args' retrieved from /home/airflow/.local/lib/python3.12/site-packages/airflow/example_dags/example_xcomargs.py
[2024-06-11T22:59:43.099+0000] {logging_mixin.py:188} INFO - [2024-06-11T22:59:43.098+0000] {dag.py:3096} INFO - Sync 2 DAGs
[2024-06-11T22:59:43.108+0000] {logging_mixin.py:188} INFO - [2024-06-11T22:59:43.108+0000] {dag.py:3954} INFO - Setting next_dagrun for example_xcom_args to None, run_after=None
[2024-06-11T22:59:43.111+0000] {logging_mixin.py:188} INFO - [2024-06-11T22:59:43.111+0000] {dag.py:3954} INFO - Setting next_dagrun for example_xcom_args_with_operators to None, run_after=None
[2024-06-11T22:59:43.125+0000] {processor.py:183} INFO - Processing /home/airflow/.local/lib/python3.12/site-packages/airflow/example_dags/example_xcomargs.py took 0.058 seconds
[2024-06-11T23:00:13.672+0000] {processor.py:161} INFO - Started process (PID=1920) to work on /home/airflow/.local/lib/python3.12/site-packages/airflow/example_dags/example_xcomargs.py
[2024-06-11T23:00:13.674+0000] {processor.py:830} INFO - Processing file /home/airflow/.local/lib/python3.12/site-packages/airflow/example_dags/example_xcomargs.py for tasks to queue
[2024-06-11T23:00:13.677+0000] {logging_mixin.py:188} INFO - [2024-06-11T23:00:13.676+0000] {dagbag.py:545} INFO - Filling up the DagBag from /home/airflow/.local/lib/python3.12/site-packages/airflow/example_dags/example_xcomargs.py
[2024-06-11T23:00:13.683+0000] {processor.py:840} INFO - DAG(s) 'example_xcom_args_with_operators', 'example_xcom_args' retrieved from /home/airflow/.local/lib/python3.12/site-packages/airflow/example_dags/example_xcomargs.py
[2024-06-11T23:00:13.701+0000] {logging_mixin.py:188} INFO - [2024-06-11T23:00:13.701+0000] {dag.py:3096} INFO - Sync 2 DAGs
[2024-06-11T23:00:13.843+0000] {logging_mixin.py:188} INFO - [2024-06-11T23:00:13.842+0000] {dag.py:3954} INFO - Setting next_dagrun for example_xcom_args to None, run_after=None
[2024-06-11T23:00:13.851+0000] {logging_mixin.py:188} INFO - [2024-06-11T23:00:13.851+0000] {dag.py:3954} INFO - Setting next_dagrun for example_xcom_args_with_operators to None, run_after=None
[2024-06-11T23:00:13.867+0000] {processor.py:183} INFO - Processing /home/airflow/.local/lib/python3.12/site-packages/airflow/example_dags/example_xcomargs.py took 0.199 seconds
[2024-06-11T23:00:45.028+0000] {processor.py:161} INFO - Started process (PID=1978) to work on /home/airflow/.local/lib/python3.12/site-packages/airflow/example_dags/example_xcomargs.py
[2024-06-11T23:00:45.030+0000] {processor.py:830} INFO - Processing file /home/airflow/.local/lib/python3.12/site-packages/airflow/example_dags/example_xcomargs.py for tasks to queue
[2024-06-11T23:00:45.032+0000] {logging_mixin.py:188} INFO - [2024-06-11T23:00:45.032+0000] {dagbag.py:545} INFO - Filling up the DagBag from /home/airflow/.local/lib/python3.12/site-packages/airflow/example_dags/example_xcomargs.py
[2024-06-11T23:00:45.047+0000] {processor.py:840} INFO - DAG(s) 'example_xcom_args', 'example_xcom_args_with_operators' retrieved from /home/airflow/.local/lib/python3.12/site-packages/airflow/example_dags/example_xcomargs.py
[2024-06-11T23:00:45.074+0000] {logging_mixin.py:188} INFO - [2024-06-11T23:00:45.074+0000] {dag.py:3096} INFO - Sync 2 DAGs
[2024-06-11T23:00:45.222+0000] {logging_mixin.py:188} INFO - [2024-06-11T23:00:45.222+0000] {dag.py:3954} INFO - Setting next_dagrun for example_xcom_args to None, run_after=None
[2024-06-11T23:00:45.228+0000] {logging_mixin.py:188} INFO - [2024-06-11T23:00:45.228+0000] {dag.py:3954} INFO - Setting next_dagrun for example_xcom_args_with_operators to None, run_after=None
[2024-06-11T23:00:45.260+0000] {processor.py:183} INFO - Processing /home/airflow/.local/lib/python3.12/site-packages/airflow/example_dags/example_xcomargs.py took 0.237 seconds
[2024-06-11T23:01:15.934+0000] {processor.py:161} INFO - Started process (PID=2036) to work on /home/airflow/.local/lib/python3.12/site-packages/airflow/example_dags/example_xcomargs.py
[2024-06-11T23:01:15.935+0000] {processor.py:830} INFO - Processing file /home/airflow/.local/lib/python3.12/site-packages/airflow/example_dags/example_xcomargs.py for tasks to queue
[2024-06-11T23:01:15.937+0000] {logging_mixin.py:188} INFO - [2024-06-11T23:01:15.937+0000] {dagbag.py:545} INFO - Filling up the DagBag from /home/airflow/.local/lib/python3.12/site-packages/airflow/example_dags/example_xcomargs.py
[2024-06-11T23:01:15.944+0000] {processor.py:840} INFO - DAG(s) 'example_xcom_args_with_operators', 'example_xcom_args' retrieved from /home/airflow/.local/lib/python3.12/site-packages/airflow/example_dags/example_xcomargs.py
[2024-06-11T23:01:16.036+0000] {logging_mixin.py:188} INFO - [2024-06-11T23:01:16.036+0000] {dag.py:3096} INFO - Sync 2 DAGs
[2024-06-11T23:01:16.125+0000] {logging_mixin.py:188} INFO - [2024-06-11T23:01:16.125+0000] {dag.py:3954} INFO - Setting next_dagrun for example_xcom_args to None, run_after=None
[2024-06-11T23:01:16.140+0000] {logging_mixin.py:188} INFO - [2024-06-11T23:01:16.140+0000] {dag.py:3954} INFO - Setting next_dagrun for example_xcom_args_with_operators to None, run_after=None
[2024-06-11T23:01:16.175+0000] {processor.py:183} INFO - Processing /home/airflow/.local/lib/python3.12/site-packages/airflow/example_dags/example_xcomargs.py took 0.245 seconds
[2024-06-11T23:01:46.815+0000] {processor.py:161} INFO - Started process (PID=2094) to work on /home/airflow/.local/lib/python3.12/site-packages/airflow/example_dags/example_xcomargs.py
[2024-06-11T23:01:46.816+0000] {processor.py:830} INFO - Processing file /home/airflow/.local/lib/python3.12/site-packages/airflow/example_dags/example_xcomargs.py for tasks to queue
[2024-06-11T23:01:46.818+0000] {logging_mixin.py:188} INFO - [2024-06-11T23:01:46.818+0000] {dagbag.py:545} INFO - Filling up the DagBag from /home/airflow/.local/lib/python3.12/site-packages/airflow/example_dags/example_xcomargs.py
[2024-06-11T23:01:46.826+0000] {processor.py:840} INFO - DAG(s) 'example_xcom_args_with_operators', 'example_xcom_args' retrieved from /home/airflow/.local/lib/python3.12/site-packages/airflow/example_dags/example_xcomargs.py
[2024-06-11T23:01:46.850+0000] {logging_mixin.py:188} INFO - [2024-06-11T23:01:46.850+0000] {dag.py:3096} INFO - Sync 2 DAGs
[2024-06-11T23:01:46.873+0000] {logging_mixin.py:188} INFO - [2024-06-11T23:01:46.872+0000] {dag.py:3954} INFO - Setting next_dagrun for example_xcom_args to None, run_after=None
[2024-06-11T23:01:46.879+0000] {logging_mixin.py:188} INFO - [2024-06-11T23:01:46.878+0000] {dag.py:3954} INFO - Setting next_dagrun for example_xcom_args_with_operators to None, run_after=None
[2024-06-11T23:01:46.897+0000] {processor.py:183} INFO - Processing /home/airflow/.local/lib/python3.12/site-packages/airflow/example_dags/example_xcomargs.py took 0.086 seconds
[2024-06-11T23:02:17.799+0000] {processor.py:161} INFO - Started process (PID=2152) to work on /home/airflow/.local/lib/python3.12/site-packages/airflow/example_dags/example_xcomargs.py
[2024-06-11T23:02:17.800+0000] {processor.py:830} INFO - Processing file /home/airflow/.local/lib/python3.12/site-packages/airflow/example_dags/example_xcomargs.py for tasks to queue
[2024-06-11T23:02:17.802+0000] {logging_mixin.py:188} INFO - [2024-06-11T23:02:17.802+0000] {dagbag.py:545} INFO - Filling up the DagBag from /home/airflow/.local/lib/python3.12/site-packages/airflow/example_dags/example_xcomargs.py
[2024-06-11T23:02:17.809+0000] {processor.py:840} INFO - DAG(s) 'example_xcom_args', 'example_xcom_args_with_operators' retrieved from /home/airflow/.local/lib/python3.12/site-packages/airflow/example_dags/example_xcomargs.py
[2024-06-11T23:02:17.830+0000] {logging_mixin.py:188} INFO - [2024-06-11T23:02:17.829+0000] {dag.py:3096} INFO - Sync 2 DAGs
[2024-06-11T23:02:17.843+0000] {logging_mixin.py:188} INFO - [2024-06-11T23:02:17.843+0000] {dag.py:3954} INFO - Setting next_dagrun for example_xcom_args to None, run_after=None
[2024-06-11T23:02:17.847+0000] {logging_mixin.py:188} INFO - [2024-06-11T23:02:17.847+0000] {dag.py:3954} INFO - Setting next_dagrun for example_xcom_args_with_operators to None, run_after=None
[2024-06-11T23:02:17.862+0000] {processor.py:183} INFO - Processing /home/airflow/.local/lib/python3.12/site-packages/airflow/example_dags/example_xcomargs.py took 0.068 seconds
[2024-06-11T23:02:48.203+0000] {processor.py:161} INFO - Started process (PID=2210) to work on /home/airflow/.local/lib/python3.12/site-packages/airflow/example_dags/example_xcomargs.py
[2024-06-11T23:02:48.204+0000] {processor.py:830} INFO - Processing file /home/airflow/.local/lib/python3.12/site-packages/airflow/example_dags/example_xcomargs.py for tasks to queue
[2024-06-11T23:02:48.206+0000] {logging_mixin.py:188} INFO - [2024-06-11T23:02:48.206+0000] {dagbag.py:545} INFO - Filling up the DagBag from /home/airflow/.local/lib/python3.12/site-packages/airflow/example_dags/example_xcomargs.py
[2024-06-11T23:02:48.213+0000] {processor.py:840} INFO - DAG(s) 'example_xcom_args_with_operators', 'example_xcom_args' retrieved from /home/airflow/.local/lib/python3.12/site-packages/airflow/example_dags/example_xcomargs.py
[2024-06-11T23:02:48.232+0000] {logging_mixin.py:188} INFO - [2024-06-11T23:02:48.232+0000] {dag.py:3096} INFO - Sync 2 DAGs
[2024-06-11T23:02:48.244+0000] {logging_mixin.py:188} INFO - [2024-06-11T23:02:48.244+0000] {dag.py:3954} INFO - Setting next_dagrun for example_xcom_args to None, run_after=None
[2024-06-11T23:02:48.248+0000] {logging_mixin.py:188} INFO - [2024-06-11T23:02:48.248+0000] {dag.py:3954} INFO - Setting next_dagrun for example_xcom_args_with_operators to None, run_after=None
[2024-06-11T23:02:48.264+0000] {processor.py:183} INFO - Processing /home/airflow/.local/lib/python3.12/site-packages/airflow/example_dags/example_xcomargs.py took 0.066 seconds
[2024-06-11T23:03:19.372+0000] {processor.py:161} INFO - Started process (PID=2268) to work on /home/airflow/.local/lib/python3.12/site-packages/airflow/example_dags/example_xcomargs.py
[2024-06-11T23:03:19.375+0000] {processor.py:830} INFO - Processing file /home/airflow/.local/lib/python3.12/site-packages/airflow/example_dags/example_xcomargs.py for tasks to queue
[2024-06-11T23:03:19.378+0000] {logging_mixin.py:188} INFO - [2024-06-11T23:03:19.378+0000] {dagbag.py:545} INFO - Filling up the DagBag from /home/airflow/.local/lib/python3.12/site-packages/airflow/example_dags/example_xcomargs.py
[2024-06-11T23:03:19.387+0000] {processor.py:840} INFO - DAG(s) 'example_xcom_args_with_operators', 'example_xcom_args' retrieved from /home/airflow/.local/lib/python3.12/site-packages/airflow/example_dags/example_xcomargs.py
[2024-06-11T23:03:19.418+0000] {logging_mixin.py:188} INFO - [2024-06-11T23:03:19.418+0000] {dag.py:3096} INFO - Sync 2 DAGs
[2024-06-11T23:03:19.473+0000] {logging_mixin.py:188} INFO - [2024-06-11T23:03:19.472+0000] {dag.py:3954} INFO - Setting next_dagrun for example_xcom_args to None, run_after=None
[2024-06-11T23:03:19.501+0000] {logging_mixin.py:188} INFO - [2024-06-11T23:03:19.501+0000] {dag.py:3954} INFO - Setting next_dagrun for example_xcom_args_with_operators to None, run_after=None
[2024-06-11T23:03:19.540+0000] {processor.py:183} INFO - Processing /home/airflow/.local/lib/python3.12/site-packages/airflow/example_dags/example_xcomargs.py took 0.185 seconds
[2024-06-11T23:03:49.658+0000] {processor.py:161} INFO - Started process (PID=2326) to work on /home/airflow/.local/lib/python3.12/site-packages/airflow/example_dags/example_xcomargs.py
[2024-06-11T23:03:49.659+0000] {processor.py:830} INFO - Processing file /home/airflow/.local/lib/python3.12/site-packages/airflow/example_dags/example_xcomargs.py for tasks to queue
[2024-06-11T23:03:49.660+0000] {logging_mixin.py:188} INFO - [2024-06-11T23:03:49.660+0000] {dagbag.py:545} INFO - Filling up the DagBag from /home/airflow/.local/lib/python3.12/site-packages/airflow/example_dags/example_xcomargs.py
[2024-06-11T23:03:49.668+0000] {processor.py:840} INFO - DAG(s) 'example_xcom_args_with_operators', 'example_xcom_args' retrieved from /home/airflow/.local/lib/python3.12/site-packages/airflow/example_dags/example_xcomargs.py
[2024-06-11T23:03:49.692+0000] {logging_mixin.py:188} INFO - [2024-06-11T23:03:49.691+0000] {dag.py:3096} INFO - Sync 2 DAGs
[2024-06-11T23:03:49.704+0000] {logging_mixin.py:188} INFO - [2024-06-11T23:03:49.704+0000] {dag.py:3954} INFO - Setting next_dagrun for example_xcom_args to None, run_after=None
[2024-06-11T23:03:49.708+0000] {logging_mixin.py:188} INFO - [2024-06-11T23:03:49.708+0000] {dag.py:3954} INFO - Setting next_dagrun for example_xcom_args_with_operators to None, run_after=None
[2024-06-11T23:03:49.724+0000] {processor.py:183} INFO - Processing /home/airflow/.local/lib/python3.12/site-packages/airflow/example_dags/example_xcomargs.py took 0.073 seconds
[2024-06-11T23:04:20.379+0000] {processor.py:161} INFO - Started process (PID=2384) to work on /home/airflow/.local/lib/python3.12/site-packages/airflow/example_dags/example_xcomargs.py
[2024-06-11T23:04:20.432+0000] {processor.py:830} INFO - Processing file /home/airflow/.local/lib/python3.12/site-packages/airflow/example_dags/example_xcomargs.py for tasks to queue
[2024-06-11T23:04:20.434+0000] {logging_mixin.py:188} INFO - [2024-06-11T23:04:20.434+0000] {dagbag.py:545} INFO - Filling up the DagBag from /home/airflow/.local/lib/python3.12/site-packages/airflow/example_dags/example_xcomargs.py
[2024-06-11T23:04:20.454+0000] {processor.py:840} INFO - DAG(s) 'example_xcom_args', 'example_xcom_args_with_operators' retrieved from /home/airflow/.local/lib/python3.12/site-packages/airflow/example_dags/example_xcomargs.py
[2024-06-11T23:04:20.482+0000] {logging_mixin.py:188} INFO - [2024-06-11T23:04:20.482+0000] {dag.py:3096} INFO - Sync 2 DAGs
[2024-06-11T23:04:20.497+0000] {logging_mixin.py:188} INFO - [2024-06-11T23:04:20.497+0000] {dag.py:3954} INFO - Setting next_dagrun for example_xcom_args to None, run_after=None
[2024-06-11T23:04:20.501+0000] {logging_mixin.py:188} INFO - [2024-06-11T23:04:20.501+0000] {dag.py:3954} INFO - Setting next_dagrun for example_xcom_args_with_operators to None, run_after=None
[2024-06-11T23:04:20.517+0000] {processor.py:183} INFO - Processing /home/airflow/.local/lib/python3.12/site-packages/airflow/example_dags/example_xcomargs.py took 0.145 seconds
[2024-06-11T23:04:50.717+0000] {processor.py:161} INFO - Started process (PID=2443) to work on /home/airflow/.local/lib/python3.12/site-packages/airflow/example_dags/example_xcomargs.py
[2024-06-11T23:04:50.718+0000] {processor.py:830} INFO - Processing file /home/airflow/.local/lib/python3.12/site-packages/airflow/example_dags/example_xcomargs.py for tasks to queue
[2024-06-11T23:04:50.720+0000] {logging_mixin.py:188} INFO - [2024-06-11T23:04:50.720+0000] {dagbag.py:545} INFO - Filling up the DagBag from /home/airflow/.local/lib/python3.12/site-packages/airflow/example_dags/example_xcomargs.py
[2024-06-11T23:04:50.728+0000] {processor.py:840} INFO - DAG(s) 'example_xcom_args', 'example_xcom_args_with_operators' retrieved from /home/airflow/.local/lib/python3.12/site-packages/airflow/example_dags/example_xcomargs.py
[2024-06-11T23:04:50.748+0000] {logging_mixin.py:188} INFO - [2024-06-11T23:04:50.747+0000] {dag.py:3096} INFO - Sync 2 DAGs
[2024-06-11T23:04:50.760+0000] {logging_mixin.py:188} INFO - [2024-06-11T23:04:50.760+0000] {dag.py:3954} INFO - Setting next_dagrun for example_xcom_args to None, run_after=None
[2024-06-11T23:04:50.764+0000] {logging_mixin.py:188} INFO - [2024-06-11T23:04:50.764+0000] {dag.py:3954} INFO - Setting next_dagrun for example_xcom_args_with_operators to None, run_after=None
[2024-06-11T23:04:50.779+0000] {processor.py:183} INFO - Processing /home/airflow/.local/lib/python3.12/site-packages/airflow/example_dags/example_xcomargs.py took 0.067 seconds
[2024-06-11T23:05:21.360+0000] {processor.py:161} INFO - Started process (PID=2501) to work on /home/airflow/.local/lib/python3.12/site-packages/airflow/example_dags/example_xcomargs.py
[2024-06-11T23:05:21.363+0000] {processor.py:830} INFO - Processing file /home/airflow/.local/lib/python3.12/site-packages/airflow/example_dags/example_xcomargs.py for tasks to queue
[2024-06-11T23:05:21.365+0000] {logging_mixin.py:188} INFO - [2024-06-11T23:05:21.364+0000] {dagbag.py:545} INFO - Filling up the DagBag from /home/airflow/.local/lib/python3.12/site-packages/airflow/example_dags/example_xcomargs.py
[2024-06-11T23:05:21.372+0000] {processor.py:840} INFO - DAG(s) 'example_xcom_args', 'example_xcom_args_with_operators' retrieved from /home/airflow/.local/lib/python3.12/site-packages/airflow/example_dags/example_xcomargs.py
[2024-06-11T23:05:21.391+0000] {logging_mixin.py:188} INFO - [2024-06-11T23:05:21.391+0000] {dag.py:3096} INFO - Sync 2 DAGs
[2024-06-11T23:05:21.403+0000] {logging_mixin.py:188} INFO - [2024-06-11T23:05:21.403+0000] {dag.py:3954} INFO - Setting next_dagrun for example_xcom_args to None, run_after=None
[2024-06-11T23:05:21.407+0000] {logging_mixin.py:188} INFO - [2024-06-11T23:05:21.406+0000] {dag.py:3954} INFO - Setting next_dagrun for example_xcom_args_with_operators to None, run_after=None
[2024-06-11T23:05:21.421+0000] {processor.py:183} INFO - Processing /home/airflow/.local/lib/python3.12/site-packages/airflow/example_dags/example_xcomargs.py took 0.065 seconds
[2024-06-11T23:05:51.553+0000] {processor.py:161} INFO - Started process (PID=2559) to work on /home/airflow/.local/lib/python3.12/site-packages/airflow/example_dags/example_xcomargs.py
[2024-06-11T23:05:51.554+0000] {processor.py:830} INFO - Processing file /home/airflow/.local/lib/python3.12/site-packages/airflow/example_dags/example_xcomargs.py for tasks to queue
[2024-06-11T23:05:51.556+0000] {logging_mixin.py:188} INFO - [2024-06-11T23:05:51.555+0000] {dagbag.py:545} INFO - Filling up the DagBag from /home/airflow/.local/lib/python3.12/site-packages/airflow/example_dags/example_xcomargs.py
[2024-06-11T23:05:51.563+0000] {processor.py:840} INFO - DAG(s) 'example_xcom_args', 'example_xcom_args_with_operators' retrieved from /home/airflow/.local/lib/python3.12/site-packages/airflow/example_dags/example_xcomargs.py
[2024-06-11T23:05:51.584+0000] {logging_mixin.py:188} INFO - [2024-06-11T23:05:51.584+0000] {dag.py:3096} INFO - Sync 2 DAGs
[2024-06-11T23:05:51.596+0000] {logging_mixin.py:188} INFO - [2024-06-11T23:05:51.596+0000] {dag.py:3954} INFO - Setting next_dagrun for example_xcom_args to None, run_after=None
[2024-06-11T23:05:51.600+0000] {logging_mixin.py:188} INFO - [2024-06-11T23:05:51.600+0000] {dag.py:3954} INFO - Setting next_dagrun for example_xcom_args_with_operators to None, run_after=None
[2024-06-11T23:05:51.615+0000] {processor.py:183} INFO - Processing /home/airflow/.local/lib/python3.12/site-packages/airflow/example_dags/example_xcomargs.py took 0.067 seconds
[2024-06-11T23:06:21.744+0000] {processor.py:161} INFO - Started process (PID=2617) to work on /home/airflow/.local/lib/python3.12/site-packages/airflow/example_dags/example_xcomargs.py
[2024-06-11T23:06:21.746+0000] {processor.py:830} INFO - Processing file /home/airflow/.local/lib/python3.12/site-packages/airflow/example_dags/example_xcomargs.py for tasks to queue
[2024-06-11T23:06:21.749+0000] {logging_mixin.py:188} INFO - [2024-06-11T23:06:21.748+0000] {dagbag.py:545} INFO - Filling up the DagBag from /home/airflow/.local/lib/python3.12/site-packages/airflow/example_dags/example_xcomargs.py
[2024-06-11T23:06:21.756+0000] {processor.py:840} INFO - DAG(s) 'example_xcom_args_with_operators', 'example_xcom_args' retrieved from /home/airflow/.local/lib/python3.12/site-packages/airflow/example_dags/example_xcomargs.py
[2024-06-11T23:06:21.780+0000] {logging_mixin.py:188} INFO - [2024-06-11T23:06:21.780+0000] {dag.py:3096} INFO - Sync 2 DAGs
[2024-06-11T23:06:21.836+0000] {logging_mixin.py:188} INFO - [2024-06-11T23:06:21.836+0000] {dag.py:3954} INFO - Setting next_dagrun for example_xcom_args to None, run_after=None
[2024-06-11T23:06:21.841+0000] {logging_mixin.py:188} INFO - [2024-06-11T23:06:21.841+0000] {dag.py:3954} INFO - Setting next_dagrun for example_xcom_args_with_operators to None, run_after=None
[2024-06-11T23:06:21.860+0000] {processor.py:183} INFO - Processing /home/airflow/.local/lib/python3.12/site-packages/airflow/example_dags/example_xcomargs.py took 0.126 seconds
[2024-06-11T23:06:52.311+0000] {processor.py:161} INFO - Started process (PID=2675) to work on /home/airflow/.local/lib/python3.12/site-packages/airflow/example_dags/example_xcomargs.py
[2024-06-11T23:06:52.313+0000] {processor.py:830} INFO - Processing file /home/airflow/.local/lib/python3.12/site-packages/airflow/example_dags/example_xcomargs.py for tasks to queue
[2024-06-11T23:06:52.315+0000] {logging_mixin.py:188} INFO - [2024-06-11T23:06:52.315+0000] {dagbag.py:545} INFO - Filling up the DagBag from /home/airflow/.local/lib/python3.12/site-packages/airflow/example_dags/example_xcomargs.py
[2024-06-11T23:06:52.323+0000] {processor.py:840} INFO - DAG(s) 'example_xcom_args', 'example_xcom_args_with_operators' retrieved from /home/airflow/.local/lib/python3.12/site-packages/airflow/example_dags/example_xcomargs.py
[2024-06-11T23:06:52.344+0000] {logging_mixin.py:188} INFO - [2024-06-11T23:06:52.344+0000] {dag.py:3096} INFO - Sync 2 DAGs
[2024-06-11T23:06:52.357+0000] {logging_mixin.py:188} INFO - [2024-06-11T23:06:52.356+0000] {dag.py:3954} INFO - Setting next_dagrun for example_xcom_args to None, run_after=None
[2024-06-11T23:06:52.360+0000] {logging_mixin.py:188} INFO - [2024-06-11T23:06:52.360+0000] {dag.py:3954} INFO - Setting next_dagrun for example_xcom_args_with_operators to None, run_after=None
[2024-06-11T23:06:52.377+0000] {processor.py:183} INFO - Processing /home/airflow/.local/lib/python3.12/site-packages/airflow/example_dags/example_xcomargs.py took 0.071 seconds
