[2024-06-11T22:43:49.051+0000] {processor.py:161} INFO - Started process (PID=49) to work on /home/airflow/.local/lib/python3.12/site-packages/airflow/example_dags/example_setup_teardown_taskflow.py
[2024-06-11T22:43:49.053+0000] {processor.py:830} INFO - Processing file /home/airflow/.local/lib/python3.12/site-packages/airflow/example_dags/example_setup_teardown_taskflow.py for tasks to queue
[2024-06-11T22:43:49.057+0000] {logging_mixin.py:188} INFO - [2024-06-11T22:43:49.057+0000] {dagbag.py:545} INFO - Filling up the DagBag from /home/airflow/.local/lib/python3.12/site-packages/airflow/example_dags/example_setup_teardown_taskflow.py
[2024-06-11T22:43:49.079+0000] {processor.py:840} INFO - DAG(s) 'example_setup_teardown_taskflow' retrieved from /home/airflow/.local/lib/python3.12/site-packages/airflow/example_dags/example_setup_teardown_taskflow.py
[2024-06-11T22:43:49.101+0000] {logging_mixin.py:188} INFO - [2024-06-11T22:43:49.100+0000] {dag.py:3096} INFO - Sync 1 DAGs
[2024-06-11T22:43:49.134+0000] {logging_mixin.py:188} INFO - [2024-06-11T22:43:49.134+0000] {dag.py:3954} INFO - Setting next_dagrun for example_setup_teardown_taskflow to 2024-06-10 00:00:00+00:00, run_after=2024-06-11 00:00:00+00:00
[2024-06-11T22:43:49.167+0000] {processor.py:183} INFO - Processing /home/airflow/.local/lib/python3.12/site-packages/airflow/example_dags/example_setup_teardown_taskflow.py took 0.127 seconds
[2024-06-11T22:44:19.384+0000] {processor.py:161} INFO - Started process (PID=107) to work on /home/airflow/.local/lib/python3.12/site-packages/airflow/example_dags/example_setup_teardown_taskflow.py
[2024-06-11T22:44:19.385+0000] {processor.py:830} INFO - Processing file /home/airflow/.local/lib/python3.12/site-packages/airflow/example_dags/example_setup_teardown_taskflow.py for tasks to queue
[2024-06-11T22:44:19.387+0000] {logging_mixin.py:188} INFO - [2024-06-11T22:44:19.387+0000] {dagbag.py:545} INFO - Filling up the DagBag from /home/airflow/.local/lib/python3.12/site-packages/airflow/example_dags/example_setup_teardown_taskflow.py
[2024-06-11T22:44:19.393+0000] {processor.py:840} INFO - DAG(s) 'example_setup_teardown_taskflow' retrieved from /home/airflow/.local/lib/python3.12/site-packages/airflow/example_dags/example_setup_teardown_taskflow.py
[2024-06-11T22:44:19.463+0000] {logging_mixin.py:188} INFO - [2024-06-11T22:44:19.463+0000] {dag.py:3096} INFO - Sync 1 DAGs
[2024-06-11T22:44:19.477+0000] {logging_mixin.py:188} INFO - [2024-06-11T22:44:19.477+0000] {dag.py:3954} INFO - Setting next_dagrun for example_setup_teardown_taskflow to 2024-06-10 00:00:00+00:00, run_after=2024-06-11 00:00:00+00:00
[2024-06-11T22:44:19.493+0000] {processor.py:183} INFO - Processing /home/airflow/.local/lib/python3.12/site-packages/airflow/example_dags/example_setup_teardown_taskflow.py took 0.112 seconds
[2024-06-11T22:44:49.995+0000] {processor.py:161} INFO - Started process (PID=165) to work on /home/airflow/.local/lib/python3.12/site-packages/airflow/example_dags/example_setup_teardown_taskflow.py
[2024-06-11T22:44:49.996+0000] {processor.py:830} INFO - Processing file /home/airflow/.local/lib/python3.12/site-packages/airflow/example_dags/example_setup_teardown_taskflow.py for tasks to queue
[2024-06-11T22:44:49.997+0000] {logging_mixin.py:188} INFO - [2024-06-11T22:44:49.997+0000] {dagbag.py:545} INFO - Filling up the DagBag from /home/airflow/.local/lib/python3.12/site-packages/airflow/example_dags/example_setup_teardown_taskflow.py
[2024-06-11T22:44:50.004+0000] {processor.py:840} INFO - DAG(s) 'example_setup_teardown_taskflow' retrieved from /home/airflow/.local/lib/python3.12/site-packages/airflow/example_dags/example_setup_teardown_taskflow.py
[2024-06-11T22:44:50.021+0000] {logging_mixin.py:188} INFO - [2024-06-11T22:44:50.021+0000] {dag.py:3096} INFO - Sync 1 DAGs
[2024-06-11T22:44:50.039+0000] {logging_mixin.py:188} INFO - [2024-06-11T22:44:50.039+0000] {dag.py:3954} INFO - Setting next_dagrun for example_setup_teardown_taskflow to 2024-06-10 00:00:00+00:00, run_after=2024-06-11 00:00:00+00:00
[2024-06-11T22:44:50.055+0000] {processor.py:183} INFO - Processing /home/airflow/.local/lib/python3.12/site-packages/airflow/example_dags/example_setup_teardown_taskflow.py took 0.065 seconds
[2024-06-11T22:45:20.340+0000] {processor.py:161} INFO - Started process (PID=224) to work on /home/airflow/.local/lib/python3.12/site-packages/airflow/example_dags/example_setup_teardown_taskflow.py
[2024-06-11T22:45:20.341+0000] {processor.py:830} INFO - Processing file /home/airflow/.local/lib/python3.12/site-packages/airflow/example_dags/example_setup_teardown_taskflow.py for tasks to queue
[2024-06-11T22:45:20.342+0000] {logging_mixin.py:188} INFO - [2024-06-11T22:45:20.342+0000] {dagbag.py:545} INFO - Filling up the DagBag from /home/airflow/.local/lib/python3.12/site-packages/airflow/example_dags/example_setup_teardown_taskflow.py
[2024-06-11T22:45:20.349+0000] {processor.py:840} INFO - DAG(s) 'example_setup_teardown_taskflow' retrieved from /home/airflow/.local/lib/python3.12/site-packages/airflow/example_dags/example_setup_teardown_taskflow.py
[2024-06-11T22:45:20.365+0000] {logging_mixin.py:188} INFO - [2024-06-11T22:45:20.365+0000] {dag.py:3096} INFO - Sync 1 DAGs
[2024-06-11T22:45:20.382+0000] {logging_mixin.py:188} INFO - [2024-06-11T22:45:20.381+0000] {dag.py:3954} INFO - Setting next_dagrun for example_setup_teardown_taskflow to 2024-06-10 00:00:00+00:00, run_after=2024-06-11 00:00:00+00:00
[2024-06-11T22:45:20.397+0000] {processor.py:183} INFO - Processing /home/airflow/.local/lib/python3.12/site-packages/airflow/example_dags/example_setup_teardown_taskflow.py took 0.061 seconds
[2024-06-11T22:45:50.750+0000] {processor.py:161} INFO - Started process (PID=282) to work on /home/airflow/.local/lib/python3.12/site-packages/airflow/example_dags/example_setup_teardown_taskflow.py
[2024-06-11T22:45:50.751+0000] {processor.py:830} INFO - Processing file /home/airflow/.local/lib/python3.12/site-packages/airflow/example_dags/example_setup_teardown_taskflow.py for tasks to queue
[2024-06-11T22:45:50.753+0000] {logging_mixin.py:188} INFO - [2024-06-11T22:45:50.753+0000] {dagbag.py:545} INFO - Filling up the DagBag from /home/airflow/.local/lib/python3.12/site-packages/airflow/example_dags/example_setup_teardown_taskflow.py
[2024-06-11T22:45:50.761+0000] {processor.py:840} INFO - DAG(s) 'example_setup_teardown_taskflow' retrieved from /home/airflow/.local/lib/python3.12/site-packages/airflow/example_dags/example_setup_teardown_taskflow.py
[2024-06-11T22:45:50.780+0000] {logging_mixin.py:188} INFO - [2024-06-11T22:45:50.779+0000] {dag.py:3096} INFO - Sync 1 DAGs
[2024-06-11T22:45:50.799+0000] {logging_mixin.py:188} INFO - [2024-06-11T22:45:50.799+0000] {dag.py:3954} INFO - Setting next_dagrun for example_setup_teardown_taskflow to 2024-06-10 00:00:00+00:00, run_after=2024-06-11 00:00:00+00:00
[2024-06-11T22:45:50.817+0000] {processor.py:183} INFO - Processing /home/airflow/.local/lib/python3.12/site-packages/airflow/example_dags/example_setup_teardown_taskflow.py took 0.072 seconds
[2024-06-11T22:46:21.609+0000] {processor.py:161} INFO - Started process (PID=340) to work on /home/airflow/.local/lib/python3.12/site-packages/airflow/example_dags/example_setup_teardown_taskflow.py
[2024-06-11T22:46:21.610+0000] {processor.py:830} INFO - Processing file /home/airflow/.local/lib/python3.12/site-packages/airflow/example_dags/example_setup_teardown_taskflow.py for tasks to queue
[2024-06-11T22:46:21.612+0000] {logging_mixin.py:188} INFO - [2024-06-11T22:46:21.611+0000] {dagbag.py:545} INFO - Filling up the DagBag from /home/airflow/.local/lib/python3.12/site-packages/airflow/example_dags/example_setup_teardown_taskflow.py
[2024-06-11T22:46:21.619+0000] {processor.py:840} INFO - DAG(s) 'example_setup_teardown_taskflow' retrieved from /home/airflow/.local/lib/python3.12/site-packages/airflow/example_dags/example_setup_teardown_taskflow.py
[2024-06-11T22:46:21.637+0000] {logging_mixin.py:188} INFO - [2024-06-11T22:46:21.637+0000] {dag.py:3096} INFO - Sync 1 DAGs
[2024-06-11T22:46:21.657+0000] {logging_mixin.py:188} INFO - [2024-06-11T22:46:21.657+0000] {dag.py:3954} INFO - Setting next_dagrun for example_setup_teardown_taskflow to 2024-06-10 00:00:00+00:00, run_after=2024-06-11 00:00:00+00:00
[2024-06-11T22:46:21.677+0000] {processor.py:183} INFO - Processing /home/airflow/.local/lib/python3.12/site-packages/airflow/example_dags/example_setup_teardown_taskflow.py took 0.073 seconds
[2024-06-11T22:46:51.904+0000] {processor.py:161} INFO - Started process (PID=398) to work on /home/airflow/.local/lib/python3.12/site-packages/airflow/example_dags/example_setup_teardown_taskflow.py
[2024-06-11T22:46:51.905+0000] {processor.py:830} INFO - Processing file /home/airflow/.local/lib/python3.12/site-packages/airflow/example_dags/example_setup_teardown_taskflow.py for tasks to queue
[2024-06-11T22:46:51.906+0000] {logging_mixin.py:188} INFO - [2024-06-11T22:46:51.906+0000] {dagbag.py:545} INFO - Filling up the DagBag from /home/airflow/.local/lib/python3.12/site-packages/airflow/example_dags/example_setup_teardown_taskflow.py
[2024-06-11T22:46:51.915+0000] {processor.py:840} INFO - DAG(s) 'example_setup_teardown_taskflow' retrieved from /home/airflow/.local/lib/python3.12/site-packages/airflow/example_dags/example_setup_teardown_taskflow.py
[2024-06-11T22:46:51.933+0000] {logging_mixin.py:188} INFO - [2024-06-11T22:46:51.933+0000] {dag.py:3096} INFO - Sync 1 DAGs
[2024-06-11T22:46:51.953+0000] {logging_mixin.py:188} INFO - [2024-06-11T22:46:51.953+0000] {dag.py:3954} INFO - Setting next_dagrun for example_setup_teardown_taskflow to 2024-06-10 00:00:00+00:00, run_after=2024-06-11 00:00:00+00:00
[2024-06-11T22:46:51.974+0000] {processor.py:183} INFO - Processing /home/airflow/.local/lib/python3.12/site-packages/airflow/example_dags/example_setup_teardown_taskflow.py took 0.075 seconds
[2024-06-11T22:47:22.288+0000] {processor.py:161} INFO - Started process (PID=456) to work on /home/airflow/.local/lib/python3.12/site-packages/airflow/example_dags/example_setup_teardown_taskflow.py
[2024-06-11T22:47:22.290+0000] {processor.py:830} INFO - Processing file /home/airflow/.local/lib/python3.12/site-packages/airflow/example_dags/example_setup_teardown_taskflow.py for tasks to queue
[2024-06-11T22:47:22.292+0000] {logging_mixin.py:188} INFO - [2024-06-11T22:47:22.292+0000] {dagbag.py:545} INFO - Filling up the DagBag from /home/airflow/.local/lib/python3.12/site-packages/airflow/example_dags/example_setup_teardown_taskflow.py
[2024-06-11T22:47:22.301+0000] {processor.py:840} INFO - DAG(s) 'example_setup_teardown_taskflow' retrieved from /home/airflow/.local/lib/python3.12/site-packages/airflow/example_dags/example_setup_teardown_taskflow.py
[2024-06-11T22:47:22.321+0000] {logging_mixin.py:188} INFO - [2024-06-11T22:47:22.321+0000] {dag.py:3096} INFO - Sync 1 DAGs
[2024-06-11T22:47:22.343+0000] {logging_mixin.py:188} INFO - [2024-06-11T22:47:22.342+0000] {dag.py:3954} INFO - Setting next_dagrun for example_setup_teardown_taskflow to 2024-06-10 00:00:00+00:00, run_after=2024-06-11 00:00:00+00:00
[2024-06-11T22:47:22.363+0000] {processor.py:183} INFO - Processing /home/airflow/.local/lib/python3.12/site-packages/airflow/example_dags/example_setup_teardown_taskflow.py took 0.079 seconds
[2024-06-11T22:47:52.985+0000] {processor.py:161} INFO - Started process (PID=514) to work on /home/airflow/.local/lib/python3.12/site-packages/airflow/example_dags/example_setup_teardown_taskflow.py
[2024-06-11T22:47:52.986+0000] {processor.py:830} INFO - Processing file /home/airflow/.local/lib/python3.12/site-packages/airflow/example_dags/example_setup_teardown_taskflow.py for tasks to queue
[2024-06-11T22:47:52.988+0000] {logging_mixin.py:188} INFO - [2024-06-11T22:47:52.988+0000] {dagbag.py:545} INFO - Filling up the DagBag from /home/airflow/.local/lib/python3.12/site-packages/airflow/example_dags/example_setup_teardown_taskflow.py
[2024-06-11T22:47:52.997+0000] {processor.py:840} INFO - DAG(s) 'example_setup_teardown_taskflow' retrieved from /home/airflow/.local/lib/python3.12/site-packages/airflow/example_dags/example_setup_teardown_taskflow.py
[2024-06-11T22:47:53.022+0000] {logging_mixin.py:188} INFO - [2024-06-11T22:47:53.022+0000] {dag.py:3096} INFO - Sync 1 DAGs
[2024-06-11T22:47:53.043+0000] {logging_mixin.py:188} INFO - [2024-06-11T22:47:53.043+0000] {dag.py:3954} INFO - Setting next_dagrun for example_setup_teardown_taskflow to 2024-06-10 00:00:00+00:00, run_after=2024-06-11 00:00:00+00:00
[2024-06-11T22:47:53.070+0000] {processor.py:183} INFO - Processing /home/airflow/.local/lib/python3.12/site-packages/airflow/example_dags/example_setup_teardown_taskflow.py took 0.092 seconds
[2024-06-11T22:48:23.779+0000] {processor.py:161} INFO - Started process (PID=572) to work on /home/airflow/.local/lib/python3.12/site-packages/airflow/example_dags/example_setup_teardown_taskflow.py
[2024-06-11T22:48:23.780+0000] {processor.py:830} INFO - Processing file /home/airflow/.local/lib/python3.12/site-packages/airflow/example_dags/example_setup_teardown_taskflow.py for tasks to queue
[2024-06-11T22:48:23.782+0000] {logging_mixin.py:188} INFO - [2024-06-11T22:48:23.782+0000] {dagbag.py:545} INFO - Filling up the DagBag from /home/airflow/.local/lib/python3.12/site-packages/airflow/example_dags/example_setup_teardown_taskflow.py
[2024-06-11T22:48:23.790+0000] {processor.py:840} INFO - DAG(s) 'example_setup_teardown_taskflow' retrieved from /home/airflow/.local/lib/python3.12/site-packages/airflow/example_dags/example_setup_teardown_taskflow.py
[2024-06-11T22:48:23.811+0000] {logging_mixin.py:188} INFO - [2024-06-11T22:48:23.811+0000] {dag.py:3096} INFO - Sync 1 DAGs
[2024-06-11T22:48:23.835+0000] {logging_mixin.py:188} INFO - [2024-06-11T22:48:23.834+0000] {dag.py:3954} INFO - Setting next_dagrun for example_setup_teardown_taskflow to 2024-06-10 00:00:00+00:00, run_after=2024-06-11 00:00:00+00:00
[2024-06-11T22:48:23.857+0000] {processor.py:183} INFO - Processing /home/airflow/.local/lib/python3.12/site-packages/airflow/example_dags/example_setup_teardown_taskflow.py took 0.083 seconds
[2024-06-11T22:48:54.787+0000] {processor.py:161} INFO - Started process (PID=630) to work on /home/airflow/.local/lib/python3.12/site-packages/airflow/example_dags/example_setup_teardown_taskflow.py
[2024-06-11T22:48:54.793+0000] {processor.py:830} INFO - Processing file /home/airflow/.local/lib/python3.12/site-packages/airflow/example_dags/example_setup_teardown_taskflow.py for tasks to queue
[2024-06-11T22:48:54.795+0000] {logging_mixin.py:188} INFO - [2024-06-11T22:48:54.794+0000] {dagbag.py:545} INFO - Filling up the DagBag from /home/airflow/.local/lib/python3.12/site-packages/airflow/example_dags/example_setup_teardown_taskflow.py
[2024-06-11T22:48:54.803+0000] {processor.py:840} INFO - DAG(s) 'example_setup_teardown_taskflow' retrieved from /home/airflow/.local/lib/python3.12/site-packages/airflow/example_dags/example_setup_teardown_taskflow.py
[2024-06-11T22:48:54.821+0000] {logging_mixin.py:188} INFO - [2024-06-11T22:48:54.821+0000] {dag.py:3096} INFO - Sync 1 DAGs
[2024-06-11T22:48:54.846+0000] {logging_mixin.py:188} INFO - [2024-06-11T22:48:54.846+0000] {dag.py:3954} INFO - Setting next_dagrun for example_setup_teardown_taskflow to 2024-06-10 00:00:00+00:00, run_after=2024-06-11 00:00:00+00:00
[2024-06-11T22:48:54.873+0000] {processor.py:183} INFO - Processing /home/airflow/.local/lib/python3.12/site-packages/airflow/example_dags/example_setup_teardown_taskflow.py took 0.091 seconds
[2024-06-11T22:49:25.088+0000] {processor.py:161} INFO - Started process (PID=688) to work on /home/airflow/.local/lib/python3.12/site-packages/airflow/example_dags/example_setup_teardown_taskflow.py
[2024-06-11T22:49:25.089+0000] {processor.py:830} INFO - Processing file /home/airflow/.local/lib/python3.12/site-packages/airflow/example_dags/example_setup_teardown_taskflow.py for tasks to queue
[2024-06-11T22:49:25.091+0000] {logging_mixin.py:188} INFO - [2024-06-11T22:49:25.091+0000] {dagbag.py:545} INFO - Filling up the DagBag from /home/airflow/.local/lib/python3.12/site-packages/airflow/example_dags/example_setup_teardown_taskflow.py
[2024-06-11T22:49:25.099+0000] {processor.py:840} INFO - DAG(s) 'example_setup_teardown_taskflow' retrieved from /home/airflow/.local/lib/python3.12/site-packages/airflow/example_dags/example_setup_teardown_taskflow.py
[2024-06-11T22:49:25.120+0000] {logging_mixin.py:188} INFO - [2024-06-11T22:49:25.119+0000] {dag.py:3096} INFO - Sync 1 DAGs
[2024-06-11T22:49:25.139+0000] {logging_mixin.py:188} INFO - [2024-06-11T22:49:25.139+0000] {dag.py:3954} INFO - Setting next_dagrun for example_setup_teardown_taskflow to 2024-06-10 00:00:00+00:00, run_after=2024-06-11 00:00:00+00:00
[2024-06-11T22:49:25.164+0000] {processor.py:183} INFO - Processing /home/airflow/.local/lib/python3.12/site-packages/airflow/example_dags/example_setup_teardown_taskflow.py took 0.081 seconds
[2024-06-11T22:49:56.124+0000] {processor.py:161} INFO - Started process (PID=746) to work on /home/airflow/.local/lib/python3.12/site-packages/airflow/example_dags/example_setup_teardown_taskflow.py
[2024-06-11T22:49:56.150+0000] {processor.py:830} INFO - Processing file /home/airflow/.local/lib/python3.12/site-packages/airflow/example_dags/example_setup_teardown_taskflow.py for tasks to queue
[2024-06-11T22:49:56.152+0000] {logging_mixin.py:188} INFO - [2024-06-11T22:49:56.151+0000] {dagbag.py:545} INFO - Filling up the DagBag from /home/airflow/.local/lib/python3.12/site-packages/airflow/example_dags/example_setup_teardown_taskflow.py
[2024-06-11T22:49:56.169+0000] {processor.py:840} INFO - DAG(s) 'example_setup_teardown_taskflow' retrieved from /home/airflow/.local/lib/python3.12/site-packages/airflow/example_dags/example_setup_teardown_taskflow.py
[2024-06-11T22:49:56.198+0000] {logging_mixin.py:188} INFO - [2024-06-11T22:49:56.198+0000] {dag.py:3096} INFO - Sync 1 DAGs
[2024-06-11T22:49:56.224+0000] {logging_mixin.py:188} INFO - [2024-06-11T22:49:56.224+0000] {dag.py:3954} INFO - Setting next_dagrun for example_setup_teardown_taskflow to 2024-06-10 00:00:00+00:00, run_after=2024-06-11 00:00:00+00:00
[2024-06-11T22:49:56.251+0000] {processor.py:183} INFO - Processing /home/airflow/.local/lib/python3.12/site-packages/airflow/example_dags/example_setup_teardown_taskflow.py took 0.132 seconds
[2024-06-11T22:50:26.446+0000] {processor.py:161} INFO - Started process (PID=804) to work on /home/airflow/.local/lib/python3.12/site-packages/airflow/example_dags/example_setup_teardown_taskflow.py
[2024-06-11T22:50:26.447+0000] {processor.py:830} INFO - Processing file /home/airflow/.local/lib/python3.12/site-packages/airflow/example_dags/example_setup_teardown_taskflow.py for tasks to queue
[2024-06-11T22:50:26.448+0000] {logging_mixin.py:188} INFO - [2024-06-11T22:50:26.448+0000] {dagbag.py:545} INFO - Filling up the DagBag from /home/airflow/.local/lib/python3.12/site-packages/airflow/example_dags/example_setup_teardown_taskflow.py
[2024-06-11T22:50:26.456+0000] {processor.py:840} INFO - DAG(s) 'example_setup_teardown_taskflow' retrieved from /home/airflow/.local/lib/python3.12/site-packages/airflow/example_dags/example_setup_teardown_taskflow.py
[2024-06-11T22:50:26.473+0000] {logging_mixin.py:188} INFO - [2024-06-11T22:50:26.473+0000] {dag.py:3096} INFO - Sync 1 DAGs
[2024-06-11T22:50:26.500+0000] {logging_mixin.py:188} INFO - [2024-06-11T22:50:26.500+0000] {dag.py:3954} INFO - Setting next_dagrun for example_setup_teardown_taskflow to 2024-06-10 00:00:00+00:00, run_after=2024-06-11 00:00:00+00:00
[2024-06-11T22:50:26.530+0000] {processor.py:183} INFO - Processing /home/airflow/.local/lib/python3.12/site-packages/airflow/example_dags/example_setup_teardown_taskflow.py took 0.088 seconds
[2024-06-11T22:50:57.347+0000] {processor.py:161} INFO - Started process (PID=862) to work on /home/airflow/.local/lib/python3.12/site-packages/airflow/example_dags/example_setup_teardown_taskflow.py
[2024-06-11T22:50:57.348+0000] {processor.py:830} INFO - Processing file /home/airflow/.local/lib/python3.12/site-packages/airflow/example_dags/example_setup_teardown_taskflow.py for tasks to queue
[2024-06-11T22:50:57.350+0000] {logging_mixin.py:188} INFO - [2024-06-11T22:50:57.349+0000] {dagbag.py:545} INFO - Filling up the DagBag from /home/airflow/.local/lib/python3.12/site-packages/airflow/example_dags/example_setup_teardown_taskflow.py
[2024-06-11T22:50:57.358+0000] {processor.py:840} INFO - DAG(s) 'example_setup_teardown_taskflow' retrieved from /home/airflow/.local/lib/python3.12/site-packages/airflow/example_dags/example_setup_teardown_taskflow.py
[2024-06-11T22:50:57.375+0000] {logging_mixin.py:188} INFO - [2024-06-11T22:50:57.375+0000] {dag.py:3096} INFO - Sync 1 DAGs
[2024-06-11T22:50:57.394+0000] {logging_mixin.py:188} INFO - [2024-06-11T22:50:57.393+0000] {dag.py:3954} INFO - Setting next_dagrun for example_setup_teardown_taskflow to 2024-06-10 00:00:00+00:00, run_after=2024-06-11 00:00:00+00:00
[2024-06-11T22:50:57.408+0000] {processor.py:183} INFO - Processing /home/airflow/.local/lib/python3.12/site-packages/airflow/example_dags/example_setup_teardown_taskflow.py took 0.066 seconds
[2024-06-11T22:51:29.025+0000] {processor.py:161} INFO - Started process (PID=920) to work on /home/airflow/.local/lib/python3.12/site-packages/airflow/example_dags/example_setup_teardown_taskflow.py
[2024-06-11T22:51:29.130+0000] {processor.py:830} INFO - Processing file /home/airflow/.local/lib/python3.12/site-packages/airflow/example_dags/example_setup_teardown_taskflow.py for tasks to queue
[2024-06-11T22:51:29.133+0000] {logging_mixin.py:188} INFO - [2024-06-11T22:51:29.132+0000] {dagbag.py:545} INFO - Filling up the DagBag from /home/airflow/.local/lib/python3.12/site-packages/airflow/example_dags/example_setup_teardown_taskflow.py
[2024-06-11T22:51:29.154+0000] {processor.py:840} INFO - DAG(s) 'example_setup_teardown_taskflow' retrieved from /home/airflow/.local/lib/python3.12/site-packages/airflow/example_dags/example_setup_teardown_taskflow.py
[2024-06-11T22:51:29.173+0000] {logging_mixin.py:188} INFO - [2024-06-11T22:51:29.173+0000] {dag.py:3096} INFO - Sync 1 DAGs
[2024-06-11T22:51:29.223+0000] {logging_mixin.py:188} INFO - [2024-06-11T22:51:29.223+0000] {dag.py:3954} INFO - Setting next_dagrun for example_setup_teardown_taskflow to 2024-06-10 00:00:00+00:00, run_after=2024-06-11 00:00:00+00:00
[2024-06-11T22:51:29.246+0000] {processor.py:183} INFO - Processing /home/airflow/.local/lib/python3.12/site-packages/airflow/example_dags/example_setup_teardown_taskflow.py took 0.239 seconds
[2024-06-11T22:52:00.051+0000] {processor.py:161} INFO - Started process (PID=978) to work on /home/airflow/.local/lib/python3.12/site-packages/airflow/example_dags/example_setup_teardown_taskflow.py
[2024-06-11T22:52:00.052+0000] {processor.py:830} INFO - Processing file /home/airflow/.local/lib/python3.12/site-packages/airflow/example_dags/example_setup_teardown_taskflow.py for tasks to queue
[2024-06-11T22:52:00.055+0000] {logging_mixin.py:188} INFO - [2024-06-11T22:52:00.055+0000] {dagbag.py:545} INFO - Filling up the DagBag from /home/airflow/.local/lib/python3.12/site-packages/airflow/example_dags/example_setup_teardown_taskflow.py
[2024-06-11T22:52:00.066+0000] {processor.py:840} INFO - DAG(s) 'example_setup_teardown_taskflow' retrieved from /home/airflow/.local/lib/python3.12/site-packages/airflow/example_dags/example_setup_teardown_taskflow.py
[2024-06-11T22:52:00.204+0000] {logging_mixin.py:188} INFO - [2024-06-11T22:52:00.204+0000] {dag.py:3096} INFO - Sync 1 DAGs
[2024-06-11T22:52:00.226+0000] {logging_mixin.py:188} INFO - [2024-06-11T22:52:00.226+0000] {dag.py:3954} INFO - Setting next_dagrun for example_setup_teardown_taskflow to 2024-06-10 00:00:00+00:00, run_after=2024-06-11 00:00:00+00:00
[2024-06-11T22:52:00.284+0000] {processor.py:183} INFO - Processing /home/airflow/.local/lib/python3.12/site-packages/airflow/example_dags/example_setup_teardown_taskflow.py took 0.238 seconds
[2024-06-11T22:52:31.337+0000] {processor.py:161} INFO - Started process (PID=1042) to work on /home/airflow/.local/lib/python3.12/site-packages/airflow/example_dags/example_setup_teardown_taskflow.py
[2024-06-11T22:52:31.340+0000] {processor.py:830} INFO - Processing file /home/airflow/.local/lib/python3.12/site-packages/airflow/example_dags/example_setup_teardown_taskflow.py for tasks to queue
[2024-06-11T22:52:31.346+0000] {logging_mixin.py:188} INFO - [2024-06-11T22:52:31.344+0000] {dagbag.py:545} INFO - Filling up the DagBag from /home/airflow/.local/lib/python3.12/site-packages/airflow/example_dags/example_setup_teardown_taskflow.py
[2024-06-11T22:52:31.358+0000] {processor.py:840} INFO - DAG(s) 'example_setup_teardown_taskflow' retrieved from /home/airflow/.local/lib/python3.12/site-packages/airflow/example_dags/example_setup_teardown_taskflow.py
[2024-06-11T22:52:31.380+0000] {logging_mixin.py:188} INFO - [2024-06-11T22:52:31.380+0000] {dag.py:3096} INFO - Sync 1 DAGs
[2024-06-11T22:52:31.402+0000] {logging_mixin.py:188} INFO - [2024-06-11T22:52:31.402+0000] {dag.py:3954} INFO - Setting next_dagrun for example_setup_teardown_taskflow to 2024-06-10 00:00:00+00:00, run_after=2024-06-11 00:00:00+00:00
[2024-06-11T22:52:31.422+0000] {processor.py:183} INFO - Processing /home/airflow/.local/lib/python3.12/site-packages/airflow/example_dags/example_setup_teardown_taskflow.py took 0.090 seconds
[2024-06-11T22:53:02.291+0000] {processor.py:161} INFO - Started process (PID=1100) to work on /home/airflow/.local/lib/python3.12/site-packages/airflow/example_dags/example_setup_teardown_taskflow.py
[2024-06-11T22:53:02.292+0000] {processor.py:830} INFO - Processing file /home/airflow/.local/lib/python3.12/site-packages/airflow/example_dags/example_setup_teardown_taskflow.py for tasks to queue
[2024-06-11T22:53:02.293+0000] {logging_mixin.py:188} INFO - [2024-06-11T22:53:02.293+0000] {dagbag.py:545} INFO - Filling up the DagBag from /home/airflow/.local/lib/python3.12/site-packages/airflow/example_dags/example_setup_teardown_taskflow.py
[2024-06-11T22:53:02.301+0000] {processor.py:840} INFO - DAG(s) 'example_setup_teardown_taskflow' retrieved from /home/airflow/.local/lib/python3.12/site-packages/airflow/example_dags/example_setup_teardown_taskflow.py
[2024-06-11T22:53:02.320+0000] {logging_mixin.py:188} INFO - [2024-06-11T22:53:02.320+0000] {dag.py:3096} INFO - Sync 1 DAGs
[2024-06-11T22:53:02.339+0000] {logging_mixin.py:188} INFO - [2024-06-11T22:53:02.339+0000] {dag.py:3954} INFO - Setting next_dagrun for example_setup_teardown_taskflow to 2024-06-10 00:00:00+00:00, run_after=2024-06-11 00:00:00+00:00
[2024-06-11T22:53:02.357+0000] {processor.py:183} INFO - Processing /home/airflow/.local/lib/python3.12/site-packages/airflow/example_dags/example_setup_teardown_taskflow.py took 0.073 seconds
[2024-06-11T22:53:33.260+0000] {processor.py:161} INFO - Started process (PID=1158) to work on /home/airflow/.local/lib/python3.12/site-packages/airflow/example_dags/example_setup_teardown_taskflow.py
[2024-06-11T22:53:33.262+0000] {processor.py:830} INFO - Processing file /home/airflow/.local/lib/python3.12/site-packages/airflow/example_dags/example_setup_teardown_taskflow.py for tasks to queue
[2024-06-11T22:53:33.265+0000] {logging_mixin.py:188} INFO - [2024-06-11T22:53:33.264+0000] {dagbag.py:545} INFO - Filling up the DagBag from /home/airflow/.local/lib/python3.12/site-packages/airflow/example_dags/example_setup_teardown_taskflow.py
[2024-06-11T22:53:33.279+0000] {processor.py:840} INFO - DAG(s) 'example_setup_teardown_taskflow' retrieved from /home/airflow/.local/lib/python3.12/site-packages/airflow/example_dags/example_setup_teardown_taskflow.py
[2024-06-11T22:53:33.310+0000] {logging_mixin.py:188} INFO - [2024-06-11T22:53:33.310+0000] {dag.py:3096} INFO - Sync 1 DAGs
[2024-06-11T22:53:33.334+0000] {logging_mixin.py:188} INFO - [2024-06-11T22:53:33.334+0000] {dag.py:3954} INFO - Setting next_dagrun for example_setup_teardown_taskflow to 2024-06-10 00:00:00+00:00, run_after=2024-06-11 00:00:00+00:00
[2024-06-11T22:53:33.363+0000] {processor.py:183} INFO - Processing /home/airflow/.local/lib/python3.12/site-packages/airflow/example_dags/example_setup_teardown_taskflow.py took 0.110 seconds
[2024-06-11T22:54:03.613+0000] {processor.py:161} INFO - Started process (PID=1216) to work on /home/airflow/.local/lib/python3.12/site-packages/airflow/example_dags/example_setup_teardown_taskflow.py
[2024-06-11T22:54:03.615+0000] {processor.py:830} INFO - Processing file /home/airflow/.local/lib/python3.12/site-packages/airflow/example_dags/example_setup_teardown_taskflow.py for tasks to queue
[2024-06-11T22:54:03.620+0000] {logging_mixin.py:188} INFO - [2024-06-11T22:54:03.620+0000] {dagbag.py:545} INFO - Filling up the DagBag from /home/airflow/.local/lib/python3.12/site-packages/airflow/example_dags/example_setup_teardown_taskflow.py
[2024-06-11T22:54:03.638+0000] {processor.py:840} INFO - DAG(s) 'example_setup_teardown_taskflow' retrieved from /home/airflow/.local/lib/python3.12/site-packages/airflow/example_dags/example_setup_teardown_taskflow.py
[2024-06-11T22:54:03.666+0000] {logging_mixin.py:188} INFO - [2024-06-11T22:54:03.666+0000] {dag.py:3096} INFO - Sync 1 DAGs
[2024-06-11T22:54:03.688+0000] {logging_mixin.py:188} INFO - [2024-06-11T22:54:03.688+0000] {dag.py:3954} INFO - Setting next_dagrun for example_setup_teardown_taskflow to 2024-06-10 00:00:00+00:00, run_after=2024-06-11 00:00:00+00:00
[2024-06-11T22:54:03.707+0000] {processor.py:183} INFO - Processing /home/airflow/.local/lib/python3.12/site-packages/airflow/example_dags/example_setup_teardown_taskflow.py took 0.102 seconds
[2024-06-11T22:54:33.934+0000] {processor.py:161} INFO - Started process (PID=1274) to work on /home/airflow/.local/lib/python3.12/site-packages/airflow/example_dags/example_setup_teardown_taskflow.py
[2024-06-11T22:54:33.935+0000] {processor.py:830} INFO - Processing file /home/airflow/.local/lib/python3.12/site-packages/airflow/example_dags/example_setup_teardown_taskflow.py for tasks to queue
[2024-06-11T22:54:33.937+0000] {logging_mixin.py:188} INFO - [2024-06-11T22:54:33.936+0000] {dagbag.py:545} INFO - Filling up the DagBag from /home/airflow/.local/lib/python3.12/site-packages/airflow/example_dags/example_setup_teardown_taskflow.py
[2024-06-11T22:54:33.961+0000] {processor.py:840} INFO - DAG(s) 'example_setup_teardown_taskflow' retrieved from /home/airflow/.local/lib/python3.12/site-packages/airflow/example_dags/example_setup_teardown_taskflow.py
[2024-06-11T22:54:33.992+0000] {logging_mixin.py:188} INFO - [2024-06-11T22:54:33.991+0000] {dag.py:3096} INFO - Sync 1 DAGs
[2024-06-11T22:54:34.018+0000] {logging_mixin.py:188} INFO - [2024-06-11T22:54:34.017+0000] {dag.py:3954} INFO - Setting next_dagrun for example_setup_teardown_taskflow to 2024-06-10 00:00:00+00:00, run_after=2024-06-11 00:00:00+00:00
[2024-06-11T22:54:34.040+0000] {processor.py:183} INFO - Processing /home/airflow/.local/lib/python3.12/site-packages/airflow/example_dags/example_setup_teardown_taskflow.py took 0.111 seconds
[2024-06-11T22:55:04.503+0000] {processor.py:161} INFO - Started process (PID=1332) to work on /home/airflow/.local/lib/python3.12/site-packages/airflow/example_dags/example_setup_teardown_taskflow.py
[2024-06-11T22:55:04.504+0000] {processor.py:830} INFO - Processing file /home/airflow/.local/lib/python3.12/site-packages/airflow/example_dags/example_setup_teardown_taskflow.py for tasks to queue
[2024-06-11T22:55:04.506+0000] {logging_mixin.py:188} INFO - [2024-06-11T22:55:04.506+0000] {dagbag.py:545} INFO - Filling up the DagBag from /home/airflow/.local/lib/python3.12/site-packages/airflow/example_dags/example_setup_teardown_taskflow.py
[2024-06-11T22:55:04.513+0000] {processor.py:840} INFO - DAG(s) 'example_setup_teardown_taskflow' retrieved from /home/airflow/.local/lib/python3.12/site-packages/airflow/example_dags/example_setup_teardown_taskflow.py
[2024-06-11T22:55:04.535+0000] {logging_mixin.py:188} INFO - [2024-06-11T22:55:04.535+0000] {dag.py:3096} INFO - Sync 1 DAGs
[2024-06-11T22:55:04.554+0000] {logging_mixin.py:188} INFO - [2024-06-11T22:55:04.554+0000] {dag.py:3954} INFO - Setting next_dagrun for example_setup_teardown_taskflow to 2024-06-10 00:00:00+00:00, run_after=2024-06-11 00:00:00+00:00
[2024-06-11T22:55:04.579+0000] {processor.py:183} INFO - Processing /home/airflow/.local/lib/python3.12/site-packages/airflow/example_dags/example_setup_teardown_taskflow.py took 0.080 seconds
[2024-06-11T22:55:35.537+0000] {processor.py:161} INFO - Started process (PID=1390) to work on /home/airflow/.local/lib/python3.12/site-packages/airflow/example_dags/example_setup_teardown_taskflow.py
[2024-06-11T22:55:35.538+0000] {processor.py:830} INFO - Processing file /home/airflow/.local/lib/python3.12/site-packages/airflow/example_dags/example_setup_teardown_taskflow.py for tasks to queue
[2024-06-11T22:55:35.540+0000] {logging_mixin.py:188} INFO - [2024-06-11T22:55:35.540+0000] {dagbag.py:545} INFO - Filling up the DagBag from /home/airflow/.local/lib/python3.12/site-packages/airflow/example_dags/example_setup_teardown_taskflow.py
[2024-06-11T22:55:35.546+0000] {processor.py:840} INFO - DAG(s) 'example_setup_teardown_taskflow' retrieved from /home/airflow/.local/lib/python3.12/site-packages/airflow/example_dags/example_setup_teardown_taskflow.py
[2024-06-11T22:55:35.565+0000] {logging_mixin.py:188} INFO - [2024-06-11T22:55:35.565+0000] {dag.py:3096} INFO - Sync 1 DAGs
[2024-06-11T22:55:35.583+0000] {logging_mixin.py:188} INFO - [2024-06-11T22:55:35.583+0000] {dag.py:3954} INFO - Setting next_dagrun for example_setup_teardown_taskflow to 2024-06-10 00:00:00+00:00, run_after=2024-06-11 00:00:00+00:00
[2024-06-11T22:55:35.614+0000] {processor.py:183} INFO - Processing /home/airflow/.local/lib/python3.12/site-packages/airflow/example_dags/example_setup_teardown_taskflow.py took 0.081 seconds
[2024-06-11T22:56:05.871+0000] {processor.py:161} INFO - Started process (PID=1447) to work on /home/airflow/.local/lib/python3.12/site-packages/airflow/example_dags/example_setup_teardown_taskflow.py
[2024-06-11T22:56:05.872+0000] {processor.py:830} INFO - Processing file /home/airflow/.local/lib/python3.12/site-packages/airflow/example_dags/example_setup_teardown_taskflow.py for tasks to queue
[2024-06-11T22:56:05.874+0000] {logging_mixin.py:188} INFO - [2024-06-11T22:56:05.874+0000] {dagbag.py:545} INFO - Filling up the DagBag from /home/airflow/.local/lib/python3.12/site-packages/airflow/example_dags/example_setup_teardown_taskflow.py
[2024-06-11T22:56:05.883+0000] {processor.py:840} INFO - DAG(s) 'example_setup_teardown_taskflow' retrieved from /home/airflow/.local/lib/python3.12/site-packages/airflow/example_dags/example_setup_teardown_taskflow.py
[2024-06-11T22:56:05.900+0000] {logging_mixin.py:188} INFO - [2024-06-11T22:56:05.900+0000] {dag.py:3096} INFO - Sync 1 DAGs
[2024-06-11T22:56:05.915+0000] {logging_mixin.py:188} INFO - [2024-06-11T22:56:05.914+0000] {dag.py:3954} INFO - Setting next_dagrun for example_setup_teardown_taskflow to 2024-06-10 00:00:00+00:00, run_after=2024-06-11 00:00:00+00:00
[2024-06-11T22:56:05.940+0000] {processor.py:183} INFO - Processing /home/airflow/.local/lib/python3.12/site-packages/airflow/example_dags/example_setup_teardown_taskflow.py took 0.075 seconds
[2024-06-11T22:56:36.209+0000] {processor.py:161} INFO - Started process (PID=1505) to work on /home/airflow/.local/lib/python3.12/site-packages/airflow/example_dags/example_setup_teardown_taskflow.py
[2024-06-11T22:56:36.210+0000] {processor.py:830} INFO - Processing file /home/airflow/.local/lib/python3.12/site-packages/airflow/example_dags/example_setup_teardown_taskflow.py for tasks to queue
[2024-06-11T22:56:36.212+0000] {logging_mixin.py:188} INFO - [2024-06-11T22:56:36.212+0000] {dagbag.py:545} INFO - Filling up the DagBag from /home/airflow/.local/lib/python3.12/site-packages/airflow/example_dags/example_setup_teardown_taskflow.py
[2024-06-11T22:56:36.219+0000] {processor.py:840} INFO - DAG(s) 'example_setup_teardown_taskflow' retrieved from /home/airflow/.local/lib/python3.12/site-packages/airflow/example_dags/example_setup_teardown_taskflow.py
[2024-06-11T22:56:36.239+0000] {logging_mixin.py:188} INFO - [2024-06-11T22:56:36.239+0000] {dag.py:3096} INFO - Sync 1 DAGs
[2024-06-11T22:56:36.256+0000] {logging_mixin.py:188} INFO - [2024-06-11T22:56:36.256+0000] {dag.py:3954} INFO - Setting next_dagrun for example_setup_teardown_taskflow to 2024-06-10 00:00:00+00:00, run_after=2024-06-11 00:00:00+00:00
[2024-06-11T22:56:36.273+0000] {processor.py:183} INFO - Processing /home/airflow/.local/lib/python3.12/site-packages/airflow/example_dags/example_setup_teardown_taskflow.py took 0.072 seconds
[2024-06-11T22:57:06.361+0000] {processor.py:161} INFO - Started process (PID=1562) to work on /home/airflow/.local/lib/python3.12/site-packages/airflow/example_dags/example_setup_teardown_taskflow.py
[2024-06-11T22:57:06.362+0000] {processor.py:830} INFO - Processing file /home/airflow/.local/lib/python3.12/site-packages/airflow/example_dags/example_setup_teardown_taskflow.py for tasks to queue
[2024-06-11T22:57:06.542+0000] {logging_mixin.py:188} INFO - [2024-06-11T22:57:06.541+0000] {dagbag.py:545} INFO - Filling up the DagBag from /home/airflow/.local/lib/python3.12/site-packages/airflow/example_dags/example_setup_teardown_taskflow.py
[2024-06-11T22:57:06.567+0000] {processor.py:840} INFO - DAG(s) 'example_setup_teardown_taskflow' retrieved from /home/airflow/.local/lib/python3.12/site-packages/airflow/example_dags/example_setup_teardown_taskflow.py
[2024-06-11T22:57:06.600+0000] {logging_mixin.py:188} INFO - [2024-06-11T22:57:06.600+0000] {dag.py:3096} INFO - Sync 1 DAGs
[2024-06-11T22:57:06.626+0000] {logging_mixin.py:188} INFO - [2024-06-11T22:57:06.626+0000] {dag.py:3954} INFO - Setting next_dagrun for example_setup_teardown_taskflow to 2024-06-10 00:00:00+00:00, run_after=2024-06-11 00:00:00+00:00
[2024-06-11T22:57:06.650+0000] {processor.py:183} INFO - Processing /home/airflow/.local/lib/python3.12/site-packages/airflow/example_dags/example_setup_teardown_taskflow.py took 0.295 seconds
[2024-06-11T22:57:37.609+0000] {processor.py:161} INFO - Started process (PID=1620) to work on /home/airflow/.local/lib/python3.12/site-packages/airflow/example_dags/example_setup_teardown_taskflow.py
[2024-06-11T22:57:37.610+0000] {processor.py:830} INFO - Processing file /home/airflow/.local/lib/python3.12/site-packages/airflow/example_dags/example_setup_teardown_taskflow.py for tasks to queue
[2024-06-11T22:57:37.612+0000] {logging_mixin.py:188} INFO - [2024-06-11T22:57:37.612+0000] {dagbag.py:545} INFO - Filling up the DagBag from /home/airflow/.local/lib/python3.12/site-packages/airflow/example_dags/example_setup_teardown_taskflow.py
[2024-06-11T22:57:37.620+0000] {processor.py:840} INFO - DAG(s) 'example_setup_teardown_taskflow' retrieved from /home/airflow/.local/lib/python3.12/site-packages/airflow/example_dags/example_setup_teardown_taskflow.py
[2024-06-11T22:57:37.641+0000] {logging_mixin.py:188} INFO - [2024-06-11T22:57:37.641+0000] {dag.py:3096} INFO - Sync 1 DAGs
[2024-06-11T22:57:37.671+0000] {logging_mixin.py:188} INFO - [2024-06-11T22:57:37.671+0000] {dag.py:3954} INFO - Setting next_dagrun for example_setup_teardown_taskflow to 2024-06-10 00:00:00+00:00, run_after=2024-06-11 00:00:00+00:00
[2024-06-11T22:57:37.691+0000] {processor.py:183} INFO - Processing /home/airflow/.local/lib/python3.12/site-packages/airflow/example_dags/example_setup_teardown_taskflow.py took 0.086 seconds
[2024-06-11T22:58:07.867+0000] {processor.py:161} INFO - Started process (PID=1677) to work on /home/airflow/.local/lib/python3.12/site-packages/airflow/example_dags/example_setup_teardown_taskflow.py
[2024-06-11T22:58:07.957+0000] {processor.py:830} INFO - Processing file /home/airflow/.local/lib/python3.12/site-packages/airflow/example_dags/example_setup_teardown_taskflow.py for tasks to queue
[2024-06-11T22:58:07.960+0000] {logging_mixin.py:188} INFO - [2024-06-11T22:58:07.960+0000] {dagbag.py:545} INFO - Filling up the DagBag from /home/airflow/.local/lib/python3.12/site-packages/airflow/example_dags/example_setup_teardown_taskflow.py
[2024-06-11T22:58:07.970+0000] {processor.py:840} INFO - DAG(s) 'example_setup_teardown_taskflow' retrieved from /home/airflow/.local/lib/python3.12/site-packages/airflow/example_dags/example_setup_teardown_taskflow.py
[2024-06-11T22:58:07.998+0000] {logging_mixin.py:188} INFO - [2024-06-11T22:58:07.997+0000] {dag.py:3096} INFO - Sync 1 DAGs
[2024-06-11T22:58:08.020+0000] {logging_mixin.py:188} INFO - [2024-06-11T22:58:08.020+0000] {dag.py:3954} INFO - Setting next_dagrun for example_setup_teardown_taskflow to 2024-06-10 00:00:00+00:00, run_after=2024-06-11 00:00:00+00:00
[2024-06-11T22:58:08.041+0000] {processor.py:183} INFO - Processing /home/airflow/.local/lib/python3.12/site-packages/airflow/example_dags/example_setup_teardown_taskflow.py took 0.188 seconds
[2024-06-11T22:58:39.408+0000] {processor.py:161} INFO - Started process (PID=1736) to work on /home/airflow/.local/lib/python3.12/site-packages/airflow/example_dags/example_setup_teardown_taskflow.py
[2024-06-11T22:58:39.409+0000] {processor.py:830} INFO - Processing file /home/airflow/.local/lib/python3.12/site-packages/airflow/example_dags/example_setup_teardown_taskflow.py for tasks to queue
[2024-06-11T22:58:39.411+0000] {logging_mixin.py:188} INFO - [2024-06-11T22:58:39.411+0000] {dagbag.py:545} INFO - Filling up the DagBag from /home/airflow/.local/lib/python3.12/site-packages/airflow/example_dags/example_setup_teardown_taskflow.py
[2024-06-11T22:58:39.419+0000] {processor.py:840} INFO - DAG(s) 'example_setup_teardown_taskflow' retrieved from /home/airflow/.local/lib/python3.12/site-packages/airflow/example_dags/example_setup_teardown_taskflow.py
[2024-06-11T22:58:39.438+0000] {logging_mixin.py:188} INFO - [2024-06-11T22:58:39.438+0000] {dag.py:3096} INFO - Sync 1 DAGs
[2024-06-11T22:58:39.552+0000] {logging_mixin.py:188} INFO - [2024-06-11T22:58:39.552+0000] {dag.py:3954} INFO - Setting next_dagrun for example_setup_teardown_taskflow to 2024-06-10 00:00:00+00:00, run_after=2024-06-11 00:00:00+00:00
[2024-06-11T22:58:39.676+0000] {processor.py:183} INFO - Processing /home/airflow/.local/lib/python3.12/site-packages/airflow/example_dags/example_setup_teardown_taskflow.py took 0.272 seconds
[2024-06-11T22:59:10.012+0000] {processor.py:161} INFO - Started process (PID=1794) to work on /home/airflow/.local/lib/python3.12/site-packages/airflow/example_dags/example_setup_teardown_taskflow.py
[2024-06-11T22:59:10.013+0000] {processor.py:830} INFO - Processing file /home/airflow/.local/lib/python3.12/site-packages/airflow/example_dags/example_setup_teardown_taskflow.py for tasks to queue
[2024-06-11T22:59:10.014+0000] {logging_mixin.py:188} INFO - [2024-06-11T22:59:10.014+0000] {dagbag.py:545} INFO - Filling up the DagBag from /home/airflow/.local/lib/python3.12/site-packages/airflow/example_dags/example_setup_teardown_taskflow.py
[2024-06-11T22:59:10.026+0000] {processor.py:840} INFO - DAG(s) 'example_setup_teardown_taskflow' retrieved from /home/airflow/.local/lib/python3.12/site-packages/airflow/example_dags/example_setup_teardown_taskflow.py
[2024-06-11T22:59:10.051+0000] {logging_mixin.py:188} INFO - [2024-06-11T22:59:10.051+0000] {dag.py:3096} INFO - Sync 1 DAGs
[2024-06-11T22:59:10.073+0000] {logging_mixin.py:188} INFO - [2024-06-11T22:59:10.072+0000] {dag.py:3954} INFO - Setting next_dagrun for example_setup_teardown_taskflow to 2024-06-10 00:00:00+00:00, run_after=2024-06-11 00:00:00+00:00
[2024-06-11T22:59:10.092+0000] {processor.py:183} INFO - Processing /home/airflow/.local/lib/python3.12/site-packages/airflow/example_dags/example_setup_teardown_taskflow.py took 0.087 seconds
[2024-06-11T22:59:40.674+0000] {processor.py:161} INFO - Started process (PID=1852) to work on /home/airflow/.local/lib/python3.12/site-packages/airflow/example_dags/example_setup_teardown_taskflow.py
[2024-06-11T22:59:40.675+0000] {processor.py:830} INFO - Processing file /home/airflow/.local/lib/python3.12/site-packages/airflow/example_dags/example_setup_teardown_taskflow.py for tasks to queue
[2024-06-11T22:59:40.677+0000] {logging_mixin.py:188} INFO - [2024-06-11T22:59:40.676+0000] {dagbag.py:545} INFO - Filling up the DagBag from /home/airflow/.local/lib/python3.12/site-packages/airflow/example_dags/example_setup_teardown_taskflow.py
[2024-06-11T22:59:40.684+0000] {processor.py:840} INFO - DAG(s) 'example_setup_teardown_taskflow' retrieved from /home/airflow/.local/lib/python3.12/site-packages/airflow/example_dags/example_setup_teardown_taskflow.py
[2024-06-11T22:59:40.700+0000] {logging_mixin.py:188} INFO - [2024-06-11T22:59:40.700+0000] {dag.py:3096} INFO - Sync 1 DAGs
[2024-06-11T22:59:40.716+0000] {logging_mixin.py:188} INFO - [2024-06-11T22:59:40.716+0000] {dag.py:3954} INFO - Setting next_dagrun for example_setup_teardown_taskflow to 2024-06-10 00:00:00+00:00, run_after=2024-06-11 00:00:00+00:00
[2024-06-11T22:59:40.734+0000] {processor.py:183} INFO - Processing /home/airflow/.local/lib/python3.12/site-packages/airflow/example_dags/example_setup_teardown_taskflow.py took 0.064 seconds
[2024-06-11T23:00:11.840+0000] {processor.py:161} INFO - Started process (PID=1911) to work on /home/airflow/.local/lib/python3.12/site-packages/airflow/example_dags/example_setup_teardown_taskflow.py
[2024-06-11T23:00:11.841+0000] {processor.py:830} INFO - Processing file /home/airflow/.local/lib/python3.12/site-packages/airflow/example_dags/example_setup_teardown_taskflow.py for tasks to queue
[2024-06-11T23:00:11.844+0000] {logging_mixin.py:188} INFO - [2024-06-11T23:00:11.843+0000] {dagbag.py:545} INFO - Filling up the DagBag from /home/airflow/.local/lib/python3.12/site-packages/airflow/example_dags/example_setup_teardown_taskflow.py
[2024-06-11T23:00:11.850+0000] {processor.py:840} INFO - DAG(s) 'example_setup_teardown_taskflow' retrieved from /home/airflow/.local/lib/python3.12/site-packages/airflow/example_dags/example_setup_teardown_taskflow.py
[2024-06-11T23:00:11.866+0000] {logging_mixin.py:188} INFO - [2024-06-11T23:00:11.866+0000] {dag.py:3096} INFO - Sync 1 DAGs
[2024-06-11T23:00:11.979+0000] {logging_mixin.py:188} INFO - [2024-06-11T23:00:11.978+0000] {dag.py:3954} INFO - Setting next_dagrun for example_setup_teardown_taskflow to 2024-06-10 00:00:00+00:00, run_after=2024-06-11 00:00:00+00:00
[2024-06-11T23:00:11.994+0000] {processor.py:183} INFO - Processing /home/airflow/.local/lib/python3.12/site-packages/airflow/example_dags/example_setup_teardown_taskflow.py took 0.161 seconds
[2024-06-11T23:00:43.182+0000] {processor.py:161} INFO - Started process (PID=1969) to work on /home/airflow/.local/lib/python3.12/site-packages/airflow/example_dags/example_setup_teardown_taskflow.py
[2024-06-11T23:00:43.183+0000] {processor.py:830} INFO - Processing file /home/airflow/.local/lib/python3.12/site-packages/airflow/example_dags/example_setup_teardown_taskflow.py for tasks to queue
[2024-06-11T23:00:43.188+0000] {logging_mixin.py:188} INFO - [2024-06-11T23:00:43.185+0000] {dagbag.py:545} INFO - Filling up the DagBag from /home/airflow/.local/lib/python3.12/site-packages/airflow/example_dags/example_setup_teardown_taskflow.py
[2024-06-11T23:00:43.200+0000] {processor.py:840} INFO - DAG(s) 'example_setup_teardown_taskflow' retrieved from /home/airflow/.local/lib/python3.12/site-packages/airflow/example_dags/example_setup_teardown_taskflow.py
[2024-06-11T23:00:43.220+0000] {logging_mixin.py:188} INFO - [2024-06-11T23:00:43.220+0000] {dag.py:3096} INFO - Sync 1 DAGs
[2024-06-11T23:00:43.382+0000] {logging_mixin.py:188} INFO - [2024-06-11T23:00:43.382+0000] {dag.py:3954} INFO - Setting next_dagrun for example_setup_teardown_taskflow to 2024-06-10 00:00:00+00:00, run_after=2024-06-11 00:00:00+00:00
[2024-06-11T23:00:43.450+0000] {processor.py:183} INFO - Processing /home/airflow/.local/lib/python3.12/site-packages/airflow/example_dags/example_setup_teardown_taskflow.py took 0.273 seconds
[2024-06-11T23:01:14.467+0000] {processor.py:161} INFO - Started process (PID=2027) to work on /home/airflow/.local/lib/python3.12/site-packages/airflow/example_dags/example_setup_teardown_taskflow.py
[2024-06-11T23:01:14.469+0000] {processor.py:830} INFO - Processing file /home/airflow/.local/lib/python3.12/site-packages/airflow/example_dags/example_setup_teardown_taskflow.py for tasks to queue
[2024-06-11T23:01:14.471+0000] {logging_mixin.py:188} INFO - [2024-06-11T23:01:14.471+0000] {dagbag.py:545} INFO - Filling up the DagBag from /home/airflow/.local/lib/python3.12/site-packages/airflow/example_dags/example_setup_teardown_taskflow.py
[2024-06-11T23:01:14.485+0000] {processor.py:840} INFO - DAG(s) 'example_setup_teardown_taskflow' retrieved from /home/airflow/.local/lib/python3.12/site-packages/airflow/example_dags/example_setup_teardown_taskflow.py
[2024-06-11T23:01:14.515+0000] {logging_mixin.py:188} INFO - [2024-06-11T23:01:14.515+0000] {dag.py:3096} INFO - Sync 1 DAGs
[2024-06-11T23:01:14.536+0000] {logging_mixin.py:188} INFO - [2024-06-11T23:01:14.535+0000] {dag.py:3954} INFO - Setting next_dagrun for example_setup_teardown_taskflow to 2024-06-10 00:00:00+00:00, run_after=2024-06-11 00:00:00+00:00
[2024-06-11T23:01:14.561+0000] {processor.py:183} INFO - Processing /home/airflow/.local/lib/python3.12/site-packages/airflow/example_dags/example_setup_teardown_taskflow.py took 0.103 seconds
[2024-06-11T23:01:45.348+0000] {processor.py:161} INFO - Started process (PID=2085) to work on /home/airflow/.local/lib/python3.12/site-packages/airflow/example_dags/example_setup_teardown_taskflow.py
[2024-06-11T23:01:45.351+0000] {processor.py:830} INFO - Processing file /home/airflow/.local/lib/python3.12/site-packages/airflow/example_dags/example_setup_teardown_taskflow.py for tasks to queue
[2024-06-11T23:01:45.353+0000] {logging_mixin.py:188} INFO - [2024-06-11T23:01:45.353+0000] {dagbag.py:545} INFO - Filling up the DagBag from /home/airflow/.local/lib/python3.12/site-packages/airflow/example_dags/example_setup_teardown_taskflow.py
[2024-06-11T23:01:45.362+0000] {processor.py:840} INFO - DAG(s) 'example_setup_teardown_taskflow' retrieved from /home/airflow/.local/lib/python3.12/site-packages/airflow/example_dags/example_setup_teardown_taskflow.py
[2024-06-11T23:01:45.391+0000] {logging_mixin.py:188} INFO - [2024-06-11T23:01:45.390+0000] {dag.py:3096} INFO - Sync 1 DAGs
[2024-06-11T23:01:45.410+0000] {logging_mixin.py:188} INFO - [2024-06-11T23:01:45.410+0000] {dag.py:3954} INFO - Setting next_dagrun for example_setup_teardown_taskflow to 2024-06-10 00:00:00+00:00, run_after=2024-06-11 00:00:00+00:00
[2024-06-11T23:01:45.461+0000] {processor.py:183} INFO - Processing /home/airflow/.local/lib/python3.12/site-packages/airflow/example_dags/example_setup_teardown_taskflow.py took 0.119 seconds
[2024-06-11T23:02:16.337+0000] {processor.py:161} INFO - Started process (PID=2143) to work on /home/airflow/.local/lib/python3.12/site-packages/airflow/example_dags/example_setup_teardown_taskflow.py
[2024-06-11T23:02:16.339+0000] {processor.py:830} INFO - Processing file /home/airflow/.local/lib/python3.12/site-packages/airflow/example_dags/example_setup_teardown_taskflow.py for tasks to queue
[2024-06-11T23:02:16.341+0000] {logging_mixin.py:188} INFO - [2024-06-11T23:02:16.340+0000] {dagbag.py:545} INFO - Filling up the DagBag from /home/airflow/.local/lib/python3.12/site-packages/airflow/example_dags/example_setup_teardown_taskflow.py
[2024-06-11T23:02:16.349+0000] {processor.py:840} INFO - DAG(s) 'example_setup_teardown_taskflow' retrieved from /home/airflow/.local/lib/python3.12/site-packages/airflow/example_dags/example_setup_teardown_taskflow.py
[2024-06-11T23:02:16.368+0000] {logging_mixin.py:188} INFO - [2024-06-11T23:02:16.367+0000] {dag.py:3096} INFO - Sync 1 DAGs
[2024-06-11T23:02:16.386+0000] {logging_mixin.py:188} INFO - [2024-06-11T23:02:16.386+0000] {dag.py:3954} INFO - Setting next_dagrun for example_setup_teardown_taskflow to 2024-06-10 00:00:00+00:00, run_after=2024-06-11 00:00:00+00:00
[2024-06-11T23:02:16.412+0000] {processor.py:183} INFO - Processing /home/airflow/.local/lib/python3.12/site-packages/airflow/example_dags/example_setup_teardown_taskflow.py took 0.083 seconds
[2024-06-11T23:02:46.648+0000] {processor.py:161} INFO - Started process (PID=2201) to work on /home/airflow/.local/lib/python3.12/site-packages/airflow/example_dags/example_setup_teardown_taskflow.py
[2024-06-11T23:02:46.649+0000] {processor.py:830} INFO - Processing file /home/airflow/.local/lib/python3.12/site-packages/airflow/example_dags/example_setup_teardown_taskflow.py for tasks to queue
[2024-06-11T23:02:46.651+0000] {logging_mixin.py:188} INFO - [2024-06-11T23:02:46.651+0000] {dagbag.py:545} INFO - Filling up the DagBag from /home/airflow/.local/lib/python3.12/site-packages/airflow/example_dags/example_setup_teardown_taskflow.py
[2024-06-11T23:02:46.660+0000] {processor.py:840} INFO - DAG(s) 'example_setup_teardown_taskflow' retrieved from /home/airflow/.local/lib/python3.12/site-packages/airflow/example_dags/example_setup_teardown_taskflow.py
[2024-06-11T23:02:46.681+0000] {logging_mixin.py:188} INFO - [2024-06-11T23:02:46.681+0000] {dag.py:3096} INFO - Sync 1 DAGs
[2024-06-11T23:02:46.705+0000] {logging_mixin.py:188} INFO - [2024-06-11T23:02:46.705+0000] {dag.py:3954} INFO - Setting next_dagrun for example_setup_teardown_taskflow to 2024-06-10 00:00:00+00:00, run_after=2024-06-11 00:00:00+00:00
[2024-06-11T23:02:46.731+0000] {processor.py:183} INFO - Processing /home/airflow/.local/lib/python3.12/site-packages/airflow/example_dags/example_setup_teardown_taskflow.py took 0.089 seconds
[2024-06-11T23:03:17.219+0000] {processor.py:161} INFO - Started process (PID=2259) to work on /home/airflow/.local/lib/python3.12/site-packages/airflow/example_dags/example_setup_teardown_taskflow.py
[2024-06-11T23:03:17.223+0000] {processor.py:830} INFO - Processing file /home/airflow/.local/lib/python3.12/site-packages/airflow/example_dags/example_setup_teardown_taskflow.py for tasks to queue
[2024-06-11T23:03:17.225+0000] {logging_mixin.py:188} INFO - [2024-06-11T23:03:17.224+0000] {dagbag.py:545} INFO - Filling up the DagBag from /home/airflow/.local/lib/python3.12/site-packages/airflow/example_dags/example_setup_teardown_taskflow.py
[2024-06-11T23:03:17.233+0000] {processor.py:840} INFO - DAG(s) 'example_setup_teardown_taskflow' retrieved from /home/airflow/.local/lib/python3.12/site-packages/airflow/example_dags/example_setup_teardown_taskflow.py
[2024-06-11T23:03:17.253+0000] {logging_mixin.py:188} INFO - [2024-06-11T23:03:17.253+0000] {dag.py:3096} INFO - Sync 1 DAGs
[2024-06-11T23:03:17.274+0000] {logging_mixin.py:188} INFO - [2024-06-11T23:03:17.274+0000] {dag.py:3954} INFO - Setting next_dagrun for example_setup_teardown_taskflow to 2024-06-10 00:00:00+00:00, run_after=2024-06-11 00:00:00+00:00
[2024-06-11T23:03:17.290+0000] {processor.py:183} INFO - Processing /home/airflow/.local/lib/python3.12/site-packages/airflow/example_dags/example_setup_teardown_taskflow.py took 0.078 seconds
[2024-06-11T23:03:47.915+0000] {processor.py:161} INFO - Started process (PID=2317) to work on /home/airflow/.local/lib/python3.12/site-packages/airflow/example_dags/example_setup_teardown_taskflow.py
[2024-06-11T23:03:47.916+0000] {processor.py:830} INFO - Processing file /home/airflow/.local/lib/python3.12/site-packages/airflow/example_dags/example_setup_teardown_taskflow.py for tasks to queue
[2024-06-11T23:03:47.920+0000] {logging_mixin.py:188} INFO - [2024-06-11T23:03:47.919+0000] {dagbag.py:545} INFO - Filling up the DagBag from /home/airflow/.local/lib/python3.12/site-packages/airflow/example_dags/example_setup_teardown_taskflow.py
[2024-06-11T23:03:47.930+0000] {processor.py:840} INFO - DAG(s) 'example_setup_teardown_taskflow' retrieved from /home/airflow/.local/lib/python3.12/site-packages/airflow/example_dags/example_setup_teardown_taskflow.py
[2024-06-11T23:03:47.953+0000] {logging_mixin.py:188} INFO - [2024-06-11T23:03:47.953+0000] {dag.py:3096} INFO - Sync 1 DAGs
[2024-06-11T23:03:47.975+0000] {logging_mixin.py:188} INFO - [2024-06-11T23:03:47.975+0000] {dag.py:3954} INFO - Setting next_dagrun for example_setup_teardown_taskflow to 2024-06-10 00:00:00+00:00, run_after=2024-06-11 00:00:00+00:00
[2024-06-11T23:03:47.992+0000] {processor.py:183} INFO - Processing /home/airflow/.local/lib/python3.12/site-packages/airflow/example_dags/example_setup_teardown_taskflow.py took 0.085 seconds
[2024-06-11T23:04:18.388+0000] {processor.py:161} INFO - Started process (PID=2375) to work on /home/airflow/.local/lib/python3.12/site-packages/airflow/example_dags/example_setup_teardown_taskflow.py
[2024-06-11T23:04:18.389+0000] {processor.py:830} INFO - Processing file /home/airflow/.local/lib/python3.12/site-packages/airflow/example_dags/example_setup_teardown_taskflow.py for tasks to queue
[2024-06-11T23:04:18.391+0000] {logging_mixin.py:188} INFO - [2024-06-11T23:04:18.391+0000] {dagbag.py:545} INFO - Filling up the DagBag from /home/airflow/.local/lib/python3.12/site-packages/airflow/example_dags/example_setup_teardown_taskflow.py
[2024-06-11T23:04:18.401+0000] {processor.py:840} INFO - DAG(s) 'example_setup_teardown_taskflow' retrieved from /home/airflow/.local/lib/python3.12/site-packages/airflow/example_dags/example_setup_teardown_taskflow.py
[2024-06-11T23:04:18.420+0000] {logging_mixin.py:188} INFO - [2024-06-11T23:04:18.419+0000] {dag.py:3096} INFO - Sync 1 DAGs
[2024-06-11T23:04:18.440+0000] {logging_mixin.py:188} INFO - [2024-06-11T23:04:18.439+0000] {dag.py:3954} INFO - Setting next_dagrun for example_setup_teardown_taskflow to 2024-06-10 00:00:00+00:00, run_after=2024-06-11 00:00:00+00:00
[2024-06-11T23:04:18.457+0000] {processor.py:183} INFO - Processing /home/airflow/.local/lib/python3.12/site-packages/airflow/example_dags/example_setup_teardown_taskflow.py took 0.075 seconds
[2024-06-11T23:04:48.960+0000] {processor.py:161} INFO - Started process (PID=2434) to work on /home/airflow/.local/lib/python3.12/site-packages/airflow/example_dags/example_setup_teardown_taskflow.py
[2024-06-11T23:04:48.960+0000] {processor.py:830} INFO - Processing file /home/airflow/.local/lib/python3.12/site-packages/airflow/example_dags/example_setup_teardown_taskflow.py for tasks to queue
[2024-06-11T23:04:48.962+0000] {logging_mixin.py:188} INFO - [2024-06-11T23:04:48.962+0000] {dagbag.py:545} INFO - Filling up the DagBag from /home/airflow/.local/lib/python3.12/site-packages/airflow/example_dags/example_setup_teardown_taskflow.py
[2024-06-11T23:04:48.970+0000] {processor.py:840} INFO - DAG(s) 'example_setup_teardown_taskflow' retrieved from /home/airflow/.local/lib/python3.12/site-packages/airflow/example_dags/example_setup_teardown_taskflow.py
[2024-06-11T23:04:48.989+0000] {logging_mixin.py:188} INFO - [2024-06-11T23:04:48.988+0000] {dag.py:3096} INFO - Sync 1 DAGs
[2024-06-11T23:04:49.007+0000] {logging_mixin.py:188} INFO - [2024-06-11T23:04:49.007+0000] {dag.py:3954} INFO - Setting next_dagrun for example_setup_teardown_taskflow to 2024-06-10 00:00:00+00:00, run_after=2024-06-11 00:00:00+00:00
[2024-06-11T23:04:49.024+0000] {processor.py:183} INFO - Processing /home/airflow/.local/lib/python3.12/site-packages/airflow/example_dags/example_setup_teardown_taskflow.py took 0.069 seconds
[2024-06-11T23:05:19.682+0000] {processor.py:161} INFO - Started process (PID=2492) to work on /home/airflow/.local/lib/python3.12/site-packages/airflow/example_dags/example_setup_teardown_taskflow.py
[2024-06-11T23:05:19.683+0000] {processor.py:830} INFO - Processing file /home/airflow/.local/lib/python3.12/site-packages/airflow/example_dags/example_setup_teardown_taskflow.py for tasks to queue
[2024-06-11T23:05:19.685+0000] {logging_mixin.py:188} INFO - [2024-06-11T23:05:19.685+0000] {dagbag.py:545} INFO - Filling up the DagBag from /home/airflow/.local/lib/python3.12/site-packages/airflow/example_dags/example_setup_teardown_taskflow.py
[2024-06-11T23:05:19.693+0000] {processor.py:840} INFO - DAG(s) 'example_setup_teardown_taskflow' retrieved from /home/airflow/.local/lib/python3.12/site-packages/airflow/example_dags/example_setup_teardown_taskflow.py
[2024-06-11T23:05:19.713+0000] {logging_mixin.py:188} INFO - [2024-06-11T23:05:19.712+0000] {dag.py:3096} INFO - Sync 1 DAGs
[2024-06-11T23:05:19.733+0000] {logging_mixin.py:188} INFO - [2024-06-11T23:05:19.733+0000] {dag.py:3954} INFO - Setting next_dagrun for example_setup_teardown_taskflow to 2024-06-10 00:00:00+00:00, run_after=2024-06-11 00:00:00+00:00
[2024-06-11T23:05:19.758+0000] {processor.py:183} INFO - Processing /home/airflow/.local/lib/python3.12/site-packages/airflow/example_dags/example_setup_teardown_taskflow.py took 0.081 seconds
[2024-06-11T23:05:49.889+0000] {processor.py:161} INFO - Started process (PID=2550) to work on /home/airflow/.local/lib/python3.12/site-packages/airflow/example_dags/example_setup_teardown_taskflow.py
[2024-06-11T23:05:49.890+0000] {processor.py:830} INFO - Processing file /home/airflow/.local/lib/python3.12/site-packages/airflow/example_dags/example_setup_teardown_taskflow.py for tasks to queue
[2024-06-11T23:05:49.892+0000] {logging_mixin.py:188} INFO - [2024-06-11T23:05:49.892+0000] {dagbag.py:545} INFO - Filling up the DagBag from /home/airflow/.local/lib/python3.12/site-packages/airflow/example_dags/example_setup_teardown_taskflow.py
[2024-06-11T23:05:49.900+0000] {processor.py:840} INFO - DAG(s) 'example_setup_teardown_taskflow' retrieved from /home/airflow/.local/lib/python3.12/site-packages/airflow/example_dags/example_setup_teardown_taskflow.py
[2024-06-11T23:05:49.920+0000] {logging_mixin.py:188} INFO - [2024-06-11T23:05:49.920+0000] {dag.py:3096} INFO - Sync 1 DAGs
[2024-06-11T23:05:49.939+0000] {logging_mixin.py:188} INFO - [2024-06-11T23:05:49.939+0000] {dag.py:3954} INFO - Setting next_dagrun for example_setup_teardown_taskflow to 2024-06-10 00:00:00+00:00, run_after=2024-06-11 00:00:00+00:00
[2024-06-11T23:05:49.958+0000] {processor.py:183} INFO - Processing /home/airflow/.local/lib/python3.12/site-packages/airflow/example_dags/example_setup_teardown_taskflow.py took 0.074 seconds
[2024-06-11T23:06:20.056+0000] {processor.py:161} INFO - Started process (PID=2608) to work on /home/airflow/.local/lib/python3.12/site-packages/airflow/example_dags/example_setup_teardown_taskflow.py
[2024-06-11T23:06:20.064+0000] {processor.py:830} INFO - Processing file /home/airflow/.local/lib/python3.12/site-packages/airflow/example_dags/example_setup_teardown_taskflow.py for tasks to queue
[2024-06-11T23:06:20.067+0000] {logging_mixin.py:188} INFO - [2024-06-11T23:06:20.067+0000] {dagbag.py:545} INFO - Filling up the DagBag from /home/airflow/.local/lib/python3.12/site-packages/airflow/example_dags/example_setup_teardown_taskflow.py
[2024-06-11T23:06:20.075+0000] {processor.py:840} INFO - DAG(s) 'example_setup_teardown_taskflow' retrieved from /home/airflow/.local/lib/python3.12/site-packages/airflow/example_dags/example_setup_teardown_taskflow.py
[2024-06-11T23:06:20.098+0000] {logging_mixin.py:188} INFO - [2024-06-11T23:06:20.098+0000] {dag.py:3096} INFO - Sync 1 DAGs
[2024-06-11T23:06:20.118+0000] {logging_mixin.py:188} INFO - [2024-06-11T23:06:20.118+0000] {dag.py:3954} INFO - Setting next_dagrun for example_setup_teardown_taskflow to 2024-06-10 00:00:00+00:00, run_after=2024-06-11 00:00:00+00:00
[2024-06-11T23:06:20.136+0000] {processor.py:183} INFO - Processing /home/airflow/.local/lib/python3.12/site-packages/airflow/example_dags/example_setup_teardown_taskflow.py took 0.085 seconds
[2024-06-11T23:06:50.835+0000] {processor.py:161} INFO - Started process (PID=2666) to work on /home/airflow/.local/lib/python3.12/site-packages/airflow/example_dags/example_setup_teardown_taskflow.py
[2024-06-11T23:06:50.837+0000] {processor.py:830} INFO - Processing file /home/airflow/.local/lib/python3.12/site-packages/airflow/example_dags/example_setup_teardown_taskflow.py for tasks to queue
[2024-06-11T23:06:50.840+0000] {logging_mixin.py:188} INFO - [2024-06-11T23:06:50.840+0000] {dagbag.py:545} INFO - Filling up the DagBag from /home/airflow/.local/lib/python3.12/site-packages/airflow/example_dags/example_setup_teardown_taskflow.py
[2024-06-11T23:06:50.848+0000] {processor.py:840} INFO - DAG(s) 'example_setup_teardown_taskflow' retrieved from /home/airflow/.local/lib/python3.12/site-packages/airflow/example_dags/example_setup_teardown_taskflow.py
[2024-06-11T23:06:50.868+0000] {logging_mixin.py:188} INFO - [2024-06-11T23:06:50.868+0000] {dag.py:3096} INFO - Sync 1 DAGs
[2024-06-11T23:06:50.887+0000] {logging_mixin.py:188} INFO - [2024-06-11T23:06:50.887+0000] {dag.py:3954} INFO - Setting next_dagrun for example_setup_teardown_taskflow to 2024-06-10 00:00:00+00:00, run_after=2024-06-11 00:00:00+00:00
[2024-06-11T23:06:50.915+0000] {processor.py:183} INFO - Processing /home/airflow/.local/lib/python3.12/site-packages/airflow/example_dags/example_setup_teardown_taskflow.py took 0.087 seconds
