[2024-06-11T22:43:48.991+0000] {processor.py:161} INFO - Started process (PID=48) to work on /home/airflow/.local/lib/python3.12/site-packages/airflow/example_dags/example_branch_python_dop_operator_3.py
[2024-06-11T22:43:48.993+0000] {processor.py:830} INFO - Processing file /home/airflow/.local/lib/python3.12/site-packages/airflow/example_dags/example_branch_python_dop_operator_3.py for tasks to queue
[2024-06-11T22:43:48.997+0000] {logging_mixin.py:188} INFO - [2024-06-11T22:43:48.997+0000] {dagbag.py:545} INFO - Filling up the DagBag from /home/airflow/.local/lib/python3.12/site-packages/airflow/example_dags/example_branch_python_dop_operator_3.py
[2024-06-11T22:43:49.014+0000] {processor.py:840} INFO - DAG(s) 'example_branch_dop_operator_v3' retrieved from /home/airflow/.local/lib/python3.12/site-packages/airflow/example_dags/example_branch_python_dop_operator_3.py
[2024-06-11T22:43:49.034+0000] {logging_mixin.py:188} INFO - [2024-06-11T22:43:49.033+0000] {dag.py:3096} INFO - Sync 1 DAGs
[2024-06-11T22:43:49.069+0000] {logging_mixin.py:188} INFO - [2024-06-11T22:43:49.069+0000] {dag.py:3954} INFO - Setting next_dagrun for example_branch_dop_operator_v3 to 2024-06-11 22:42:00+00:00, run_after=2024-06-11 22:43:00+00:00
[2024-06-11T22:43:49.107+0000] {processor.py:183} INFO - Processing /home/airflow/.local/lib/python3.12/site-packages/airflow/example_dags/example_branch_python_dop_operator_3.py took 0.123 seconds
[2024-06-11T22:44:19.286+0000] {processor.py:161} INFO - Started process (PID=106) to work on /home/airflow/.local/lib/python3.12/site-packages/airflow/example_dags/example_branch_python_dop_operator_3.py
[2024-06-11T22:44:19.288+0000] {processor.py:830} INFO - Processing file /home/airflow/.local/lib/python3.12/site-packages/airflow/example_dags/example_branch_python_dop_operator_3.py for tasks to queue
[2024-06-11T22:44:19.289+0000] {logging_mixin.py:188} INFO - [2024-06-11T22:44:19.289+0000] {dagbag.py:545} INFO - Filling up the DagBag from /home/airflow/.local/lib/python3.12/site-packages/airflow/example_dags/example_branch_python_dop_operator_3.py
[2024-06-11T22:44:19.295+0000] {processor.py:840} INFO - DAG(s) 'example_branch_dop_operator_v3' retrieved from /home/airflow/.local/lib/python3.12/site-packages/airflow/example_dags/example_branch_python_dop_operator_3.py
[2024-06-11T22:44:19.361+0000] {logging_mixin.py:188} INFO - [2024-06-11T22:44:19.361+0000] {dag.py:3096} INFO - Sync 1 DAGs
[2024-06-11T22:44:19.377+0000] {logging_mixin.py:188} INFO - [2024-06-11T22:44:19.377+0000] {dag.py:3954} INFO - Setting next_dagrun for example_branch_dop_operator_v3 to 2024-06-11 22:43:00+00:00, run_after=2024-06-11 22:44:00+00:00
[2024-06-11T22:44:19.391+0000] {processor.py:183} INFO - Processing /home/airflow/.local/lib/python3.12/site-packages/airflow/example_dags/example_branch_python_dop_operator_3.py took 0.109 seconds
[2024-06-11T22:44:49.939+0000] {processor.py:161} INFO - Started process (PID=164) to work on /home/airflow/.local/lib/python3.12/site-packages/airflow/example_dags/example_branch_python_dop_operator_3.py
[2024-06-11T22:44:49.940+0000] {processor.py:830} INFO - Processing file /home/airflow/.local/lib/python3.12/site-packages/airflow/example_dags/example_branch_python_dop_operator_3.py for tasks to queue
[2024-06-11T22:44:49.942+0000] {logging_mixin.py:188} INFO - [2024-06-11T22:44:49.941+0000] {dagbag.py:545} INFO - Filling up the DagBag from /home/airflow/.local/lib/python3.12/site-packages/airflow/example_dags/example_branch_python_dop_operator_3.py
[2024-06-11T22:44:49.948+0000] {processor.py:840} INFO - DAG(s) 'example_branch_dop_operator_v3' retrieved from /home/airflow/.local/lib/python3.12/site-packages/airflow/example_dags/example_branch_python_dop_operator_3.py
[2024-06-11T22:44:49.962+0000] {logging_mixin.py:188} INFO - [2024-06-11T22:44:49.962+0000] {dag.py:3096} INFO - Sync 1 DAGs
[2024-06-11T22:44:49.981+0000] {logging_mixin.py:188} INFO - [2024-06-11T22:44:49.981+0000] {dag.py:3954} INFO - Setting next_dagrun for example_branch_dop_operator_v3 to 2024-06-11 22:43:00+00:00, run_after=2024-06-11 22:44:00+00:00
[2024-06-11T22:44:49.998+0000] {processor.py:183} INFO - Processing /home/airflow/.local/lib/python3.12/site-packages/airflow/example_dags/example_branch_python_dop_operator_3.py took 0.064 seconds
[2024-06-11T22:45:20.289+0000] {processor.py:161} INFO - Started process (PID=223) to work on /home/airflow/.local/lib/python3.12/site-packages/airflow/example_dags/example_branch_python_dop_operator_3.py
[2024-06-11T22:45:20.290+0000] {processor.py:830} INFO - Processing file /home/airflow/.local/lib/python3.12/site-packages/airflow/example_dags/example_branch_python_dop_operator_3.py for tasks to queue
[2024-06-11T22:45:20.291+0000] {logging_mixin.py:188} INFO - [2024-06-11T22:45:20.291+0000] {dagbag.py:545} INFO - Filling up the DagBag from /home/airflow/.local/lib/python3.12/site-packages/airflow/example_dags/example_branch_python_dop_operator_3.py
[2024-06-11T22:45:20.297+0000] {processor.py:840} INFO - DAG(s) 'example_branch_dop_operator_v3' retrieved from /home/airflow/.local/lib/python3.12/site-packages/airflow/example_dags/example_branch_python_dop_operator_3.py
[2024-06-11T22:45:20.311+0000] {logging_mixin.py:188} INFO - [2024-06-11T22:45:20.311+0000] {dag.py:3096} INFO - Sync 1 DAGs
[2024-06-11T22:45:20.330+0000] {logging_mixin.py:188} INFO - [2024-06-11T22:45:20.329+0000] {dag.py:3954} INFO - Setting next_dagrun for example_branch_dop_operator_v3 to 2024-06-11 22:44:00+00:00, run_after=2024-06-11 22:45:00+00:00
[2024-06-11T22:45:20.345+0000] {processor.py:183} INFO - Processing /home/airflow/.local/lib/python3.12/site-packages/airflow/example_dags/example_branch_python_dop_operator_3.py took 0.061 seconds
[2024-06-11T22:45:50.693+0000] {processor.py:161} INFO - Started process (PID=281) to work on /home/airflow/.local/lib/python3.12/site-packages/airflow/example_dags/example_branch_python_dop_operator_3.py
[2024-06-11T22:45:50.694+0000] {processor.py:830} INFO - Processing file /home/airflow/.local/lib/python3.12/site-packages/airflow/example_dags/example_branch_python_dop_operator_3.py for tasks to queue
[2024-06-11T22:45:50.697+0000] {logging_mixin.py:188} INFO - [2024-06-11T22:45:50.697+0000] {dagbag.py:545} INFO - Filling up the DagBag from /home/airflow/.local/lib/python3.12/site-packages/airflow/example_dags/example_branch_python_dop_operator_3.py
[2024-06-11T22:45:50.706+0000] {processor.py:840} INFO - DAG(s) 'example_branch_dop_operator_v3' retrieved from /home/airflow/.local/lib/python3.12/site-packages/airflow/example_dags/example_branch_python_dop_operator_3.py
[2024-06-11T22:45:50.722+0000] {logging_mixin.py:188} INFO - [2024-06-11T22:45:50.722+0000] {dag.py:3096} INFO - Sync 1 DAGs
[2024-06-11T22:45:50.744+0000] {logging_mixin.py:188} INFO - [2024-06-11T22:45:50.744+0000] {dag.py:3954} INFO - Setting next_dagrun for example_branch_dop_operator_v3 to 2024-06-11 22:44:00+00:00, run_after=2024-06-11 22:45:00+00:00
[2024-06-11T22:45:50.762+0000] {processor.py:183} INFO - Processing /home/airflow/.local/lib/python3.12/site-packages/airflow/example_dags/example_branch_python_dop_operator_3.py took 0.074 seconds
[2024-06-11T22:46:21.497+0000] {processor.py:161} INFO - Started process (PID=339) to work on /home/airflow/.local/lib/python3.12/site-packages/airflow/example_dags/example_branch_python_dop_operator_3.py
[2024-06-11T22:46:21.502+0000] {processor.py:830} INFO - Processing file /home/airflow/.local/lib/python3.12/site-packages/airflow/example_dags/example_branch_python_dop_operator_3.py for tasks to queue
[2024-06-11T22:46:21.505+0000] {logging_mixin.py:188} INFO - [2024-06-11T22:46:21.505+0000] {dagbag.py:545} INFO - Filling up the DagBag from /home/airflow/.local/lib/python3.12/site-packages/airflow/example_dags/example_branch_python_dop_operator_3.py
[2024-06-11T22:46:21.513+0000] {processor.py:840} INFO - DAG(s) 'example_branch_dop_operator_v3' retrieved from /home/airflow/.local/lib/python3.12/site-packages/airflow/example_dags/example_branch_python_dop_operator_3.py
[2024-06-11T22:46:21.530+0000] {logging_mixin.py:188} INFO - [2024-06-11T22:46:21.530+0000] {dag.py:3096} INFO - Sync 1 DAGs
[2024-06-11T22:46:21.558+0000] {logging_mixin.py:188} INFO - [2024-06-11T22:46:21.558+0000] {dag.py:3954} INFO - Setting next_dagrun for example_branch_dop_operator_v3 to 2024-06-11 22:45:00+00:00, run_after=2024-06-11 22:46:00+00:00
[2024-06-11T22:46:21.577+0000] {processor.py:183} INFO - Processing /home/airflow/.local/lib/python3.12/site-packages/airflow/example_dags/example_branch_python_dop_operator_3.py took 0.086 seconds
[2024-06-11T22:46:51.812+0000] {processor.py:161} INFO - Started process (PID=397) to work on /home/airflow/.local/lib/python3.12/site-packages/airflow/example_dags/example_branch_python_dop_operator_3.py
[2024-06-11T22:46:51.813+0000] {processor.py:830} INFO - Processing file /home/airflow/.local/lib/python3.12/site-packages/airflow/example_dags/example_branch_python_dop_operator_3.py for tasks to queue
[2024-06-11T22:46:51.814+0000] {logging_mixin.py:188} INFO - [2024-06-11T22:46:51.814+0000] {dagbag.py:545} INFO - Filling up the DagBag from /home/airflow/.local/lib/python3.12/site-packages/airflow/example_dags/example_branch_python_dop_operator_3.py
[2024-06-11T22:46:51.821+0000] {processor.py:840} INFO - DAG(s) 'example_branch_dop_operator_v3' retrieved from /home/airflow/.local/lib/python3.12/site-packages/airflow/example_dags/example_branch_python_dop_operator_3.py
[2024-06-11T22:46:51.838+0000] {logging_mixin.py:188} INFO - [2024-06-11T22:46:51.838+0000] {dag.py:3096} INFO - Sync 1 DAGs
[2024-06-11T22:46:51.862+0000] {logging_mixin.py:188} INFO - [2024-06-11T22:46:51.862+0000] {dag.py:3954} INFO - Setting next_dagrun for example_branch_dop_operator_v3 to 2024-06-11 22:45:00+00:00, run_after=2024-06-11 22:46:00+00:00
[2024-06-11T22:46:51.881+0000] {processor.py:183} INFO - Processing /home/airflow/.local/lib/python3.12/site-packages/airflow/example_dags/example_branch_python_dop_operator_3.py took 0.075 seconds
[2024-06-11T22:47:22.263+0000] {processor.py:161} INFO - Started process (PID=455) to work on /home/airflow/.local/lib/python3.12/site-packages/airflow/example_dags/example_branch_python_dop_operator_3.py
[2024-06-11T22:47:22.264+0000] {processor.py:830} INFO - Processing file /home/airflow/.local/lib/python3.12/site-packages/airflow/example_dags/example_branch_python_dop_operator_3.py for tasks to queue
[2024-06-11T22:47:22.266+0000] {logging_mixin.py:188} INFO - [2024-06-11T22:47:22.266+0000] {dagbag.py:545} INFO - Filling up the DagBag from /home/airflow/.local/lib/python3.12/site-packages/airflow/example_dags/example_branch_python_dop_operator_3.py
[2024-06-11T22:47:22.275+0000] {processor.py:840} INFO - DAG(s) 'example_branch_dop_operator_v3' retrieved from /home/airflow/.local/lib/python3.12/site-packages/airflow/example_dags/example_branch_python_dop_operator_3.py
[2024-06-11T22:47:22.294+0000] {logging_mixin.py:188} INFO - [2024-06-11T22:47:22.294+0000] {dag.py:3096} INFO - Sync 1 DAGs
[2024-06-11T22:47:22.325+0000] {logging_mixin.py:188} INFO - [2024-06-11T22:47:22.325+0000] {dag.py:3954} INFO - Setting next_dagrun for example_branch_dop_operator_v3 to 2024-06-11 22:46:00+00:00, run_after=2024-06-11 22:47:00+00:00
[2024-06-11T22:47:22.345+0000] {processor.py:183} INFO - Processing /home/airflow/.local/lib/python3.12/site-packages/airflow/example_dags/example_branch_python_dop_operator_3.py took 0.087 seconds
[2024-06-11T22:47:52.879+0000] {processor.py:161} INFO - Started process (PID=513) to work on /home/airflow/.local/lib/python3.12/site-packages/airflow/example_dags/example_branch_python_dop_operator_3.py
[2024-06-11T22:47:52.879+0000] {processor.py:830} INFO - Processing file /home/airflow/.local/lib/python3.12/site-packages/airflow/example_dags/example_branch_python_dop_operator_3.py for tasks to queue
[2024-06-11T22:47:52.881+0000] {logging_mixin.py:188} INFO - [2024-06-11T22:47:52.881+0000] {dagbag.py:545} INFO - Filling up the DagBag from /home/airflow/.local/lib/python3.12/site-packages/airflow/example_dags/example_branch_python_dop_operator_3.py
[2024-06-11T22:47:52.888+0000] {processor.py:840} INFO - DAG(s) 'example_branch_dop_operator_v3' retrieved from /home/airflow/.local/lib/python3.12/site-packages/airflow/example_dags/example_branch_python_dop_operator_3.py
[2024-06-11T22:47:52.909+0000] {logging_mixin.py:188} INFO - [2024-06-11T22:47:52.909+0000] {dag.py:3096} INFO - Sync 1 DAGs
[2024-06-11T22:47:52.931+0000] {logging_mixin.py:188} INFO - [2024-06-11T22:47:52.931+0000] {dag.py:3954} INFO - Setting next_dagrun for example_branch_dop_operator_v3 to 2024-06-11 22:46:00+00:00, run_after=2024-06-11 22:47:00+00:00
[2024-06-11T22:47:52.950+0000] {processor.py:183} INFO - Processing /home/airflow/.local/lib/python3.12/site-packages/airflow/example_dags/example_branch_python_dop_operator_3.py took 0.077 seconds
[2024-06-11T22:48:23.695+0000] {processor.py:161} INFO - Started process (PID=571) to work on /home/airflow/.local/lib/python3.12/site-packages/airflow/example_dags/example_branch_python_dop_operator_3.py
[2024-06-11T22:48:23.698+0000] {processor.py:830} INFO - Processing file /home/airflow/.local/lib/python3.12/site-packages/airflow/example_dags/example_branch_python_dop_operator_3.py for tasks to queue
[2024-06-11T22:48:23.703+0000] {logging_mixin.py:188} INFO - [2024-06-11T22:48:23.703+0000] {dagbag.py:545} INFO - Filling up the DagBag from /home/airflow/.local/lib/python3.12/site-packages/airflow/example_dags/example_branch_python_dop_operator_3.py
[2024-06-11T22:48:23.722+0000] {processor.py:840} INFO - DAG(s) 'example_branch_dop_operator_v3' retrieved from /home/airflow/.local/lib/python3.12/site-packages/airflow/example_dags/example_branch_python_dop_operator_3.py
[2024-06-11T22:48:23.756+0000] {logging_mixin.py:188} INFO - [2024-06-11T22:48:23.755+0000] {dag.py:3096} INFO - Sync 1 DAGs
[2024-06-11T22:48:23.782+0000] {logging_mixin.py:188} INFO - [2024-06-11T22:48:23.782+0000] {dag.py:3954} INFO - Setting next_dagrun for example_branch_dop_operator_v3 to 2024-06-11 22:47:00+00:00, run_after=2024-06-11 22:48:00+00:00
[2024-06-11T22:48:23.803+0000] {processor.py:183} INFO - Processing /home/airflow/.local/lib/python3.12/site-packages/airflow/example_dags/example_branch_python_dop_operator_3.py took 0.117 seconds
[2024-06-11T22:48:54.685+0000] {processor.py:161} INFO - Started process (PID=629) to work on /home/airflow/.local/lib/python3.12/site-packages/airflow/example_dags/example_branch_python_dop_operator_3.py
[2024-06-11T22:48:54.686+0000] {processor.py:830} INFO - Processing file /home/airflow/.local/lib/python3.12/site-packages/airflow/example_dags/example_branch_python_dop_operator_3.py for tasks to queue
[2024-06-11T22:48:54.688+0000] {logging_mixin.py:188} INFO - [2024-06-11T22:48:54.687+0000] {dagbag.py:545} INFO - Filling up the DagBag from /home/airflow/.local/lib/python3.12/site-packages/airflow/example_dags/example_branch_python_dop_operator_3.py
[2024-06-11T22:48:54.695+0000] {processor.py:840} INFO - DAG(s) 'example_branch_dop_operator_v3' retrieved from /home/airflow/.local/lib/python3.12/site-packages/airflow/example_dags/example_branch_python_dop_operator_3.py
[2024-06-11T22:48:54.714+0000] {logging_mixin.py:188} INFO - [2024-06-11T22:48:54.713+0000] {dag.py:3096} INFO - Sync 1 DAGs
[2024-06-11T22:48:54.736+0000] {logging_mixin.py:188} INFO - [2024-06-11T22:48:54.735+0000] {dag.py:3954} INFO - Setting next_dagrun for example_branch_dop_operator_v3 to 2024-06-11 22:47:00+00:00, run_after=2024-06-11 22:48:00+00:00
[2024-06-11T22:48:54.762+0000] {processor.py:183} INFO - Processing /home/airflow/.local/lib/python3.12/site-packages/airflow/example_dags/example_branch_python_dop_operator_3.py took 0.085 seconds
[2024-06-11T22:49:24.967+0000] {processor.py:161} INFO - Started process (PID=686) to work on /home/airflow/.local/lib/python3.12/site-packages/airflow/example_dags/example_branch_python_dop_operator_3.py
[2024-06-11T22:49:24.968+0000] {processor.py:830} INFO - Processing file /home/airflow/.local/lib/python3.12/site-packages/airflow/example_dags/example_branch_python_dop_operator_3.py for tasks to queue
[2024-06-11T22:49:24.970+0000] {logging_mixin.py:188} INFO - [2024-06-11T22:49:24.970+0000] {dagbag.py:545} INFO - Filling up the DagBag from /home/airflow/.local/lib/python3.12/site-packages/airflow/example_dags/example_branch_python_dop_operator_3.py
[2024-06-11T22:49:24.977+0000] {processor.py:840} INFO - DAG(s) 'example_branch_dop_operator_v3' retrieved from /home/airflow/.local/lib/python3.12/site-packages/airflow/example_dags/example_branch_python_dop_operator_3.py
[2024-06-11T22:49:24.994+0000] {logging_mixin.py:188} INFO - [2024-06-11T22:49:24.994+0000] {dag.py:3096} INFO - Sync 1 DAGs
[2024-06-11T22:49:25.026+0000] {logging_mixin.py:188} INFO - [2024-06-11T22:49:25.026+0000] {dag.py:3954} INFO - Setting next_dagrun for example_branch_dop_operator_v3 to 2024-06-11 22:48:00+00:00, run_after=2024-06-11 22:49:00+00:00
[2024-06-11T22:49:25.050+0000] {processor.py:183} INFO - Processing /home/airflow/.local/lib/python3.12/site-packages/airflow/example_dags/example_branch_python_dop_operator_3.py took 0.088 seconds
[2024-06-11T22:49:56.104+0000] {processor.py:161} INFO - Started process (PID=745) to work on /home/airflow/.local/lib/python3.12/site-packages/airflow/example_dags/example_branch_python_dop_operator_3.py
[2024-06-11T22:49:56.105+0000] {processor.py:830} INFO - Processing file /home/airflow/.local/lib/python3.12/site-packages/airflow/example_dags/example_branch_python_dop_operator_3.py for tasks to queue
[2024-06-11T22:49:56.108+0000] {logging_mixin.py:188} INFO - [2024-06-11T22:49:56.107+0000] {dagbag.py:545} INFO - Filling up the DagBag from /home/airflow/.local/lib/python3.12/site-packages/airflow/example_dags/example_branch_python_dop_operator_3.py
[2024-06-11T22:49:56.117+0000] {processor.py:840} INFO - DAG(s) 'example_branch_dop_operator_v3' retrieved from /home/airflow/.local/lib/python3.12/site-packages/airflow/example_dags/example_branch_python_dop_operator_3.py
[2024-06-11T22:49:56.157+0000] {logging_mixin.py:188} INFO - [2024-06-11T22:49:56.156+0000] {dag.py:3096} INFO - Sync 1 DAGs
[2024-06-11T22:49:56.195+0000] {logging_mixin.py:188} INFO - [2024-06-11T22:49:56.194+0000] {dag.py:3954} INFO - Setting next_dagrun for example_branch_dop_operator_v3 to 2024-06-11 22:48:00+00:00, run_after=2024-06-11 22:49:00+00:00
[2024-06-11T22:49:56.217+0000] {processor.py:183} INFO - Processing /home/airflow/.local/lib/python3.12/site-packages/airflow/example_dags/example_branch_python_dop_operator_3.py took 0.118 seconds
[2024-06-11T22:50:26.390+0000] {processor.py:161} INFO - Started process (PID=803) to work on /home/airflow/.local/lib/python3.12/site-packages/airflow/example_dags/example_branch_python_dop_operator_3.py
[2024-06-11T22:50:26.391+0000] {processor.py:830} INFO - Processing file /home/airflow/.local/lib/python3.12/site-packages/airflow/example_dags/example_branch_python_dop_operator_3.py for tasks to queue
[2024-06-11T22:50:26.392+0000] {logging_mixin.py:188} INFO - [2024-06-11T22:50:26.392+0000] {dagbag.py:545} INFO - Filling up the DagBag from /home/airflow/.local/lib/python3.12/site-packages/airflow/example_dags/example_branch_python_dop_operator_3.py
[2024-06-11T22:50:26.398+0000] {processor.py:840} INFO - DAG(s) 'example_branch_dop_operator_v3' retrieved from /home/airflow/.local/lib/python3.12/site-packages/airflow/example_dags/example_branch_python_dop_operator_3.py
[2024-06-11T22:50:26.412+0000] {logging_mixin.py:188} INFO - [2024-06-11T22:50:26.412+0000] {dag.py:3096} INFO - Sync 1 DAGs
[2024-06-11T22:50:26.430+0000] {logging_mixin.py:188} INFO - [2024-06-11T22:50:26.430+0000] {dag.py:3954} INFO - Setting next_dagrun for example_branch_dop_operator_v3 to 2024-06-11 22:49:00+00:00, run_after=2024-06-11 22:50:00+00:00
[2024-06-11T22:50:26.446+0000] {processor.py:183} INFO - Processing /home/airflow/.local/lib/python3.12/site-packages/airflow/example_dags/example_branch_python_dop_operator_3.py took 0.060 seconds
[2024-06-11T22:50:57.303+0000] {processor.py:161} INFO - Started process (PID=861) to work on /home/airflow/.local/lib/python3.12/site-packages/airflow/example_dags/example_branch_python_dop_operator_3.py
[2024-06-11T22:50:57.304+0000] {processor.py:830} INFO - Processing file /home/airflow/.local/lib/python3.12/site-packages/airflow/example_dags/example_branch_python_dop_operator_3.py for tasks to queue
[2024-06-11T22:50:57.305+0000] {logging_mixin.py:188} INFO - [2024-06-11T22:50:57.305+0000] {dagbag.py:545} INFO - Filling up the DagBag from /home/airflow/.local/lib/python3.12/site-packages/airflow/example_dags/example_branch_python_dop_operator_3.py
[2024-06-11T22:50:57.316+0000] {processor.py:840} INFO - DAG(s) 'example_branch_dop_operator_v3' retrieved from /home/airflow/.local/lib/python3.12/site-packages/airflow/example_dags/example_branch_python_dop_operator_3.py
[2024-06-11T22:50:57.337+0000] {logging_mixin.py:188} INFO - [2024-06-11T22:50:57.337+0000] {dag.py:3096} INFO - Sync 1 DAGs
[2024-06-11T22:50:57.360+0000] {logging_mixin.py:188} INFO - [2024-06-11T22:50:57.360+0000] {dag.py:3954} INFO - Setting next_dagrun for example_branch_dop_operator_v3 to 2024-06-11 22:49:00+00:00, run_after=2024-06-11 22:50:00+00:00
[2024-06-11T22:50:57.376+0000] {processor.py:183} INFO - Processing /home/airflow/.local/lib/python3.12/site-packages/airflow/example_dags/example_branch_python_dop_operator_3.py took 0.079 seconds
[2024-06-11T22:51:28.738+0000] {processor.py:161} INFO - Started process (PID=919) to work on /home/airflow/.local/lib/python3.12/site-packages/airflow/example_dags/example_branch_python_dop_operator_3.py
[2024-06-11T22:51:28.743+0000] {processor.py:830} INFO - Processing file /home/airflow/.local/lib/python3.12/site-packages/airflow/example_dags/example_branch_python_dop_operator_3.py for tasks to queue
[2024-06-11T22:51:28.745+0000] {logging_mixin.py:188} INFO - [2024-06-11T22:51:28.745+0000] {dagbag.py:545} INFO - Filling up the DagBag from /home/airflow/.local/lib/python3.12/site-packages/airflow/example_dags/example_branch_python_dop_operator_3.py
[2024-06-11T22:51:28.754+0000] {processor.py:840} INFO - DAG(s) 'example_branch_dop_operator_v3' retrieved from /home/airflow/.local/lib/python3.12/site-packages/airflow/example_dags/example_branch_python_dop_operator_3.py
[2024-06-11T22:51:28.773+0000] {logging_mixin.py:188} INFO - [2024-06-11T22:51:28.773+0000] {dag.py:3096} INFO - Sync 1 DAGs
[2024-06-11T22:51:28.794+0000] {logging_mixin.py:188} INFO - [2024-06-11T22:51:28.794+0000] {dag.py:3954} INFO - Setting next_dagrun for example_branch_dop_operator_v3 to 2024-06-11 22:50:00+00:00, run_after=2024-06-11 22:51:00+00:00
[2024-06-11T22:51:28.818+0000] {processor.py:183} INFO - Processing /home/airflow/.local/lib/python3.12/site-packages/airflow/example_dags/example_branch_python_dop_operator_3.py took 0.085 seconds
[2024-06-11T22:51:59.703+0000] {processor.py:161} INFO - Started process (PID=977) to work on /home/airflow/.local/lib/python3.12/site-packages/airflow/example_dags/example_branch_python_dop_operator_3.py
[2024-06-11T22:51:59.705+0000] {processor.py:830} INFO - Processing file /home/airflow/.local/lib/python3.12/site-packages/airflow/example_dags/example_branch_python_dop_operator_3.py for tasks to queue
[2024-06-11T22:51:59.761+0000] {logging_mixin.py:188} INFO - [2024-06-11T22:51:59.761+0000] {dagbag.py:545} INFO - Filling up the DagBag from /home/airflow/.local/lib/python3.12/site-packages/airflow/example_dags/example_branch_python_dop_operator_3.py
[2024-06-11T22:51:59.774+0000] {processor.py:840} INFO - DAG(s) 'example_branch_dop_operator_v3' retrieved from /home/airflow/.local/lib/python3.12/site-packages/airflow/example_dags/example_branch_python_dop_operator_3.py
[2024-06-11T22:51:59.876+0000] {logging_mixin.py:188} INFO - [2024-06-11T22:51:59.876+0000] {dag.py:3096} INFO - Sync 1 DAGs
[2024-06-11T22:51:59.898+0000] {logging_mixin.py:188} INFO - [2024-06-11T22:51:59.897+0000] {dag.py:3954} INFO - Setting next_dagrun for example_branch_dop_operator_v3 to 2024-06-11 22:50:00+00:00, run_after=2024-06-11 22:51:00+00:00
[2024-06-11T22:51:59.991+0000] {processor.py:183} INFO - Processing /home/airflow/.local/lib/python3.12/site-packages/airflow/example_dags/example_branch_python_dop_operator_3.py took 0.292 seconds
[2024-06-11T22:52:31.049+0000] {processor.py:161} INFO - Started process (PID=1035) to work on /home/airflow/.local/lib/python3.12/site-packages/airflow/example_dags/example_branch_python_dop_operator_3.py
[2024-06-11T22:52:31.055+0000] {processor.py:830} INFO - Processing file /home/airflow/.local/lib/python3.12/site-packages/airflow/example_dags/example_branch_python_dop_operator_3.py for tasks to queue
[2024-06-11T22:52:31.061+0000] {logging_mixin.py:188} INFO - [2024-06-11T22:52:31.061+0000] {dagbag.py:545} INFO - Filling up the DagBag from /home/airflow/.local/lib/python3.12/site-packages/airflow/example_dags/example_branch_python_dop_operator_3.py
[2024-06-11T22:52:31.075+0000] {processor.py:840} INFO - DAG(s) 'example_branch_dop_operator_v3' retrieved from /home/airflow/.local/lib/python3.12/site-packages/airflow/example_dags/example_branch_python_dop_operator_3.py
[2024-06-11T22:52:31.097+0000] {logging_mixin.py:188} INFO - [2024-06-11T22:52:31.097+0000] {dag.py:3096} INFO - Sync 1 DAGs
[2024-06-11T22:52:31.127+0000] {logging_mixin.py:188} INFO - [2024-06-11T22:52:31.126+0000] {dag.py:3954} INFO - Setting next_dagrun for example_branch_dop_operator_v3 to 2024-06-11 22:51:00+00:00, run_after=2024-06-11 22:52:00+00:00
[2024-06-11T22:52:31.150+0000] {processor.py:183} INFO - Processing /home/airflow/.local/lib/python3.12/site-packages/airflow/example_dags/example_branch_python_dop_operator_3.py took 0.108 seconds
[2024-06-11T22:53:01.230+0000] {processor.py:161} INFO - Started process (PID=1098) to work on /home/airflow/.local/lib/python3.12/site-packages/airflow/example_dags/example_branch_python_dop_operator_3.py
[2024-06-11T22:53:01.232+0000] {processor.py:830} INFO - Processing file /home/airflow/.local/lib/python3.12/site-packages/airflow/example_dags/example_branch_python_dop_operator_3.py for tasks to queue
[2024-06-11T22:53:01.236+0000] {logging_mixin.py:188} INFO - [2024-06-11T22:53:01.235+0000] {dagbag.py:545} INFO - Filling up the DagBag from /home/airflow/.local/lib/python3.12/site-packages/airflow/example_dags/example_branch_python_dop_operator_3.py
[2024-06-11T22:53:01.245+0000] {processor.py:840} INFO - DAG(s) 'example_branch_dop_operator_v3' retrieved from /home/airflow/.local/lib/python3.12/site-packages/airflow/example_dags/example_branch_python_dop_operator_3.py
[2024-06-11T22:53:01.262+0000] {logging_mixin.py:188} INFO - [2024-06-11T22:53:01.262+0000] {dag.py:3096} INFO - Sync 1 DAGs
[2024-06-11T22:53:01.303+0000] {logging_mixin.py:188} INFO - [2024-06-11T22:53:01.303+0000] {dag.py:3954} INFO - Setting next_dagrun for example_branch_dop_operator_v3 to 2024-06-11 22:52:00+00:00, run_after=2024-06-11 22:53:00+00:00
[2024-06-11T22:53:01.321+0000] {processor.py:183} INFO - Processing /home/airflow/.local/lib/python3.12/site-packages/airflow/example_dags/example_branch_python_dop_operator_3.py took 0.096 seconds
[2024-06-11T22:53:32.225+0000] {processor.py:161} INFO - Started process (PID=1156) to work on /home/airflow/.local/lib/python3.12/site-packages/airflow/example_dags/example_branch_python_dop_operator_3.py
[2024-06-11T22:53:32.226+0000] {processor.py:830} INFO - Processing file /home/airflow/.local/lib/python3.12/site-packages/airflow/example_dags/example_branch_python_dop_operator_3.py for tasks to queue
[2024-06-11T22:53:32.228+0000] {logging_mixin.py:188} INFO - [2024-06-11T22:53:32.228+0000] {dagbag.py:545} INFO - Filling up the DagBag from /home/airflow/.local/lib/python3.12/site-packages/airflow/example_dags/example_branch_python_dop_operator_3.py
[2024-06-11T22:53:32.235+0000] {processor.py:840} INFO - DAG(s) 'example_branch_dop_operator_v3' retrieved from /home/airflow/.local/lib/python3.12/site-packages/airflow/example_dags/example_branch_python_dop_operator_3.py
[2024-06-11T22:53:32.251+0000] {logging_mixin.py:188} INFO - [2024-06-11T22:53:32.251+0000] {dag.py:3096} INFO - Sync 1 DAGs
[2024-06-11T22:53:32.271+0000] {logging_mixin.py:188} INFO - [2024-06-11T22:53:32.271+0000] {dag.py:3954} INFO - Setting next_dagrun for example_branch_dop_operator_v3 to 2024-06-11 22:52:00+00:00, run_after=2024-06-11 22:53:00+00:00
[2024-06-11T22:53:32.288+0000] {processor.py:183} INFO - Processing /home/airflow/.local/lib/python3.12/site-packages/airflow/example_dags/example_branch_python_dop_operator_3.py took 0.067 seconds
[2024-06-11T22:54:02.520+0000] {processor.py:161} INFO - Started process (PID=1214) to work on /home/airflow/.local/lib/python3.12/site-packages/airflow/example_dags/example_branch_python_dop_operator_3.py
[2024-06-11T22:54:02.521+0000] {processor.py:830} INFO - Processing file /home/airflow/.local/lib/python3.12/site-packages/airflow/example_dags/example_branch_python_dop_operator_3.py for tasks to queue
[2024-06-11T22:54:02.523+0000] {logging_mixin.py:188} INFO - [2024-06-11T22:54:02.523+0000] {dagbag.py:545} INFO - Filling up the DagBag from /home/airflow/.local/lib/python3.12/site-packages/airflow/example_dags/example_branch_python_dop_operator_3.py
[2024-06-11T22:54:02.537+0000] {processor.py:840} INFO - DAG(s) 'example_branch_dop_operator_v3' retrieved from /home/airflow/.local/lib/python3.12/site-packages/airflow/example_dags/example_branch_python_dop_operator_3.py
[2024-06-11T22:54:02.560+0000] {logging_mixin.py:188} INFO - [2024-06-11T22:54:02.560+0000] {dag.py:3096} INFO - Sync 1 DAGs
[2024-06-11T22:54:02.582+0000] {logging_mixin.py:188} INFO - [2024-06-11T22:54:02.581+0000] {dag.py:3954} INFO - Setting next_dagrun for example_branch_dop_operator_v3 to 2024-06-11 22:53:00+00:00, run_after=2024-06-11 22:54:00+00:00
[2024-06-11T22:54:02.608+0000] {processor.py:183} INFO - Processing /home/airflow/.local/lib/python3.12/site-packages/airflow/example_dags/example_branch_python_dop_operator_3.py took 0.094 seconds
[2024-06-11T22:54:32.927+0000] {processor.py:161} INFO - Started process (PID=1272) to work on /home/airflow/.local/lib/python3.12/site-packages/airflow/example_dags/example_branch_python_dop_operator_3.py
[2024-06-11T22:54:32.928+0000] {processor.py:830} INFO - Processing file /home/airflow/.local/lib/python3.12/site-packages/airflow/example_dags/example_branch_python_dop_operator_3.py for tasks to queue
[2024-06-11T22:54:32.930+0000] {logging_mixin.py:188} INFO - [2024-06-11T22:54:32.929+0000] {dagbag.py:545} INFO - Filling up the DagBag from /home/airflow/.local/lib/python3.12/site-packages/airflow/example_dags/example_branch_python_dop_operator_3.py
[2024-06-11T22:54:32.943+0000] {processor.py:840} INFO - DAG(s) 'example_branch_dop_operator_v3' retrieved from /home/airflow/.local/lib/python3.12/site-packages/airflow/example_dags/example_branch_python_dop_operator_3.py
[2024-06-11T22:54:32.993+0000] {logging_mixin.py:188} INFO - [2024-06-11T22:54:32.992+0000] {dag.py:3096} INFO - Sync 1 DAGs
[2024-06-11T22:54:33.013+0000] {logging_mixin.py:188} INFO - [2024-06-11T22:54:33.013+0000] {dag.py:3954} INFO - Setting next_dagrun for example_branch_dop_operator_v3 to 2024-06-11 22:53:00+00:00, run_after=2024-06-11 22:54:00+00:00
[2024-06-11T22:54:33.032+0000] {processor.py:183} INFO - Processing /home/airflow/.local/lib/python3.12/site-packages/airflow/example_dags/example_branch_python_dop_operator_3.py took 0.112 seconds
[2024-06-11T22:55:03.462+0000] {processor.py:161} INFO - Started process (PID=1330) to work on /home/airflow/.local/lib/python3.12/site-packages/airflow/example_dags/example_branch_python_dop_operator_3.py
[2024-06-11T22:55:03.463+0000] {processor.py:830} INFO - Processing file /home/airflow/.local/lib/python3.12/site-packages/airflow/example_dags/example_branch_python_dop_operator_3.py for tasks to queue
[2024-06-11T22:55:03.465+0000] {logging_mixin.py:188} INFO - [2024-06-11T22:55:03.464+0000] {dagbag.py:545} INFO - Filling up the DagBag from /home/airflow/.local/lib/python3.12/site-packages/airflow/example_dags/example_branch_python_dop_operator_3.py
[2024-06-11T22:55:03.472+0000] {processor.py:840} INFO - DAG(s) 'example_branch_dop_operator_v3' retrieved from /home/airflow/.local/lib/python3.12/site-packages/airflow/example_dags/example_branch_python_dop_operator_3.py
[2024-06-11T22:55:03.489+0000] {logging_mixin.py:188} INFO - [2024-06-11T22:55:03.489+0000] {dag.py:3096} INFO - Sync 1 DAGs
[2024-06-11T22:55:03.511+0000] {logging_mixin.py:188} INFO - [2024-06-11T22:55:03.511+0000] {dag.py:3954} INFO - Setting next_dagrun for example_branch_dop_operator_v3 to 2024-06-11 22:54:00+00:00, run_after=2024-06-11 22:55:00+00:00
[2024-06-11T22:55:03.530+0000] {processor.py:183} INFO - Processing /home/airflow/.local/lib/python3.12/site-packages/airflow/example_dags/example_branch_python_dop_operator_3.py took 0.073 seconds
[2024-06-11T22:55:34.444+0000] {processor.py:161} INFO - Started process (PID=1388) to work on /home/airflow/.local/lib/python3.12/site-packages/airflow/example_dags/example_branch_python_dop_operator_3.py
[2024-06-11T22:55:34.446+0000] {processor.py:830} INFO - Processing file /home/airflow/.local/lib/python3.12/site-packages/airflow/example_dags/example_branch_python_dop_operator_3.py for tasks to queue
[2024-06-11T22:55:34.447+0000] {logging_mixin.py:188} INFO - [2024-06-11T22:55:34.447+0000] {dagbag.py:545} INFO - Filling up the DagBag from /home/airflow/.local/lib/python3.12/site-packages/airflow/example_dags/example_branch_python_dop_operator_3.py
[2024-06-11T22:55:34.453+0000] {processor.py:840} INFO - DAG(s) 'example_branch_dop_operator_v3' retrieved from /home/airflow/.local/lib/python3.12/site-packages/airflow/example_dags/example_branch_python_dop_operator_3.py
[2024-06-11T22:55:34.473+0000] {logging_mixin.py:188} INFO - [2024-06-11T22:55:34.473+0000] {dag.py:3096} INFO - Sync 1 DAGs
[2024-06-11T22:55:34.494+0000] {logging_mixin.py:188} INFO - [2024-06-11T22:55:34.494+0000] {dag.py:3954} INFO - Setting next_dagrun for example_branch_dop_operator_v3 to 2024-06-11 22:54:00+00:00, run_after=2024-06-11 22:55:00+00:00
[2024-06-11T22:55:34.512+0000] {processor.py:183} INFO - Processing /home/airflow/.local/lib/python3.12/site-packages/airflow/example_dags/example_branch_python_dop_operator_3.py took 0.074 seconds
[2024-06-11T22:56:04.778+0000] {processor.py:161} INFO - Started process (PID=1445) to work on /home/airflow/.local/lib/python3.12/site-packages/airflow/example_dags/example_branch_python_dop_operator_3.py
[2024-06-11T22:56:04.780+0000] {processor.py:830} INFO - Processing file /home/airflow/.local/lib/python3.12/site-packages/airflow/example_dags/example_branch_python_dop_operator_3.py for tasks to queue
[2024-06-11T22:56:04.782+0000] {logging_mixin.py:188} INFO - [2024-06-11T22:56:04.781+0000] {dagbag.py:545} INFO - Filling up the DagBag from /home/airflow/.local/lib/python3.12/site-packages/airflow/example_dags/example_branch_python_dop_operator_3.py
[2024-06-11T22:56:04.787+0000] {processor.py:840} INFO - DAG(s) 'example_branch_dop_operator_v3' retrieved from /home/airflow/.local/lib/python3.12/site-packages/airflow/example_dags/example_branch_python_dop_operator_3.py
[2024-06-11T22:56:04.802+0000] {logging_mixin.py:188} INFO - [2024-06-11T22:56:04.802+0000] {dag.py:3096} INFO - Sync 1 DAGs
[2024-06-11T22:56:04.820+0000] {logging_mixin.py:188} INFO - [2024-06-11T22:56:04.820+0000] {dag.py:3954} INFO - Setting next_dagrun for example_branch_dop_operator_v3 to 2024-06-11 22:55:00+00:00, run_after=2024-06-11 22:56:00+00:00
[2024-06-11T22:56:04.835+0000] {processor.py:183} INFO - Processing /home/airflow/.local/lib/python3.12/site-packages/airflow/example_dags/example_branch_python_dop_operator_3.py took 0.062 seconds
[2024-06-11T22:56:35.088+0000] {processor.py:161} INFO - Started process (PID=1503) to work on /home/airflow/.local/lib/python3.12/site-packages/airflow/example_dags/example_branch_python_dop_operator_3.py
[2024-06-11T22:56:35.089+0000] {processor.py:830} INFO - Processing file /home/airflow/.local/lib/python3.12/site-packages/airflow/example_dags/example_branch_python_dop_operator_3.py for tasks to queue
[2024-06-11T22:56:35.091+0000] {logging_mixin.py:188} INFO - [2024-06-11T22:56:35.091+0000] {dagbag.py:545} INFO - Filling up the DagBag from /home/airflow/.local/lib/python3.12/site-packages/airflow/example_dags/example_branch_python_dop_operator_3.py
[2024-06-11T22:56:35.097+0000] {processor.py:840} INFO - DAG(s) 'example_branch_dop_operator_v3' retrieved from /home/airflow/.local/lib/python3.12/site-packages/airflow/example_dags/example_branch_python_dop_operator_3.py
[2024-06-11T22:56:35.111+0000] {logging_mixin.py:188} INFO - [2024-06-11T22:56:35.110+0000] {dag.py:3096} INFO - Sync 1 DAGs
[2024-06-11T22:56:35.127+0000] {logging_mixin.py:188} INFO - [2024-06-11T22:56:35.127+0000] {dag.py:3954} INFO - Setting next_dagrun for example_branch_dop_operator_v3 to 2024-06-11 22:55:00+00:00, run_after=2024-06-11 22:56:00+00:00
[2024-06-11T22:56:35.142+0000] {processor.py:183} INFO - Processing /home/airflow/.local/lib/python3.12/site-packages/airflow/example_dags/example_branch_python_dop_operator_3.py took 0.059 seconds
[2024-06-11T22:57:06.063+0000] {processor.py:161} INFO - Started process (PID=1561) to work on /home/airflow/.local/lib/python3.12/site-packages/airflow/example_dags/example_branch_python_dop_operator_3.py
[2024-06-11T22:57:06.080+0000] {processor.py:830} INFO - Processing file /home/airflow/.local/lib/python3.12/site-packages/airflow/example_dags/example_branch_python_dop_operator_3.py for tasks to queue
[2024-06-11T22:57:06.083+0000] {logging_mixin.py:188} INFO - [2024-06-11T22:57:06.083+0000] {dagbag.py:545} INFO - Filling up the DagBag from /home/airflow/.local/lib/python3.12/site-packages/airflow/example_dags/example_branch_python_dop_operator_3.py
[2024-06-11T22:57:06.095+0000] {processor.py:840} INFO - DAG(s) 'example_branch_dop_operator_v3' retrieved from /home/airflow/.local/lib/python3.12/site-packages/airflow/example_dags/example_branch_python_dop_operator_3.py
[2024-06-11T22:57:06.123+0000] {logging_mixin.py:188} INFO - [2024-06-11T22:57:06.122+0000] {dag.py:3096} INFO - Sync 1 DAGs
[2024-06-11T22:57:06.211+0000] {logging_mixin.py:188} INFO - [2024-06-11T22:57:06.211+0000] {dag.py:3954} INFO - Setting next_dagrun for example_branch_dop_operator_v3 to 2024-06-11 22:56:00+00:00, run_after=2024-06-11 22:57:00+00:00
[2024-06-11T22:57:06.228+0000] {processor.py:183} INFO - Processing /home/airflow/.local/lib/python3.12/site-packages/airflow/example_dags/example_branch_python_dop_operator_3.py took 0.170 seconds
[2024-06-11T22:57:36.518+0000] {processor.py:161} INFO - Started process (PID=1618) to work on /home/airflow/.local/lib/python3.12/site-packages/airflow/example_dags/example_branch_python_dop_operator_3.py
[2024-06-11T22:57:36.519+0000] {processor.py:830} INFO - Processing file /home/airflow/.local/lib/python3.12/site-packages/airflow/example_dags/example_branch_python_dop_operator_3.py for tasks to queue
[2024-06-11T22:57:36.522+0000] {logging_mixin.py:188} INFO - [2024-06-11T22:57:36.521+0000] {dagbag.py:545} INFO - Filling up the DagBag from /home/airflow/.local/lib/python3.12/site-packages/airflow/example_dags/example_branch_python_dop_operator_3.py
[2024-06-11T22:57:36.530+0000] {processor.py:840} INFO - DAG(s) 'example_branch_dop_operator_v3' retrieved from /home/airflow/.local/lib/python3.12/site-packages/airflow/example_dags/example_branch_python_dop_operator_3.py
[2024-06-11T22:57:36.547+0000] {logging_mixin.py:188} INFO - [2024-06-11T22:57:36.547+0000] {dag.py:3096} INFO - Sync 1 DAGs
[2024-06-11T22:57:36.569+0000] {logging_mixin.py:188} INFO - [2024-06-11T22:57:36.568+0000] {dag.py:3954} INFO - Setting next_dagrun for example_branch_dop_operator_v3 to 2024-06-11 22:56:00+00:00, run_after=2024-06-11 22:57:00+00:00
[2024-06-11T22:57:36.586+0000] {processor.py:183} INFO - Processing /home/airflow/.local/lib/python3.12/site-packages/airflow/example_dags/example_branch_python_dop_operator_3.py took 0.073 seconds
[2024-06-11T22:58:07.739+0000] {processor.py:161} INFO - Started process (PID=1676) to work on /home/airflow/.local/lib/python3.12/site-packages/airflow/example_dags/example_branch_python_dop_operator_3.py
[2024-06-11T22:58:07.747+0000] {processor.py:830} INFO - Processing file /home/airflow/.local/lib/python3.12/site-packages/airflow/example_dags/example_branch_python_dop_operator_3.py for tasks to queue
[2024-06-11T22:58:07.751+0000] {logging_mixin.py:188} INFO - [2024-06-11T22:58:07.751+0000] {dagbag.py:545} INFO - Filling up the DagBag from /home/airflow/.local/lib/python3.12/site-packages/airflow/example_dags/example_branch_python_dop_operator_3.py
[2024-06-11T22:58:07.759+0000] {processor.py:840} INFO - DAG(s) 'example_branch_dop_operator_v3' retrieved from /home/airflow/.local/lib/python3.12/site-packages/airflow/example_dags/example_branch_python_dop_operator_3.py
[2024-06-11T22:58:07.867+0000] {logging_mixin.py:188} INFO - [2024-06-11T22:58:07.867+0000] {dag.py:3096} INFO - Sync 1 DAGs
[2024-06-11T22:58:07.978+0000] {logging_mixin.py:188} INFO - [2024-06-11T22:58:07.978+0000] {dag.py:3954} INFO - Setting next_dagrun for example_branch_dop_operator_v3 to 2024-06-11 22:57:00+00:00, run_after=2024-06-11 22:58:00+00:00
[2024-06-11T22:58:07.998+0000] {processor.py:183} INFO - Processing /home/airflow/.local/lib/python3.12/site-packages/airflow/example_dags/example_branch_python_dop_operator_3.py took 0.266 seconds
[2024-06-11T22:58:39.156+0000] {processor.py:161} INFO - Started process (PID=1735) to work on /home/airflow/.local/lib/python3.12/site-packages/airflow/example_dags/example_branch_python_dop_operator_3.py
[2024-06-11T22:58:39.301+0000] {processor.py:830} INFO - Processing file /home/airflow/.local/lib/python3.12/site-packages/airflow/example_dags/example_branch_python_dop_operator_3.py for tasks to queue
[2024-06-11T22:58:39.303+0000] {logging_mixin.py:188} INFO - [2024-06-11T22:58:39.303+0000] {dagbag.py:545} INFO - Filling up the DagBag from /home/airflow/.local/lib/python3.12/site-packages/airflow/example_dags/example_branch_python_dop_operator_3.py
[2024-06-11T22:58:39.312+0000] {processor.py:840} INFO - DAG(s) 'example_branch_dop_operator_v3' retrieved from /home/airflow/.local/lib/python3.12/site-packages/airflow/example_dags/example_branch_python_dop_operator_3.py
[2024-06-11T22:58:39.329+0000] {logging_mixin.py:188} INFO - [2024-06-11T22:58:39.329+0000] {dag.py:3096} INFO - Sync 1 DAGs
[2024-06-11T22:58:39.354+0000] {logging_mixin.py:188} INFO - [2024-06-11T22:58:39.354+0000] {dag.py:3954} INFO - Setting next_dagrun for example_branch_dop_operator_v3 to 2024-06-11 22:57:00+00:00, run_after=2024-06-11 22:58:00+00:00
[2024-06-11T22:58:39.385+0000] {processor.py:183} INFO - Processing /home/airflow/.local/lib/python3.12/site-packages/airflow/example_dags/example_branch_python_dop_operator_3.py took 0.246 seconds
[2024-06-11T22:59:09.885+0000] {processor.py:161} INFO - Started process (PID=1793) to work on /home/airflow/.local/lib/python3.12/site-packages/airflow/example_dags/example_branch_python_dop_operator_3.py
[2024-06-11T22:59:09.886+0000] {processor.py:830} INFO - Processing file /home/airflow/.local/lib/python3.12/site-packages/airflow/example_dags/example_branch_python_dop_operator_3.py for tasks to queue
[2024-06-11T22:59:09.888+0000] {logging_mixin.py:188} INFO - [2024-06-11T22:59:09.888+0000] {dagbag.py:545} INFO - Filling up the DagBag from /home/airflow/.local/lib/python3.12/site-packages/airflow/example_dags/example_branch_python_dop_operator_3.py
[2024-06-11T22:59:09.900+0000] {processor.py:840} INFO - DAG(s) 'example_branch_dop_operator_v3' retrieved from /home/airflow/.local/lib/python3.12/site-packages/airflow/example_dags/example_branch_python_dop_operator_3.py
[2024-06-11T22:59:09.927+0000] {logging_mixin.py:188} INFO - [2024-06-11T22:59:09.927+0000] {dag.py:3096} INFO - Sync 1 DAGs
[2024-06-11T22:59:09.957+0000] {logging_mixin.py:188} INFO - [2024-06-11T22:59:09.957+0000] {dag.py:3954} INFO - Setting next_dagrun for example_branch_dop_operator_v3 to 2024-06-11 22:58:00+00:00, run_after=2024-06-11 22:59:00+00:00
[2024-06-11T22:59:09.979+0000] {processor.py:183} INFO - Processing /home/airflow/.local/lib/python3.12/site-packages/airflow/example_dags/example_branch_python_dop_operator_3.py took 0.102 seconds
[2024-06-11T22:59:40.586+0000] {processor.py:161} INFO - Started process (PID=1851) to work on /home/airflow/.local/lib/python3.12/site-packages/airflow/example_dags/example_branch_python_dop_operator_3.py
[2024-06-11T22:59:40.587+0000] {processor.py:830} INFO - Processing file /home/airflow/.local/lib/python3.12/site-packages/airflow/example_dags/example_branch_python_dop_operator_3.py for tasks to queue
[2024-06-11T22:59:40.588+0000] {logging_mixin.py:188} INFO - [2024-06-11T22:59:40.588+0000] {dagbag.py:545} INFO - Filling up the DagBag from /home/airflow/.local/lib/python3.12/site-packages/airflow/example_dags/example_branch_python_dop_operator_3.py
[2024-06-11T22:59:40.594+0000] {processor.py:840} INFO - DAG(s) 'example_branch_dop_operator_v3' retrieved from /home/airflow/.local/lib/python3.12/site-packages/airflow/example_dags/example_branch_python_dop_operator_3.py
[2024-06-11T22:59:40.611+0000] {logging_mixin.py:188} INFO - [2024-06-11T22:59:40.610+0000] {dag.py:3096} INFO - Sync 1 DAGs
[2024-06-11T22:59:40.628+0000] {logging_mixin.py:188} INFO - [2024-06-11T22:59:40.628+0000] {dag.py:3954} INFO - Setting next_dagrun for example_branch_dop_operator_v3 to 2024-06-11 22:58:00+00:00, run_after=2024-06-11 22:59:00+00:00
[2024-06-11T22:59:40.648+0000] {processor.py:183} INFO - Processing /home/airflow/.local/lib/python3.12/site-packages/airflow/example_dags/example_branch_python_dop_operator_3.py took 0.066 seconds
[2024-06-11T23:00:11.630+0000] {processor.py:161} INFO - Started process (PID=1910) to work on /home/airflow/.local/lib/python3.12/site-packages/airflow/example_dags/example_branch_python_dop_operator_3.py
[2024-06-11T23:00:11.631+0000] {processor.py:830} INFO - Processing file /home/airflow/.local/lib/python3.12/site-packages/airflow/example_dags/example_branch_python_dop_operator_3.py for tasks to queue
[2024-06-11T23:00:11.633+0000] {logging_mixin.py:188} INFO - [2024-06-11T23:00:11.633+0000] {dagbag.py:545} INFO - Filling up the DagBag from /home/airflow/.local/lib/python3.12/site-packages/airflow/example_dags/example_branch_python_dop_operator_3.py
[2024-06-11T23:00:11.640+0000] {processor.py:840} INFO - DAG(s) 'example_branch_dop_operator_v3' retrieved from /home/airflow/.local/lib/python3.12/site-packages/airflow/example_dags/example_branch_python_dop_operator_3.py
[2024-06-11T23:00:11.657+0000] {logging_mixin.py:188} INFO - [2024-06-11T23:00:11.656+0000] {dag.py:3096} INFO - Sync 1 DAGs
[2024-06-11T23:00:11.776+0000] {logging_mixin.py:188} INFO - [2024-06-11T23:00:11.775+0000] {dag.py:3954} INFO - Setting next_dagrun for example_branch_dop_operator_v3 to 2024-06-11 22:59:00+00:00, run_after=2024-06-11 23:00:00+00:00
[2024-06-11T23:00:11.792+0000] {processor.py:183} INFO - Processing /home/airflow/.local/lib/python3.12/site-packages/airflow/example_dags/example_branch_python_dop_operator_3.py took 0.166 seconds
[2024-06-11T23:00:42.706+0000] {processor.py:161} INFO - Started process (PID=1968) to work on /home/airflow/.local/lib/python3.12/site-packages/airflow/example_dags/example_branch_python_dop_operator_3.py
[2024-06-11T23:00:42.707+0000] {processor.py:830} INFO - Processing file /home/airflow/.local/lib/python3.12/site-packages/airflow/example_dags/example_branch_python_dop_operator_3.py for tasks to queue
[2024-06-11T23:00:42.709+0000] {logging_mixin.py:188} INFO - [2024-06-11T23:00:42.708+0000] {dagbag.py:545} INFO - Filling up the DagBag from /home/airflow/.local/lib/python3.12/site-packages/airflow/example_dags/example_branch_python_dop_operator_3.py
[2024-06-11T23:00:42.716+0000] {processor.py:840} INFO - DAG(s) 'example_branch_dop_operator_v3' retrieved from /home/airflow/.local/lib/python3.12/site-packages/airflow/example_dags/example_branch_python_dop_operator_3.py
[2024-06-11T23:00:42.735+0000] {logging_mixin.py:188} INFO - [2024-06-11T23:00:42.735+0000] {dag.py:3096} INFO - Sync 1 DAGs
[2024-06-11T23:00:42.879+0000] {logging_mixin.py:188} INFO - [2024-06-11T23:00:42.879+0000] {dag.py:3954} INFO - Setting next_dagrun for example_branch_dop_operator_v3 to 2024-06-11 22:59:00+00:00, run_after=2024-06-11 23:00:00+00:00
[2024-06-11T23:00:42.908+0000] {processor.py:183} INFO - Processing /home/airflow/.local/lib/python3.12/site-packages/airflow/example_dags/example_branch_python_dop_operator_3.py took 0.207 seconds
[2024-06-11T23:01:13.339+0000] {processor.py:161} INFO - Started process (PID=2026) to work on /home/airflow/.local/lib/python3.12/site-packages/airflow/example_dags/example_branch_python_dop_operator_3.py
[2024-06-11T23:01:13.340+0000] {processor.py:830} INFO - Processing file /home/airflow/.local/lib/python3.12/site-packages/airflow/example_dags/example_branch_python_dop_operator_3.py for tasks to queue
[2024-06-11T23:01:13.343+0000] {logging_mixin.py:188} INFO - [2024-06-11T23:01:13.342+0000] {dagbag.py:545} INFO - Filling up the DagBag from /home/airflow/.local/lib/python3.12/site-packages/airflow/example_dags/example_branch_python_dop_operator_3.py
[2024-06-11T23:01:13.350+0000] {processor.py:840} INFO - DAG(s) 'example_branch_dop_operator_v3' retrieved from /home/airflow/.local/lib/python3.12/site-packages/airflow/example_dags/example_branch_python_dop_operator_3.py
[2024-06-11T23:01:13.369+0000] {logging_mixin.py:188} INFO - [2024-06-11T23:01:13.369+0000] {dag.py:3096} INFO - Sync 1 DAGs
[2024-06-11T23:01:13.393+0000] {logging_mixin.py:188} INFO - [2024-06-11T23:01:13.392+0000] {dag.py:3954} INFO - Setting next_dagrun for example_branch_dop_operator_v3 to 2024-06-11 23:00:00+00:00, run_after=2024-06-11 23:01:00+00:00
[2024-06-11T23:01:13.419+0000] {processor.py:183} INFO - Processing /home/airflow/.local/lib/python3.12/site-packages/airflow/example_dags/example_branch_python_dop_operator_3.py took 0.085 seconds
[2024-06-11T23:01:44.225+0000] {processor.py:161} INFO - Started process (PID=2084) to work on /home/airflow/.local/lib/python3.12/site-packages/airflow/example_dags/example_branch_python_dop_operator_3.py
[2024-06-11T23:01:44.226+0000] {processor.py:830} INFO - Processing file /home/airflow/.local/lib/python3.12/site-packages/airflow/example_dags/example_branch_python_dop_operator_3.py for tasks to queue
[2024-06-11T23:01:44.227+0000] {logging_mixin.py:188} INFO - [2024-06-11T23:01:44.227+0000] {dagbag.py:545} INFO - Filling up the DagBag from /home/airflow/.local/lib/python3.12/site-packages/airflow/example_dags/example_branch_python_dop_operator_3.py
[2024-06-11T23:01:44.237+0000] {processor.py:840} INFO - DAG(s) 'example_branch_dop_operator_v3' retrieved from /home/airflow/.local/lib/python3.12/site-packages/airflow/example_dags/example_branch_python_dop_operator_3.py
[2024-06-11T23:01:44.256+0000] {logging_mixin.py:188} INFO - [2024-06-11T23:01:44.255+0000] {dag.py:3096} INFO - Sync 1 DAGs
[2024-06-11T23:01:44.278+0000] {logging_mixin.py:188} INFO - [2024-06-11T23:01:44.278+0000] {dag.py:3954} INFO - Setting next_dagrun for example_branch_dop_operator_v3 to 2024-06-11 23:00:00+00:00, run_after=2024-06-11 23:01:00+00:00
[2024-06-11T23:01:44.304+0000] {processor.py:183} INFO - Processing /home/airflow/.local/lib/python3.12/site-packages/airflow/example_dags/example_branch_python_dop_operator_3.py took 0.084 seconds
[2024-06-11T23:02:15.206+0000] {processor.py:161} INFO - Started process (PID=2142) to work on /home/airflow/.local/lib/python3.12/site-packages/airflow/example_dags/example_branch_python_dop_operator_3.py
[2024-06-11T23:02:15.207+0000] {processor.py:830} INFO - Processing file /home/airflow/.local/lib/python3.12/site-packages/airflow/example_dags/example_branch_python_dop_operator_3.py for tasks to queue
[2024-06-11T23:02:15.209+0000] {logging_mixin.py:188} INFO - [2024-06-11T23:02:15.209+0000] {dagbag.py:545} INFO - Filling up the DagBag from /home/airflow/.local/lib/python3.12/site-packages/airflow/example_dags/example_branch_python_dop_operator_3.py
[2024-06-11T23:02:15.216+0000] {processor.py:840} INFO - DAG(s) 'example_branch_dop_operator_v3' retrieved from /home/airflow/.local/lib/python3.12/site-packages/airflow/example_dags/example_branch_python_dop_operator_3.py
[2024-06-11T23:02:15.234+0000] {logging_mixin.py:188} INFO - [2024-06-11T23:02:15.234+0000] {dag.py:3096} INFO - Sync 1 DAGs
[2024-06-11T23:02:15.255+0000] {logging_mixin.py:188} INFO - [2024-06-11T23:02:15.255+0000] {dag.py:3954} INFO - Setting next_dagrun for example_branch_dop_operator_v3 to 2024-06-11 23:01:00+00:00, run_after=2024-06-11 23:02:00+00:00
[2024-06-11T23:02:15.280+0000] {processor.py:183} INFO - Processing /home/airflow/.local/lib/python3.12/site-packages/airflow/example_dags/example_branch_python_dop_operator_3.py took 0.080 seconds
[2024-06-11T23:02:45.526+0000] {processor.py:161} INFO - Started process (PID=2200) to work on /home/airflow/.local/lib/python3.12/site-packages/airflow/example_dags/example_branch_python_dop_operator_3.py
[2024-06-11T23:02:45.527+0000] {processor.py:830} INFO - Processing file /home/airflow/.local/lib/python3.12/site-packages/airflow/example_dags/example_branch_python_dop_operator_3.py for tasks to queue
[2024-06-11T23:02:45.529+0000] {logging_mixin.py:188} INFO - [2024-06-11T23:02:45.529+0000] {dagbag.py:545} INFO - Filling up the DagBag from /home/airflow/.local/lib/python3.12/site-packages/airflow/example_dags/example_branch_python_dop_operator_3.py
[2024-06-11T23:02:45.537+0000] {processor.py:840} INFO - DAG(s) 'example_branch_dop_operator_v3' retrieved from /home/airflow/.local/lib/python3.12/site-packages/airflow/example_dags/example_branch_python_dop_operator_3.py
[2024-06-11T23:02:45.554+0000] {logging_mixin.py:188} INFO - [2024-06-11T23:02:45.554+0000] {dag.py:3096} INFO - Sync 1 DAGs
[2024-06-11T23:02:45.575+0000] {logging_mixin.py:188} INFO - [2024-06-11T23:02:45.575+0000] {dag.py:3954} INFO - Setting next_dagrun for example_branch_dop_operator_v3 to 2024-06-11 23:01:00+00:00, run_after=2024-06-11 23:02:00+00:00
[2024-06-11T23:02:45.599+0000] {processor.py:183} INFO - Processing /home/airflow/.local/lib/python3.12/site-packages/airflow/example_dags/example_branch_python_dop_operator_3.py took 0.077 seconds
[2024-06-11T23:03:16.015+0000] {processor.py:161} INFO - Started process (PID=2258) to work on /home/airflow/.local/lib/python3.12/site-packages/airflow/example_dags/example_branch_python_dop_operator_3.py
[2024-06-11T23:03:16.016+0000] {processor.py:830} INFO - Processing file /home/airflow/.local/lib/python3.12/site-packages/airflow/example_dags/example_branch_python_dop_operator_3.py for tasks to queue
[2024-06-11T23:03:16.017+0000] {logging_mixin.py:188} INFO - [2024-06-11T23:03:16.017+0000] {dagbag.py:545} INFO - Filling up the DagBag from /home/airflow/.local/lib/python3.12/site-packages/airflow/example_dags/example_branch_python_dop_operator_3.py
[2024-06-11T23:03:16.024+0000] {processor.py:840} INFO - DAG(s) 'example_branch_dop_operator_v3' retrieved from /home/airflow/.local/lib/python3.12/site-packages/airflow/example_dags/example_branch_python_dop_operator_3.py
[2024-06-11T23:03:16.044+0000] {logging_mixin.py:188} INFO - [2024-06-11T23:03:16.043+0000] {dag.py:3096} INFO - Sync 1 DAGs
[2024-06-11T23:03:16.068+0000] {logging_mixin.py:188} INFO - [2024-06-11T23:03:16.068+0000] {dag.py:3954} INFO - Setting next_dagrun for example_branch_dop_operator_v3 to 2024-06-11 23:02:00+00:00, run_after=2024-06-11 23:03:00+00:00
[2024-06-11T23:03:16.095+0000] {processor.py:183} INFO - Processing /home/airflow/.local/lib/python3.12/site-packages/airflow/example_dags/example_branch_python_dop_operator_3.py took 0.084 seconds
[2024-06-11T23:03:46.718+0000] {processor.py:161} INFO - Started process (PID=2316) to work on /home/airflow/.local/lib/python3.12/site-packages/airflow/example_dags/example_branch_python_dop_operator_3.py
[2024-06-11T23:03:46.719+0000] {processor.py:830} INFO - Processing file /home/airflow/.local/lib/python3.12/site-packages/airflow/example_dags/example_branch_python_dop_operator_3.py for tasks to queue
[2024-06-11T23:03:46.722+0000] {logging_mixin.py:188} INFO - [2024-06-11T23:03:46.721+0000] {dagbag.py:545} INFO - Filling up the DagBag from /home/airflow/.local/lib/python3.12/site-packages/airflow/example_dags/example_branch_python_dop_operator_3.py
[2024-06-11T23:03:46.729+0000] {processor.py:840} INFO - DAG(s) 'example_branch_dop_operator_v3' retrieved from /home/airflow/.local/lib/python3.12/site-packages/airflow/example_dags/example_branch_python_dop_operator_3.py
[2024-06-11T23:03:46.746+0000] {logging_mixin.py:188} INFO - [2024-06-11T23:03:46.746+0000] {dag.py:3096} INFO - Sync 1 DAGs
[2024-06-11T23:03:46.775+0000] {logging_mixin.py:188} INFO - [2024-06-11T23:03:46.774+0000] {dag.py:3954} INFO - Setting next_dagrun for example_branch_dop_operator_v3 to 2024-06-11 23:02:00+00:00, run_after=2024-06-11 23:03:00+00:00
[2024-06-11T23:03:46.798+0000] {processor.py:183} INFO - Processing /home/airflow/.local/lib/python3.12/site-packages/airflow/example_dags/example_branch_python_dop_operator_3.py took 0.088 seconds
[2024-06-11T23:04:17.261+0000] {processor.py:161} INFO - Started process (PID=2374) to work on /home/airflow/.local/lib/python3.12/site-packages/airflow/example_dags/example_branch_python_dop_operator_3.py
[2024-06-11T23:04:17.262+0000] {processor.py:830} INFO - Processing file /home/airflow/.local/lib/python3.12/site-packages/airflow/example_dags/example_branch_python_dop_operator_3.py for tasks to queue
[2024-06-11T23:04:17.264+0000] {logging_mixin.py:188} INFO - [2024-06-11T23:04:17.264+0000] {dagbag.py:545} INFO - Filling up the DagBag from /home/airflow/.local/lib/python3.12/site-packages/airflow/example_dags/example_branch_python_dop_operator_3.py
[2024-06-11T23:04:17.272+0000] {processor.py:840} INFO - DAG(s) 'example_branch_dop_operator_v3' retrieved from /home/airflow/.local/lib/python3.12/site-packages/airflow/example_dags/example_branch_python_dop_operator_3.py
[2024-06-11T23:04:17.290+0000] {logging_mixin.py:188} INFO - [2024-06-11T23:04:17.290+0000] {dag.py:3096} INFO - Sync 1 DAGs
[2024-06-11T23:04:17.312+0000] {logging_mixin.py:188} INFO - [2024-06-11T23:04:17.312+0000] {dag.py:3954} INFO - Setting next_dagrun for example_branch_dop_operator_v3 to 2024-06-11 23:03:00+00:00, run_after=2024-06-11 23:04:00+00:00
[2024-06-11T23:04:17.336+0000] {processor.py:183} INFO - Processing /home/airflow/.local/lib/python3.12/site-packages/airflow/example_dags/example_branch_python_dop_operator_3.py took 0.080 seconds
[2024-06-11T23:04:47.809+0000] {processor.py:161} INFO - Started process (PID=2433) to work on /home/airflow/.local/lib/python3.12/site-packages/airflow/example_dags/example_branch_python_dop_operator_3.py
[2024-06-11T23:04:47.816+0000] {processor.py:830} INFO - Processing file /home/airflow/.local/lib/python3.12/site-packages/airflow/example_dags/example_branch_python_dop_operator_3.py for tasks to queue
[2024-06-11T23:04:47.820+0000] {logging_mixin.py:188} INFO - [2024-06-11T23:04:47.820+0000] {dagbag.py:545} INFO - Filling up the DagBag from /home/airflow/.local/lib/python3.12/site-packages/airflow/example_dags/example_branch_python_dop_operator_3.py
[2024-06-11T23:04:47.828+0000] {processor.py:840} INFO - DAG(s) 'example_branch_dop_operator_v3' retrieved from /home/airflow/.local/lib/python3.12/site-packages/airflow/example_dags/example_branch_python_dop_operator_3.py
[2024-06-11T23:04:47.852+0000] {logging_mixin.py:188} INFO - [2024-06-11T23:04:47.852+0000] {dag.py:3096} INFO - Sync 1 DAGs
[2024-06-11T23:04:47.880+0000] {logging_mixin.py:188} INFO - [2024-06-11T23:04:47.880+0000] {dag.py:3954} INFO - Setting next_dagrun for example_branch_dop_operator_v3 to 2024-06-11 23:03:00+00:00, run_after=2024-06-11 23:04:00+00:00
[2024-06-11T23:04:47.905+0000] {processor.py:183} INFO - Processing /home/airflow/.local/lib/python3.12/site-packages/airflow/example_dags/example_branch_python_dop_operator_3.py took 0.100 seconds
[2024-06-11T23:05:18.564+0000] {processor.py:161} INFO - Started process (PID=2491) to work on /home/airflow/.local/lib/python3.12/site-packages/airflow/example_dags/example_branch_python_dop_operator_3.py
[2024-06-11T23:05:18.565+0000] {processor.py:830} INFO - Processing file /home/airflow/.local/lib/python3.12/site-packages/airflow/example_dags/example_branch_python_dop_operator_3.py for tasks to queue
[2024-06-11T23:05:18.567+0000] {logging_mixin.py:188} INFO - [2024-06-11T23:05:18.566+0000] {dagbag.py:545} INFO - Filling up the DagBag from /home/airflow/.local/lib/python3.12/site-packages/airflow/example_dags/example_branch_python_dop_operator_3.py
[2024-06-11T23:05:18.573+0000] {processor.py:840} INFO - DAG(s) 'example_branch_dop_operator_v3' retrieved from /home/airflow/.local/lib/python3.12/site-packages/airflow/example_dags/example_branch_python_dop_operator_3.py
[2024-06-11T23:05:18.595+0000] {logging_mixin.py:188} INFO - [2024-06-11T23:05:18.595+0000] {dag.py:3096} INFO - Sync 1 DAGs
[2024-06-11T23:05:18.617+0000] {logging_mixin.py:188} INFO - [2024-06-11T23:05:18.617+0000] {dag.py:3954} INFO - Setting next_dagrun for example_branch_dop_operator_v3 to 2024-06-11 23:04:00+00:00, run_after=2024-06-11 23:05:00+00:00
[2024-06-11T23:05:18.634+0000] {processor.py:183} INFO - Processing /home/airflow/.local/lib/python3.12/site-packages/airflow/example_dags/example_branch_python_dop_operator_3.py took 0.075 seconds
[2024-06-11T23:05:48.721+0000] {processor.py:161} INFO - Started process (PID=2548) to work on /home/airflow/.local/lib/python3.12/site-packages/airflow/example_dags/example_branch_python_dop_operator_3.py
[2024-06-11T23:05:48.723+0000] {processor.py:830} INFO - Processing file /home/airflow/.local/lib/python3.12/site-packages/airflow/example_dags/example_branch_python_dop_operator_3.py for tasks to queue
[2024-06-11T23:05:48.727+0000] {logging_mixin.py:188} INFO - [2024-06-11T23:05:48.726+0000] {dagbag.py:545} INFO - Filling up the DagBag from /home/airflow/.local/lib/python3.12/site-packages/airflow/example_dags/example_branch_python_dop_operator_3.py
[2024-06-11T23:05:48.740+0000] {processor.py:840} INFO - DAG(s) 'example_branch_dop_operator_v3' retrieved from /home/airflow/.local/lib/python3.12/site-packages/airflow/example_dags/example_branch_python_dop_operator_3.py
[2024-06-11T23:05:48.770+0000] {logging_mixin.py:188} INFO - [2024-06-11T23:05:48.770+0000] {dag.py:3096} INFO - Sync 1 DAGs
[2024-06-11T23:05:48.798+0000] {logging_mixin.py:188} INFO - [2024-06-11T23:05:48.798+0000] {dag.py:3954} INFO - Setting next_dagrun for example_branch_dop_operator_v3 to 2024-06-11 23:04:00+00:00, run_after=2024-06-11 23:05:00+00:00
[2024-06-11T23:05:48.829+0000] {processor.py:183} INFO - Processing /home/airflow/.local/lib/python3.12/site-packages/airflow/example_dags/example_branch_python_dop_operator_3.py took 0.118 seconds
[2024-06-11T23:06:18.870+0000] {processor.py:161} INFO - Started process (PID=2606) to work on /home/airflow/.local/lib/python3.12/site-packages/airflow/example_dags/example_branch_python_dop_operator_3.py
[2024-06-11T23:06:18.871+0000] {processor.py:830} INFO - Processing file /home/airflow/.local/lib/python3.12/site-packages/airflow/example_dags/example_branch_python_dop_operator_3.py for tasks to queue
[2024-06-11T23:06:18.873+0000] {logging_mixin.py:188} INFO - [2024-06-11T23:06:18.872+0000] {dagbag.py:545} INFO - Filling up the DagBag from /home/airflow/.local/lib/python3.12/site-packages/airflow/example_dags/example_branch_python_dop_operator_3.py
[2024-06-11T23:06:18.880+0000] {processor.py:840} INFO - DAG(s) 'example_branch_dop_operator_v3' retrieved from /home/airflow/.local/lib/python3.12/site-packages/airflow/example_dags/example_branch_python_dop_operator_3.py
[2024-06-11T23:06:18.897+0000] {logging_mixin.py:188} INFO - [2024-06-11T23:06:18.897+0000] {dag.py:3096} INFO - Sync 1 DAGs
[2024-06-11T23:06:18.925+0000] {logging_mixin.py:188} INFO - [2024-06-11T23:06:18.925+0000] {dag.py:3954} INFO - Setting next_dagrun for example_branch_dop_operator_v3 to 2024-06-11 23:05:00+00:00, run_after=2024-06-11 23:06:00+00:00
[2024-06-11T23:06:18.951+0000] {processor.py:183} INFO - Processing /home/airflow/.local/lib/python3.12/site-packages/airflow/example_dags/example_branch_python_dop_operator_3.py took 0.086 seconds
[2024-06-11T23:06:49.803+0000] {processor.py:161} INFO - Started process (PID=2664) to work on /home/airflow/.local/lib/python3.12/site-packages/airflow/example_dags/example_branch_python_dop_operator_3.py
[2024-06-11T23:06:49.804+0000] {processor.py:830} INFO - Processing file /home/airflow/.local/lib/python3.12/site-packages/airflow/example_dags/example_branch_python_dop_operator_3.py for tasks to queue
[2024-06-11T23:06:49.806+0000] {logging_mixin.py:188} INFO - [2024-06-11T23:06:49.806+0000] {dagbag.py:545} INFO - Filling up the DagBag from /home/airflow/.local/lib/python3.12/site-packages/airflow/example_dags/example_branch_python_dop_operator_3.py
[2024-06-11T23:06:49.818+0000] {processor.py:840} INFO - DAG(s) 'example_branch_dop_operator_v3' retrieved from /home/airflow/.local/lib/python3.12/site-packages/airflow/example_dags/example_branch_python_dop_operator_3.py
[2024-06-11T23:06:49.843+0000] {logging_mixin.py:188} INFO - [2024-06-11T23:06:49.842+0000] {dag.py:3096} INFO - Sync 1 DAGs
[2024-06-11T23:06:49.880+0000] {logging_mixin.py:188} INFO - [2024-06-11T23:06:49.880+0000] {dag.py:3954} INFO - Setting next_dagrun for example_branch_dop_operator_v3 to 2024-06-11 23:05:00+00:00, run_after=2024-06-11 23:06:00+00:00
[2024-06-11T23:06:49.906+0000] {processor.py:183} INFO - Processing /home/airflow/.local/lib/python3.12/site-packages/airflow/example_dags/example_branch_python_dop_operator_3.py took 0.109 seconds
