[2024-06-11T22:43:49.410+0000] {processor.py:161} INFO - Started process (PID=53) to work on /home/airflow/.local/lib/python3.12/site-packages/airflow/example_dags/example_setup_teardown.py
[2024-06-11T22:43:49.413+0000] {processor.py:830} INFO - Processing file /home/airflow/.local/lib/python3.12/site-packages/airflow/example_dags/example_setup_teardown.py for tasks to queue
[2024-06-11T22:43:49.416+0000] {logging_mixin.py:188} INFO - [2024-06-11T22:43:49.415+0000] {dagbag.py:545} INFO - Filling up the DagBag from /home/airflow/.local/lib/python3.12/site-packages/airflow/example_dags/example_setup_teardown.py
[2024-06-11T22:43:49.429+0000] {processor.py:840} INFO - DAG(s) 'example_setup_teardown' retrieved from /home/airflow/.local/lib/python3.12/site-packages/airflow/example_dags/example_setup_teardown.py
[2024-06-11T22:43:49.445+0000] {logging_mixin.py:188} INFO - [2024-06-11T22:43:49.444+0000] {dag.py:3096} INFO - Sync 1 DAGs
[2024-06-11T22:43:49.475+0000] {logging_mixin.py:188} INFO - [2024-06-11T22:43:49.474+0000] {dag.py:3954} INFO - Setting next_dagrun for example_setup_teardown to 2024-06-10 00:00:00+00:00, run_after=2024-06-11 00:00:00+00:00
[2024-06-11T22:43:49.510+0000] {processor.py:183} INFO - Processing /home/airflow/.local/lib/python3.12/site-packages/airflow/example_dags/example_setup_teardown.py took 0.107 seconds
[2024-06-11T22:44:19.645+0000] {processor.py:161} INFO - Started process (PID=111) to work on /home/airflow/.local/lib/python3.12/site-packages/airflow/example_dags/example_setup_teardown.py
[2024-06-11T22:44:19.646+0000] {processor.py:830} INFO - Processing file /home/airflow/.local/lib/python3.12/site-packages/airflow/example_dags/example_setup_teardown.py for tasks to queue
[2024-06-11T22:44:19.648+0000] {logging_mixin.py:188} INFO - [2024-06-11T22:44:19.648+0000] {dagbag.py:545} INFO - Filling up the DagBag from /home/airflow/.local/lib/python3.12/site-packages/airflow/example_dags/example_setup_teardown.py
[2024-06-11T22:44:19.655+0000] {processor.py:840} INFO - DAG(s) 'example_setup_teardown' retrieved from /home/airflow/.local/lib/python3.12/site-packages/airflow/example_dags/example_setup_teardown.py
[2024-06-11T22:44:19.724+0000] {logging_mixin.py:188} INFO - [2024-06-11T22:44:19.724+0000] {dag.py:3096} INFO - Sync 1 DAGs
[2024-06-11T22:44:19.738+0000] {logging_mixin.py:188} INFO - [2024-06-11T22:44:19.738+0000] {dag.py:3954} INFO - Setting next_dagrun for example_setup_teardown to 2024-06-10 00:00:00+00:00, run_after=2024-06-11 00:00:00+00:00
[2024-06-11T22:44:19.753+0000] {processor.py:183} INFO - Processing /home/airflow/.local/lib/python3.12/site-packages/airflow/example_dags/example_setup_teardown.py took 0.112 seconds
[2024-06-11T22:44:50.158+0000] {processor.py:161} INFO - Started process (PID=169) to work on /home/airflow/.local/lib/python3.12/site-packages/airflow/example_dags/example_setup_teardown.py
[2024-06-11T22:44:50.159+0000] {processor.py:830} INFO - Processing file /home/airflow/.local/lib/python3.12/site-packages/airflow/example_dags/example_setup_teardown.py for tasks to queue
[2024-06-11T22:44:50.161+0000] {logging_mixin.py:188} INFO - [2024-06-11T22:44:50.161+0000] {dagbag.py:545} INFO - Filling up the DagBag from /home/airflow/.local/lib/python3.12/site-packages/airflow/example_dags/example_setup_teardown.py
[2024-06-11T22:44:50.166+0000] {processor.py:840} INFO - DAG(s) 'example_setup_teardown' retrieved from /home/airflow/.local/lib/python3.12/site-packages/airflow/example_dags/example_setup_teardown.py
[2024-06-11T22:44:50.180+0000] {logging_mixin.py:188} INFO - [2024-06-11T22:44:50.180+0000] {dag.py:3096} INFO - Sync 1 DAGs
[2024-06-11T22:44:50.197+0000] {logging_mixin.py:188} INFO - [2024-06-11T22:44:50.197+0000] {dag.py:3954} INFO - Setting next_dagrun for example_setup_teardown to 2024-06-10 00:00:00+00:00, run_after=2024-06-11 00:00:00+00:00
[2024-06-11T22:44:50.213+0000] {processor.py:183} INFO - Processing /home/airflow/.local/lib/python3.12/site-packages/airflow/example_dags/example_setup_teardown.py took 0.059 seconds
[2024-06-11T22:45:20.499+0000] {processor.py:161} INFO - Started process (PID=228) to work on /home/airflow/.local/lib/python3.12/site-packages/airflow/example_dags/example_setup_teardown.py
[2024-06-11T22:45:20.500+0000] {processor.py:830} INFO - Processing file /home/airflow/.local/lib/python3.12/site-packages/airflow/example_dags/example_setup_teardown.py for tasks to queue
[2024-06-11T22:45:20.502+0000] {logging_mixin.py:188} INFO - [2024-06-11T22:45:20.502+0000] {dagbag.py:545} INFO - Filling up the DagBag from /home/airflow/.local/lib/python3.12/site-packages/airflow/example_dags/example_setup_teardown.py
[2024-06-11T22:45:20.507+0000] {processor.py:840} INFO - DAG(s) 'example_setup_teardown' retrieved from /home/airflow/.local/lib/python3.12/site-packages/airflow/example_dags/example_setup_teardown.py
[2024-06-11T22:45:20.523+0000] {logging_mixin.py:188} INFO - [2024-06-11T22:45:20.523+0000] {dag.py:3096} INFO - Sync 1 DAGs
[2024-06-11T22:45:20.540+0000] {logging_mixin.py:188} INFO - [2024-06-11T22:45:20.540+0000] {dag.py:3954} INFO - Setting next_dagrun for example_setup_teardown to 2024-06-10 00:00:00+00:00, run_after=2024-06-11 00:00:00+00:00
[2024-06-11T22:45:20.556+0000] {processor.py:183} INFO - Processing /home/airflow/.local/lib/python3.12/site-packages/airflow/example_dags/example_setup_teardown.py took 0.061 seconds
[2024-06-11T22:45:50.944+0000] {processor.py:161} INFO - Started process (PID=286) to work on /home/airflow/.local/lib/python3.12/site-packages/airflow/example_dags/example_setup_teardown.py
[2024-06-11T22:45:50.945+0000] {processor.py:830} INFO - Processing file /home/airflow/.local/lib/python3.12/site-packages/airflow/example_dags/example_setup_teardown.py for tasks to queue
[2024-06-11T22:45:50.947+0000] {logging_mixin.py:188} INFO - [2024-06-11T22:45:50.946+0000] {dagbag.py:545} INFO - Filling up the DagBag from /home/airflow/.local/lib/python3.12/site-packages/airflow/example_dags/example_setup_teardown.py
[2024-06-11T22:45:50.952+0000] {processor.py:840} INFO - DAG(s) 'example_setup_teardown' retrieved from /home/airflow/.local/lib/python3.12/site-packages/airflow/example_dags/example_setup_teardown.py
[2024-06-11T22:45:50.971+0000] {logging_mixin.py:188} INFO - [2024-06-11T22:45:50.971+0000] {dag.py:3096} INFO - Sync 1 DAGs
[2024-06-11T22:45:50.993+0000] {logging_mixin.py:188} INFO - [2024-06-11T22:45:50.993+0000] {dag.py:3954} INFO - Setting next_dagrun for example_setup_teardown to 2024-06-10 00:00:00+00:00, run_after=2024-06-11 00:00:00+00:00
[2024-06-11T22:45:51.013+0000] {processor.py:183} INFO - Processing /home/airflow/.local/lib/python3.12/site-packages/airflow/example_dags/example_setup_teardown.py took 0.074 seconds
[2024-06-11T22:46:21.790+0000] {processor.py:161} INFO - Started process (PID=344) to work on /home/airflow/.local/lib/python3.12/site-packages/airflow/example_dags/example_setup_teardown.py
[2024-06-11T22:46:21.791+0000] {processor.py:830} INFO - Processing file /home/airflow/.local/lib/python3.12/site-packages/airflow/example_dags/example_setup_teardown.py for tasks to queue
[2024-06-11T22:46:21.793+0000] {logging_mixin.py:188} INFO - [2024-06-11T22:46:21.792+0000] {dagbag.py:545} INFO - Filling up the DagBag from /home/airflow/.local/lib/python3.12/site-packages/airflow/example_dags/example_setup_teardown.py
[2024-06-11T22:46:21.798+0000] {processor.py:840} INFO - DAG(s) 'example_setup_teardown' retrieved from /home/airflow/.local/lib/python3.12/site-packages/airflow/example_dags/example_setup_teardown.py
[2024-06-11T22:46:21.815+0000] {logging_mixin.py:188} INFO - [2024-06-11T22:46:21.815+0000] {dag.py:3096} INFO - Sync 1 DAGs
[2024-06-11T22:46:21.832+0000] {logging_mixin.py:188} INFO - [2024-06-11T22:46:21.832+0000] {dag.py:3954} INFO - Setting next_dagrun for example_setup_teardown to 2024-06-10 00:00:00+00:00, run_after=2024-06-11 00:00:00+00:00
[2024-06-11T22:46:21.852+0000] {processor.py:183} INFO - Processing /home/airflow/.local/lib/python3.12/site-packages/airflow/example_dags/example_setup_teardown.py took 0.067 seconds
[2024-06-11T22:46:52.092+0000] {processor.py:161} INFO - Started process (PID=402) to work on /home/airflow/.local/lib/python3.12/site-packages/airflow/example_dags/example_setup_teardown.py
[2024-06-11T22:46:52.093+0000] {processor.py:830} INFO - Processing file /home/airflow/.local/lib/python3.12/site-packages/airflow/example_dags/example_setup_teardown.py for tasks to queue
[2024-06-11T22:46:52.095+0000] {logging_mixin.py:188} INFO - [2024-06-11T22:46:52.095+0000] {dagbag.py:545} INFO - Filling up the DagBag from /home/airflow/.local/lib/python3.12/site-packages/airflow/example_dags/example_setup_teardown.py
[2024-06-11T22:46:52.101+0000] {processor.py:840} INFO - DAG(s) 'example_setup_teardown' retrieved from /home/airflow/.local/lib/python3.12/site-packages/airflow/example_dags/example_setup_teardown.py
[2024-06-11T22:46:52.123+0000] {logging_mixin.py:188} INFO - [2024-06-11T22:46:52.123+0000] {dag.py:3096} INFO - Sync 1 DAGs
[2024-06-11T22:46:52.145+0000] {logging_mixin.py:188} INFO - [2024-06-11T22:46:52.145+0000] {dag.py:3954} INFO - Setting next_dagrun for example_setup_teardown to 2024-06-10 00:00:00+00:00, run_after=2024-06-11 00:00:00+00:00
[2024-06-11T22:46:52.164+0000] {processor.py:183} INFO - Processing /home/airflow/.local/lib/python3.12/site-packages/airflow/example_dags/example_setup_teardown.py took 0.078 seconds
[2024-06-11T22:47:22.642+0000] {processor.py:161} INFO - Started process (PID=460) to work on /home/airflow/.local/lib/python3.12/site-packages/airflow/example_dags/example_setup_teardown.py
[2024-06-11T22:47:22.643+0000] {processor.py:830} INFO - Processing file /home/airflow/.local/lib/python3.12/site-packages/airflow/example_dags/example_setup_teardown.py for tasks to queue
[2024-06-11T22:47:22.645+0000] {logging_mixin.py:188} INFO - [2024-06-11T22:47:22.644+0000] {dagbag.py:545} INFO - Filling up the DagBag from /home/airflow/.local/lib/python3.12/site-packages/airflow/example_dags/example_setup_teardown.py
[2024-06-11T22:47:22.651+0000] {processor.py:840} INFO - DAG(s) 'example_setup_teardown' retrieved from /home/airflow/.local/lib/python3.12/site-packages/airflow/example_dags/example_setup_teardown.py
[2024-06-11T22:47:22.672+0000] {logging_mixin.py:188} INFO - [2024-06-11T22:47:22.672+0000] {dag.py:3096} INFO - Sync 1 DAGs
[2024-06-11T22:47:22.694+0000] {logging_mixin.py:188} INFO - [2024-06-11T22:47:22.694+0000] {dag.py:3954} INFO - Setting next_dagrun for example_setup_teardown to 2024-06-10 00:00:00+00:00, run_after=2024-06-11 00:00:00+00:00
[2024-06-11T22:47:22.715+0000] {processor.py:183} INFO - Processing /home/airflow/.local/lib/python3.12/site-packages/airflow/example_dags/example_setup_teardown.py took 0.078 seconds
[2024-06-11T22:47:53.666+0000] {processor.py:161} INFO - Started process (PID=518) to work on /home/airflow/.local/lib/python3.12/site-packages/airflow/example_dags/example_setup_teardown.py
[2024-06-11T22:47:53.671+0000] {processor.py:830} INFO - Processing file /home/airflow/.local/lib/python3.12/site-packages/airflow/example_dags/example_setup_teardown.py for tasks to queue
[2024-06-11T22:47:53.677+0000] {logging_mixin.py:188} INFO - [2024-06-11T22:47:53.677+0000] {dagbag.py:545} INFO - Filling up the DagBag from /home/airflow/.local/lib/python3.12/site-packages/airflow/example_dags/example_setup_teardown.py
[2024-06-11T22:47:53.689+0000] {processor.py:840} INFO - DAG(s) 'example_setup_teardown' retrieved from /home/airflow/.local/lib/python3.12/site-packages/airflow/example_dags/example_setup_teardown.py
[2024-06-11T22:47:53.776+0000] {logging_mixin.py:188} INFO - [2024-06-11T22:47:53.776+0000] {dag.py:3096} INFO - Sync 1 DAGs
[2024-06-11T22:47:53.806+0000] {logging_mixin.py:188} INFO - [2024-06-11T22:47:53.806+0000] {dag.py:3954} INFO - Setting next_dagrun for example_setup_teardown to 2024-06-10 00:00:00+00:00, run_after=2024-06-11 00:00:00+00:00
[2024-06-11T22:47:53.833+0000] {processor.py:183} INFO - Processing /home/airflow/.local/lib/python3.12/site-packages/airflow/example_dags/example_setup_teardown.py took 0.171 seconds
[2024-06-11T22:48:23.965+0000] {processor.py:161} INFO - Started process (PID=576) to work on /home/airflow/.local/lib/python3.12/site-packages/airflow/example_dags/example_setup_teardown.py
[2024-06-11T22:48:23.966+0000] {processor.py:830} INFO - Processing file /home/airflow/.local/lib/python3.12/site-packages/airflow/example_dags/example_setup_teardown.py for tasks to queue
[2024-06-11T22:48:23.968+0000] {logging_mixin.py:188} INFO - [2024-06-11T22:48:23.968+0000] {dagbag.py:545} INFO - Filling up the DagBag from /home/airflow/.local/lib/python3.12/site-packages/airflow/example_dags/example_setup_teardown.py
[2024-06-11T22:48:23.973+0000] {processor.py:840} INFO - DAG(s) 'example_setup_teardown' retrieved from /home/airflow/.local/lib/python3.12/site-packages/airflow/example_dags/example_setup_teardown.py
[2024-06-11T22:48:23.990+0000] {logging_mixin.py:188} INFO - [2024-06-11T22:48:23.989+0000] {dag.py:3096} INFO - Sync 1 DAGs
[2024-06-11T22:48:24.006+0000] {logging_mixin.py:188} INFO - [2024-06-11T22:48:24.006+0000] {dag.py:3954} INFO - Setting next_dagrun for example_setup_teardown to 2024-06-10 00:00:00+00:00, run_after=2024-06-11 00:00:00+00:00
[2024-06-11T22:48:24.022+0000] {processor.py:183} INFO - Processing /home/airflow/.local/lib/python3.12/site-packages/airflow/example_dags/example_setup_teardown.py took 0.061 seconds
[2024-06-11T22:48:54.998+0000] {processor.py:161} INFO - Started process (PID=634) to work on /home/airflow/.local/lib/python3.12/site-packages/airflow/example_dags/example_setup_teardown.py
[2024-06-11T22:48:54.999+0000] {processor.py:830} INFO - Processing file /home/airflow/.local/lib/python3.12/site-packages/airflow/example_dags/example_setup_teardown.py for tasks to queue
[2024-06-11T22:48:55.000+0000] {logging_mixin.py:188} INFO - [2024-06-11T22:48:55.000+0000] {dagbag.py:545} INFO - Filling up the DagBag from /home/airflow/.local/lib/python3.12/site-packages/airflow/example_dags/example_setup_teardown.py
[2024-06-11T22:48:55.006+0000] {processor.py:840} INFO - DAG(s) 'example_setup_teardown' retrieved from /home/airflow/.local/lib/python3.12/site-packages/airflow/example_dags/example_setup_teardown.py
[2024-06-11T22:48:55.023+0000] {logging_mixin.py:188} INFO - [2024-06-11T22:48:55.022+0000] {dag.py:3096} INFO - Sync 1 DAGs
[2024-06-11T22:48:55.041+0000] {logging_mixin.py:188} INFO - [2024-06-11T22:48:55.041+0000] {dag.py:3954} INFO - Setting next_dagrun for example_setup_teardown to 2024-06-10 00:00:00+00:00, run_after=2024-06-11 00:00:00+00:00
[2024-06-11T22:48:55.071+0000] {processor.py:183} INFO - Processing /home/airflow/.local/lib/python3.12/site-packages/airflow/example_dags/example_setup_teardown.py took 0.078 seconds
[2024-06-11T22:49:25.566+0000] {processor.py:161} INFO - Started process (PID=692) to work on /home/airflow/.local/lib/python3.12/site-packages/airflow/example_dags/example_setup_teardown.py
[2024-06-11T22:49:25.578+0000] {processor.py:830} INFO - Processing file /home/airflow/.local/lib/python3.12/site-packages/airflow/example_dags/example_setup_teardown.py for tasks to queue
[2024-06-11T22:49:25.580+0000] {logging_mixin.py:188} INFO - [2024-06-11T22:49:25.580+0000] {dagbag.py:545} INFO - Filling up the DagBag from /home/airflow/.local/lib/python3.12/site-packages/airflow/example_dags/example_setup_teardown.py
[2024-06-11T22:49:25.586+0000] {processor.py:840} INFO - DAG(s) 'example_setup_teardown' retrieved from /home/airflow/.local/lib/python3.12/site-packages/airflow/example_dags/example_setup_teardown.py
[2024-06-11T22:49:25.602+0000] {logging_mixin.py:188} INFO - [2024-06-11T22:49:25.601+0000] {dag.py:3096} INFO - Sync 1 DAGs
[2024-06-11T22:49:25.618+0000] {logging_mixin.py:188} INFO - [2024-06-11T22:49:25.618+0000] {dag.py:3954} INFO - Setting next_dagrun for example_setup_teardown to 2024-06-10 00:00:00+00:00, run_after=2024-06-11 00:00:00+00:00
[2024-06-11T22:49:25.637+0000] {processor.py:183} INFO - Processing /home/airflow/.local/lib/python3.12/site-packages/airflow/example_dags/example_setup_teardown.py took 0.076 seconds
[2024-06-11T22:49:56.391+0000] {processor.py:161} INFO - Started process (PID=750) to work on /home/airflow/.local/lib/python3.12/site-packages/airflow/example_dags/example_setup_teardown.py
[2024-06-11T22:49:56.392+0000] {processor.py:830} INFO - Processing file /home/airflow/.local/lib/python3.12/site-packages/airflow/example_dags/example_setup_teardown.py for tasks to queue
[2024-06-11T22:49:56.394+0000] {logging_mixin.py:188} INFO - [2024-06-11T22:49:56.394+0000] {dagbag.py:545} INFO - Filling up the DagBag from /home/airflow/.local/lib/python3.12/site-packages/airflow/example_dags/example_setup_teardown.py
[2024-06-11T22:49:56.400+0000] {processor.py:840} INFO - DAG(s) 'example_setup_teardown' retrieved from /home/airflow/.local/lib/python3.12/site-packages/airflow/example_dags/example_setup_teardown.py
[2024-06-11T22:49:56.419+0000] {logging_mixin.py:188} INFO - [2024-06-11T22:49:56.419+0000] {dag.py:3096} INFO - Sync 1 DAGs
[2024-06-11T22:49:56.440+0000] {logging_mixin.py:188} INFO - [2024-06-11T22:49:56.440+0000] {dag.py:3954} INFO - Setting next_dagrun for example_setup_teardown to 2024-06-10 00:00:00+00:00, run_after=2024-06-11 00:00:00+00:00
[2024-06-11T22:49:56.457+0000] {processor.py:183} INFO - Processing /home/airflow/.local/lib/python3.12/site-packages/airflow/example_dags/example_setup_teardown.py took 0.071 seconds
[2024-06-11T22:50:26.669+0000] {processor.py:161} INFO - Started process (PID=808) to work on /home/airflow/.local/lib/python3.12/site-packages/airflow/example_dags/example_setup_teardown.py
[2024-06-11T22:50:26.671+0000] {processor.py:830} INFO - Processing file /home/airflow/.local/lib/python3.12/site-packages/airflow/example_dags/example_setup_teardown.py for tasks to queue
[2024-06-11T22:50:26.672+0000] {logging_mixin.py:188} INFO - [2024-06-11T22:50:26.672+0000] {dagbag.py:545} INFO - Filling up the DagBag from /home/airflow/.local/lib/python3.12/site-packages/airflow/example_dags/example_setup_teardown.py
[2024-06-11T22:50:26.679+0000] {processor.py:840} INFO - DAG(s) 'example_setup_teardown' retrieved from /home/airflow/.local/lib/python3.12/site-packages/airflow/example_dags/example_setup_teardown.py
[2024-06-11T22:50:26.697+0000] {logging_mixin.py:188} INFO - [2024-06-11T22:50:26.697+0000] {dag.py:3096} INFO - Sync 1 DAGs
[2024-06-11T22:50:26.716+0000] {logging_mixin.py:188} INFO - [2024-06-11T22:50:26.716+0000] {dag.py:3954} INFO - Setting next_dagrun for example_setup_teardown to 2024-06-10 00:00:00+00:00, run_after=2024-06-11 00:00:00+00:00
[2024-06-11T22:50:26.732+0000] {processor.py:183} INFO - Processing /home/airflow/.local/lib/python3.12/site-packages/airflow/example_dags/example_setup_teardown.py took 0.068 seconds
[2024-06-11T22:50:57.526+0000] {processor.py:161} INFO - Started process (PID=866) to work on /home/airflow/.local/lib/python3.12/site-packages/airflow/example_dags/example_setup_teardown.py
[2024-06-11T22:50:57.527+0000] {processor.py:830} INFO - Processing file /home/airflow/.local/lib/python3.12/site-packages/airflow/example_dags/example_setup_teardown.py for tasks to queue
[2024-06-11T22:50:57.528+0000] {logging_mixin.py:188} INFO - [2024-06-11T22:50:57.528+0000] {dagbag.py:545} INFO - Filling up the DagBag from /home/airflow/.local/lib/python3.12/site-packages/airflow/example_dags/example_setup_teardown.py
[2024-06-11T22:50:57.534+0000] {processor.py:840} INFO - DAG(s) 'example_setup_teardown' retrieved from /home/airflow/.local/lib/python3.12/site-packages/airflow/example_dags/example_setup_teardown.py
[2024-06-11T22:50:57.549+0000] {logging_mixin.py:188} INFO - [2024-06-11T22:50:57.549+0000] {dag.py:3096} INFO - Sync 1 DAGs
[2024-06-11T22:50:57.566+0000] {logging_mixin.py:188} INFO - [2024-06-11T22:50:57.565+0000] {dag.py:3954} INFO - Setting next_dagrun for example_setup_teardown to 2024-06-10 00:00:00+00:00, run_after=2024-06-11 00:00:00+00:00
[2024-06-11T22:50:57.580+0000] {processor.py:183} INFO - Processing /home/airflow/.local/lib/python3.12/site-packages/airflow/example_dags/example_setup_teardown.py took 0.059 seconds
[2024-06-11T22:51:29.765+0000] {processor.py:161} INFO - Started process (PID=924) to work on /home/airflow/.local/lib/python3.12/site-packages/airflow/example_dags/example_setup_teardown.py
[2024-06-11T22:51:29.767+0000] {processor.py:830} INFO - Processing file /home/airflow/.local/lib/python3.12/site-packages/airflow/example_dags/example_setup_teardown.py for tasks to queue
[2024-06-11T22:51:29.772+0000] {logging_mixin.py:188} INFO - [2024-06-11T22:51:29.771+0000] {dagbag.py:545} INFO - Filling up the DagBag from /home/airflow/.local/lib/python3.12/site-packages/airflow/example_dags/example_setup_teardown.py
[2024-06-11T22:51:29.777+0000] {processor.py:840} INFO - DAG(s) 'example_setup_teardown' retrieved from /home/airflow/.local/lib/python3.12/site-packages/airflow/example_dags/example_setup_teardown.py
[2024-06-11T22:51:29.803+0000] {logging_mixin.py:188} INFO - [2024-06-11T22:51:29.803+0000] {dag.py:3096} INFO - Sync 1 DAGs
[2024-06-11T22:51:29.824+0000] {logging_mixin.py:188} INFO - [2024-06-11T22:51:29.824+0000] {dag.py:3954} INFO - Setting next_dagrun for example_setup_teardown to 2024-06-10 00:00:00+00:00, run_after=2024-06-11 00:00:00+00:00
[2024-06-11T22:51:29.921+0000] {processor.py:183} INFO - Processing /home/airflow/.local/lib/python3.12/site-packages/airflow/example_dags/example_setup_teardown.py took 0.160 seconds
[2024-06-11T22:52:00.741+0000] {processor.py:161} INFO - Started process (PID=982) to work on /home/airflow/.local/lib/python3.12/site-packages/airflow/example_dags/example_setup_teardown.py
[2024-06-11T22:52:00.744+0000] {processor.py:830} INFO - Processing file /home/airflow/.local/lib/python3.12/site-packages/airflow/example_dags/example_setup_teardown.py for tasks to queue
[2024-06-11T22:52:00.749+0000] {logging_mixin.py:188} INFO - [2024-06-11T22:52:00.748+0000] {dagbag.py:545} INFO - Filling up the DagBag from /home/airflow/.local/lib/python3.12/site-packages/airflow/example_dags/example_setup_teardown.py
[2024-06-11T22:52:00.815+0000] {processor.py:840} INFO - DAG(s) 'example_setup_teardown' retrieved from /home/airflow/.local/lib/python3.12/site-packages/airflow/example_dags/example_setup_teardown.py
[2024-06-11T22:52:00.876+0000] {logging_mixin.py:188} INFO - [2024-06-11T22:52:00.876+0000] {dag.py:3096} INFO - Sync 1 DAGs
[2024-06-11T22:52:00.930+0000] {logging_mixin.py:188} INFO - [2024-06-11T22:52:00.929+0000] {dag.py:3954} INFO - Setting next_dagrun for example_setup_teardown to 2024-06-10 00:00:00+00:00, run_after=2024-06-11 00:00:00+00:00
[2024-06-11T22:52:01.056+0000] {processor.py:183} INFO - Processing /home/airflow/.local/lib/python3.12/site-packages/airflow/example_dags/example_setup_teardown.py took 0.322 seconds
[2024-06-11T22:52:31.572+0000] {processor.py:161} INFO - Started process (PID=1046) to work on /home/airflow/.local/lib/python3.12/site-packages/airflow/example_dags/example_setup_teardown.py
[2024-06-11T22:52:31.574+0000] {processor.py:830} INFO - Processing file /home/airflow/.local/lib/python3.12/site-packages/airflow/example_dags/example_setup_teardown.py for tasks to queue
[2024-06-11T22:52:31.576+0000] {logging_mixin.py:188} INFO - [2024-06-11T22:52:31.576+0000] {dagbag.py:545} INFO - Filling up the DagBag from /home/airflow/.local/lib/python3.12/site-packages/airflow/example_dags/example_setup_teardown.py
[2024-06-11T22:52:31.582+0000] {processor.py:840} INFO - DAG(s) 'example_setup_teardown' retrieved from /home/airflow/.local/lib/python3.12/site-packages/airflow/example_dags/example_setup_teardown.py
[2024-06-11T22:52:31.603+0000] {logging_mixin.py:188} INFO - [2024-06-11T22:52:31.603+0000] {dag.py:3096} INFO - Sync 1 DAGs
[2024-06-11T22:52:31.623+0000] {logging_mixin.py:188} INFO - [2024-06-11T22:52:31.623+0000] {dag.py:3954} INFO - Setting next_dagrun for example_setup_teardown to 2024-06-10 00:00:00+00:00, run_after=2024-06-11 00:00:00+00:00
[2024-06-11T22:52:31.655+0000] {processor.py:183} INFO - Processing /home/airflow/.local/lib/python3.12/site-packages/airflow/example_dags/example_setup_teardown.py took 0.090 seconds
[2024-06-11T22:53:02.524+0000] {processor.py:161} INFO - Started process (PID=1104) to work on /home/airflow/.local/lib/python3.12/site-packages/airflow/example_dags/example_setup_teardown.py
[2024-06-11T22:53:02.525+0000] {processor.py:830} INFO - Processing file /home/airflow/.local/lib/python3.12/site-packages/airflow/example_dags/example_setup_teardown.py for tasks to queue
[2024-06-11T22:53:02.527+0000] {logging_mixin.py:188} INFO - [2024-06-11T22:53:02.527+0000] {dagbag.py:545} INFO - Filling up the DagBag from /home/airflow/.local/lib/python3.12/site-packages/airflow/example_dags/example_setup_teardown.py
[2024-06-11T22:53:02.533+0000] {processor.py:840} INFO - DAG(s) 'example_setup_teardown' retrieved from /home/airflow/.local/lib/python3.12/site-packages/airflow/example_dags/example_setup_teardown.py
[2024-06-11T22:53:02.550+0000] {logging_mixin.py:188} INFO - [2024-06-11T22:53:02.550+0000] {dag.py:3096} INFO - Sync 1 DAGs
[2024-06-11T22:53:02.570+0000] {logging_mixin.py:188} INFO - [2024-06-11T22:53:02.570+0000] {dag.py:3954} INFO - Setting next_dagrun for example_setup_teardown to 2024-06-10 00:00:00+00:00, run_after=2024-06-11 00:00:00+00:00
[2024-06-11T22:53:02.588+0000] {processor.py:183} INFO - Processing /home/airflow/.local/lib/python3.12/site-packages/airflow/example_dags/example_setup_teardown.py took 0.068 seconds
[2024-06-11T22:53:33.566+0000] {processor.py:161} INFO - Started process (PID=1162) to work on /home/airflow/.local/lib/python3.12/site-packages/airflow/example_dags/example_setup_teardown.py
[2024-06-11T22:53:33.567+0000] {processor.py:830} INFO - Processing file /home/airflow/.local/lib/python3.12/site-packages/airflow/example_dags/example_setup_teardown.py for tasks to queue
[2024-06-11T22:53:33.570+0000] {logging_mixin.py:188} INFO - [2024-06-11T22:53:33.569+0000] {dagbag.py:545} INFO - Filling up the DagBag from /home/airflow/.local/lib/python3.12/site-packages/airflow/example_dags/example_setup_teardown.py
[2024-06-11T22:53:33.577+0000] {processor.py:840} INFO - DAG(s) 'example_setup_teardown' retrieved from /home/airflow/.local/lib/python3.12/site-packages/airflow/example_dags/example_setup_teardown.py
[2024-06-11T22:53:33.597+0000] {logging_mixin.py:188} INFO - [2024-06-11T22:53:33.597+0000] {dag.py:3096} INFO - Sync 1 DAGs
[2024-06-11T22:53:33.620+0000] {logging_mixin.py:188} INFO - [2024-06-11T22:53:33.620+0000] {dag.py:3954} INFO - Setting next_dagrun for example_setup_teardown to 2024-06-10 00:00:00+00:00, run_after=2024-06-11 00:00:00+00:00
[2024-06-11T22:53:33.642+0000] {processor.py:183} INFO - Processing /home/airflow/.local/lib/python3.12/site-packages/airflow/example_dags/example_setup_teardown.py took 0.082 seconds
[2024-06-11T22:54:03.890+0000] {processor.py:161} INFO - Started process (PID=1220) to work on /home/airflow/.local/lib/python3.12/site-packages/airflow/example_dags/example_setup_teardown.py
[2024-06-11T22:54:03.891+0000] {processor.py:830} INFO - Processing file /home/airflow/.local/lib/python3.12/site-packages/airflow/example_dags/example_setup_teardown.py for tasks to queue
[2024-06-11T22:54:03.893+0000] {logging_mixin.py:188} INFO - [2024-06-11T22:54:03.892+0000] {dagbag.py:545} INFO - Filling up the DagBag from /home/airflow/.local/lib/python3.12/site-packages/airflow/example_dags/example_setup_teardown.py
[2024-06-11T22:54:03.899+0000] {processor.py:840} INFO - DAG(s) 'example_setup_teardown' retrieved from /home/airflow/.local/lib/python3.12/site-packages/airflow/example_dags/example_setup_teardown.py
[2024-06-11T22:54:03.918+0000] {logging_mixin.py:188} INFO - [2024-06-11T22:54:03.918+0000] {dag.py:3096} INFO - Sync 1 DAGs
[2024-06-11T22:54:03.944+0000] {logging_mixin.py:188} INFO - [2024-06-11T22:54:03.944+0000] {dag.py:3954} INFO - Setting next_dagrun for example_setup_teardown to 2024-06-10 00:00:00+00:00, run_after=2024-06-11 00:00:00+00:00
[2024-06-11T22:54:03.976+0000] {processor.py:183} INFO - Processing /home/airflow/.local/lib/python3.12/site-packages/airflow/example_dags/example_setup_teardown.py took 0.091 seconds
[2024-06-11T22:54:34.205+0000] {processor.py:161} INFO - Started process (PID=1278) to work on /home/airflow/.local/lib/python3.12/site-packages/airflow/example_dags/example_setup_teardown.py
[2024-06-11T22:54:34.206+0000] {processor.py:830} INFO - Processing file /home/airflow/.local/lib/python3.12/site-packages/airflow/example_dags/example_setup_teardown.py for tasks to queue
[2024-06-11T22:54:34.208+0000] {logging_mixin.py:188} INFO - [2024-06-11T22:54:34.208+0000] {dagbag.py:545} INFO - Filling up the DagBag from /home/airflow/.local/lib/python3.12/site-packages/airflow/example_dags/example_setup_teardown.py
[2024-06-11T22:54:34.213+0000] {processor.py:840} INFO - DAG(s) 'example_setup_teardown' retrieved from /home/airflow/.local/lib/python3.12/site-packages/airflow/example_dags/example_setup_teardown.py
[2024-06-11T22:54:34.228+0000] {logging_mixin.py:188} INFO - [2024-06-11T22:54:34.228+0000] {dag.py:3096} INFO - Sync 1 DAGs
[2024-06-11T22:54:34.246+0000] {logging_mixin.py:188} INFO - [2024-06-11T22:54:34.246+0000] {dag.py:3954} INFO - Setting next_dagrun for example_setup_teardown to 2024-06-10 00:00:00+00:00, run_after=2024-06-11 00:00:00+00:00
[2024-06-11T22:54:34.265+0000] {processor.py:183} INFO - Processing /home/airflow/.local/lib/python3.12/site-packages/airflow/example_dags/example_setup_teardown.py took 0.065 seconds
[2024-06-11T22:55:04.803+0000] {processor.py:161} INFO - Started process (PID=1336) to work on /home/airflow/.local/lib/python3.12/site-packages/airflow/example_dags/example_setup_teardown.py
[2024-06-11T22:55:04.809+0000] {processor.py:830} INFO - Processing file /home/airflow/.local/lib/python3.12/site-packages/airflow/example_dags/example_setup_teardown.py for tasks to queue
[2024-06-11T22:55:04.811+0000] {logging_mixin.py:188} INFO - [2024-06-11T22:55:04.811+0000] {dagbag.py:545} INFO - Filling up the DagBag from /home/airflow/.local/lib/python3.12/site-packages/airflow/example_dags/example_setup_teardown.py
[2024-06-11T22:55:04.819+0000] {processor.py:840} INFO - DAG(s) 'example_setup_teardown' retrieved from /home/airflow/.local/lib/python3.12/site-packages/airflow/example_dags/example_setup_teardown.py
[2024-06-11T22:55:04.840+0000] {logging_mixin.py:188} INFO - [2024-06-11T22:55:04.840+0000] {dag.py:3096} INFO - Sync 1 DAGs
[2024-06-11T22:55:04.868+0000] {logging_mixin.py:188} INFO - [2024-06-11T22:55:04.867+0000] {dag.py:3954} INFO - Setting next_dagrun for example_setup_teardown to 2024-06-10 00:00:00+00:00, run_after=2024-06-11 00:00:00+00:00
[2024-06-11T22:55:04.892+0000] {processor.py:183} INFO - Processing /home/airflow/.local/lib/python3.12/site-packages/airflow/example_dags/example_setup_teardown.py took 0.095 seconds
[2024-06-11T22:55:35.766+0000] {processor.py:161} INFO - Started process (PID=1394) to work on /home/airflow/.local/lib/python3.12/site-packages/airflow/example_dags/example_setup_teardown.py
[2024-06-11T22:55:35.767+0000] {processor.py:830} INFO - Processing file /home/airflow/.local/lib/python3.12/site-packages/airflow/example_dags/example_setup_teardown.py for tasks to queue
[2024-06-11T22:55:35.768+0000] {logging_mixin.py:188} INFO - [2024-06-11T22:55:35.768+0000] {dagbag.py:545} INFO - Filling up the DagBag from /home/airflow/.local/lib/python3.12/site-packages/airflow/example_dags/example_setup_teardown.py
[2024-06-11T22:55:35.774+0000] {processor.py:840} INFO - DAG(s) 'example_setup_teardown' retrieved from /home/airflow/.local/lib/python3.12/site-packages/airflow/example_dags/example_setup_teardown.py
[2024-06-11T22:55:35.788+0000] {logging_mixin.py:188} INFO - [2024-06-11T22:55:35.787+0000] {dag.py:3096} INFO - Sync 1 DAGs
[2024-06-11T22:55:35.804+0000] {logging_mixin.py:188} INFO - [2024-06-11T22:55:35.804+0000] {dag.py:3954} INFO - Setting next_dagrun for example_setup_teardown to 2024-06-10 00:00:00+00:00, run_after=2024-06-11 00:00:00+00:00
[2024-06-11T22:55:35.833+0000] {processor.py:183} INFO - Processing /home/airflow/.local/lib/python3.12/site-packages/airflow/example_dags/example_setup_teardown.py took 0.072 seconds
[2024-06-11T22:56:06.116+0000] {processor.py:161} INFO - Started process (PID=1451) to work on /home/airflow/.local/lib/python3.12/site-packages/airflow/example_dags/example_setup_teardown.py
[2024-06-11T22:56:06.117+0000] {processor.py:830} INFO - Processing file /home/airflow/.local/lib/python3.12/site-packages/airflow/example_dags/example_setup_teardown.py for tasks to queue
[2024-06-11T22:56:06.119+0000] {logging_mixin.py:188} INFO - [2024-06-11T22:56:06.119+0000] {dagbag.py:545} INFO - Filling up the DagBag from /home/airflow/.local/lib/python3.12/site-packages/airflow/example_dags/example_setup_teardown.py
[2024-06-11T22:56:06.124+0000] {processor.py:840} INFO - DAG(s) 'example_setup_teardown' retrieved from /home/airflow/.local/lib/python3.12/site-packages/airflow/example_dags/example_setup_teardown.py
[2024-06-11T22:56:06.138+0000] {logging_mixin.py:188} INFO - [2024-06-11T22:56:06.138+0000] {dag.py:3096} INFO - Sync 1 DAGs
[2024-06-11T22:56:06.153+0000] {logging_mixin.py:188} INFO - [2024-06-11T22:56:06.153+0000] {dag.py:3954} INFO - Setting next_dagrun for example_setup_teardown to 2024-06-10 00:00:00+00:00, run_after=2024-06-11 00:00:00+00:00
[2024-06-11T22:56:06.168+0000] {processor.py:183} INFO - Processing /home/airflow/.local/lib/python3.12/site-packages/airflow/example_dags/example_setup_teardown.py took 0.055 seconds
[2024-06-11T22:56:36.454+0000] {processor.py:161} INFO - Started process (PID=1509) to work on /home/airflow/.local/lib/python3.12/site-packages/airflow/example_dags/example_setup_teardown.py
[2024-06-11T22:56:36.455+0000] {processor.py:830} INFO - Processing file /home/airflow/.local/lib/python3.12/site-packages/airflow/example_dags/example_setup_teardown.py for tasks to queue
[2024-06-11T22:56:36.457+0000] {logging_mixin.py:188} INFO - [2024-06-11T22:56:36.456+0000] {dagbag.py:545} INFO - Filling up the DagBag from /home/airflow/.local/lib/python3.12/site-packages/airflow/example_dags/example_setup_teardown.py
[2024-06-11T22:56:36.461+0000] {processor.py:840} INFO - DAG(s) 'example_setup_teardown' retrieved from /home/airflow/.local/lib/python3.12/site-packages/airflow/example_dags/example_setup_teardown.py
[2024-06-11T22:56:36.477+0000] {logging_mixin.py:188} INFO - [2024-06-11T22:56:36.477+0000] {dag.py:3096} INFO - Sync 1 DAGs
[2024-06-11T22:56:36.495+0000] {logging_mixin.py:188} INFO - [2024-06-11T22:56:36.495+0000] {dag.py:3954} INFO - Setting next_dagrun for example_setup_teardown to 2024-06-10 00:00:00+00:00, run_after=2024-06-11 00:00:00+00:00
[2024-06-11T22:56:36.513+0000] {processor.py:183} INFO - Processing /home/airflow/.local/lib/python3.12/site-packages/airflow/example_dags/example_setup_teardown.py took 0.063 seconds
[2024-06-11T22:57:07.513+0000] {processor.py:161} INFO - Started process (PID=1567) to work on /home/airflow/.local/lib/python3.12/site-packages/airflow/example_dags/example_setup_teardown.py
[2024-06-11T22:57:07.560+0000] {processor.py:830} INFO - Processing file /home/airflow/.local/lib/python3.12/site-packages/airflow/example_dags/example_setup_teardown.py for tasks to queue
[2024-06-11T22:57:07.564+0000] {logging_mixin.py:188} INFO - [2024-06-11T22:57:07.564+0000] {dagbag.py:545} INFO - Filling up the DagBag from /home/airflow/.local/lib/python3.12/site-packages/airflow/example_dags/example_setup_teardown.py
[2024-06-11T22:57:07.582+0000] {processor.py:840} INFO - DAG(s) 'example_setup_teardown' retrieved from /home/airflow/.local/lib/python3.12/site-packages/airflow/example_dags/example_setup_teardown.py
[2024-06-11T22:57:07.603+0000] {logging_mixin.py:188} INFO - [2024-06-11T22:57:07.602+0000] {dag.py:3096} INFO - Sync 1 DAGs
[2024-06-11T22:57:07.723+0000] {logging_mixin.py:188} INFO - [2024-06-11T22:57:07.722+0000] {dag.py:3954} INFO - Setting next_dagrun for example_setup_teardown to 2024-06-10 00:00:00+00:00, run_after=2024-06-11 00:00:00+00:00
[2024-06-11T22:57:07.752+0000] {processor.py:183} INFO - Processing /home/airflow/.local/lib/python3.12/site-packages/airflow/example_dags/example_setup_teardown.py took 0.245 seconds
[2024-06-11T22:57:38.036+0000] {processor.py:161} INFO - Started process (PID=1624) to work on /home/airflow/.local/lib/python3.12/site-packages/airflow/example_dags/example_setup_teardown.py
[2024-06-11T22:57:38.037+0000] {processor.py:830} INFO - Processing file /home/airflow/.local/lib/python3.12/site-packages/airflow/example_dags/example_setup_teardown.py for tasks to queue
[2024-06-11T22:57:38.039+0000] {logging_mixin.py:188} INFO - [2024-06-11T22:57:38.039+0000] {dagbag.py:545} INFO - Filling up the DagBag from /home/airflow/.local/lib/python3.12/site-packages/airflow/example_dags/example_setup_teardown.py
[2024-06-11T22:57:38.045+0000] {processor.py:840} INFO - DAG(s) 'example_setup_teardown' retrieved from /home/airflow/.local/lib/python3.12/site-packages/airflow/example_dags/example_setup_teardown.py
[2024-06-11T22:57:38.062+0000] {logging_mixin.py:188} INFO - [2024-06-11T22:57:38.062+0000] {dag.py:3096} INFO - Sync 1 DAGs
[2024-06-11T22:57:38.081+0000] {logging_mixin.py:188} INFO - [2024-06-11T22:57:38.080+0000] {dag.py:3954} INFO - Setting next_dagrun for example_setup_teardown to 2024-06-10 00:00:00+00:00, run_after=2024-06-11 00:00:00+00:00
[2024-06-11T22:57:38.098+0000] {processor.py:183} INFO - Processing /home/airflow/.local/lib/python3.12/site-packages/airflow/example_dags/example_setup_teardown.py took 0.067 seconds
[2024-06-11T22:58:08.314+0000] {processor.py:161} INFO - Started process (PID=1682) to work on /home/airflow/.local/lib/python3.12/site-packages/airflow/example_dags/example_setup_teardown.py
[2024-06-11T22:58:08.317+0000] {processor.py:830} INFO - Processing file /home/airflow/.local/lib/python3.12/site-packages/airflow/example_dags/example_setup_teardown.py for tasks to queue
[2024-06-11T22:58:08.319+0000] {logging_mixin.py:188} INFO - [2024-06-11T22:58:08.319+0000] {dagbag.py:545} INFO - Filling up the DagBag from /home/airflow/.local/lib/python3.12/site-packages/airflow/example_dags/example_setup_teardown.py
[2024-06-11T22:58:08.326+0000] {processor.py:840} INFO - DAG(s) 'example_setup_teardown' retrieved from /home/airflow/.local/lib/python3.12/site-packages/airflow/example_dags/example_setup_teardown.py
[2024-06-11T22:58:08.347+0000] {logging_mixin.py:188} INFO - [2024-06-11T22:58:08.347+0000] {dag.py:3096} INFO - Sync 1 DAGs
[2024-06-11T22:58:08.376+0000] {logging_mixin.py:188} INFO - [2024-06-11T22:58:08.376+0000] {dag.py:3954} INFO - Setting next_dagrun for example_setup_teardown to 2024-06-10 00:00:00+00:00, run_after=2024-06-11 00:00:00+00:00
[2024-06-11T22:58:08.403+0000] {processor.py:183} INFO - Processing /home/airflow/.local/lib/python3.12/site-packages/airflow/example_dags/example_setup_teardown.py took 0.094 seconds
[2024-06-11T22:58:40.799+0000] {processor.py:161} INFO - Started process (PID=1740) to work on /home/airflow/.local/lib/python3.12/site-packages/airflow/example_dags/example_setup_teardown.py
[2024-06-11T22:58:40.804+0000] {processor.py:830} INFO - Processing file /home/airflow/.local/lib/python3.12/site-packages/airflow/example_dags/example_setup_teardown.py for tasks to queue
[2024-06-11T22:58:40.899+0000] {logging_mixin.py:188} INFO - [2024-06-11T22:58:40.898+0000] {dagbag.py:545} INFO - Filling up the DagBag from /home/airflow/.local/lib/python3.12/site-packages/airflow/example_dags/example_setup_teardown.py
[2024-06-11T22:58:40.913+0000] {processor.py:840} INFO - DAG(s) 'example_setup_teardown' retrieved from /home/airflow/.local/lib/python3.12/site-packages/airflow/example_dags/example_setup_teardown.py
[2024-06-11T22:58:40.958+0000] {logging_mixin.py:188} INFO - [2024-06-11T22:58:40.958+0000] {dag.py:3096} INFO - Sync 1 DAGs
[2024-06-11T22:58:41.112+0000] {logging_mixin.py:188} INFO - [2024-06-11T22:58:41.112+0000] {dag.py:3954} INFO - Setting next_dagrun for example_setup_teardown to 2024-06-10 00:00:00+00:00, run_after=2024-06-11 00:00:00+00:00
[2024-06-11T22:58:41.226+0000] {processor.py:183} INFO - Processing /home/airflow/.local/lib/python3.12/site-packages/airflow/example_dags/example_setup_teardown.py took 0.432 seconds
[2024-06-11T22:59:12.028+0000] {processor.py:161} INFO - Started process (PID=1798) to work on /home/airflow/.local/lib/python3.12/site-packages/airflow/example_dags/example_setup_teardown.py
[2024-06-11T22:59:12.028+0000] {processor.py:830} INFO - Processing file /home/airflow/.local/lib/python3.12/site-packages/airflow/example_dags/example_setup_teardown.py for tasks to queue
[2024-06-11T22:59:12.030+0000] {logging_mixin.py:188} INFO - [2024-06-11T22:59:12.030+0000] {dagbag.py:545} INFO - Filling up the DagBag from /home/airflow/.local/lib/python3.12/site-packages/airflow/example_dags/example_setup_teardown.py
[2024-06-11T22:59:12.037+0000] {processor.py:840} INFO - DAG(s) 'example_setup_teardown' retrieved from /home/airflow/.local/lib/python3.12/site-packages/airflow/example_dags/example_setup_teardown.py
[2024-06-11T22:59:12.061+0000] {logging_mixin.py:188} INFO - [2024-06-11T22:59:12.060+0000] {dag.py:3096} INFO - Sync 1 DAGs
[2024-06-11T22:59:12.082+0000] {logging_mixin.py:188} INFO - [2024-06-11T22:59:12.082+0000] {dag.py:3954} INFO - Setting next_dagrun for example_setup_teardown to 2024-06-10 00:00:00+00:00, run_after=2024-06-11 00:00:00+00:00
[2024-06-11T22:59:12.105+0000] {processor.py:183} INFO - Processing /home/airflow/.local/lib/python3.12/site-packages/airflow/example_dags/example_setup_teardown.py took 0.082 seconds
[2024-06-11T22:59:42.775+0000] {processor.py:161} INFO - Started process (PID=1856) to work on /home/airflow/.local/lib/python3.12/site-packages/airflow/example_dags/example_setup_teardown.py
[2024-06-11T22:59:42.776+0000] {processor.py:830} INFO - Processing file /home/airflow/.local/lib/python3.12/site-packages/airflow/example_dags/example_setup_teardown.py for tasks to queue
[2024-06-11T22:59:42.777+0000] {logging_mixin.py:188} INFO - [2024-06-11T22:59:42.777+0000] {dagbag.py:545} INFO - Filling up the DagBag from /home/airflow/.local/lib/python3.12/site-packages/airflow/example_dags/example_setup_teardown.py
[2024-06-11T22:59:42.782+0000] {processor.py:840} INFO - DAG(s) 'example_setup_teardown' retrieved from /home/airflow/.local/lib/python3.12/site-packages/airflow/example_dags/example_setup_teardown.py
[2024-06-11T22:59:42.800+0000] {logging_mixin.py:188} INFO - [2024-06-11T22:59:42.800+0000] {dag.py:3096} INFO - Sync 1 DAGs
[2024-06-11T22:59:42.817+0000] {logging_mixin.py:188} INFO - [2024-06-11T22:59:42.817+0000] {dag.py:3954} INFO - Setting next_dagrun for example_setup_teardown to 2024-06-10 00:00:00+00:00, run_after=2024-06-11 00:00:00+00:00
[2024-06-11T22:59:42.841+0000] {processor.py:183} INFO - Processing /home/airflow/.local/lib/python3.12/site-packages/airflow/example_dags/example_setup_teardown.py took 0.069 seconds
[2024-06-11T23:00:13.119+0000] {processor.py:161} INFO - Started process (PID=1915) to work on /home/airflow/.local/lib/python3.12/site-packages/airflow/example_dags/example_setup_teardown.py
[2024-06-11T23:00:13.120+0000] {processor.py:830} INFO - Processing file /home/airflow/.local/lib/python3.12/site-packages/airflow/example_dags/example_setup_teardown.py for tasks to queue
[2024-06-11T23:00:13.121+0000] {logging_mixin.py:188} INFO - [2024-06-11T23:00:13.121+0000] {dagbag.py:545} INFO - Filling up the DagBag from /home/airflow/.local/lib/python3.12/site-packages/airflow/example_dags/example_setup_teardown.py
[2024-06-11T23:00:13.126+0000] {processor.py:840} INFO - DAG(s) 'example_setup_teardown' retrieved from /home/airflow/.local/lib/python3.12/site-packages/airflow/example_dags/example_setup_teardown.py
[2024-06-11T23:00:13.141+0000] {logging_mixin.py:188} INFO - [2024-06-11T23:00:13.141+0000] {dag.py:3096} INFO - Sync 1 DAGs
[2024-06-11T23:00:13.255+0000] {logging_mixin.py:188} INFO - [2024-06-11T23:00:13.255+0000] {dag.py:3954} INFO - Setting next_dagrun for example_setup_teardown to 2024-06-10 00:00:00+00:00, run_after=2024-06-11 00:00:00+00:00
[2024-06-11T23:00:13.272+0000] {processor.py:183} INFO - Processing /home/airflow/.local/lib/python3.12/site-packages/airflow/example_dags/example_setup_teardown.py took 0.157 seconds
[2024-06-11T23:00:44.264+0000] {processor.py:161} INFO - Started process (PID=1973) to work on /home/airflow/.local/lib/python3.12/site-packages/airflow/example_dags/example_setup_teardown.py
[2024-06-11T23:00:44.265+0000] {processor.py:830} INFO - Processing file /home/airflow/.local/lib/python3.12/site-packages/airflow/example_dags/example_setup_teardown.py for tasks to queue
[2024-06-11T23:00:44.268+0000] {logging_mixin.py:188} INFO - [2024-06-11T23:00:44.268+0000] {dagbag.py:545} INFO - Filling up the DagBag from /home/airflow/.local/lib/python3.12/site-packages/airflow/example_dags/example_setup_teardown.py
[2024-06-11T23:00:44.274+0000] {processor.py:840} INFO - DAG(s) 'example_setup_teardown' retrieved from /home/airflow/.local/lib/python3.12/site-packages/airflow/example_dags/example_setup_teardown.py
[2024-06-11T23:00:44.304+0000] {logging_mixin.py:188} INFO - [2024-06-11T23:00:44.301+0000] {dag.py:3096} INFO - Sync 1 DAGs
[2024-06-11T23:00:44.458+0000] {logging_mixin.py:188} INFO - [2024-06-11T23:00:44.458+0000] {dag.py:3954} INFO - Setting next_dagrun for example_setup_teardown to 2024-06-10 00:00:00+00:00, run_after=2024-06-11 00:00:00+00:00
[2024-06-11T23:00:44.476+0000] {processor.py:183} INFO - Processing /home/airflow/.local/lib/python3.12/site-packages/airflow/example_dags/example_setup_teardown.py took 0.217 seconds
[2024-06-11T23:01:14.701+0000] {processor.py:161} INFO - Started process (PID=2031) to work on /home/airflow/.local/lib/python3.12/site-packages/airflow/example_dags/example_setup_teardown.py
[2024-06-11T23:01:14.702+0000] {processor.py:830} INFO - Processing file /home/airflow/.local/lib/python3.12/site-packages/airflow/example_dags/example_setup_teardown.py for tasks to queue
[2024-06-11T23:01:14.704+0000] {logging_mixin.py:188} INFO - [2024-06-11T23:01:14.704+0000] {dagbag.py:545} INFO - Filling up the DagBag from /home/airflow/.local/lib/python3.12/site-packages/airflow/example_dags/example_setup_teardown.py
[2024-06-11T23:01:14.712+0000] {processor.py:840} INFO - DAG(s) 'example_setup_teardown' retrieved from /home/airflow/.local/lib/python3.12/site-packages/airflow/example_dags/example_setup_teardown.py
[2024-06-11T23:01:14.731+0000] {logging_mixin.py:188} INFO - [2024-06-11T23:01:14.731+0000] {dag.py:3096} INFO - Sync 1 DAGs
[2024-06-11T23:01:14.752+0000] {logging_mixin.py:188} INFO - [2024-06-11T23:01:14.752+0000] {dag.py:3954} INFO - Setting next_dagrun for example_setup_teardown to 2024-06-10 00:00:00+00:00, run_after=2024-06-11 00:00:00+00:00
[2024-06-11T23:01:14.769+0000] {processor.py:183} INFO - Processing /home/airflow/.local/lib/python3.12/site-packages/airflow/example_dags/example_setup_teardown.py took 0.073 seconds
[2024-06-11T23:01:45.585+0000] {processor.py:161} INFO - Started process (PID=2089) to work on /home/airflow/.local/lib/python3.12/site-packages/airflow/example_dags/example_setup_teardown.py
[2024-06-11T23:01:45.586+0000] {processor.py:830} INFO - Processing file /home/airflow/.local/lib/python3.12/site-packages/airflow/example_dags/example_setup_teardown.py for tasks to queue
[2024-06-11T23:01:45.587+0000] {logging_mixin.py:188} INFO - [2024-06-11T23:01:45.587+0000] {dagbag.py:545} INFO - Filling up the DagBag from /home/airflow/.local/lib/python3.12/site-packages/airflow/example_dags/example_setup_teardown.py
[2024-06-11T23:01:45.593+0000] {processor.py:840} INFO - DAG(s) 'example_setup_teardown' retrieved from /home/airflow/.local/lib/python3.12/site-packages/airflow/example_dags/example_setup_teardown.py
[2024-06-11T23:01:45.609+0000] {logging_mixin.py:188} INFO - [2024-06-11T23:01:45.609+0000] {dag.py:3096} INFO - Sync 1 DAGs
[2024-06-11T23:01:45.629+0000] {logging_mixin.py:188} INFO - [2024-06-11T23:01:45.629+0000] {dag.py:3954} INFO - Setting next_dagrun for example_setup_teardown to 2024-06-10 00:00:00+00:00, run_after=2024-06-11 00:00:00+00:00
[2024-06-11T23:01:45.648+0000] {processor.py:183} INFO - Processing /home/airflow/.local/lib/python3.12/site-packages/airflow/example_dags/example_setup_teardown.py took 0.068 seconds
[2024-06-11T23:02:16.541+0000] {processor.py:161} INFO - Started process (PID=2147) to work on /home/airflow/.local/lib/python3.12/site-packages/airflow/example_dags/example_setup_teardown.py
[2024-06-11T23:02:16.543+0000] {processor.py:830} INFO - Processing file /home/airflow/.local/lib/python3.12/site-packages/airflow/example_dags/example_setup_teardown.py for tasks to queue
[2024-06-11T23:02:16.545+0000] {logging_mixin.py:188} INFO - [2024-06-11T23:02:16.544+0000] {dagbag.py:545} INFO - Filling up the DagBag from /home/airflow/.local/lib/python3.12/site-packages/airflow/example_dags/example_setup_teardown.py
[2024-06-11T23:02:16.552+0000] {processor.py:840} INFO - DAG(s) 'example_setup_teardown' retrieved from /home/airflow/.local/lib/python3.12/site-packages/airflow/example_dags/example_setup_teardown.py
[2024-06-11T23:02:16.570+0000] {logging_mixin.py:188} INFO - [2024-06-11T23:02:16.569+0000] {dag.py:3096} INFO - Sync 1 DAGs
[2024-06-11T23:02:16.588+0000] {logging_mixin.py:188} INFO - [2024-06-11T23:02:16.587+0000] {dag.py:3954} INFO - Setting next_dagrun for example_setup_teardown to 2024-06-10 00:00:00+00:00, run_after=2024-06-11 00:00:00+00:00
[2024-06-11T23:02:16.605+0000] {processor.py:183} INFO - Processing /home/airflow/.local/lib/python3.12/site-packages/airflow/example_dags/example_setup_teardown.py took 0.069 seconds
[2024-06-11T23:02:46.868+0000] {processor.py:161} INFO - Started process (PID=2205) to work on /home/airflow/.local/lib/python3.12/site-packages/airflow/example_dags/example_setup_teardown.py
[2024-06-11T23:02:46.869+0000] {processor.py:830} INFO - Processing file /home/airflow/.local/lib/python3.12/site-packages/airflow/example_dags/example_setup_teardown.py for tasks to queue
[2024-06-11T23:02:46.871+0000] {logging_mixin.py:188} INFO - [2024-06-11T23:02:46.871+0000] {dagbag.py:545} INFO - Filling up the DagBag from /home/airflow/.local/lib/python3.12/site-packages/airflow/example_dags/example_setup_teardown.py
[2024-06-11T23:02:46.877+0000] {processor.py:840} INFO - DAG(s) 'example_setup_teardown' retrieved from /home/airflow/.local/lib/python3.12/site-packages/airflow/example_dags/example_setup_teardown.py
[2024-06-11T23:02:46.894+0000] {logging_mixin.py:188} INFO - [2024-06-11T23:02:46.894+0000] {dag.py:3096} INFO - Sync 1 DAGs
[2024-06-11T23:02:46.914+0000] {logging_mixin.py:188} INFO - [2024-06-11T23:02:46.914+0000] {dag.py:3954} INFO - Setting next_dagrun for example_setup_teardown to 2024-06-10 00:00:00+00:00, run_after=2024-06-11 00:00:00+00:00
[2024-06-11T23:02:46.932+0000] {processor.py:183} INFO - Processing /home/airflow/.local/lib/python3.12/site-packages/airflow/example_dags/example_setup_teardown.py took 0.069 seconds
[2024-06-11T23:03:17.483+0000] {processor.py:161} INFO - Started process (PID=2263) to work on /home/airflow/.local/lib/python3.12/site-packages/airflow/example_dags/example_setup_teardown.py
[2024-06-11T23:03:17.485+0000] {processor.py:830} INFO - Processing file /home/airflow/.local/lib/python3.12/site-packages/airflow/example_dags/example_setup_teardown.py for tasks to queue
[2024-06-11T23:03:17.491+0000] {logging_mixin.py:188} INFO - [2024-06-11T23:03:17.490+0000] {dagbag.py:545} INFO - Filling up the DagBag from /home/airflow/.local/lib/python3.12/site-packages/airflow/example_dags/example_setup_teardown.py
[2024-06-11T23:03:17.498+0000] {processor.py:840} INFO - DAG(s) 'example_setup_teardown' retrieved from /home/airflow/.local/lib/python3.12/site-packages/airflow/example_dags/example_setup_teardown.py
[2024-06-11T23:03:17.519+0000] {logging_mixin.py:188} INFO - [2024-06-11T23:03:17.519+0000] {dag.py:3096} INFO - Sync 1 DAGs
[2024-06-11T23:03:17.579+0000] {logging_mixin.py:188} INFO - [2024-06-11T23:03:17.579+0000] {dag.py:3954} INFO - Setting next_dagrun for example_setup_teardown to 2024-06-10 00:00:00+00:00, run_after=2024-06-11 00:00:00+00:00
[2024-06-11T23:03:17.597+0000] {processor.py:183} INFO - Processing /home/airflow/.local/lib/python3.12/site-packages/airflow/example_dags/example_setup_teardown.py took 0.121 seconds
[2024-06-11T23:03:48.262+0000] {processor.py:161} INFO - Started process (PID=2321) to work on /home/airflow/.local/lib/python3.12/site-packages/airflow/example_dags/example_setup_teardown.py
[2024-06-11T23:03:48.263+0000] {processor.py:830} INFO - Processing file /home/airflow/.local/lib/python3.12/site-packages/airflow/example_dags/example_setup_teardown.py for tasks to queue
[2024-06-11T23:03:48.265+0000] {logging_mixin.py:188} INFO - [2024-06-11T23:03:48.265+0000] {dagbag.py:545} INFO - Filling up the DagBag from /home/airflow/.local/lib/python3.12/site-packages/airflow/example_dags/example_setup_teardown.py
[2024-06-11T23:03:48.272+0000] {processor.py:840} INFO - DAG(s) 'example_setup_teardown' retrieved from /home/airflow/.local/lib/python3.12/site-packages/airflow/example_dags/example_setup_teardown.py
[2024-06-11T23:03:48.290+0000] {logging_mixin.py:188} INFO - [2024-06-11T23:03:48.290+0000] {dag.py:3096} INFO - Sync 1 DAGs
[2024-06-11T23:03:48.309+0000] {logging_mixin.py:188} INFO - [2024-06-11T23:03:48.309+0000] {dag.py:3954} INFO - Setting next_dagrun for example_setup_teardown to 2024-06-10 00:00:00+00:00, run_after=2024-06-11 00:00:00+00:00
[2024-06-11T23:03:48.327+0000] {processor.py:183} INFO - Processing /home/airflow/.local/lib/python3.12/site-packages/airflow/example_dags/example_setup_teardown.py took 0.069 seconds
[2024-06-11T23:04:18.607+0000] {processor.py:161} INFO - Started process (PID=2379) to work on /home/airflow/.local/lib/python3.12/site-packages/airflow/example_dags/example_setup_teardown.py
[2024-06-11T23:04:18.608+0000] {processor.py:830} INFO - Processing file /home/airflow/.local/lib/python3.12/site-packages/airflow/example_dags/example_setup_teardown.py for tasks to queue
[2024-06-11T23:04:18.609+0000] {logging_mixin.py:188} INFO - [2024-06-11T23:04:18.609+0000] {dagbag.py:545} INFO - Filling up the DagBag from /home/airflow/.local/lib/python3.12/site-packages/airflow/example_dags/example_setup_teardown.py
[2024-06-11T23:04:18.615+0000] {processor.py:840} INFO - DAG(s) 'example_setup_teardown' retrieved from /home/airflow/.local/lib/python3.12/site-packages/airflow/example_dags/example_setup_teardown.py
[2024-06-11T23:04:18.634+0000] {logging_mixin.py:188} INFO - [2024-06-11T23:04:18.633+0000] {dag.py:3096} INFO - Sync 1 DAGs
[2024-06-11T23:04:18.653+0000] {logging_mixin.py:188} INFO - [2024-06-11T23:04:18.653+0000] {dag.py:3954} INFO - Setting next_dagrun for example_setup_teardown to 2024-06-10 00:00:00+00:00, run_after=2024-06-11 00:00:00+00:00
[2024-06-11T23:04:18.670+0000] {processor.py:183} INFO - Processing /home/airflow/.local/lib/python3.12/site-packages/airflow/example_dags/example_setup_teardown.py took 0.069 seconds
[2024-06-11T23:04:49.287+0000] {processor.py:161} INFO - Started process (PID=2438) to work on /home/airflow/.local/lib/python3.12/site-packages/airflow/example_dags/example_setup_teardown.py
[2024-06-11T23:04:49.288+0000] {processor.py:830} INFO - Processing file /home/airflow/.local/lib/python3.12/site-packages/airflow/example_dags/example_setup_teardown.py for tasks to queue
[2024-06-11T23:04:49.290+0000] {logging_mixin.py:188} INFO - [2024-06-11T23:04:49.289+0000] {dagbag.py:545} INFO - Filling up the DagBag from /home/airflow/.local/lib/python3.12/site-packages/airflow/example_dags/example_setup_teardown.py
[2024-06-11T23:04:49.296+0000] {processor.py:840} INFO - DAG(s) 'example_setup_teardown' retrieved from /home/airflow/.local/lib/python3.12/site-packages/airflow/example_dags/example_setup_teardown.py
[2024-06-11T23:04:49.315+0000] {logging_mixin.py:188} INFO - [2024-06-11T23:04:49.315+0000] {dag.py:3096} INFO - Sync 1 DAGs
[2024-06-11T23:04:49.335+0000] {logging_mixin.py:188} INFO - [2024-06-11T23:04:49.335+0000] {dag.py:3954} INFO - Setting next_dagrun for example_setup_teardown to 2024-06-10 00:00:00+00:00, run_after=2024-06-11 00:00:00+00:00
[2024-06-11T23:04:49.434+0000] {processor.py:183} INFO - Processing /home/airflow/.local/lib/python3.12/site-packages/airflow/example_dags/example_setup_teardown.py took 0.154 seconds
[2024-06-11T23:05:19.972+0000] {processor.py:161} INFO - Started process (PID=2496) to work on /home/airflow/.local/lib/python3.12/site-packages/airflow/example_dags/example_setup_teardown.py
[2024-06-11T23:05:19.973+0000] {processor.py:830} INFO - Processing file /home/airflow/.local/lib/python3.12/site-packages/airflow/example_dags/example_setup_teardown.py for tasks to queue
[2024-06-11T23:05:19.974+0000] {logging_mixin.py:188} INFO - [2024-06-11T23:05:19.974+0000] {dagbag.py:545} INFO - Filling up the DagBag from /home/airflow/.local/lib/python3.12/site-packages/airflow/example_dags/example_setup_teardown.py
[2024-06-11T23:05:19.982+0000] {processor.py:840} INFO - DAG(s) 'example_setup_teardown' retrieved from /home/airflow/.local/lib/python3.12/site-packages/airflow/example_dags/example_setup_teardown.py
[2024-06-11T23:05:19.999+0000] {logging_mixin.py:188} INFO - [2024-06-11T23:05:19.999+0000] {dag.py:3096} INFO - Sync 1 DAGs
[2024-06-11T23:05:20.018+0000] {logging_mixin.py:188} INFO - [2024-06-11T23:05:20.017+0000] {dag.py:3954} INFO - Setting next_dagrun for example_setup_teardown to 2024-06-10 00:00:00+00:00, run_after=2024-06-11 00:00:00+00:00
[2024-06-11T23:05:20.038+0000] {processor.py:183} INFO - Processing /home/airflow/.local/lib/python3.12/site-packages/airflow/example_dags/example_setup_teardown.py took 0.071 seconds
[2024-06-11T23:05:50.157+0000] {processor.py:161} INFO - Started process (PID=2554) to work on /home/airflow/.local/lib/python3.12/site-packages/airflow/example_dags/example_setup_teardown.py
[2024-06-11T23:05:50.159+0000] {processor.py:830} INFO - Processing file /home/airflow/.local/lib/python3.12/site-packages/airflow/example_dags/example_setup_teardown.py for tasks to queue
[2024-06-11T23:05:50.160+0000] {logging_mixin.py:188} INFO - [2024-06-11T23:05:50.160+0000] {dagbag.py:545} INFO - Filling up the DagBag from /home/airflow/.local/lib/python3.12/site-packages/airflow/example_dags/example_setup_teardown.py
[2024-06-11T23:05:50.166+0000] {processor.py:840} INFO - DAG(s) 'example_setup_teardown' retrieved from /home/airflow/.local/lib/python3.12/site-packages/airflow/example_dags/example_setup_teardown.py
[2024-06-11T23:05:50.186+0000] {logging_mixin.py:188} INFO - [2024-06-11T23:05:50.186+0000] {dag.py:3096} INFO - Sync 1 DAGs
[2024-06-11T23:05:50.211+0000] {logging_mixin.py:188} INFO - [2024-06-11T23:05:50.211+0000] {dag.py:3954} INFO - Setting next_dagrun for example_setup_teardown to 2024-06-10 00:00:00+00:00, run_after=2024-06-11 00:00:00+00:00
[2024-06-11T23:05:50.229+0000] {processor.py:183} INFO - Processing /home/airflow/.local/lib/python3.12/site-packages/airflow/example_dags/example_setup_teardown.py took 0.079 seconds
[2024-06-11T23:06:20.279+0000] {processor.py:161} INFO - Started process (PID=2612) to work on /home/airflow/.local/lib/python3.12/site-packages/airflow/example_dags/example_setup_teardown.py
[2024-06-11T23:06:20.280+0000] {processor.py:830} INFO - Processing file /home/airflow/.local/lib/python3.12/site-packages/airflow/example_dags/example_setup_teardown.py for tasks to queue
[2024-06-11T23:06:20.282+0000] {logging_mixin.py:188} INFO - [2024-06-11T23:06:20.281+0000] {dagbag.py:545} INFO - Filling up the DagBag from /home/airflow/.local/lib/python3.12/site-packages/airflow/example_dags/example_setup_teardown.py
[2024-06-11T23:06:20.288+0000] {processor.py:840} INFO - DAG(s) 'example_setup_teardown' retrieved from /home/airflow/.local/lib/python3.12/site-packages/airflow/example_dags/example_setup_teardown.py
[2024-06-11T23:06:20.306+0000] {logging_mixin.py:188} INFO - [2024-06-11T23:06:20.306+0000] {dag.py:3096} INFO - Sync 1 DAGs
[2024-06-11T23:06:20.325+0000] {logging_mixin.py:188} INFO - [2024-06-11T23:06:20.325+0000] {dag.py:3954} INFO - Setting next_dagrun for example_setup_teardown to 2024-06-10 00:00:00+00:00, run_after=2024-06-11 00:00:00+00:00
[2024-06-11T23:06:20.385+0000] {processor.py:183} INFO - Processing /home/airflow/.local/lib/python3.12/site-packages/airflow/example_dags/example_setup_teardown.py took 0.111 seconds
[2024-06-11T23:06:51.100+0000] {processor.py:161} INFO - Started process (PID=2670) to work on /home/airflow/.local/lib/python3.12/site-packages/airflow/example_dags/example_setup_teardown.py
[2024-06-11T23:06:51.101+0000] {processor.py:830} INFO - Processing file /home/airflow/.local/lib/python3.12/site-packages/airflow/example_dags/example_setup_teardown.py for tasks to queue
[2024-06-11T23:06:51.104+0000] {logging_mixin.py:188} INFO - [2024-06-11T23:06:51.103+0000] {dagbag.py:545} INFO - Filling up the DagBag from /home/airflow/.local/lib/python3.12/site-packages/airflow/example_dags/example_setup_teardown.py
[2024-06-11T23:06:51.111+0000] {processor.py:840} INFO - DAG(s) 'example_setup_teardown' retrieved from /home/airflow/.local/lib/python3.12/site-packages/airflow/example_dags/example_setup_teardown.py
[2024-06-11T23:06:51.129+0000] {logging_mixin.py:188} INFO - [2024-06-11T23:06:51.129+0000] {dag.py:3096} INFO - Sync 1 DAGs
[2024-06-11T23:06:51.150+0000] {logging_mixin.py:188} INFO - [2024-06-11T23:06:51.150+0000] {dag.py:3954} INFO - Setting next_dagrun for example_setup_teardown to 2024-06-10 00:00:00+00:00, run_after=2024-06-11 00:00:00+00:00
[2024-06-11T23:06:51.168+0000] {processor.py:183} INFO - Processing /home/airflow/.local/lib/python3.12/site-packages/airflow/example_dags/example_setup_teardown.py took 0.073 seconds
