[2024-06-11T22:43:51.435+0000] {processor.py:161} INFO - Started process (PID=75) to work on /home/airflow/.local/lib/python3.12/site-packages/airflow/example_dags/example_branch_labels.py
[2024-06-11T22:43:51.436+0000] {processor.py:830} INFO - Processing file /home/airflow/.local/lib/python3.12/site-packages/airflow/example_dags/example_branch_labels.py for tasks to queue
[2024-06-11T22:43:51.438+0000] {logging_mixin.py:188} INFO - [2024-06-11T22:43:51.437+0000] {dagbag.py:545} INFO - Filling up the DagBag from /home/airflow/.local/lib/python3.12/site-packages/airflow/example_dags/example_branch_labels.py
[2024-06-11T22:43:51.444+0000] {processor.py:840} INFO - DAG(s) 'example_branch_labels' retrieved from /home/airflow/.local/lib/python3.12/site-packages/airflow/example_dags/example_branch_labels.py
[2024-06-11T22:43:51.453+0000] {logging_mixin.py:188} INFO - [2024-06-11T22:43:51.453+0000] {dag.py:3096} INFO - Sync 1 DAGs
[2024-06-11T22:43:51.472+0000] {logging_mixin.py:188} INFO - [2024-06-11T22:43:51.472+0000] {dag.py:3954} INFO - Setting next_dagrun for example_branch_labels to 2024-06-10 00:00:00+00:00, run_after=2024-06-11 00:00:00+00:00
[2024-06-11T22:43:51.490+0000] {processor.py:183} INFO - Processing /home/airflow/.local/lib/python3.12/site-packages/airflow/example_dags/example_branch_labels.py took 0.059 seconds
[2024-06-11T22:44:22.349+0000] {processor.py:161} INFO - Started process (PID=133) to work on /home/airflow/.local/lib/python3.12/site-packages/airflow/example_dags/example_branch_labels.py
[2024-06-11T22:44:22.350+0000] {processor.py:830} INFO - Processing file /home/airflow/.local/lib/python3.12/site-packages/airflow/example_dags/example_branch_labels.py for tasks to queue
[2024-06-11T22:44:22.352+0000] {logging_mixin.py:188} INFO - [2024-06-11T22:44:22.352+0000] {dagbag.py:545} INFO - Filling up the DagBag from /home/airflow/.local/lib/python3.12/site-packages/airflow/example_dags/example_branch_labels.py
[2024-06-11T22:44:22.357+0000] {processor.py:840} INFO - DAG(s) 'example_branch_labels' retrieved from /home/airflow/.local/lib/python3.12/site-packages/airflow/example_dags/example_branch_labels.py
[2024-06-11T22:44:22.424+0000] {logging_mixin.py:188} INFO - [2024-06-11T22:44:22.424+0000] {dag.py:3096} INFO - Sync 1 DAGs
[2024-06-11T22:44:22.439+0000] {logging_mixin.py:188} INFO - [2024-06-11T22:44:22.439+0000] {dag.py:3954} INFO - Setting next_dagrun for example_branch_labels to 2024-06-10 00:00:00+00:00, run_after=2024-06-11 00:00:00+00:00
[2024-06-11T22:44:22.456+0000] {processor.py:183} INFO - Processing /home/airflow/.local/lib/python3.12/site-packages/airflow/example_dags/example_branch_labels.py took 0.110 seconds
[2024-06-11T22:44:53.073+0000] {processor.py:161} INFO - Started process (PID=191) to work on /home/airflow/.local/lib/python3.12/site-packages/airflow/example_dags/example_branch_labels.py
[2024-06-11T22:44:53.074+0000] {processor.py:830} INFO - Processing file /home/airflow/.local/lib/python3.12/site-packages/airflow/example_dags/example_branch_labels.py for tasks to queue
[2024-06-11T22:44:53.076+0000] {logging_mixin.py:188} INFO - [2024-06-11T22:44:53.076+0000] {dagbag.py:545} INFO - Filling up the DagBag from /home/airflow/.local/lib/python3.12/site-packages/airflow/example_dags/example_branch_labels.py
[2024-06-11T22:44:53.081+0000] {processor.py:840} INFO - DAG(s) 'example_branch_labels' retrieved from /home/airflow/.local/lib/python3.12/site-packages/airflow/example_dags/example_branch_labels.py
[2024-06-11T22:44:53.096+0000] {logging_mixin.py:188} INFO - [2024-06-11T22:44:53.096+0000] {dag.py:3096} INFO - Sync 1 DAGs
[2024-06-11T22:44:53.114+0000] {logging_mixin.py:188} INFO - [2024-06-11T22:44:53.114+0000] {dag.py:3954} INFO - Setting next_dagrun for example_branch_labels to 2024-06-10 00:00:00+00:00, run_after=2024-06-11 00:00:00+00:00
[2024-06-11T22:44:53.130+0000] {processor.py:183} INFO - Processing /home/airflow/.local/lib/python3.12/site-packages/airflow/example_dags/example_branch_labels.py took 0.060 seconds
[2024-06-11T22:45:23.604+0000] {processor.py:161} INFO - Started process (PID=250) to work on /home/airflow/.local/lib/python3.12/site-packages/airflow/example_dags/example_branch_labels.py
[2024-06-11T22:45:23.606+0000] {processor.py:830} INFO - Processing file /home/airflow/.local/lib/python3.12/site-packages/airflow/example_dags/example_branch_labels.py for tasks to queue
[2024-06-11T22:45:23.608+0000] {logging_mixin.py:188} INFO - [2024-06-11T22:45:23.608+0000] {dagbag.py:545} INFO - Filling up the DagBag from /home/airflow/.local/lib/python3.12/site-packages/airflow/example_dags/example_branch_labels.py
[2024-06-11T22:45:23.614+0000] {processor.py:840} INFO - DAG(s) 'example_branch_labels' retrieved from /home/airflow/.local/lib/python3.12/site-packages/airflow/example_dags/example_branch_labels.py
[2024-06-11T22:45:23.633+0000] {logging_mixin.py:188} INFO - [2024-06-11T22:45:23.633+0000] {dag.py:3096} INFO - Sync 1 DAGs
[2024-06-11T22:45:23.654+0000] {logging_mixin.py:188} INFO - [2024-06-11T22:45:23.653+0000] {dag.py:3954} INFO - Setting next_dagrun for example_branch_labels to 2024-06-10 00:00:00+00:00, run_after=2024-06-11 00:00:00+00:00
[2024-06-11T22:45:23.690+0000] {processor.py:183} INFO - Processing /home/airflow/.local/lib/python3.12/site-packages/airflow/example_dags/example_branch_labels.py took 0.093 seconds
[2024-06-11T22:45:54.382+0000] {processor.py:161} INFO - Started process (PID=308) to work on /home/airflow/.local/lib/python3.12/site-packages/airflow/example_dags/example_branch_labels.py
[2024-06-11T22:45:54.383+0000] {processor.py:830} INFO - Processing file /home/airflow/.local/lib/python3.12/site-packages/airflow/example_dags/example_branch_labels.py for tasks to queue
[2024-06-11T22:45:54.385+0000] {logging_mixin.py:188} INFO - [2024-06-11T22:45:54.384+0000] {dagbag.py:545} INFO - Filling up the DagBag from /home/airflow/.local/lib/python3.12/site-packages/airflow/example_dags/example_branch_labels.py
[2024-06-11T22:45:54.392+0000] {processor.py:840} INFO - DAG(s) 'example_branch_labels' retrieved from /home/airflow/.local/lib/python3.12/site-packages/airflow/example_dags/example_branch_labels.py
[2024-06-11T22:45:54.410+0000] {logging_mixin.py:188} INFO - [2024-06-11T22:45:54.409+0000] {dag.py:3096} INFO - Sync 1 DAGs
[2024-06-11T22:45:54.428+0000] {logging_mixin.py:188} INFO - [2024-06-11T22:45:54.428+0000] {dag.py:3954} INFO - Setting next_dagrun for example_branch_labels to 2024-06-10 00:00:00+00:00, run_after=2024-06-11 00:00:00+00:00
[2024-06-11T22:45:54.447+0000] {processor.py:183} INFO - Processing /home/airflow/.local/lib/python3.12/site-packages/airflow/example_dags/example_branch_labels.py took 0.070 seconds
[2024-06-11T22:46:25.457+0000] {processor.py:161} INFO - Started process (PID=366) to work on /home/airflow/.local/lib/python3.12/site-packages/airflow/example_dags/example_branch_labels.py
[2024-06-11T22:46:25.458+0000] {processor.py:830} INFO - Processing file /home/airflow/.local/lib/python3.12/site-packages/airflow/example_dags/example_branch_labels.py for tasks to queue
[2024-06-11T22:46:25.459+0000] {logging_mixin.py:188} INFO - [2024-06-11T22:46:25.459+0000] {dagbag.py:545} INFO - Filling up the DagBag from /home/airflow/.local/lib/python3.12/site-packages/airflow/example_dags/example_branch_labels.py
[2024-06-11T22:46:25.466+0000] {processor.py:840} INFO - DAG(s) 'example_branch_labels' retrieved from /home/airflow/.local/lib/python3.12/site-packages/airflow/example_dags/example_branch_labels.py
[2024-06-11T22:46:25.482+0000] {logging_mixin.py:188} INFO - [2024-06-11T22:46:25.482+0000] {dag.py:3096} INFO - Sync 1 DAGs
[2024-06-11T22:46:25.501+0000] {logging_mixin.py:188} INFO - [2024-06-11T22:46:25.501+0000] {dag.py:3954} INFO - Setting next_dagrun for example_branch_labels to 2024-06-10 00:00:00+00:00, run_after=2024-06-11 00:00:00+00:00
[2024-06-11T22:46:25.519+0000] {processor.py:183} INFO - Processing /home/airflow/.local/lib/python3.12/site-packages/airflow/example_dags/example_branch_labels.py took 0.067 seconds
[2024-06-11T22:46:55.609+0000] {processor.py:161} INFO - Started process (PID=424) to work on /home/airflow/.local/lib/python3.12/site-packages/airflow/example_dags/example_branch_labels.py
[2024-06-11T22:46:55.611+0000] {processor.py:830} INFO - Processing file /home/airflow/.local/lib/python3.12/site-packages/airflow/example_dags/example_branch_labels.py for tasks to queue
[2024-06-11T22:46:55.612+0000] {logging_mixin.py:188} INFO - [2024-06-11T22:46:55.612+0000] {dagbag.py:545} INFO - Filling up the DagBag from /home/airflow/.local/lib/python3.12/site-packages/airflow/example_dags/example_branch_labels.py
[2024-06-11T22:46:55.618+0000] {processor.py:840} INFO - DAG(s) 'example_branch_labels' retrieved from /home/airflow/.local/lib/python3.12/site-packages/airflow/example_dags/example_branch_labels.py
[2024-06-11T22:46:55.634+0000] {logging_mixin.py:188} INFO - [2024-06-11T22:46:55.634+0000] {dag.py:3096} INFO - Sync 1 DAGs
[2024-06-11T22:46:55.652+0000] {logging_mixin.py:188} INFO - [2024-06-11T22:46:55.652+0000] {dag.py:3954} INFO - Setting next_dagrun for example_branch_labels to 2024-06-10 00:00:00+00:00, run_after=2024-06-11 00:00:00+00:00
[2024-06-11T22:46:55.669+0000] {processor.py:183} INFO - Processing /home/airflow/.local/lib/python3.12/site-packages/airflow/example_dags/example_branch_labels.py took 0.065 seconds
[2024-06-11T22:47:25.818+0000] {processor.py:161} INFO - Started process (PID=482) to work on /home/airflow/.local/lib/python3.12/site-packages/airflow/example_dags/example_branch_labels.py
[2024-06-11T22:47:25.820+0000] {processor.py:830} INFO - Processing file /home/airflow/.local/lib/python3.12/site-packages/airflow/example_dags/example_branch_labels.py for tasks to queue
[2024-06-11T22:47:25.822+0000] {logging_mixin.py:188} INFO - [2024-06-11T22:47:25.821+0000] {dagbag.py:545} INFO - Filling up the DagBag from /home/airflow/.local/lib/python3.12/site-packages/airflow/example_dags/example_branch_labels.py
[2024-06-11T22:47:25.828+0000] {processor.py:840} INFO - DAG(s) 'example_branch_labels' retrieved from /home/airflow/.local/lib/python3.12/site-packages/airflow/example_dags/example_branch_labels.py
[2024-06-11T22:47:25.845+0000] {logging_mixin.py:188} INFO - [2024-06-11T22:47:25.845+0000] {dag.py:3096} INFO - Sync 1 DAGs
[2024-06-11T22:47:25.864+0000] {logging_mixin.py:188} INFO - [2024-06-11T22:47:25.864+0000] {dag.py:3954} INFO - Setting next_dagrun for example_branch_labels to 2024-06-10 00:00:00+00:00, run_after=2024-06-11 00:00:00+00:00
[2024-06-11T22:47:25.882+0000] {processor.py:183} INFO - Processing /home/airflow/.local/lib/python3.12/site-packages/airflow/example_dags/example_branch_labels.py took 0.069 seconds
[2024-06-11T22:47:56.224+0000] {processor.py:161} INFO - Started process (PID=540) to work on /home/airflow/.local/lib/python3.12/site-packages/airflow/example_dags/example_branch_labels.py
[2024-06-11T22:47:56.226+0000] {processor.py:830} INFO - Processing file /home/airflow/.local/lib/python3.12/site-packages/airflow/example_dags/example_branch_labels.py for tasks to queue
[2024-06-11T22:47:56.229+0000] {logging_mixin.py:188} INFO - [2024-06-11T22:47:56.228+0000] {dagbag.py:545} INFO - Filling up the DagBag from /home/airflow/.local/lib/python3.12/site-packages/airflow/example_dags/example_branch_labels.py
[2024-06-11T22:47:56.237+0000] {processor.py:840} INFO - DAG(s) 'example_branch_labels' retrieved from /home/airflow/.local/lib/python3.12/site-packages/airflow/example_dags/example_branch_labels.py
[2024-06-11T22:47:56.254+0000] {logging_mixin.py:188} INFO - [2024-06-11T22:47:56.254+0000] {dag.py:3096} INFO - Sync 1 DAGs
[2024-06-11T22:47:56.274+0000] {logging_mixin.py:188} INFO - [2024-06-11T22:47:56.273+0000] {dag.py:3954} INFO - Setting next_dagrun for example_branch_labels to 2024-06-10 00:00:00+00:00, run_after=2024-06-11 00:00:00+00:00
[2024-06-11T22:47:56.292+0000] {processor.py:183} INFO - Processing /home/airflow/.local/lib/python3.12/site-packages/airflow/example_dags/example_branch_labels.py took 0.078 seconds
[2024-06-11T22:48:29.090+0000] {processor.py:161} INFO - Started process (PID=598) to work on /home/airflow/.local/lib/python3.12/site-packages/airflow/example_dags/example_branch_labels.py
[2024-06-11T22:48:29.091+0000] {processor.py:830} INFO - Processing file /home/airflow/.local/lib/python3.12/site-packages/airflow/example_dags/example_branch_labels.py for tasks to queue
[2024-06-11T22:48:29.092+0000] {logging_mixin.py:188} INFO - [2024-06-11T22:48:29.092+0000] {dagbag.py:545} INFO - Filling up the DagBag from /home/airflow/.local/lib/python3.12/site-packages/airflow/example_dags/example_branch_labels.py
[2024-06-11T22:48:29.101+0000] {processor.py:840} INFO - DAG(s) 'example_branch_labels' retrieved from /home/airflow/.local/lib/python3.12/site-packages/airflow/example_dags/example_branch_labels.py
[2024-06-11T22:48:29.217+0000] {logging_mixin.py:188} INFO - [2024-06-11T22:48:29.210+0000] {dag.py:3096} INFO - Sync 1 DAGs
[2024-06-11T22:48:29.252+0000] {logging_mixin.py:188} INFO - [2024-06-11T22:48:29.252+0000] {dag.py:3954} INFO - Setting next_dagrun for example_branch_labels to 2024-06-10 00:00:00+00:00, run_after=2024-06-11 00:00:00+00:00
[2024-06-11T22:48:29.363+0000] {processor.py:183} INFO - Processing /home/airflow/.local/lib/python3.12/site-packages/airflow/example_dags/example_branch_labels.py took 0.277 seconds
[2024-06-11T22:48:59.539+0000] {processor.py:161} INFO - Started process (PID=656) to work on /home/airflow/.local/lib/python3.12/site-packages/airflow/example_dags/example_branch_labels.py
[2024-06-11T22:48:59.539+0000] {processor.py:830} INFO - Processing file /home/airflow/.local/lib/python3.12/site-packages/airflow/example_dags/example_branch_labels.py for tasks to queue
[2024-06-11T22:48:59.541+0000] {logging_mixin.py:188} INFO - [2024-06-11T22:48:59.541+0000] {dagbag.py:545} INFO - Filling up the DagBag from /home/airflow/.local/lib/python3.12/site-packages/airflow/example_dags/example_branch_labels.py
[2024-06-11T22:48:59.549+0000] {processor.py:840} INFO - DAG(s) 'example_branch_labels' retrieved from /home/airflow/.local/lib/python3.12/site-packages/airflow/example_dags/example_branch_labels.py
[2024-06-11T22:48:59.567+0000] {logging_mixin.py:188} INFO - [2024-06-11T22:48:59.567+0000] {dag.py:3096} INFO - Sync 1 DAGs
[2024-06-11T22:48:59.587+0000] {logging_mixin.py:188} INFO - [2024-06-11T22:48:59.587+0000] {dag.py:3954} INFO - Setting next_dagrun for example_branch_labels to 2024-06-10 00:00:00+00:00, run_after=2024-06-11 00:00:00+00:00
[2024-06-11T22:48:59.605+0000] {processor.py:183} INFO - Processing /home/airflow/.local/lib/python3.12/site-packages/airflow/example_dags/example_branch_labels.py took 0.071 seconds
[2024-06-11T22:49:30.602+0000] {processor.py:161} INFO - Started process (PID=714) to work on /home/airflow/.local/lib/python3.12/site-packages/airflow/example_dags/example_branch_labels.py
[2024-06-11T22:49:30.603+0000] {processor.py:830} INFO - Processing file /home/airflow/.local/lib/python3.12/site-packages/airflow/example_dags/example_branch_labels.py for tasks to queue
[2024-06-11T22:49:30.605+0000] {logging_mixin.py:188} INFO - [2024-06-11T22:49:30.605+0000] {dagbag.py:545} INFO - Filling up the DagBag from /home/airflow/.local/lib/python3.12/site-packages/airflow/example_dags/example_branch_labels.py
[2024-06-11T22:49:30.612+0000] {processor.py:840} INFO - DAG(s) 'example_branch_labels' retrieved from /home/airflow/.local/lib/python3.12/site-packages/airflow/example_dags/example_branch_labels.py
[2024-06-11T22:49:30.631+0000] {logging_mixin.py:188} INFO - [2024-06-11T22:49:30.631+0000] {dag.py:3096} INFO - Sync 1 DAGs
[2024-06-11T22:49:30.655+0000] {logging_mixin.py:188} INFO - [2024-06-11T22:49:30.654+0000] {dag.py:3954} INFO - Setting next_dagrun for example_branch_labels to 2024-06-10 00:00:00+00:00, run_after=2024-06-11 00:00:00+00:00
[2024-06-11T22:49:30.674+0000] {processor.py:183} INFO - Processing /home/airflow/.local/lib/python3.12/site-packages/airflow/example_dags/example_branch_labels.py took 0.077 seconds
[2024-06-11T22:50:00.943+0000] {processor.py:161} INFO - Started process (PID=778) to work on /home/airflow/.local/lib/python3.12/site-packages/airflow/example_dags/example_branch_labels.py
[2024-06-11T22:50:00.944+0000] {processor.py:830} INFO - Processing file /home/airflow/.local/lib/python3.12/site-packages/airflow/example_dags/example_branch_labels.py for tasks to queue
[2024-06-11T22:50:00.946+0000] {logging_mixin.py:188} INFO - [2024-06-11T22:50:00.946+0000] {dagbag.py:545} INFO - Filling up the DagBag from /home/airflow/.local/lib/python3.12/site-packages/airflow/example_dags/example_branch_labels.py
[2024-06-11T22:50:00.958+0000] {processor.py:840} INFO - DAG(s) 'example_branch_labels' retrieved from /home/airflow/.local/lib/python3.12/site-packages/airflow/example_dags/example_branch_labels.py
[2024-06-11T22:50:00.979+0000] {logging_mixin.py:188} INFO - [2024-06-11T22:50:00.979+0000] {dag.py:3096} INFO - Sync 1 DAGs
[2024-06-11T22:50:01.006+0000] {logging_mixin.py:188} INFO - [2024-06-11T22:50:01.005+0000] {dag.py:3954} INFO - Setting next_dagrun for example_branch_labels to 2024-06-10 00:00:00+00:00, run_after=2024-06-11 00:00:00+00:00
[2024-06-11T22:50:01.024+0000] {processor.py:183} INFO - Processing /home/airflow/.local/lib/python3.12/site-packages/airflow/example_dags/example_branch_labels.py took 0.086 seconds
[2024-06-11T22:50:31.107+0000] {processor.py:161} INFO - Started process (PID=836) to work on /home/airflow/.local/lib/python3.12/site-packages/airflow/example_dags/example_branch_labels.py
[2024-06-11T22:50:31.108+0000] {processor.py:830} INFO - Processing file /home/airflow/.local/lib/python3.12/site-packages/airflow/example_dags/example_branch_labels.py for tasks to queue
[2024-06-11T22:50:31.110+0000] {logging_mixin.py:188} INFO - [2024-06-11T22:50:31.110+0000] {dagbag.py:545} INFO - Filling up the DagBag from /home/airflow/.local/lib/python3.12/site-packages/airflow/example_dags/example_branch_labels.py
[2024-06-11T22:50:31.117+0000] {processor.py:840} INFO - DAG(s) 'example_branch_labels' retrieved from /home/airflow/.local/lib/python3.12/site-packages/airflow/example_dags/example_branch_labels.py
[2024-06-11T22:50:31.136+0000] {logging_mixin.py:188} INFO - [2024-06-11T22:50:31.136+0000] {dag.py:3096} INFO - Sync 1 DAGs
[2024-06-11T22:50:31.158+0000] {logging_mixin.py:188} INFO - [2024-06-11T22:50:31.158+0000] {dag.py:3954} INFO - Setting next_dagrun for example_branch_labels to 2024-06-10 00:00:00+00:00, run_after=2024-06-11 00:00:00+00:00
[2024-06-11T22:50:31.176+0000] {processor.py:183} INFO - Processing /home/airflow/.local/lib/python3.12/site-packages/airflow/example_dags/example_branch_labels.py took 0.074 seconds
[2024-06-11T22:51:01.724+0000] {processor.py:161} INFO - Started process (PID=894) to work on /home/airflow/.local/lib/python3.12/site-packages/airflow/example_dags/example_branch_labels.py
[2024-06-11T22:51:01.726+0000] {processor.py:830} INFO - Processing file /home/airflow/.local/lib/python3.12/site-packages/airflow/example_dags/example_branch_labels.py for tasks to queue
[2024-06-11T22:51:01.728+0000] {logging_mixin.py:188} INFO - [2024-06-11T22:51:01.728+0000] {dagbag.py:545} INFO - Filling up the DagBag from /home/airflow/.local/lib/python3.12/site-packages/airflow/example_dags/example_branch_labels.py
[2024-06-11T22:51:01.737+0000] {processor.py:840} INFO - DAG(s) 'example_branch_labels' retrieved from /home/airflow/.local/lib/python3.12/site-packages/airflow/example_dags/example_branch_labels.py
[2024-06-11T22:51:01.759+0000] {logging_mixin.py:188} INFO - [2024-06-11T22:51:01.759+0000] {dag.py:3096} INFO - Sync 1 DAGs
[2024-06-11T22:51:01.783+0000] {logging_mixin.py:188} INFO - [2024-06-11T22:51:01.782+0000] {dag.py:3954} INFO - Setting next_dagrun for example_branch_labels to 2024-06-10 00:00:00+00:00, run_after=2024-06-11 00:00:00+00:00
[2024-06-11T22:51:01.802+0000] {processor.py:183} INFO - Processing /home/airflow/.local/lib/python3.12/site-packages/airflow/example_dags/example_branch_labels.py took 0.083 seconds
[2024-06-11T22:51:32.587+0000] {processor.py:161} INFO - Started process (PID=952) to work on /home/airflow/.local/lib/python3.12/site-packages/airflow/example_dags/example_branch_labels.py
[2024-06-11T22:51:32.588+0000] {processor.py:830} INFO - Processing file /home/airflow/.local/lib/python3.12/site-packages/airflow/example_dags/example_branch_labels.py for tasks to queue
[2024-06-11T22:51:32.595+0000] {logging_mixin.py:188} INFO - [2024-06-11T22:51:32.595+0000] {dagbag.py:545} INFO - Filling up the DagBag from /home/airflow/.local/lib/python3.12/site-packages/airflow/example_dags/example_branch_labels.py
[2024-06-11T22:51:32.602+0000] {processor.py:840} INFO - DAG(s) 'example_branch_labels' retrieved from /home/airflow/.local/lib/python3.12/site-packages/airflow/example_dags/example_branch_labels.py
[2024-06-11T22:51:32.619+0000] {logging_mixin.py:188} INFO - [2024-06-11T22:51:32.619+0000] {dag.py:3096} INFO - Sync 1 DAGs
[2024-06-11T22:51:32.740+0000] {logging_mixin.py:188} INFO - [2024-06-11T22:51:32.740+0000] {dag.py:3954} INFO - Setting next_dagrun for example_branch_labels to 2024-06-10 00:00:00+00:00, run_after=2024-06-11 00:00:00+00:00
[2024-06-11T22:51:32.757+0000] {processor.py:183} INFO - Processing /home/airflow/.local/lib/python3.12/site-packages/airflow/example_dags/example_branch_labels.py took 0.175 seconds
[2024-06-11T22:52:04.114+0000] {processor.py:161} INFO - Started process (PID=1010) to work on /home/airflow/.local/lib/python3.12/site-packages/airflow/example_dags/example_branch_labels.py
[2024-06-11T22:52:04.115+0000] {processor.py:830} INFO - Processing file /home/airflow/.local/lib/python3.12/site-packages/airflow/example_dags/example_branch_labels.py for tasks to queue
[2024-06-11T22:52:04.117+0000] {logging_mixin.py:188} INFO - [2024-06-11T22:52:04.117+0000] {dagbag.py:545} INFO - Filling up the DagBag from /home/airflow/.local/lib/python3.12/site-packages/airflow/example_dags/example_branch_labels.py
[2024-06-11T22:52:04.125+0000] {processor.py:840} INFO - DAG(s) 'example_branch_labels' retrieved from /home/airflow/.local/lib/python3.12/site-packages/airflow/example_dags/example_branch_labels.py
[2024-06-11T22:52:04.152+0000] {logging_mixin.py:188} INFO - [2024-06-11T22:52:04.151+0000] {dag.py:3096} INFO - Sync 1 DAGs
[2024-06-11T22:52:04.174+0000] {logging_mixin.py:188} INFO - [2024-06-11T22:52:04.174+0000] {dag.py:3954} INFO - Setting next_dagrun for example_branch_labels to 2024-06-10 00:00:00+00:00, run_after=2024-06-11 00:00:00+00:00
[2024-06-11T22:52:04.191+0000] {processor.py:183} INFO - Processing /home/airflow/.local/lib/python3.12/site-packages/airflow/example_dags/example_branch_labels.py took 0.082 seconds
[2024-06-11T22:52:34.382+0000] {processor.py:161} INFO - Started process (PID=1068) to work on /home/airflow/.local/lib/python3.12/site-packages/airflow/example_dags/example_branch_labels.py
[2024-06-11T22:52:34.383+0000] {processor.py:830} INFO - Processing file /home/airflow/.local/lib/python3.12/site-packages/airflow/example_dags/example_branch_labels.py for tasks to queue
[2024-06-11T22:52:34.385+0000] {logging_mixin.py:188} INFO - [2024-06-11T22:52:34.385+0000] {dagbag.py:545} INFO - Filling up the DagBag from /home/airflow/.local/lib/python3.12/site-packages/airflow/example_dags/example_branch_labels.py
[2024-06-11T22:52:34.392+0000] {processor.py:840} INFO - DAG(s) 'example_branch_labels' retrieved from /home/airflow/.local/lib/python3.12/site-packages/airflow/example_dags/example_branch_labels.py
[2024-06-11T22:52:34.412+0000] {logging_mixin.py:188} INFO - [2024-06-11T22:52:34.412+0000] {dag.py:3096} INFO - Sync 1 DAGs
[2024-06-11T22:52:34.431+0000] {logging_mixin.py:188} INFO - [2024-06-11T22:52:34.431+0000] {dag.py:3954} INFO - Setting next_dagrun for example_branch_labels to 2024-06-10 00:00:00+00:00, run_after=2024-06-11 00:00:00+00:00
[2024-06-11T22:52:34.447+0000] {processor.py:183} INFO - Processing /home/airflow/.local/lib/python3.12/site-packages/airflow/example_dags/example_branch_labels.py took 0.070 seconds
[2024-06-11T22:53:06.423+0000] {processor.py:161} INFO - Started process (PID=1126) to work on /home/airflow/.local/lib/python3.12/site-packages/airflow/example_dags/example_branch_labels.py
[2024-06-11T22:53:06.424+0000] {processor.py:830} INFO - Processing file /home/airflow/.local/lib/python3.12/site-packages/airflow/example_dags/example_branch_labels.py for tasks to queue
[2024-06-11T22:53:06.426+0000] {logging_mixin.py:188} INFO - [2024-06-11T22:53:06.425+0000] {dagbag.py:545} INFO - Filling up the DagBag from /home/airflow/.local/lib/python3.12/site-packages/airflow/example_dags/example_branch_labels.py
[2024-06-11T22:53:06.432+0000] {processor.py:840} INFO - DAG(s) 'example_branch_labels' retrieved from /home/airflow/.local/lib/python3.12/site-packages/airflow/example_dags/example_branch_labels.py
[2024-06-11T22:53:06.448+0000] {logging_mixin.py:188} INFO - [2024-06-11T22:53:06.448+0000] {dag.py:3096} INFO - Sync 1 DAGs
[2024-06-11T22:53:06.464+0000] {logging_mixin.py:188} INFO - [2024-06-11T22:53:06.464+0000] {dag.py:3954} INFO - Setting next_dagrun for example_branch_labels to 2024-06-10 00:00:00+00:00, run_after=2024-06-11 00:00:00+00:00
[2024-06-11T22:53:06.484+0000] {processor.py:183} INFO - Processing /home/airflow/.local/lib/python3.12/site-packages/airflow/example_dags/example_branch_labels.py took 0.066 seconds
[2024-06-11T22:53:36.989+0000] {processor.py:161} INFO - Started process (PID=1184) to work on /home/airflow/.local/lib/python3.12/site-packages/airflow/example_dags/example_branch_labels.py
[2024-06-11T22:53:36.991+0000] {processor.py:830} INFO - Processing file /home/airflow/.local/lib/python3.12/site-packages/airflow/example_dags/example_branch_labels.py for tasks to queue
[2024-06-11T22:53:36.993+0000] {logging_mixin.py:188} INFO - [2024-06-11T22:53:36.992+0000] {dagbag.py:545} INFO - Filling up the DagBag from /home/airflow/.local/lib/python3.12/site-packages/airflow/example_dags/example_branch_labels.py
[2024-06-11T22:53:37.001+0000] {processor.py:840} INFO - DAG(s) 'example_branch_labels' retrieved from /home/airflow/.local/lib/python3.12/site-packages/airflow/example_dags/example_branch_labels.py
[2024-06-11T22:53:37.019+0000] {logging_mixin.py:188} INFO - [2024-06-11T22:53:37.019+0000] {dag.py:3096} INFO - Sync 1 DAGs
[2024-06-11T22:53:37.037+0000] {logging_mixin.py:188} INFO - [2024-06-11T22:53:37.036+0000] {dag.py:3954} INFO - Setting next_dagrun for example_branch_labels to 2024-06-10 00:00:00+00:00, run_after=2024-06-11 00:00:00+00:00
[2024-06-11T22:53:37.052+0000] {processor.py:183} INFO - Processing /home/airflow/.local/lib/python3.12/site-packages/airflow/example_dags/example_branch_labels.py took 0.068 seconds
[2024-06-11T22:54:07.121+0000] {processor.py:161} INFO - Started process (PID=1242) to work on /home/airflow/.local/lib/python3.12/site-packages/airflow/example_dags/example_branch_labels.py
[2024-06-11T22:54:07.122+0000] {processor.py:830} INFO - Processing file /home/airflow/.local/lib/python3.12/site-packages/airflow/example_dags/example_branch_labels.py for tasks to queue
[2024-06-11T22:54:07.123+0000] {logging_mixin.py:188} INFO - [2024-06-11T22:54:07.123+0000] {dagbag.py:545} INFO - Filling up the DagBag from /home/airflow/.local/lib/python3.12/site-packages/airflow/example_dags/example_branch_labels.py
[2024-06-11T22:54:07.129+0000] {processor.py:840} INFO - DAG(s) 'example_branch_labels' retrieved from /home/airflow/.local/lib/python3.12/site-packages/airflow/example_dags/example_branch_labels.py
[2024-06-11T22:54:07.149+0000] {logging_mixin.py:188} INFO - [2024-06-11T22:54:07.149+0000] {dag.py:3096} INFO - Sync 1 DAGs
[2024-06-11T22:54:07.178+0000] {logging_mixin.py:188} INFO - [2024-06-11T22:54:07.178+0000] {dag.py:3954} INFO - Setting next_dagrun for example_branch_labels to 2024-06-10 00:00:00+00:00, run_after=2024-06-11 00:00:00+00:00
[2024-06-11T22:54:07.209+0000] {processor.py:183} INFO - Processing /home/airflow/.local/lib/python3.12/site-packages/airflow/example_dags/example_branch_labels.py took 0.094 seconds
[2024-06-11T22:54:37.677+0000] {processor.py:161} INFO - Started process (PID=1300) to work on /home/airflow/.local/lib/python3.12/site-packages/airflow/example_dags/example_branch_labels.py
[2024-06-11T22:54:37.679+0000] {processor.py:830} INFO - Processing file /home/airflow/.local/lib/python3.12/site-packages/airflow/example_dags/example_branch_labels.py for tasks to queue
[2024-06-11T22:54:37.682+0000] {logging_mixin.py:188} INFO - [2024-06-11T22:54:37.681+0000] {dagbag.py:545} INFO - Filling up the DagBag from /home/airflow/.local/lib/python3.12/site-packages/airflow/example_dags/example_branch_labels.py
[2024-06-11T22:54:37.689+0000] {processor.py:840} INFO - DAG(s) 'example_branch_labels' retrieved from /home/airflow/.local/lib/python3.12/site-packages/airflow/example_dags/example_branch_labels.py
[2024-06-11T22:54:37.716+0000] {logging_mixin.py:188} INFO - [2024-06-11T22:54:37.716+0000] {dag.py:3096} INFO - Sync 1 DAGs
[2024-06-11T22:54:37.739+0000] {logging_mixin.py:188} INFO - [2024-06-11T22:54:37.739+0000] {dag.py:3954} INFO - Setting next_dagrun for example_branch_labels to 2024-06-10 00:00:00+00:00, run_after=2024-06-11 00:00:00+00:00
[2024-06-11T22:54:37.771+0000] {processor.py:183} INFO - Processing /home/airflow/.local/lib/python3.12/site-packages/airflow/example_dags/example_branch_labels.py took 0.101 seconds
[2024-06-11T22:55:08.029+0000] {processor.py:161} INFO - Started process (PID=1358) to work on /home/airflow/.local/lib/python3.12/site-packages/airflow/example_dags/example_branch_labels.py
[2024-06-11T22:55:08.030+0000] {processor.py:830} INFO - Processing file /home/airflow/.local/lib/python3.12/site-packages/airflow/example_dags/example_branch_labels.py for tasks to queue
[2024-06-11T22:55:08.033+0000] {logging_mixin.py:188} INFO - [2024-06-11T22:55:08.032+0000] {dagbag.py:545} INFO - Filling up the DagBag from /home/airflow/.local/lib/python3.12/site-packages/airflow/example_dags/example_branch_labels.py
[2024-06-11T22:55:08.039+0000] {processor.py:840} INFO - DAG(s) 'example_branch_labels' retrieved from /home/airflow/.local/lib/python3.12/site-packages/airflow/example_dags/example_branch_labels.py
[2024-06-11T22:55:08.060+0000] {logging_mixin.py:188} INFO - [2024-06-11T22:55:08.060+0000] {dag.py:3096} INFO - Sync 1 DAGs
[2024-06-11T22:55:08.081+0000] {logging_mixin.py:188} INFO - [2024-06-11T22:55:08.080+0000] {dag.py:3954} INFO - Setting next_dagrun for example_branch_labels to 2024-06-10 00:00:00+00:00, run_after=2024-06-11 00:00:00+00:00
[2024-06-11T22:55:08.099+0000] {processor.py:183} INFO - Processing /home/airflow/.local/lib/python3.12/site-packages/airflow/example_dags/example_branch_labels.py took 0.076 seconds
[2024-06-11T22:55:38.927+0000] {processor.py:161} INFO - Started process (PID=1416) to work on /home/airflow/.local/lib/python3.12/site-packages/airflow/example_dags/example_branch_labels.py
[2024-06-11T22:55:38.928+0000] {processor.py:830} INFO - Processing file /home/airflow/.local/lib/python3.12/site-packages/airflow/example_dags/example_branch_labels.py for tasks to queue
[2024-06-11T22:55:38.930+0000] {logging_mixin.py:188} INFO - [2024-06-11T22:55:38.930+0000] {dagbag.py:545} INFO - Filling up the DagBag from /home/airflow/.local/lib/python3.12/site-packages/airflow/example_dags/example_branch_labels.py
[2024-06-11T22:55:38.945+0000] {processor.py:840} INFO - DAG(s) 'example_branch_labels' retrieved from /home/airflow/.local/lib/python3.12/site-packages/airflow/example_dags/example_branch_labels.py
[2024-06-11T22:55:38.979+0000] {logging_mixin.py:188} INFO - [2024-06-11T22:55:38.978+0000] {dag.py:3096} INFO - Sync 1 DAGs
[2024-06-11T22:55:39.000+0000] {logging_mixin.py:188} INFO - [2024-06-11T22:55:39.000+0000] {dag.py:3954} INFO - Setting next_dagrun for example_branch_labels to 2024-06-10 00:00:00+00:00, run_after=2024-06-11 00:00:00+00:00
[2024-06-11T22:55:39.021+0000] {processor.py:183} INFO - Processing /home/airflow/.local/lib/python3.12/site-packages/airflow/example_dags/example_branch_labels.py took 0.099 seconds
[2024-06-11T22:56:09.204+0000] {processor.py:161} INFO - Started process (PID=1473) to work on /home/airflow/.local/lib/python3.12/site-packages/airflow/example_dags/example_branch_labels.py
[2024-06-11T22:56:09.205+0000] {processor.py:830} INFO - Processing file /home/airflow/.local/lib/python3.12/site-packages/airflow/example_dags/example_branch_labels.py for tasks to queue
[2024-06-11T22:56:09.207+0000] {logging_mixin.py:188} INFO - [2024-06-11T22:56:09.207+0000] {dagbag.py:545} INFO - Filling up the DagBag from /home/airflow/.local/lib/python3.12/site-packages/airflow/example_dags/example_branch_labels.py
[2024-06-11T22:56:09.213+0000] {processor.py:840} INFO - DAG(s) 'example_branch_labels' retrieved from /home/airflow/.local/lib/python3.12/site-packages/airflow/example_dags/example_branch_labels.py
[2024-06-11T22:56:09.230+0000] {logging_mixin.py:188} INFO - [2024-06-11T22:56:09.230+0000] {dag.py:3096} INFO - Sync 1 DAGs
[2024-06-11T22:56:09.246+0000] {logging_mixin.py:188} INFO - [2024-06-11T22:56:09.246+0000] {dag.py:3954} INFO - Setting next_dagrun for example_branch_labels to 2024-06-10 00:00:00+00:00, run_after=2024-06-11 00:00:00+00:00
[2024-06-11T22:56:09.260+0000] {processor.py:183} INFO - Processing /home/airflow/.local/lib/python3.12/site-packages/airflow/example_dags/example_branch_labels.py took 0.060 seconds
[2024-06-11T22:56:39.830+0000] {processor.py:161} INFO - Started process (PID=1531) to work on /home/airflow/.local/lib/python3.12/site-packages/airflow/example_dags/example_branch_labels.py
[2024-06-11T22:56:39.831+0000] {processor.py:830} INFO - Processing file /home/airflow/.local/lib/python3.12/site-packages/airflow/example_dags/example_branch_labels.py for tasks to queue
[2024-06-11T22:56:39.833+0000] {logging_mixin.py:188} INFO - [2024-06-11T22:56:39.832+0000] {dagbag.py:545} INFO - Filling up the DagBag from /home/airflow/.local/lib/python3.12/site-packages/airflow/example_dags/example_branch_labels.py
[2024-06-11T22:56:39.838+0000] {processor.py:840} INFO - DAG(s) 'example_branch_labels' retrieved from /home/airflow/.local/lib/python3.12/site-packages/airflow/example_dags/example_branch_labels.py
[2024-06-11T22:56:39.851+0000] {logging_mixin.py:188} INFO - [2024-06-11T22:56:39.851+0000] {dag.py:3096} INFO - Sync 1 DAGs
[2024-06-11T22:56:39.866+0000] {logging_mixin.py:188} INFO - [2024-06-11T22:56:39.866+0000] {dag.py:3954} INFO - Setting next_dagrun for example_branch_labels to 2024-06-10 00:00:00+00:00, run_after=2024-06-11 00:00:00+00:00
[2024-06-11T22:56:39.878+0000] {processor.py:183} INFO - Processing /home/airflow/.local/lib/python3.12/site-packages/airflow/example_dags/example_branch_labels.py took 0.054 seconds
[2024-06-11T22:57:10.169+0000] {processor.py:161} INFO - Started process (PID=1589) to work on /home/airflow/.local/lib/python3.12/site-packages/airflow/example_dags/example_branch_labels.py
[2024-06-11T22:57:10.170+0000] {processor.py:830} INFO - Processing file /home/airflow/.local/lib/python3.12/site-packages/airflow/example_dags/example_branch_labels.py for tasks to queue
[2024-06-11T22:57:10.172+0000] {logging_mixin.py:188} INFO - [2024-06-11T22:57:10.172+0000] {dagbag.py:545} INFO - Filling up the DagBag from /home/airflow/.local/lib/python3.12/site-packages/airflow/example_dags/example_branch_labels.py
[2024-06-11T22:57:10.178+0000] {processor.py:840} INFO - DAG(s) 'example_branch_labels' retrieved from /home/airflow/.local/lib/python3.12/site-packages/airflow/example_dags/example_branch_labels.py
[2024-06-11T22:57:10.196+0000] {logging_mixin.py:188} INFO - [2024-06-11T22:57:10.196+0000] {dag.py:3096} INFO - Sync 1 DAGs
[2024-06-11T22:57:10.216+0000] {logging_mixin.py:188} INFO - [2024-06-11T22:57:10.215+0000] {dag.py:3954} INFO - Setting next_dagrun for example_branch_labels to 2024-06-10 00:00:00+00:00, run_after=2024-06-11 00:00:00+00:00
[2024-06-11T22:57:10.231+0000] {processor.py:183} INFO - Processing /home/airflow/.local/lib/python3.12/site-packages/airflow/example_dags/example_branch_labels.py took 0.067 seconds
[2024-06-11T22:57:41.293+0000] {processor.py:161} INFO - Started process (PID=1646) to work on /home/airflow/.local/lib/python3.12/site-packages/airflow/example_dags/example_branch_labels.py
[2024-06-11T22:57:41.294+0000] {processor.py:830} INFO - Processing file /home/airflow/.local/lib/python3.12/site-packages/airflow/example_dags/example_branch_labels.py for tasks to queue
[2024-06-11T22:57:41.296+0000] {logging_mixin.py:188} INFO - [2024-06-11T22:57:41.296+0000] {dagbag.py:545} INFO - Filling up the DagBag from /home/airflow/.local/lib/python3.12/site-packages/airflow/example_dags/example_branch_labels.py
[2024-06-11T22:57:41.302+0000] {processor.py:840} INFO - DAG(s) 'example_branch_labels' retrieved from /home/airflow/.local/lib/python3.12/site-packages/airflow/example_dags/example_branch_labels.py
[2024-06-11T22:57:41.323+0000] {logging_mixin.py:188} INFO - [2024-06-11T22:57:41.323+0000] {dag.py:3096} INFO - Sync 1 DAGs
[2024-06-11T22:57:41.344+0000] {logging_mixin.py:188} INFO - [2024-06-11T22:57:41.344+0000] {dag.py:3954} INFO - Setting next_dagrun for example_branch_labels to 2024-06-10 00:00:00+00:00, run_after=2024-06-11 00:00:00+00:00
[2024-06-11T22:57:41.361+0000] {processor.py:183} INFO - Processing /home/airflow/.local/lib/python3.12/site-packages/airflow/example_dags/example_branch_labels.py took 0.074 seconds
[2024-06-11T22:58:14.709+0000] {processor.py:161} INFO - Started process (PID=1704) to work on /home/airflow/.local/lib/python3.12/site-packages/airflow/example_dags/example_branch_labels.py
[2024-06-11T22:58:14.710+0000] {processor.py:830} INFO - Processing file /home/airflow/.local/lib/python3.12/site-packages/airflow/example_dags/example_branch_labels.py for tasks to queue
[2024-06-11T22:58:14.712+0000] {logging_mixin.py:188} INFO - [2024-06-11T22:58:14.712+0000] {dagbag.py:545} INFO - Filling up the DagBag from /home/airflow/.local/lib/python3.12/site-packages/airflow/example_dags/example_branch_labels.py
[2024-06-11T22:58:14.719+0000] {processor.py:840} INFO - DAG(s) 'example_branch_labels' retrieved from /home/airflow/.local/lib/python3.12/site-packages/airflow/example_dags/example_branch_labels.py
[2024-06-11T22:58:14.751+0000] {logging_mixin.py:188} INFO - [2024-06-11T22:58:14.751+0000] {dag.py:3096} INFO - Sync 1 DAGs
[2024-06-11T22:58:14.799+0000] {logging_mixin.py:188} INFO - [2024-06-11T22:58:14.799+0000] {dag.py:3954} INFO - Setting next_dagrun for example_branch_labels to 2024-06-10 00:00:00+00:00, run_after=2024-06-11 00:00:00+00:00
[2024-06-11T22:58:14.833+0000] {processor.py:183} INFO - Processing /home/airflow/.local/lib/python3.12/site-packages/airflow/example_dags/example_branch_labels.py took 0.132 seconds
[2024-06-11T22:58:45.447+0000] {processor.py:161} INFO - Started process (PID=1762) to work on /home/airflow/.local/lib/python3.12/site-packages/airflow/example_dags/example_branch_labels.py
[2024-06-11T22:58:45.448+0000] {processor.py:830} INFO - Processing file /home/airflow/.local/lib/python3.12/site-packages/airflow/example_dags/example_branch_labels.py for tasks to queue
[2024-06-11T22:58:45.451+0000] {logging_mixin.py:188} INFO - [2024-06-11T22:58:45.450+0000] {dagbag.py:545} INFO - Filling up the DagBag from /home/airflow/.local/lib/python3.12/site-packages/airflow/example_dags/example_branch_labels.py
[2024-06-11T22:58:45.457+0000] {processor.py:840} INFO - DAG(s) 'example_branch_labels' retrieved from /home/airflow/.local/lib/python3.12/site-packages/airflow/example_dags/example_branch_labels.py
[2024-06-11T22:58:45.476+0000] {logging_mixin.py:188} INFO - [2024-06-11T22:58:45.476+0000] {dag.py:3096} INFO - Sync 1 DAGs
[2024-06-11T22:58:45.496+0000] {logging_mixin.py:188} INFO - [2024-06-11T22:58:45.496+0000] {dag.py:3954} INFO - Setting next_dagrun for example_branch_labels to 2024-06-10 00:00:00+00:00, run_after=2024-06-11 00:00:00+00:00
[2024-06-11T22:58:45.518+0000] {processor.py:183} INFO - Processing /home/airflow/.local/lib/python3.12/site-packages/airflow/example_dags/example_branch_labels.py took 0.076 seconds
[2024-06-11T22:59:16.317+0000] {processor.py:161} INFO - Started process (PID=1820) to work on /home/airflow/.local/lib/python3.12/site-packages/airflow/example_dags/example_branch_labels.py
[2024-06-11T22:59:16.318+0000] {processor.py:830} INFO - Processing file /home/airflow/.local/lib/python3.12/site-packages/airflow/example_dags/example_branch_labels.py for tasks to queue
[2024-06-11T22:59:16.320+0000] {logging_mixin.py:188} INFO - [2024-06-11T22:59:16.320+0000] {dagbag.py:545} INFO - Filling up the DagBag from /home/airflow/.local/lib/python3.12/site-packages/airflow/example_dags/example_branch_labels.py
[2024-06-11T22:59:16.326+0000] {processor.py:840} INFO - DAG(s) 'example_branch_labels' retrieved from /home/airflow/.local/lib/python3.12/site-packages/airflow/example_dags/example_branch_labels.py
[2024-06-11T22:59:16.341+0000] {logging_mixin.py:188} INFO - [2024-06-11T22:59:16.341+0000] {dag.py:3096} INFO - Sync 1 DAGs
[2024-06-11T22:59:16.357+0000] {logging_mixin.py:188} INFO - [2024-06-11T22:59:16.357+0000] {dag.py:3954} INFO - Setting next_dagrun for example_branch_labels to 2024-06-10 00:00:00+00:00, run_after=2024-06-11 00:00:00+00:00
[2024-06-11T22:59:16.371+0000] {processor.py:183} INFO - Processing /home/airflow/.local/lib/python3.12/site-packages/airflow/example_dags/example_branch_labels.py took 0.059 seconds
[2024-06-11T22:59:46.930+0000] {processor.py:161} INFO - Started process (PID=1878) to work on /home/airflow/.local/lib/python3.12/site-packages/airflow/example_dags/example_branch_labels.py
[2024-06-11T22:59:46.931+0000] {processor.py:830} INFO - Processing file /home/airflow/.local/lib/python3.12/site-packages/airflow/example_dags/example_branch_labels.py for tasks to queue
[2024-06-11T22:59:46.933+0000] {logging_mixin.py:188} INFO - [2024-06-11T22:59:46.932+0000] {dagbag.py:545} INFO - Filling up the DagBag from /home/airflow/.local/lib/python3.12/site-packages/airflow/example_dags/example_branch_labels.py
[2024-06-11T22:59:46.938+0000] {processor.py:840} INFO - DAG(s) 'example_branch_labels' retrieved from /home/airflow/.local/lib/python3.12/site-packages/airflow/example_dags/example_branch_labels.py
[2024-06-11T22:59:46.953+0000] {logging_mixin.py:188} INFO - [2024-06-11T22:59:46.953+0000] {dag.py:3096} INFO - Sync 1 DAGs
[2024-06-11T22:59:46.971+0000] {logging_mixin.py:188} INFO - [2024-06-11T22:59:46.970+0000] {dag.py:3954} INFO - Setting next_dagrun for example_branch_labels to 2024-06-10 00:00:00+00:00, run_after=2024-06-11 00:00:00+00:00
[2024-06-11T22:59:46.986+0000] {processor.py:183} INFO - Processing /home/airflow/.local/lib/python3.12/site-packages/airflow/example_dags/example_branch_labels.py took 0.060 seconds
[2024-06-11T23:00:17.879+0000] {processor.py:161} INFO - Started process (PID=1937) to work on /home/airflow/.local/lib/python3.12/site-packages/airflow/example_dags/example_branch_labels.py
[2024-06-11T23:00:17.880+0000] {processor.py:830} INFO - Processing file /home/airflow/.local/lib/python3.12/site-packages/airflow/example_dags/example_branch_labels.py for tasks to queue
[2024-06-11T23:00:17.882+0000] {logging_mixin.py:188} INFO - [2024-06-11T23:00:17.881+0000] {dagbag.py:545} INFO - Filling up the DagBag from /home/airflow/.local/lib/python3.12/site-packages/airflow/example_dags/example_branch_labels.py
[2024-06-11T23:00:17.887+0000] {processor.py:840} INFO - DAG(s) 'example_branch_labels' retrieved from /home/airflow/.local/lib/python3.12/site-packages/airflow/example_dags/example_branch_labels.py
[2024-06-11T23:00:17.900+0000] {logging_mixin.py:188} INFO - [2024-06-11T23:00:17.900+0000] {dag.py:3096} INFO - Sync 1 DAGs
[2024-06-11T23:00:17.916+0000] {logging_mixin.py:188} INFO - [2024-06-11T23:00:17.916+0000] {dag.py:3954} INFO - Setting next_dagrun for example_branch_labels to 2024-06-10 00:00:00+00:00, run_after=2024-06-11 00:00:00+00:00
[2024-06-11T23:00:17.934+0000] {processor.py:183} INFO - Processing /home/airflow/.local/lib/python3.12/site-packages/airflow/example_dags/example_branch_labels.py took 0.060 seconds
[2024-06-11T23:00:49.677+0000] {processor.py:161} INFO - Started process (PID=1995) to work on /home/airflow/.local/lib/python3.12/site-packages/airflow/example_dags/example_branch_labels.py
[2024-06-11T23:00:49.678+0000] {processor.py:830} INFO - Processing file /home/airflow/.local/lib/python3.12/site-packages/airflow/example_dags/example_branch_labels.py for tasks to queue
[2024-06-11T23:00:49.680+0000] {logging_mixin.py:188} INFO - [2024-06-11T23:00:49.679+0000] {dagbag.py:545} INFO - Filling up the DagBag from /home/airflow/.local/lib/python3.12/site-packages/airflow/example_dags/example_branch_labels.py
[2024-06-11T23:00:49.688+0000] {processor.py:840} INFO - DAG(s) 'example_branch_labels' retrieved from /home/airflow/.local/lib/python3.12/site-packages/airflow/example_dags/example_branch_labels.py
[2024-06-11T23:00:49.864+0000] {logging_mixin.py:188} INFO - [2024-06-11T23:00:49.864+0000] {dag.py:3096} INFO - Sync 1 DAGs
[2024-06-11T23:00:49.893+0000] {logging_mixin.py:188} INFO - [2024-06-11T23:00:49.892+0000] {dag.py:3954} INFO - Setting next_dagrun for example_branch_labels to 2024-06-10 00:00:00+00:00, run_after=2024-06-11 00:00:00+00:00
[2024-06-11T23:00:49.915+0000] {processor.py:183} INFO - Processing /home/airflow/.local/lib/python3.12/site-packages/airflow/example_dags/example_branch_labels.py took 0.243 seconds
[2024-06-11T23:01:20.532+0000] {processor.py:161} INFO - Started process (PID=2053) to work on /home/airflow/.local/lib/python3.12/site-packages/airflow/example_dags/example_branch_labels.py
[2024-06-11T23:01:20.534+0000] {processor.py:830} INFO - Processing file /home/airflow/.local/lib/python3.12/site-packages/airflow/example_dags/example_branch_labels.py for tasks to queue
[2024-06-11T23:01:20.537+0000] {logging_mixin.py:188} INFO - [2024-06-11T23:01:20.536+0000] {dagbag.py:545} INFO - Filling up the DagBag from /home/airflow/.local/lib/python3.12/site-packages/airflow/example_dags/example_branch_labels.py
[2024-06-11T23:01:20.544+0000] {processor.py:840} INFO - DAG(s) 'example_branch_labels' retrieved from /home/airflow/.local/lib/python3.12/site-packages/airflow/example_dags/example_branch_labels.py
[2024-06-11T23:01:20.566+0000] {logging_mixin.py:188} INFO - [2024-06-11T23:01:20.566+0000] {dag.py:3096} INFO - Sync 1 DAGs
[2024-06-11T23:01:20.590+0000] {logging_mixin.py:188} INFO - [2024-06-11T23:01:20.590+0000] {dag.py:3954} INFO - Setting next_dagrun for example_branch_labels to 2024-06-10 00:00:00+00:00, run_after=2024-06-11 00:00:00+00:00
[2024-06-11T23:01:20.609+0000] {processor.py:183} INFO - Processing /home/airflow/.local/lib/python3.12/site-packages/airflow/example_dags/example_branch_labels.py took 0.084 seconds
[2024-06-11T23:01:50.710+0000] {processor.py:161} INFO - Started process (PID=2111) to work on /home/airflow/.local/lib/python3.12/site-packages/airflow/example_dags/example_branch_labels.py
[2024-06-11T23:01:50.711+0000] {processor.py:830} INFO - Processing file /home/airflow/.local/lib/python3.12/site-packages/airflow/example_dags/example_branch_labels.py for tasks to queue
[2024-06-11T23:01:50.712+0000] {logging_mixin.py:188} INFO - [2024-06-11T23:01:50.712+0000] {dagbag.py:545} INFO - Filling up the DagBag from /home/airflow/.local/lib/python3.12/site-packages/airflow/example_dags/example_branch_labels.py
[2024-06-11T23:01:50.720+0000] {processor.py:840} INFO - DAG(s) 'example_branch_labels' retrieved from /home/airflow/.local/lib/python3.12/site-packages/airflow/example_dags/example_branch_labels.py
[2024-06-11T23:01:50.740+0000] {logging_mixin.py:188} INFO - [2024-06-11T23:01:50.740+0000] {dag.py:3096} INFO - Sync 1 DAGs
[2024-06-11T23:01:50.762+0000] {logging_mixin.py:188} INFO - [2024-06-11T23:01:50.762+0000] {dag.py:3954} INFO - Setting next_dagrun for example_branch_labels to 2024-06-10 00:00:00+00:00, run_after=2024-06-11 00:00:00+00:00
[2024-06-11T23:01:50.779+0000] {processor.py:183} INFO - Processing /home/airflow/.local/lib/python3.12/site-packages/airflow/example_dags/example_branch_labels.py took 0.075 seconds
[2024-06-11T23:02:20.819+0000] {processor.py:161} INFO - Started process (PID=2169) to work on /home/airflow/.local/lib/python3.12/site-packages/airflow/example_dags/example_branch_labels.py
[2024-06-11T23:02:20.820+0000] {processor.py:830} INFO - Processing file /home/airflow/.local/lib/python3.12/site-packages/airflow/example_dags/example_branch_labels.py for tasks to queue
[2024-06-11T23:02:20.821+0000] {logging_mixin.py:188} INFO - [2024-06-11T23:02:20.821+0000] {dagbag.py:545} INFO - Filling up the DagBag from /home/airflow/.local/lib/python3.12/site-packages/airflow/example_dags/example_branch_labels.py
[2024-06-11T23:02:20.831+0000] {processor.py:840} INFO - DAG(s) 'example_branch_labels' retrieved from /home/airflow/.local/lib/python3.12/site-packages/airflow/example_dags/example_branch_labels.py
[2024-06-11T23:02:20.849+0000] {logging_mixin.py:188} INFO - [2024-06-11T23:02:20.849+0000] {dag.py:3096} INFO - Sync 1 DAGs
[2024-06-11T23:02:20.869+0000] {logging_mixin.py:188} INFO - [2024-06-11T23:02:20.869+0000] {dag.py:3954} INFO - Setting next_dagrun for example_branch_labels to 2024-06-10 00:00:00+00:00, run_after=2024-06-11 00:00:00+00:00
[2024-06-11T23:02:20.889+0000] {processor.py:183} INFO - Processing /home/airflow/.local/lib/python3.12/site-packages/airflow/example_dags/example_branch_labels.py took 0.076 seconds
[2024-06-11T23:02:51.233+0000] {processor.py:161} INFO - Started process (PID=2227) to work on /home/airflow/.local/lib/python3.12/site-packages/airflow/example_dags/example_branch_labels.py
[2024-06-11T23:02:51.234+0000] {processor.py:830} INFO - Processing file /home/airflow/.local/lib/python3.12/site-packages/airflow/example_dags/example_branch_labels.py for tasks to queue
[2024-06-11T23:02:51.236+0000] {logging_mixin.py:188} INFO - [2024-06-11T23:02:51.236+0000] {dagbag.py:545} INFO - Filling up the DagBag from /home/airflow/.local/lib/python3.12/site-packages/airflow/example_dags/example_branch_labels.py
[2024-06-11T23:02:51.244+0000] {processor.py:840} INFO - DAG(s) 'example_branch_labels' retrieved from /home/airflow/.local/lib/python3.12/site-packages/airflow/example_dags/example_branch_labels.py
[2024-06-11T23:02:51.260+0000] {logging_mixin.py:188} INFO - [2024-06-11T23:02:51.260+0000] {dag.py:3096} INFO - Sync 1 DAGs
[2024-06-11T23:02:51.281+0000] {logging_mixin.py:188} INFO - [2024-06-11T23:02:51.280+0000] {dag.py:3954} INFO - Setting next_dagrun for example_branch_labels to 2024-06-10 00:00:00+00:00, run_after=2024-06-11 00:00:00+00:00
[2024-06-11T23:02:51.299+0000] {processor.py:183} INFO - Processing /home/airflow/.local/lib/python3.12/site-packages/airflow/example_dags/example_branch_labels.py took 0.071 seconds
[2024-06-11T23:03:21.715+0000] {processor.py:161} INFO - Started process (PID=2285) to work on /home/airflow/.local/lib/python3.12/site-packages/airflow/example_dags/example_branch_labels.py
[2024-06-11T23:03:21.717+0000] {processor.py:830} INFO - Processing file /home/airflow/.local/lib/python3.12/site-packages/airflow/example_dags/example_branch_labels.py for tasks to queue
[2024-06-11T23:03:21.719+0000] {logging_mixin.py:188} INFO - [2024-06-11T23:03:21.719+0000] {dagbag.py:545} INFO - Filling up the DagBag from /home/airflow/.local/lib/python3.12/site-packages/airflow/example_dags/example_branch_labels.py
[2024-06-11T23:03:21.728+0000] {processor.py:840} INFO - DAG(s) 'example_branch_labels' retrieved from /home/airflow/.local/lib/python3.12/site-packages/airflow/example_dags/example_branch_labels.py
[2024-06-11T23:03:21.745+0000] {logging_mixin.py:188} INFO - [2024-06-11T23:03:21.744+0000] {dag.py:3096} INFO - Sync 1 DAGs
[2024-06-11T23:03:21.828+0000] {logging_mixin.py:188} INFO - [2024-06-11T23:03:21.827+0000] {dag.py:3954} INFO - Setting next_dagrun for example_branch_labels to 2024-06-10 00:00:00+00:00, run_after=2024-06-11 00:00:00+00:00
[2024-06-11T23:03:21.845+0000] {processor.py:183} INFO - Processing /home/airflow/.local/lib/python3.12/site-packages/airflow/example_dags/example_branch_labels.py took 0.135 seconds
[2024-06-11T23:03:52.800+0000] {processor.py:161} INFO - Started process (PID=2343) to work on /home/airflow/.local/lib/python3.12/site-packages/airflow/example_dags/example_branch_labels.py
[2024-06-11T23:03:52.803+0000] {processor.py:830} INFO - Processing file /home/airflow/.local/lib/python3.12/site-packages/airflow/example_dags/example_branch_labels.py for tasks to queue
[2024-06-11T23:03:52.805+0000] {logging_mixin.py:188} INFO - [2024-06-11T23:03:52.805+0000] {dagbag.py:545} INFO - Filling up the DagBag from /home/airflow/.local/lib/python3.12/site-packages/airflow/example_dags/example_branch_labels.py
[2024-06-11T23:03:52.811+0000] {processor.py:840} INFO - DAG(s) 'example_branch_labels' retrieved from /home/airflow/.local/lib/python3.12/site-packages/airflow/example_dags/example_branch_labels.py
[2024-06-11T23:03:52.829+0000] {logging_mixin.py:188} INFO - [2024-06-11T23:03:52.829+0000] {dag.py:3096} INFO - Sync 1 DAGs
[2024-06-11T23:03:52.849+0000] {logging_mixin.py:188} INFO - [2024-06-11T23:03:52.848+0000] {dag.py:3954} INFO - Setting next_dagrun for example_branch_labels to 2024-06-10 00:00:00+00:00, run_after=2024-06-11 00:00:00+00:00
[2024-06-11T23:03:52.867+0000] {processor.py:183} INFO - Processing /home/airflow/.local/lib/python3.12/site-packages/airflow/example_dags/example_branch_labels.py took 0.072 seconds
[2024-06-11T23:04:23.288+0000] {processor.py:161} INFO - Started process (PID=2401) to work on /home/airflow/.local/lib/python3.12/site-packages/airflow/example_dags/example_branch_labels.py
[2024-06-11T23:04:23.289+0000] {processor.py:830} INFO - Processing file /home/airflow/.local/lib/python3.12/site-packages/airflow/example_dags/example_branch_labels.py for tasks to queue
[2024-06-11T23:04:23.291+0000] {logging_mixin.py:188} INFO - [2024-06-11T23:04:23.291+0000] {dagbag.py:545} INFO - Filling up the DagBag from /home/airflow/.local/lib/python3.12/site-packages/airflow/example_dags/example_branch_labels.py
[2024-06-11T23:04:23.298+0000] {processor.py:840} INFO - DAG(s) 'example_branch_labels' retrieved from /home/airflow/.local/lib/python3.12/site-packages/airflow/example_dags/example_branch_labels.py
[2024-06-11T23:04:23.318+0000] {logging_mixin.py:188} INFO - [2024-06-11T23:04:23.318+0000] {dag.py:3096} INFO - Sync 1 DAGs
[2024-06-11T23:04:23.350+0000] {logging_mixin.py:188} INFO - [2024-06-11T23:04:23.350+0000] {dag.py:3954} INFO - Setting next_dagrun for example_branch_labels to 2024-06-10 00:00:00+00:00, run_after=2024-06-11 00:00:00+00:00
[2024-06-11T23:04:23.367+0000] {processor.py:183} INFO - Processing /home/airflow/.local/lib/python3.12/site-packages/airflow/example_dags/example_branch_labels.py took 0.085 seconds
[2024-06-11T23:04:53.788+0000] {processor.py:161} INFO - Started process (PID=2460) to work on /home/airflow/.local/lib/python3.12/site-packages/airflow/example_dags/example_branch_labels.py
[2024-06-11T23:04:53.789+0000] {processor.py:830} INFO - Processing file /home/airflow/.local/lib/python3.12/site-packages/airflow/example_dags/example_branch_labels.py for tasks to queue
[2024-06-11T23:04:53.791+0000] {logging_mixin.py:188} INFO - [2024-06-11T23:04:53.791+0000] {dagbag.py:545} INFO - Filling up the DagBag from /home/airflow/.local/lib/python3.12/site-packages/airflow/example_dags/example_branch_labels.py
[2024-06-11T23:04:53.801+0000] {processor.py:840} INFO - DAG(s) 'example_branch_labels' retrieved from /home/airflow/.local/lib/python3.12/site-packages/airflow/example_dags/example_branch_labels.py
[2024-06-11T23:04:53.835+0000] {logging_mixin.py:188} INFO - [2024-06-11T23:04:53.834+0000] {dag.py:3096} INFO - Sync 1 DAGs
[2024-06-11T23:04:53.875+0000] {logging_mixin.py:188} INFO - [2024-06-11T23:04:53.875+0000] {dag.py:3954} INFO - Setting next_dagrun for example_branch_labels to 2024-06-10 00:00:00+00:00, run_after=2024-06-11 00:00:00+00:00
[2024-06-11T23:04:53.952+0000] {processor.py:183} INFO - Processing /home/airflow/.local/lib/python3.12/site-packages/airflow/example_dags/example_branch_labels.py took 0.169 seconds
[2024-06-11T23:05:24.317+0000] {processor.py:161} INFO - Started process (PID=2518) to work on /home/airflow/.local/lib/python3.12/site-packages/airflow/example_dags/example_branch_labels.py
[2024-06-11T23:05:24.318+0000] {processor.py:830} INFO - Processing file /home/airflow/.local/lib/python3.12/site-packages/airflow/example_dags/example_branch_labels.py for tasks to queue
[2024-06-11T23:05:24.320+0000] {logging_mixin.py:188} INFO - [2024-06-11T23:05:24.320+0000] {dagbag.py:545} INFO - Filling up the DagBag from /home/airflow/.local/lib/python3.12/site-packages/airflow/example_dags/example_branch_labels.py
[2024-06-11T23:05:24.327+0000] {processor.py:840} INFO - DAG(s) 'example_branch_labels' retrieved from /home/airflow/.local/lib/python3.12/site-packages/airflow/example_dags/example_branch_labels.py
[2024-06-11T23:05:24.344+0000] {logging_mixin.py:188} INFO - [2024-06-11T23:05:24.344+0000] {dag.py:3096} INFO - Sync 1 DAGs
[2024-06-11T23:05:24.366+0000] {logging_mixin.py:188} INFO - [2024-06-11T23:05:24.366+0000] {dag.py:3954} INFO - Setting next_dagrun for example_branch_labels to 2024-06-10 00:00:00+00:00, run_after=2024-06-11 00:00:00+00:00
[2024-06-11T23:05:24.382+0000] {processor.py:183} INFO - Processing /home/airflow/.local/lib/python3.12/site-packages/airflow/example_dags/example_branch_labels.py took 0.069 seconds
[2024-06-11T23:05:54.538+0000] {processor.py:161} INFO - Started process (PID=2576) to work on /home/airflow/.local/lib/python3.12/site-packages/airflow/example_dags/example_branch_labels.py
[2024-06-11T23:05:54.540+0000] {processor.py:830} INFO - Processing file /home/airflow/.local/lib/python3.12/site-packages/airflow/example_dags/example_branch_labels.py for tasks to queue
[2024-06-11T23:05:54.542+0000] {logging_mixin.py:188} INFO - [2024-06-11T23:05:54.542+0000] {dagbag.py:545} INFO - Filling up the DagBag from /home/airflow/.local/lib/python3.12/site-packages/airflow/example_dags/example_branch_labels.py
[2024-06-11T23:05:54.550+0000] {processor.py:840} INFO - DAG(s) 'example_branch_labels' retrieved from /home/airflow/.local/lib/python3.12/site-packages/airflow/example_dags/example_branch_labels.py
[2024-06-11T23:05:54.567+0000] {logging_mixin.py:188} INFO - [2024-06-11T23:05:54.567+0000] {dag.py:3096} INFO - Sync 1 DAGs
[2024-06-11T23:05:54.587+0000] {logging_mixin.py:188} INFO - [2024-06-11T23:05:54.586+0000] {dag.py:3954} INFO - Setting next_dagrun for example_branch_labels to 2024-06-10 00:00:00+00:00, run_after=2024-06-11 00:00:00+00:00
[2024-06-11T23:05:54.603+0000] {processor.py:183} INFO - Processing /home/airflow/.local/lib/python3.12/site-packages/airflow/example_dags/example_branch_labels.py took 0.075 seconds
[2024-06-11T23:06:25.010+0000] {processor.py:161} INFO - Started process (PID=2634) to work on /home/airflow/.local/lib/python3.12/site-packages/airflow/example_dags/example_branch_labels.py
[2024-06-11T23:06:25.012+0000] {processor.py:830} INFO - Processing file /home/airflow/.local/lib/python3.12/site-packages/airflow/example_dags/example_branch_labels.py for tasks to queue
[2024-06-11T23:06:25.014+0000] {logging_mixin.py:188} INFO - [2024-06-11T23:06:25.014+0000] {dagbag.py:545} INFO - Filling up the DagBag from /home/airflow/.local/lib/python3.12/site-packages/airflow/example_dags/example_branch_labels.py
[2024-06-11T23:06:25.021+0000] {processor.py:840} INFO - DAG(s) 'example_branch_labels' retrieved from /home/airflow/.local/lib/python3.12/site-packages/airflow/example_dags/example_branch_labels.py
[2024-06-11T23:06:25.041+0000] {logging_mixin.py:188} INFO - [2024-06-11T23:06:25.041+0000] {dag.py:3096} INFO - Sync 1 DAGs
[2024-06-11T23:06:25.064+0000] {logging_mixin.py:188} INFO - [2024-06-11T23:06:25.063+0000] {dag.py:3954} INFO - Setting next_dagrun for example_branch_labels to 2024-06-10 00:00:00+00:00, run_after=2024-06-11 00:00:00+00:00
[2024-06-11T23:06:25.087+0000] {processor.py:183} INFO - Processing /home/airflow/.local/lib/python3.12/site-packages/airflow/example_dags/example_branch_labels.py took 0.083 seconds
[2024-06-11T23:06:55.647+0000] {processor.py:161} INFO - Started process (PID=2692) to work on /home/airflow/.local/lib/python3.12/site-packages/airflow/example_dags/example_branch_labels.py
[2024-06-11T23:06:55.648+0000] {processor.py:830} INFO - Processing file /home/airflow/.local/lib/python3.12/site-packages/airflow/example_dags/example_branch_labels.py for tasks to queue
[2024-06-11T23:06:55.650+0000] {logging_mixin.py:188} INFO - [2024-06-11T23:06:55.650+0000] {dagbag.py:545} INFO - Filling up the DagBag from /home/airflow/.local/lib/python3.12/site-packages/airflow/example_dags/example_branch_labels.py
[2024-06-11T23:06:55.658+0000] {processor.py:840} INFO - DAG(s) 'example_branch_labels' retrieved from /home/airflow/.local/lib/python3.12/site-packages/airflow/example_dags/example_branch_labels.py
[2024-06-11T23:06:55.676+0000] {logging_mixin.py:188} INFO - [2024-06-11T23:06:55.676+0000] {dag.py:3096} INFO - Sync 1 DAGs
[2024-06-11T23:06:55.695+0000] {logging_mixin.py:188} INFO - [2024-06-11T23:06:55.695+0000] {dag.py:3954} INFO - Setting next_dagrun for example_branch_labels to 2024-06-10 00:00:00+00:00, run_after=2024-06-11 00:00:00+00:00
[2024-06-11T23:06:55.713+0000] {processor.py:183} INFO - Processing /home/airflow/.local/lib/python3.12/site-packages/airflow/example_dags/example_branch_labels.py took 0.071 seconds
