[2024-06-11T22:43:50.175+0000] {processor.py:161} INFO - Started process (PID=60) to work on /home/airflow/.local/lib/python3.12/site-packages/airflow/example_dags/example_latest_only_with_trigger.py
[2024-06-11T22:43:50.178+0000] {processor.py:830} INFO - Processing file /home/airflow/.local/lib/python3.12/site-packages/airflow/example_dags/example_latest_only_with_trigger.py for tasks to queue
[2024-06-11T22:43:50.184+0000] {logging_mixin.py:188} INFO - [2024-06-11T22:43:50.182+0000] {dagbag.py:545} INFO - Filling up the DagBag from /home/airflow/.local/lib/python3.12/site-packages/airflow/example_dags/example_latest_only_with_trigger.py
[2024-06-11T22:43:50.201+0000] {processor.py:840} INFO - DAG(s) 'latest_only_with_trigger' retrieved from /home/airflow/.local/lib/python3.12/site-packages/airflow/example_dags/example_latest_only_with_trigger.py
[2024-06-11T22:43:50.225+0000] {logging_mixin.py:188} INFO - [2024-06-11T22:43:50.224+0000] {dag.py:3096} INFO - Sync 1 DAGs
[2024-06-11T22:43:50.264+0000] {logging_mixin.py:188} INFO - [2024-06-11T22:43:50.264+0000] {dag.py:3954} INFO - Setting next_dagrun for latest_only_with_trigger to 2024-06-11 16:00:00+00:00, run_after=2024-06-11 20:00:00+00:00
[2024-06-11T22:43:50.309+0000] {processor.py:183} INFO - Processing /home/airflow/.local/lib/python3.12/site-packages/airflow/example_dags/example_latest_only_with_trigger.py took 0.150 seconds
[2024-06-11T22:44:21.247+0000] {processor.py:161} INFO - Started process (PID=118) to work on /home/airflow/.local/lib/python3.12/site-packages/airflow/example_dags/example_latest_only_with_trigger.py
[2024-06-11T22:44:21.250+0000] {processor.py:830} INFO - Processing file /home/airflow/.local/lib/python3.12/site-packages/airflow/example_dags/example_latest_only_with_trigger.py for tasks to queue
[2024-06-11T22:44:21.252+0000] {logging_mixin.py:188} INFO - [2024-06-11T22:44:21.252+0000] {dagbag.py:545} INFO - Filling up the DagBag from /home/airflow/.local/lib/python3.12/site-packages/airflow/example_dags/example_latest_only_with_trigger.py
[2024-06-11T22:44:21.256+0000] {processor.py:840} INFO - DAG(s) 'latest_only_with_trigger' retrieved from /home/airflow/.local/lib/python3.12/site-packages/airflow/example_dags/example_latest_only_with_trigger.py
[2024-06-11T22:44:21.324+0000] {logging_mixin.py:188} INFO - [2024-06-11T22:44:21.324+0000] {dag.py:3096} INFO - Sync 1 DAGs
[2024-06-11T22:44:21.338+0000] {logging_mixin.py:188} INFO - [2024-06-11T22:44:21.338+0000] {dag.py:3954} INFO - Setting next_dagrun for latest_only_with_trigger to 2024-06-11 16:00:00+00:00, run_after=2024-06-11 20:00:00+00:00
[2024-06-11T22:44:21.356+0000] {processor.py:183} INFO - Processing /home/airflow/.local/lib/python3.12/site-packages/airflow/example_dags/example_latest_only_with_trigger.py took 0.114 seconds
[2024-06-11T22:44:51.471+0000] {processor.py:161} INFO - Started process (PID=176) to work on /home/airflow/.local/lib/python3.12/site-packages/airflow/example_dags/example_latest_only_with_trigger.py
[2024-06-11T22:44:51.473+0000] {processor.py:830} INFO - Processing file /home/airflow/.local/lib/python3.12/site-packages/airflow/example_dags/example_latest_only_with_trigger.py for tasks to queue
[2024-06-11T22:44:51.474+0000] {logging_mixin.py:188} INFO - [2024-06-11T22:44:51.474+0000] {dagbag.py:545} INFO - Filling up the DagBag from /home/airflow/.local/lib/python3.12/site-packages/airflow/example_dags/example_latest_only_with_trigger.py
[2024-06-11T22:44:51.478+0000] {processor.py:840} INFO - DAG(s) 'latest_only_with_trigger' retrieved from /home/airflow/.local/lib/python3.12/site-packages/airflow/example_dags/example_latest_only_with_trigger.py
[2024-06-11T22:44:51.493+0000] {logging_mixin.py:188} INFO - [2024-06-11T22:44:51.493+0000] {dag.py:3096} INFO - Sync 1 DAGs
[2024-06-11T22:44:51.510+0000] {logging_mixin.py:188} INFO - [2024-06-11T22:44:51.510+0000] {dag.py:3954} INFO - Setting next_dagrun for latest_only_with_trigger to 2024-06-11 16:00:00+00:00, run_after=2024-06-11 20:00:00+00:00
[2024-06-11T22:44:51.526+0000] {processor.py:183} INFO - Processing /home/airflow/.local/lib/python3.12/site-packages/airflow/example_dags/example_latest_only_with_trigger.py took 0.058 seconds
[2024-06-11T22:45:21.833+0000] {processor.py:161} INFO - Started process (PID=235) to work on /home/airflow/.local/lib/python3.12/site-packages/airflow/example_dags/example_latest_only_with_trigger.py
[2024-06-11T22:45:21.834+0000] {processor.py:830} INFO - Processing file /home/airflow/.local/lib/python3.12/site-packages/airflow/example_dags/example_latest_only_with_trigger.py for tasks to queue
[2024-06-11T22:45:21.836+0000] {logging_mixin.py:188} INFO - [2024-06-11T22:45:21.835+0000] {dagbag.py:545} INFO - Filling up the DagBag from /home/airflow/.local/lib/python3.12/site-packages/airflow/example_dags/example_latest_only_with_trigger.py
[2024-06-11T22:45:21.840+0000] {processor.py:840} INFO - DAG(s) 'latest_only_with_trigger' retrieved from /home/airflow/.local/lib/python3.12/site-packages/airflow/example_dags/example_latest_only_with_trigger.py
[2024-06-11T22:45:21.854+0000] {logging_mixin.py:188} INFO - [2024-06-11T22:45:21.853+0000] {dag.py:3096} INFO - Sync 1 DAGs
[2024-06-11T22:45:21.869+0000] {logging_mixin.py:188} INFO - [2024-06-11T22:45:21.869+0000] {dag.py:3954} INFO - Setting next_dagrun for latest_only_with_trigger to 2024-06-11 16:00:00+00:00, run_after=2024-06-11 20:00:00+00:00
[2024-06-11T22:45:21.886+0000] {processor.py:183} INFO - Processing /home/airflow/.local/lib/python3.12/site-packages/airflow/example_dags/example_latest_only_with_trigger.py took 0.057 seconds
[2024-06-11T22:45:52.405+0000] {processor.py:161} INFO - Started process (PID=293) to work on /home/airflow/.local/lib/python3.12/site-packages/airflow/example_dags/example_latest_only_with_trigger.py
[2024-06-11T22:45:52.406+0000] {processor.py:830} INFO - Processing file /home/airflow/.local/lib/python3.12/site-packages/airflow/example_dags/example_latest_only_with_trigger.py for tasks to queue
[2024-06-11T22:45:52.408+0000] {logging_mixin.py:188} INFO - [2024-06-11T22:45:52.408+0000] {dagbag.py:545} INFO - Filling up the DagBag from /home/airflow/.local/lib/python3.12/site-packages/airflow/example_dags/example_latest_only_with_trigger.py
[2024-06-11T22:45:52.414+0000] {processor.py:840} INFO - DAG(s) 'latest_only_with_trigger' retrieved from /home/airflow/.local/lib/python3.12/site-packages/airflow/example_dags/example_latest_only_with_trigger.py
[2024-06-11T22:45:52.434+0000] {logging_mixin.py:188} INFO - [2024-06-11T22:45:52.434+0000] {dag.py:3096} INFO - Sync 1 DAGs
[2024-06-11T22:45:52.454+0000] {logging_mixin.py:188} INFO - [2024-06-11T22:45:52.454+0000] {dag.py:3954} INFO - Setting next_dagrun for latest_only_with_trigger to 2024-06-11 16:00:00+00:00, run_after=2024-06-11 20:00:00+00:00
[2024-06-11T22:45:52.486+0000] {processor.py:183} INFO - Processing /home/airflow/.local/lib/python3.12/site-packages/airflow/example_dags/example_latest_only_with_trigger.py took 0.088 seconds
[2024-06-11T22:46:23.341+0000] {processor.py:161} INFO - Started process (PID=351) to work on /home/airflow/.local/lib/python3.12/site-packages/airflow/example_dags/example_latest_only_with_trigger.py
[2024-06-11T22:46:23.342+0000] {processor.py:830} INFO - Processing file /home/airflow/.local/lib/python3.12/site-packages/airflow/example_dags/example_latest_only_with_trigger.py for tasks to queue
[2024-06-11T22:46:23.344+0000] {logging_mixin.py:188} INFO - [2024-06-11T22:46:23.343+0000] {dagbag.py:545} INFO - Filling up the DagBag from /home/airflow/.local/lib/python3.12/site-packages/airflow/example_dags/example_latest_only_with_trigger.py
[2024-06-11T22:46:23.349+0000] {processor.py:840} INFO - DAG(s) 'latest_only_with_trigger' retrieved from /home/airflow/.local/lib/python3.12/site-packages/airflow/example_dags/example_latest_only_with_trigger.py
[2024-06-11T22:46:23.368+0000] {logging_mixin.py:188} INFO - [2024-06-11T22:46:23.368+0000] {dag.py:3096} INFO - Sync 1 DAGs
[2024-06-11T22:46:23.392+0000] {logging_mixin.py:188} INFO - [2024-06-11T22:46:23.392+0000] {dag.py:3954} INFO - Setting next_dagrun for latest_only_with_trigger to 2024-06-11 16:00:00+00:00, run_after=2024-06-11 20:00:00+00:00
[2024-06-11T22:46:23.414+0000] {processor.py:183} INFO - Processing /home/airflow/.local/lib/python3.12/site-packages/airflow/example_dags/example_latest_only_with_trigger.py took 0.078 seconds
[2024-06-11T22:46:53.552+0000] {processor.py:161} INFO - Started process (PID=409) to work on /home/airflow/.local/lib/python3.12/site-packages/airflow/example_dags/example_latest_only_with_trigger.py
[2024-06-11T22:46:53.553+0000] {processor.py:830} INFO - Processing file /home/airflow/.local/lib/python3.12/site-packages/airflow/example_dags/example_latest_only_with_trigger.py for tasks to queue
[2024-06-11T22:46:53.555+0000] {logging_mixin.py:188} INFO - [2024-06-11T22:46:53.555+0000] {dagbag.py:545} INFO - Filling up the DagBag from /home/airflow/.local/lib/python3.12/site-packages/airflow/example_dags/example_latest_only_with_trigger.py
[2024-06-11T22:46:53.560+0000] {processor.py:840} INFO - DAG(s) 'latest_only_with_trigger' retrieved from /home/airflow/.local/lib/python3.12/site-packages/airflow/example_dags/example_latest_only_with_trigger.py
[2024-06-11T22:46:53.580+0000] {logging_mixin.py:188} INFO - [2024-06-11T22:46:53.580+0000] {dag.py:3096} INFO - Sync 1 DAGs
[2024-06-11T22:46:53.599+0000] {logging_mixin.py:188} INFO - [2024-06-11T22:46:53.599+0000] {dag.py:3954} INFO - Setting next_dagrun for latest_only_with_trigger to 2024-06-11 16:00:00+00:00, run_after=2024-06-11 20:00:00+00:00
[2024-06-11T22:46:53.618+0000] {processor.py:183} INFO - Processing /home/airflow/.local/lib/python3.12/site-packages/airflow/example_dags/example_latest_only_with_trigger.py took 0.071 seconds
[2024-06-11T22:47:23.977+0000] {processor.py:161} INFO - Started process (PID=467) to work on /home/airflow/.local/lib/python3.12/site-packages/airflow/example_dags/example_latest_only_with_trigger.py
[2024-06-11T22:47:23.979+0000] {processor.py:830} INFO - Processing file /home/airflow/.local/lib/python3.12/site-packages/airflow/example_dags/example_latest_only_with_trigger.py for tasks to queue
[2024-06-11T22:47:23.981+0000] {logging_mixin.py:188} INFO - [2024-06-11T22:47:23.981+0000] {dagbag.py:545} INFO - Filling up the DagBag from /home/airflow/.local/lib/python3.12/site-packages/airflow/example_dags/example_latest_only_with_trigger.py
[2024-06-11T22:47:23.987+0000] {processor.py:840} INFO - DAG(s) 'latest_only_with_trigger' retrieved from /home/airflow/.local/lib/python3.12/site-packages/airflow/example_dags/example_latest_only_with_trigger.py
[2024-06-11T22:47:24.005+0000] {logging_mixin.py:188} INFO - [2024-06-11T22:47:24.005+0000] {dag.py:3096} INFO - Sync 1 DAGs
[2024-06-11T22:47:24.024+0000] {logging_mixin.py:188} INFO - [2024-06-11T22:47:24.024+0000] {dag.py:3954} INFO - Setting next_dagrun for latest_only_with_trigger to 2024-06-11 16:00:00+00:00, run_after=2024-06-11 20:00:00+00:00
[2024-06-11T22:47:24.044+0000] {processor.py:183} INFO - Processing /home/airflow/.local/lib/python3.12/site-packages/airflow/example_dags/example_latest_only_with_trigger.py took 0.071 seconds
[2024-06-11T22:47:54.155+0000] {processor.py:161} INFO - Started process (PID=525) to work on /home/airflow/.local/lib/python3.12/site-packages/airflow/example_dags/example_latest_only_with_trigger.py
[2024-06-11T22:47:54.157+0000] {processor.py:830} INFO - Processing file /home/airflow/.local/lib/python3.12/site-packages/airflow/example_dags/example_latest_only_with_trigger.py for tasks to queue
[2024-06-11T22:47:54.161+0000] {logging_mixin.py:188} INFO - [2024-06-11T22:47:54.161+0000] {dagbag.py:545} INFO - Filling up the DagBag from /home/airflow/.local/lib/python3.12/site-packages/airflow/example_dags/example_latest_only_with_trigger.py
[2024-06-11T22:47:54.166+0000] {processor.py:840} INFO - DAG(s) 'latest_only_with_trigger' retrieved from /home/airflow/.local/lib/python3.12/site-packages/airflow/example_dags/example_latest_only_with_trigger.py
[2024-06-11T22:47:54.185+0000] {logging_mixin.py:188} INFO - [2024-06-11T22:47:54.185+0000] {dag.py:3096} INFO - Sync 1 DAGs
[2024-06-11T22:47:54.204+0000] {logging_mixin.py:188} INFO - [2024-06-11T22:47:54.204+0000] {dag.py:3954} INFO - Setting next_dagrun for latest_only_with_trigger to 2024-06-11 16:00:00+00:00, run_after=2024-06-11 20:00:00+00:00
[2024-06-11T22:47:54.225+0000] {processor.py:183} INFO - Processing /home/airflow/.local/lib/python3.12/site-packages/airflow/example_dags/example_latest_only_with_trigger.py took 0.074 seconds
[2024-06-11T22:48:25.854+0000] {processor.py:161} INFO - Started process (PID=583) to work on /home/airflow/.local/lib/python3.12/site-packages/airflow/example_dags/example_latest_only_with_trigger.py
[2024-06-11T22:48:25.858+0000] {processor.py:830} INFO - Processing file /home/airflow/.local/lib/python3.12/site-packages/airflow/example_dags/example_latest_only_with_trigger.py for tasks to queue
[2024-06-11T22:48:25.861+0000] {logging_mixin.py:188} INFO - [2024-06-11T22:48:25.861+0000] {dagbag.py:545} INFO - Filling up the DagBag from /home/airflow/.local/lib/python3.12/site-packages/airflow/example_dags/example_latest_only_with_trigger.py
[2024-06-11T22:48:25.870+0000] {processor.py:840} INFO - DAG(s) 'latest_only_with_trigger' retrieved from /home/airflow/.local/lib/python3.12/site-packages/airflow/example_dags/example_latest_only_with_trigger.py
[2024-06-11T22:48:25.901+0000] {logging_mixin.py:188} INFO - [2024-06-11T22:48:25.901+0000] {dag.py:3096} INFO - Sync 1 DAGs
[2024-06-11T22:48:26.022+0000] {logging_mixin.py:188} INFO - [2024-06-11T22:48:26.021+0000] {dag.py:3954} INFO - Setting next_dagrun for latest_only_with_trigger to 2024-06-11 16:00:00+00:00, run_after=2024-06-11 20:00:00+00:00
[2024-06-11T22:48:26.047+0000] {processor.py:183} INFO - Processing /home/airflow/.local/lib/python3.12/site-packages/airflow/example_dags/example_latest_only_with_trigger.py took 0.199 seconds
[2024-06-11T22:48:56.517+0000] {processor.py:161} INFO - Started process (PID=641) to work on /home/airflow/.local/lib/python3.12/site-packages/airflow/example_dags/example_latest_only_with_trigger.py
[2024-06-11T22:48:56.518+0000] {processor.py:830} INFO - Processing file /home/airflow/.local/lib/python3.12/site-packages/airflow/example_dags/example_latest_only_with_trigger.py for tasks to queue
[2024-06-11T22:48:56.520+0000] {logging_mixin.py:188} INFO - [2024-06-11T22:48:56.519+0000] {dagbag.py:545} INFO - Filling up the DagBag from /home/airflow/.local/lib/python3.12/site-packages/airflow/example_dags/example_latest_only_with_trigger.py
[2024-06-11T22:48:56.524+0000] {processor.py:840} INFO - DAG(s) 'latest_only_with_trigger' retrieved from /home/airflow/.local/lib/python3.12/site-packages/airflow/example_dags/example_latest_only_with_trigger.py
[2024-06-11T22:48:56.542+0000] {logging_mixin.py:188} INFO - [2024-06-11T22:48:56.542+0000] {dag.py:3096} INFO - Sync 1 DAGs
[2024-06-11T22:48:56.562+0000] {logging_mixin.py:188} INFO - [2024-06-11T22:48:56.562+0000] {dag.py:3954} INFO - Setting next_dagrun for latest_only_with_trigger to 2024-06-11 16:00:00+00:00, run_after=2024-06-11 20:00:00+00:00
[2024-06-11T22:48:56.581+0000] {processor.py:183} INFO - Processing /home/airflow/.local/lib/python3.12/site-packages/airflow/example_dags/example_latest_only_with_trigger.py took 0.069 seconds
[2024-06-11T22:49:27.179+0000] {processor.py:161} INFO - Started process (PID=699) to work on /home/airflow/.local/lib/python3.12/site-packages/airflow/example_dags/example_latest_only_with_trigger.py
[2024-06-11T22:49:27.182+0000] {processor.py:830} INFO - Processing file /home/airflow/.local/lib/python3.12/site-packages/airflow/example_dags/example_latest_only_with_trigger.py for tasks to queue
[2024-06-11T22:49:27.185+0000] {logging_mixin.py:188} INFO - [2024-06-11T22:49:27.185+0000] {dagbag.py:545} INFO - Filling up the DagBag from /home/airflow/.local/lib/python3.12/site-packages/airflow/example_dags/example_latest_only_with_trigger.py
[2024-06-11T22:49:27.190+0000] {processor.py:840} INFO - DAG(s) 'latest_only_with_trigger' retrieved from /home/airflow/.local/lib/python3.12/site-packages/airflow/example_dags/example_latest_only_with_trigger.py
[2024-06-11T22:49:27.217+0000] {logging_mixin.py:188} INFO - [2024-06-11T22:49:27.217+0000] {dag.py:3096} INFO - Sync 1 DAGs
[2024-06-11T22:49:27.257+0000] {logging_mixin.py:188} INFO - [2024-06-11T22:49:27.257+0000] {dag.py:3954} INFO - Setting next_dagrun for latest_only_with_trigger to 2024-06-11 16:00:00+00:00, run_after=2024-06-11 20:00:00+00:00
[2024-06-11T22:49:27.332+0000] {processor.py:183} INFO - Processing /home/airflow/.local/lib/python3.12/site-packages/airflow/example_dags/example_latest_only_with_trigger.py took 0.163 seconds
[2024-06-11T22:49:57.886+0000] {processor.py:161} INFO - Started process (PID=757) to work on /home/airflow/.local/lib/python3.12/site-packages/airflow/example_dags/example_latest_only_with_trigger.py
[2024-06-11T22:49:57.889+0000] {processor.py:830} INFO - Processing file /home/airflow/.local/lib/python3.12/site-packages/airflow/example_dags/example_latest_only_with_trigger.py for tasks to queue
[2024-06-11T22:49:57.892+0000] {logging_mixin.py:188} INFO - [2024-06-11T22:49:57.891+0000] {dagbag.py:545} INFO - Filling up the DagBag from /home/airflow/.local/lib/python3.12/site-packages/airflow/example_dags/example_latest_only_with_trigger.py
[2024-06-11T22:49:57.903+0000] {processor.py:840} INFO - DAG(s) 'latest_only_with_trigger' retrieved from /home/airflow/.local/lib/python3.12/site-packages/airflow/example_dags/example_latest_only_with_trigger.py
[2024-06-11T22:49:57.929+0000] {logging_mixin.py:188} INFO - [2024-06-11T22:49:57.929+0000] {dag.py:3096} INFO - Sync 1 DAGs
[2024-06-11T22:49:57.957+0000] {logging_mixin.py:188} INFO - [2024-06-11T22:49:57.957+0000] {dag.py:3954} INFO - Setting next_dagrun for latest_only_with_trigger to 2024-06-11 16:00:00+00:00, run_after=2024-06-11 20:00:00+00:00
[2024-06-11T22:49:57.981+0000] {processor.py:183} INFO - Processing /home/airflow/.local/lib/python3.12/site-packages/airflow/example_dags/example_latest_only_with_trigger.py took 0.101 seconds
[2024-06-11T22:50:28.206+0000] {processor.py:161} INFO - Started process (PID=815) to work on /home/airflow/.local/lib/python3.12/site-packages/airflow/example_dags/example_latest_only_with_trigger.py
[2024-06-11T22:50:28.208+0000] {processor.py:830} INFO - Processing file /home/airflow/.local/lib/python3.12/site-packages/airflow/example_dags/example_latest_only_with_trigger.py for tasks to queue
[2024-06-11T22:50:28.211+0000] {logging_mixin.py:188} INFO - [2024-06-11T22:50:28.211+0000] {dagbag.py:545} INFO - Filling up the DagBag from /home/airflow/.local/lib/python3.12/site-packages/airflow/example_dags/example_latest_only_with_trigger.py
[2024-06-11T22:50:28.225+0000] {processor.py:840} INFO - DAG(s) 'latest_only_with_trigger' retrieved from /home/airflow/.local/lib/python3.12/site-packages/airflow/example_dags/example_latest_only_with_trigger.py
[2024-06-11T22:50:28.265+0000] {logging_mixin.py:188} INFO - [2024-06-11T22:50:28.264+0000] {dag.py:3096} INFO - Sync 1 DAGs
[2024-06-11T22:50:28.288+0000] {logging_mixin.py:188} INFO - [2024-06-11T22:50:28.287+0000] {dag.py:3954} INFO - Setting next_dagrun for latest_only_with_trigger to 2024-06-11 16:00:00+00:00, run_after=2024-06-11 20:00:00+00:00
[2024-06-11T22:50:28.309+0000] {processor.py:183} INFO - Processing /home/airflow/.local/lib/python3.12/site-packages/airflow/example_dags/example_latest_only_with_trigger.py took 0.115 seconds
[2024-06-11T22:50:58.960+0000] {processor.py:161} INFO - Started process (PID=873) to work on /home/airflow/.local/lib/python3.12/site-packages/airflow/example_dags/example_latest_only_with_trigger.py
[2024-06-11T22:50:58.961+0000] {processor.py:830} INFO - Processing file /home/airflow/.local/lib/python3.12/site-packages/airflow/example_dags/example_latest_only_with_trigger.py for tasks to queue
[2024-06-11T22:50:58.964+0000] {logging_mixin.py:188} INFO - [2024-06-11T22:50:58.964+0000] {dagbag.py:545} INFO - Filling up the DagBag from /home/airflow/.local/lib/python3.12/site-packages/airflow/example_dags/example_latest_only_with_trigger.py
[2024-06-11T22:50:58.971+0000] {processor.py:840} INFO - DAG(s) 'latest_only_with_trigger' retrieved from /home/airflow/.local/lib/python3.12/site-packages/airflow/example_dags/example_latest_only_with_trigger.py
[2024-06-11T22:50:59.042+0000] {logging_mixin.py:188} INFO - [2024-06-11T22:50:59.041+0000] {dag.py:3096} INFO - Sync 1 DAGs
[2024-06-11T22:50:59.078+0000] {logging_mixin.py:188} INFO - [2024-06-11T22:50:59.078+0000] {dag.py:3954} INFO - Setting next_dagrun for latest_only_with_trigger to 2024-06-11 16:00:00+00:00, run_after=2024-06-11 20:00:00+00:00
[2024-06-11T22:50:59.200+0000] {processor.py:183} INFO - Processing /home/airflow/.local/lib/python3.12/site-packages/airflow/example_dags/example_latest_only_with_trigger.py took 0.246 seconds
[2024-06-11T22:51:31.025+0000] {processor.py:161} INFO - Started process (PID=937) to work on /home/airflow/.local/lib/python3.12/site-packages/airflow/example_dags/example_latest_only_with_trigger.py
[2024-06-11T22:51:31.028+0000] {processor.py:830} INFO - Processing file /home/airflow/.local/lib/python3.12/site-packages/airflow/example_dags/example_latest_only_with_trigger.py for tasks to queue
[2024-06-11T22:51:31.030+0000] {logging_mixin.py:188} INFO - [2024-06-11T22:51:31.030+0000] {dagbag.py:545} INFO - Filling up the DagBag from /home/airflow/.local/lib/python3.12/site-packages/airflow/example_dags/example_latest_only_with_trigger.py
[2024-06-11T22:51:31.035+0000] {processor.py:840} INFO - DAG(s) 'latest_only_with_trigger' retrieved from /home/airflow/.local/lib/python3.12/site-packages/airflow/example_dags/example_latest_only_with_trigger.py
[2024-06-11T22:51:31.052+0000] {logging_mixin.py:188} INFO - [2024-06-11T22:51:31.051+0000] {dag.py:3096} INFO - Sync 1 DAGs
[2024-06-11T22:51:31.070+0000] {logging_mixin.py:188} INFO - [2024-06-11T22:51:31.069+0000] {dag.py:3954} INFO - Setting next_dagrun for latest_only_with_trigger to 2024-06-11 16:00:00+00:00, run_after=2024-06-11 20:00:00+00:00
[2024-06-11T22:51:31.086+0000] {processor.py:183} INFO - Processing /home/airflow/.local/lib/python3.12/site-packages/airflow/example_dags/example_latest_only_with_trigger.py took 0.066 seconds
[2024-06-11T22:52:02.205+0000] {processor.py:161} INFO - Started process (PID=995) to work on /home/airflow/.local/lib/python3.12/site-packages/airflow/example_dags/example_latest_only_with_trigger.py
[2024-06-11T22:52:02.270+0000] {processor.py:830} INFO - Processing file /home/airflow/.local/lib/python3.12/site-packages/airflow/example_dags/example_latest_only_with_trigger.py for tasks to queue
[2024-06-11T22:52:02.296+0000] {logging_mixin.py:188} INFO - [2024-06-11T22:52:02.296+0000] {dagbag.py:545} INFO - Filling up the DagBag from /home/airflow/.local/lib/python3.12/site-packages/airflow/example_dags/example_latest_only_with_trigger.py
[2024-06-11T22:52:02.313+0000] {processor.py:840} INFO - DAG(s) 'latest_only_with_trigger' retrieved from /home/airflow/.local/lib/python3.12/site-packages/airflow/example_dags/example_latest_only_with_trigger.py
[2024-06-11T22:52:02.403+0000] {logging_mixin.py:188} INFO - [2024-06-11T22:52:02.403+0000] {dag.py:3096} INFO - Sync 1 DAGs
[2024-06-11T22:52:02.532+0000] {logging_mixin.py:188} INFO - [2024-06-11T22:52:02.532+0000] {dag.py:3954} INFO - Setting next_dagrun for latest_only_with_trigger to 2024-06-11 16:00:00+00:00, run_after=2024-06-11 20:00:00+00:00
[2024-06-11T22:52:02.653+0000] {processor.py:183} INFO - Processing /home/airflow/.local/lib/python3.12/site-packages/airflow/example_dags/example_latest_only_with_trigger.py took 0.452 seconds
[2024-06-11T22:52:33.428+0000] {processor.py:161} INFO - Started process (PID=1053) to work on /home/airflow/.local/lib/python3.12/site-packages/airflow/example_dags/example_latest_only_with_trigger.py
[2024-06-11T22:52:33.429+0000] {processor.py:830} INFO - Processing file /home/airflow/.local/lib/python3.12/site-packages/airflow/example_dags/example_latest_only_with_trigger.py for tasks to queue
[2024-06-11T22:52:33.432+0000] {logging_mixin.py:188} INFO - [2024-06-11T22:52:33.431+0000] {dagbag.py:545} INFO - Filling up the DagBag from /home/airflow/.local/lib/python3.12/site-packages/airflow/example_dags/example_latest_only_with_trigger.py
[2024-06-11T22:52:33.437+0000] {processor.py:840} INFO - DAG(s) 'latest_only_with_trigger' retrieved from /home/airflow/.local/lib/python3.12/site-packages/airflow/example_dags/example_latest_only_with_trigger.py
[2024-06-11T22:52:33.468+0000] {logging_mixin.py:188} INFO - [2024-06-11T22:52:33.468+0000] {dag.py:3096} INFO - Sync 1 DAGs
[2024-06-11T22:52:33.498+0000] {logging_mixin.py:188} INFO - [2024-06-11T22:52:33.498+0000] {dag.py:3954} INFO - Setting next_dagrun for latest_only_with_trigger to 2024-06-11 16:00:00+00:00, run_after=2024-06-11 20:00:00+00:00
[2024-06-11T22:52:33.532+0000] {processor.py:183} INFO - Processing /home/airflow/.local/lib/python3.12/site-packages/airflow/example_dags/example_latest_only_with_trigger.py took 0.110 seconds
[2024-06-11T22:53:05.568+0000] {processor.py:161} INFO - Started process (PID=1111) to work on /home/airflow/.local/lib/python3.12/site-packages/airflow/example_dags/example_latest_only_with_trigger.py
[2024-06-11T22:53:05.570+0000] {processor.py:830} INFO - Processing file /home/airflow/.local/lib/python3.12/site-packages/airflow/example_dags/example_latest_only_with_trigger.py for tasks to queue
[2024-06-11T22:53:05.573+0000] {logging_mixin.py:188} INFO - [2024-06-11T22:53:05.572+0000] {dagbag.py:545} INFO - Filling up the DagBag from /home/airflow/.local/lib/python3.12/site-packages/airflow/example_dags/example_latest_only_with_trigger.py
[2024-06-11T22:53:05.582+0000] {processor.py:840} INFO - DAG(s) 'latest_only_with_trigger' retrieved from /home/airflow/.local/lib/python3.12/site-packages/airflow/example_dags/example_latest_only_with_trigger.py
[2024-06-11T22:53:05.611+0000] {logging_mixin.py:188} INFO - [2024-06-11T22:53:05.611+0000] {dag.py:3096} INFO - Sync 1 DAGs
[2024-06-11T22:53:05.645+0000] {logging_mixin.py:188} INFO - [2024-06-11T22:53:05.644+0000] {dag.py:3954} INFO - Setting next_dagrun for latest_only_with_trigger to 2024-06-11 16:00:00+00:00, run_after=2024-06-11 20:00:00+00:00
[2024-06-11T22:53:05.686+0000] {processor.py:183} INFO - Processing /home/airflow/.local/lib/python3.12/site-packages/airflow/example_dags/example_latest_only_with_trigger.py took 0.123 seconds
[2024-06-11T22:53:35.962+0000] {processor.py:161} INFO - Started process (PID=1169) to work on /home/airflow/.local/lib/python3.12/site-packages/airflow/example_dags/example_latest_only_with_trigger.py
[2024-06-11T22:53:35.963+0000] {processor.py:830} INFO - Processing file /home/airflow/.local/lib/python3.12/site-packages/airflow/example_dags/example_latest_only_with_trigger.py for tasks to queue
[2024-06-11T22:53:35.965+0000] {logging_mixin.py:188} INFO - [2024-06-11T22:53:35.965+0000] {dagbag.py:545} INFO - Filling up the DagBag from /home/airflow/.local/lib/python3.12/site-packages/airflow/example_dags/example_latest_only_with_trigger.py
[2024-06-11T22:53:35.969+0000] {processor.py:840} INFO - DAG(s) 'latest_only_with_trigger' retrieved from /home/airflow/.local/lib/python3.12/site-packages/airflow/example_dags/example_latest_only_with_trigger.py
[2024-06-11T22:53:35.987+0000] {logging_mixin.py:188} INFO - [2024-06-11T22:53:35.986+0000] {dag.py:3096} INFO - Sync 1 DAGs
[2024-06-11T22:53:36.005+0000] {logging_mixin.py:188} INFO - [2024-06-11T22:53:36.005+0000] {dag.py:3954} INFO - Setting next_dagrun for latest_only_with_trigger to 2024-06-11 16:00:00+00:00, run_after=2024-06-11 20:00:00+00:00
[2024-06-11T22:53:36.021+0000] {processor.py:183} INFO - Processing /home/airflow/.local/lib/python3.12/site-packages/airflow/example_dags/example_latest_only_with_trigger.py took 0.065 seconds
[2024-06-11T22:54:06.295+0000] {processor.py:161} INFO - Started process (PID=1227) to work on /home/airflow/.local/lib/python3.12/site-packages/airflow/example_dags/example_latest_only_with_trigger.py
[2024-06-11T22:54:06.297+0000] {processor.py:830} INFO - Processing file /home/airflow/.local/lib/python3.12/site-packages/airflow/example_dags/example_latest_only_with_trigger.py for tasks to queue
[2024-06-11T22:54:06.300+0000] {logging_mixin.py:188} INFO - [2024-06-11T22:54:06.300+0000] {dagbag.py:545} INFO - Filling up the DagBag from /home/airflow/.local/lib/python3.12/site-packages/airflow/example_dags/example_latest_only_with_trigger.py
[2024-06-11T22:54:06.306+0000] {processor.py:840} INFO - DAG(s) 'latest_only_with_trigger' retrieved from /home/airflow/.local/lib/python3.12/site-packages/airflow/example_dags/example_latest_only_with_trigger.py
[2024-06-11T22:54:06.327+0000] {logging_mixin.py:188} INFO - [2024-06-11T22:54:06.327+0000] {dag.py:3096} INFO - Sync 1 DAGs
[2024-06-11T22:54:06.354+0000] {logging_mixin.py:188} INFO - [2024-06-11T22:54:06.353+0000] {dag.py:3954} INFO - Setting next_dagrun for latest_only_with_trigger to 2024-06-11 16:00:00+00:00, run_after=2024-06-11 20:00:00+00:00
[2024-06-11T22:54:06.376+0000] {processor.py:183} INFO - Processing /home/airflow/.local/lib/python3.12/site-packages/airflow/example_dags/example_latest_only_with_trigger.py took 0.088 seconds
[2024-06-11T22:54:36.702+0000] {processor.py:161} INFO - Started process (PID=1285) to work on /home/airflow/.local/lib/python3.12/site-packages/airflow/example_dags/example_latest_only_with_trigger.py
[2024-06-11T22:54:36.703+0000] {processor.py:830} INFO - Processing file /home/airflow/.local/lib/python3.12/site-packages/airflow/example_dags/example_latest_only_with_trigger.py for tasks to queue
[2024-06-11T22:54:36.705+0000] {logging_mixin.py:188} INFO - [2024-06-11T22:54:36.705+0000] {dagbag.py:545} INFO - Filling up the DagBag from /home/airflow/.local/lib/python3.12/site-packages/airflow/example_dags/example_latest_only_with_trigger.py
[2024-06-11T22:54:36.712+0000] {processor.py:840} INFO - DAG(s) 'latest_only_with_trigger' retrieved from /home/airflow/.local/lib/python3.12/site-packages/airflow/example_dags/example_latest_only_with_trigger.py
[2024-06-11T22:54:36.738+0000] {logging_mixin.py:188} INFO - [2024-06-11T22:54:36.738+0000] {dag.py:3096} INFO - Sync 1 DAGs
[2024-06-11T22:54:36.761+0000] {logging_mixin.py:188} INFO - [2024-06-11T22:54:36.761+0000] {dag.py:3954} INFO - Setting next_dagrun for latest_only_with_trigger to 2024-06-11 16:00:00+00:00, run_after=2024-06-11 20:00:00+00:00
[2024-06-11T22:54:36.781+0000] {processor.py:183} INFO - Processing /home/airflow/.local/lib/python3.12/site-packages/airflow/example_dags/example_latest_only_with_trigger.py took 0.084 seconds
[2024-06-11T22:55:07.232+0000] {processor.py:161} INFO - Started process (PID=1343) to work on /home/airflow/.local/lib/python3.12/site-packages/airflow/example_dags/example_latest_only_with_trigger.py
[2024-06-11T22:55:07.233+0000] {processor.py:830} INFO - Processing file /home/airflow/.local/lib/python3.12/site-packages/airflow/example_dags/example_latest_only_with_trigger.py for tasks to queue
[2024-06-11T22:55:07.235+0000] {logging_mixin.py:188} INFO - [2024-06-11T22:55:07.235+0000] {dagbag.py:545} INFO - Filling up the DagBag from /home/airflow/.local/lib/python3.12/site-packages/airflow/example_dags/example_latest_only_with_trigger.py
[2024-06-11T22:55:07.241+0000] {processor.py:840} INFO - DAG(s) 'latest_only_with_trigger' retrieved from /home/airflow/.local/lib/python3.12/site-packages/airflow/example_dags/example_latest_only_with_trigger.py
[2024-06-11T22:55:07.259+0000] {logging_mixin.py:188} INFO - [2024-06-11T22:55:07.259+0000] {dag.py:3096} INFO - Sync 1 DAGs
[2024-06-11T22:55:07.283+0000] {logging_mixin.py:188} INFO - [2024-06-11T22:55:07.283+0000] {dag.py:3954} INFO - Setting next_dagrun for latest_only_with_trigger to 2024-06-11 16:00:00+00:00, run_after=2024-06-11 20:00:00+00:00
[2024-06-11T22:55:07.309+0000] {processor.py:183} INFO - Processing /home/airflow/.local/lib/python3.12/site-packages/airflow/example_dags/example_latest_only_with_trigger.py took 0.082 seconds
[2024-06-11T22:55:38.133+0000] {processor.py:161} INFO - Started process (PID=1401) to work on /home/airflow/.local/lib/python3.12/site-packages/airflow/example_dags/example_latest_only_with_trigger.py
[2024-06-11T22:55:38.135+0000] {processor.py:830} INFO - Processing file /home/airflow/.local/lib/python3.12/site-packages/airflow/example_dags/example_latest_only_with_trigger.py for tasks to queue
[2024-06-11T22:55:38.136+0000] {logging_mixin.py:188} INFO - [2024-06-11T22:55:38.136+0000] {dagbag.py:545} INFO - Filling up the DagBag from /home/airflow/.local/lib/python3.12/site-packages/airflow/example_dags/example_latest_only_with_trigger.py
[2024-06-11T22:55:38.141+0000] {processor.py:840} INFO - DAG(s) 'latest_only_with_trigger' retrieved from /home/airflow/.local/lib/python3.12/site-packages/airflow/example_dags/example_latest_only_with_trigger.py
[2024-06-11T22:55:38.156+0000] {logging_mixin.py:188} INFO - [2024-06-11T22:55:38.156+0000] {dag.py:3096} INFO - Sync 1 DAGs
[2024-06-11T22:55:38.173+0000] {logging_mixin.py:188} INFO - [2024-06-11T22:55:38.173+0000] {dag.py:3954} INFO - Setting next_dagrun for latest_only_with_trigger to 2024-06-11 16:00:00+00:00, run_after=2024-06-11 20:00:00+00:00
[2024-06-11T22:55:38.187+0000] {processor.py:183} INFO - Processing /home/airflow/.local/lib/python3.12/site-packages/airflow/example_dags/example_latest_only_with_trigger.py took 0.059 seconds
[2024-06-11T22:56:08.497+0000] {processor.py:161} INFO - Started process (PID=1458) to work on /home/airflow/.local/lib/python3.12/site-packages/airflow/example_dags/example_latest_only_with_trigger.py
[2024-06-11T22:56:08.499+0000] {processor.py:830} INFO - Processing file /home/airflow/.local/lib/python3.12/site-packages/airflow/example_dags/example_latest_only_with_trigger.py for tasks to queue
[2024-06-11T22:56:08.500+0000] {logging_mixin.py:188} INFO - [2024-06-11T22:56:08.500+0000] {dagbag.py:545} INFO - Filling up the DagBag from /home/airflow/.local/lib/python3.12/site-packages/airflow/example_dags/example_latest_only_with_trigger.py
[2024-06-11T22:56:08.504+0000] {processor.py:840} INFO - DAG(s) 'latest_only_with_trigger' retrieved from /home/airflow/.local/lib/python3.12/site-packages/airflow/example_dags/example_latest_only_with_trigger.py
[2024-06-11T22:56:08.523+0000] {logging_mixin.py:188} INFO - [2024-06-11T22:56:08.522+0000] {dag.py:3096} INFO - Sync 1 DAGs
[2024-06-11T22:56:08.540+0000] {logging_mixin.py:188} INFO - [2024-06-11T22:56:08.540+0000] {dag.py:3954} INFO - Setting next_dagrun for latest_only_with_trigger to 2024-06-11 16:00:00+00:00, run_after=2024-06-11 20:00:00+00:00
[2024-06-11T22:56:08.560+0000] {processor.py:183} INFO - Processing /home/airflow/.local/lib/python3.12/site-packages/airflow/example_dags/example_latest_only_with_trigger.py took 0.070 seconds
[2024-06-11T22:56:38.885+0000] {processor.py:161} INFO - Started process (PID=1516) to work on /home/airflow/.local/lib/python3.12/site-packages/airflow/example_dags/example_latest_only_with_trigger.py
[2024-06-11T22:56:38.886+0000] {processor.py:830} INFO - Processing file /home/airflow/.local/lib/python3.12/site-packages/airflow/example_dags/example_latest_only_with_trigger.py for tasks to queue
[2024-06-11T22:56:38.888+0000] {logging_mixin.py:188} INFO - [2024-06-11T22:56:38.887+0000] {dagbag.py:545} INFO - Filling up the DagBag from /home/airflow/.local/lib/python3.12/site-packages/airflow/example_dags/example_latest_only_with_trigger.py
[2024-06-11T22:56:38.891+0000] {processor.py:840} INFO - DAG(s) 'latest_only_with_trigger' retrieved from /home/airflow/.local/lib/python3.12/site-packages/airflow/example_dags/example_latest_only_with_trigger.py
[2024-06-11T22:56:38.907+0000] {logging_mixin.py:188} INFO - [2024-06-11T22:56:38.907+0000] {dag.py:3096} INFO - Sync 1 DAGs
[2024-06-11T22:56:38.930+0000] {logging_mixin.py:188} INFO - [2024-06-11T22:56:38.930+0000] {dag.py:3954} INFO - Setting next_dagrun for latest_only_with_trigger to 2024-06-11 16:00:00+00:00, run_after=2024-06-11 20:00:00+00:00
[2024-06-11T22:56:38.955+0000] {processor.py:183} INFO - Processing /home/airflow/.local/lib/python3.12/site-packages/airflow/example_dags/example_latest_only_with_trigger.py took 0.076 seconds
[2024-06-11T22:57:09.204+0000] {processor.py:161} INFO - Started process (PID=1574) to work on /home/airflow/.local/lib/python3.12/site-packages/airflow/example_dags/example_latest_only_with_trigger.py
[2024-06-11T22:57:09.205+0000] {processor.py:830} INFO - Processing file /home/airflow/.local/lib/python3.12/site-packages/airflow/example_dags/example_latest_only_with_trigger.py for tasks to queue
[2024-06-11T22:57:09.207+0000] {logging_mixin.py:188} INFO - [2024-06-11T22:57:09.206+0000] {dagbag.py:545} INFO - Filling up the DagBag from /home/airflow/.local/lib/python3.12/site-packages/airflow/example_dags/example_latest_only_with_trigger.py
[2024-06-11T22:57:09.211+0000] {processor.py:840} INFO - DAG(s) 'latest_only_with_trigger' retrieved from /home/airflow/.local/lib/python3.12/site-packages/airflow/example_dags/example_latest_only_with_trigger.py
[2024-06-11T22:57:09.229+0000] {logging_mixin.py:188} INFO - [2024-06-11T22:57:09.229+0000] {dag.py:3096} INFO - Sync 1 DAGs
[2024-06-11T22:57:09.250+0000] {logging_mixin.py:188} INFO - [2024-06-11T22:57:09.249+0000] {dag.py:3954} INFO - Setting next_dagrun for latest_only_with_trigger to 2024-06-11 16:00:00+00:00, run_after=2024-06-11 20:00:00+00:00
[2024-06-11T22:57:09.269+0000] {processor.py:183} INFO - Processing /home/airflow/.local/lib/python3.12/site-packages/airflow/example_dags/example_latest_only_with_trigger.py took 0.071 seconds
[2024-06-11T22:57:40.276+0000] {processor.py:161} INFO - Started process (PID=1631) to work on /home/airflow/.local/lib/python3.12/site-packages/airflow/example_dags/example_latest_only_with_trigger.py
[2024-06-11T22:57:40.278+0000] {processor.py:830} INFO - Processing file /home/airflow/.local/lib/python3.12/site-packages/airflow/example_dags/example_latest_only_with_trigger.py for tasks to queue
[2024-06-11T22:57:40.287+0000] {logging_mixin.py:188} INFO - [2024-06-11T22:57:40.287+0000] {dagbag.py:545} INFO - Filling up the DagBag from /home/airflow/.local/lib/python3.12/site-packages/airflow/example_dags/example_latest_only_with_trigger.py
[2024-06-11T22:57:40.292+0000] {processor.py:840} INFO - DAG(s) 'latest_only_with_trigger' retrieved from /home/airflow/.local/lib/python3.12/site-packages/airflow/example_dags/example_latest_only_with_trigger.py
[2024-06-11T22:57:40.312+0000] {logging_mixin.py:188} INFO - [2024-06-11T22:57:40.312+0000] {dag.py:3096} INFO - Sync 1 DAGs
[2024-06-11T22:57:40.334+0000] {logging_mixin.py:188} INFO - [2024-06-11T22:57:40.334+0000] {dag.py:3954} INFO - Setting next_dagrun for latest_only_with_trigger to 2024-06-11 16:00:00+00:00, run_after=2024-06-11 20:00:00+00:00
[2024-06-11T22:57:40.356+0000] {processor.py:183} INFO - Processing /home/airflow/.local/lib/python3.12/site-packages/airflow/example_dags/example_latest_only_with_trigger.py took 0.087 seconds
[2024-06-11T22:58:11.536+0000] {processor.py:161} INFO - Started process (PID=1689) to work on /home/airflow/.local/lib/python3.12/site-packages/airflow/example_dags/example_latest_only_with_trigger.py
[2024-06-11T22:58:11.537+0000] {processor.py:830} INFO - Processing file /home/airflow/.local/lib/python3.12/site-packages/airflow/example_dags/example_latest_only_with_trigger.py for tasks to queue
[2024-06-11T22:58:11.540+0000] {logging_mixin.py:188} INFO - [2024-06-11T22:58:11.539+0000] {dagbag.py:545} INFO - Filling up the DagBag from /home/airflow/.local/lib/python3.12/site-packages/airflow/example_dags/example_latest_only_with_trigger.py
[2024-06-11T22:58:11.551+0000] {processor.py:840} INFO - DAG(s) 'latest_only_with_trigger' retrieved from /home/airflow/.local/lib/python3.12/site-packages/airflow/example_dags/example_latest_only_with_trigger.py
[2024-06-11T22:58:11.586+0000] {logging_mixin.py:188} INFO - [2024-06-11T22:58:11.585+0000] {dag.py:3096} INFO - Sync 1 DAGs
[2024-06-11T22:58:11.703+0000] {logging_mixin.py:188} INFO - [2024-06-11T22:58:11.702+0000] {dag.py:3954} INFO - Setting next_dagrun for latest_only_with_trigger to 2024-06-11 16:00:00+00:00, run_after=2024-06-11 20:00:00+00:00
[2024-06-11T22:58:11.834+0000] {processor.py:183} INFO - Processing /home/airflow/.local/lib/python3.12/site-packages/airflow/example_dags/example_latest_only_with_trigger.py took 0.303 seconds
[2024-06-11T22:58:42.057+0000] {processor.py:161} INFO - Started process (PID=1747) to work on /home/airflow/.local/lib/python3.12/site-packages/airflow/example_dags/example_latest_only_with_trigger.py
[2024-06-11T22:58:42.058+0000] {processor.py:830} INFO - Processing file /home/airflow/.local/lib/python3.12/site-packages/airflow/example_dags/example_latest_only_with_trigger.py for tasks to queue
[2024-06-11T22:58:42.060+0000] {logging_mixin.py:188} INFO - [2024-06-11T22:58:42.059+0000] {dagbag.py:545} INFO - Filling up the DagBag from /home/airflow/.local/lib/python3.12/site-packages/airflow/example_dags/example_latest_only_with_trigger.py
[2024-06-11T22:58:42.065+0000] {processor.py:840} INFO - DAG(s) 'latest_only_with_trigger' retrieved from /home/airflow/.local/lib/python3.12/site-packages/airflow/example_dags/example_latest_only_with_trigger.py
[2024-06-11T22:58:42.082+0000] {logging_mixin.py:188} INFO - [2024-06-11T22:58:42.081+0000] {dag.py:3096} INFO - Sync 1 DAGs
[2024-06-11T22:58:42.103+0000] {logging_mixin.py:188} INFO - [2024-06-11T22:58:42.102+0000] {dag.py:3954} INFO - Setting next_dagrun for latest_only_with_trigger to 2024-06-11 16:00:00+00:00, run_after=2024-06-11 20:00:00+00:00
[2024-06-11T22:58:42.122+0000] {processor.py:183} INFO - Processing /home/airflow/.local/lib/python3.12/site-packages/airflow/example_dags/example_latest_only_with_trigger.py took 0.069 seconds
[2024-06-11T22:59:12.357+0000] {processor.py:161} INFO - Started process (PID=1805) to work on /home/airflow/.local/lib/python3.12/site-packages/airflow/example_dags/example_latest_only_with_trigger.py
[2024-06-11T22:59:12.358+0000] {processor.py:830} INFO - Processing file /home/airflow/.local/lib/python3.12/site-packages/airflow/example_dags/example_latest_only_with_trigger.py for tasks to queue
[2024-06-11T22:59:12.361+0000] {logging_mixin.py:188} INFO - [2024-06-11T22:59:12.360+0000] {dagbag.py:545} INFO - Filling up the DagBag from /home/airflow/.local/lib/python3.12/site-packages/airflow/example_dags/example_latest_only_with_trigger.py
[2024-06-11T22:59:12.365+0000] {processor.py:840} INFO - DAG(s) 'latest_only_with_trigger' retrieved from /home/airflow/.local/lib/python3.12/site-packages/airflow/example_dags/example_latest_only_with_trigger.py
[2024-06-11T22:59:12.388+0000] {logging_mixin.py:188} INFO - [2024-06-11T22:59:12.388+0000] {dag.py:3096} INFO - Sync 1 DAGs
[2024-06-11T22:59:12.414+0000] {logging_mixin.py:188} INFO - [2024-06-11T22:59:12.414+0000] {dag.py:3954} INFO - Setting next_dagrun for latest_only_with_trigger to 2024-06-11 16:00:00+00:00, run_after=2024-06-11 20:00:00+00:00
[2024-06-11T22:59:12.444+0000] {processor.py:183} INFO - Processing /home/airflow/.local/lib/python3.12/site-packages/airflow/example_dags/example_latest_only_with_trigger.py took 0.092 seconds
[2024-06-11T22:59:43.246+0000] {processor.py:161} INFO - Started process (PID=1863) to work on /home/airflow/.local/lib/python3.12/site-packages/airflow/example_dags/example_latest_only_with_trigger.py
[2024-06-11T22:59:43.247+0000] {processor.py:830} INFO - Processing file /home/airflow/.local/lib/python3.12/site-packages/airflow/example_dags/example_latest_only_with_trigger.py for tasks to queue
[2024-06-11T22:59:43.249+0000] {logging_mixin.py:188} INFO - [2024-06-11T22:59:43.249+0000] {dagbag.py:545} INFO - Filling up the DagBag from /home/airflow/.local/lib/python3.12/site-packages/airflow/example_dags/example_latest_only_with_trigger.py
[2024-06-11T22:59:43.254+0000] {processor.py:840} INFO - DAG(s) 'latest_only_with_trigger' retrieved from /home/airflow/.local/lib/python3.12/site-packages/airflow/example_dags/example_latest_only_with_trigger.py
[2024-06-11T22:59:43.274+0000] {logging_mixin.py:188} INFO - [2024-06-11T22:59:43.273+0000] {dag.py:3096} INFO - Sync 1 DAGs
[2024-06-11T22:59:43.294+0000] {logging_mixin.py:188} INFO - [2024-06-11T22:59:43.294+0000] {dag.py:3954} INFO - Setting next_dagrun for latest_only_with_trigger to 2024-06-11 16:00:00+00:00, run_after=2024-06-11 20:00:00+00:00
[2024-06-11T22:59:43.313+0000] {processor.py:183} INFO - Processing /home/airflow/.local/lib/python3.12/site-packages/airflow/example_dags/example_latest_only_with_trigger.py took 0.071 seconds
[2024-06-11T23:00:13.904+0000] {processor.py:161} INFO - Started process (PID=1922) to work on /home/airflow/.local/lib/python3.12/site-packages/airflow/example_dags/example_latest_only_with_trigger.py
[2024-06-11T23:00:13.906+0000] {processor.py:830} INFO - Processing file /home/airflow/.local/lib/python3.12/site-packages/airflow/example_dags/example_latest_only_with_trigger.py for tasks to queue
[2024-06-11T23:00:13.909+0000] {logging_mixin.py:188} INFO - [2024-06-11T23:00:13.908+0000] {dagbag.py:545} INFO - Filling up the DagBag from /home/airflow/.local/lib/python3.12/site-packages/airflow/example_dags/example_latest_only_with_trigger.py
[2024-06-11T23:00:13.916+0000] {processor.py:840} INFO - DAG(s) 'latest_only_with_trigger' retrieved from /home/airflow/.local/lib/python3.12/site-packages/airflow/example_dags/example_latest_only_with_trigger.py
[2024-06-11T23:00:14.061+0000] {logging_mixin.py:188} INFO - [2024-06-11T23:00:14.061+0000] {dag.py:3096} INFO - Sync 1 DAGs
[2024-06-11T23:00:14.082+0000] {logging_mixin.py:188} INFO - [2024-06-11T23:00:14.082+0000] {dag.py:3954} INFO - Setting next_dagrun for latest_only_with_trigger to 2024-06-11 16:00:00+00:00, run_after=2024-06-11 20:00:00+00:00
[2024-06-11T23:00:14.108+0000] {processor.py:183} INFO - Processing /home/airflow/.local/lib/python3.12/site-packages/airflow/example_dags/example_latest_only_with_trigger.py took 0.211 seconds
[2024-06-11T23:00:45.293+0000] {processor.py:161} INFO - Started process (PID=1980) to work on /home/airflow/.local/lib/python3.12/site-packages/airflow/example_dags/example_latest_only_with_trigger.py
[2024-06-11T23:00:45.294+0000] {processor.py:830} INFO - Processing file /home/airflow/.local/lib/python3.12/site-packages/airflow/example_dags/example_latest_only_with_trigger.py for tasks to queue
[2024-06-11T23:00:45.296+0000] {logging_mixin.py:188} INFO - [2024-06-11T23:00:45.295+0000] {dagbag.py:545} INFO - Filling up the DagBag from /home/airflow/.local/lib/python3.12/site-packages/airflow/example_dags/example_latest_only_with_trigger.py
[2024-06-11T23:00:45.300+0000] {processor.py:840} INFO - DAG(s) 'latest_only_with_trigger' retrieved from /home/airflow/.local/lib/python3.12/site-packages/airflow/example_dags/example_latest_only_with_trigger.py
[2024-06-11T23:00:45.429+0000] {logging_mixin.py:188} INFO - [2024-06-11T23:00:45.429+0000] {dag.py:3096} INFO - Sync 1 DAGs
[2024-06-11T23:00:45.449+0000] {logging_mixin.py:188} INFO - [2024-06-11T23:00:45.449+0000] {dag.py:3954} INFO - Setting next_dagrun for latest_only_with_trigger to 2024-06-11 16:00:00+00:00, run_after=2024-06-11 20:00:00+00:00
[2024-06-11T23:00:45.475+0000] {processor.py:183} INFO - Processing /home/airflow/.local/lib/python3.12/site-packages/airflow/example_dags/example_latest_only_with_trigger.py took 0.186 seconds
[2024-06-11T23:01:16.449+0000] {processor.py:161} INFO - Started process (PID=2038) to work on /home/airflow/.local/lib/python3.12/site-packages/airflow/example_dags/example_latest_only_with_trigger.py
[2024-06-11T23:01:16.463+0000] {processor.py:830} INFO - Processing file /home/airflow/.local/lib/python3.12/site-packages/airflow/example_dags/example_latest_only_with_trigger.py for tasks to queue
[2024-06-11T23:01:16.470+0000] {logging_mixin.py:188} INFO - [2024-06-11T23:01:16.470+0000] {dagbag.py:545} INFO - Filling up the DagBag from /home/airflow/.local/lib/python3.12/site-packages/airflow/example_dags/example_latest_only_with_trigger.py
[2024-06-11T23:01:16.485+0000] {processor.py:840} INFO - DAG(s) 'latest_only_with_trigger' retrieved from /home/airflow/.local/lib/python3.12/site-packages/airflow/example_dags/example_latest_only_with_trigger.py
[2024-06-11T23:01:16.524+0000] {logging_mixin.py:188} INFO - [2024-06-11T23:01:16.523+0000] {dag.py:3096} INFO - Sync 1 DAGs
[2024-06-11T23:01:16.555+0000] {logging_mixin.py:188} INFO - [2024-06-11T23:01:16.555+0000] {dag.py:3954} INFO - Setting next_dagrun for latest_only_with_trigger to 2024-06-11 16:00:00+00:00, run_after=2024-06-11 20:00:00+00:00
[2024-06-11T23:01:16.575+0000] {processor.py:183} INFO - Processing /home/airflow/.local/lib/python3.12/site-packages/airflow/example_dags/example_latest_only_with_trigger.py took 0.131 seconds
[2024-06-11T23:01:46.923+0000] {processor.py:161} INFO - Started process (PID=2096) to work on /home/airflow/.local/lib/python3.12/site-packages/airflow/example_dags/example_latest_only_with_trigger.py
[2024-06-11T23:01:46.924+0000] {processor.py:830} INFO - Processing file /home/airflow/.local/lib/python3.12/site-packages/airflow/example_dags/example_latest_only_with_trigger.py for tasks to queue
[2024-06-11T23:01:46.926+0000] {logging_mixin.py:188} INFO - [2024-06-11T23:01:46.926+0000] {dagbag.py:545} INFO - Filling up the DagBag from /home/airflow/.local/lib/python3.12/site-packages/airflow/example_dags/example_latest_only_with_trigger.py
[2024-06-11T23:01:46.934+0000] {processor.py:840} INFO - DAG(s) 'latest_only_with_trigger' retrieved from /home/airflow/.local/lib/python3.12/site-packages/airflow/example_dags/example_latest_only_with_trigger.py
[2024-06-11T23:01:46.952+0000] {logging_mixin.py:188} INFO - [2024-06-11T23:01:46.952+0000] {dag.py:3096} INFO - Sync 1 DAGs
[2024-06-11T23:01:46.971+0000] {logging_mixin.py:188} INFO - [2024-06-11T23:01:46.971+0000] {dag.py:3954} INFO - Setting next_dagrun for latest_only_with_trigger to 2024-06-11 16:00:00+00:00, run_after=2024-06-11 20:00:00+00:00
[2024-06-11T23:01:46.990+0000] {processor.py:183} INFO - Processing /home/airflow/.local/lib/python3.12/site-packages/airflow/example_dags/example_latest_only_with_trigger.py took 0.072 seconds
[2024-06-11T23:02:17.898+0000] {processor.py:161} INFO - Started process (PID=2154) to work on /home/airflow/.local/lib/python3.12/site-packages/airflow/example_dags/example_latest_only_with_trigger.py
[2024-06-11T23:02:17.899+0000] {processor.py:830} INFO - Processing file /home/airflow/.local/lib/python3.12/site-packages/airflow/example_dags/example_latest_only_with_trigger.py for tasks to queue
[2024-06-11T23:02:17.900+0000] {logging_mixin.py:188} INFO - [2024-06-11T23:02:17.900+0000] {dagbag.py:545} INFO - Filling up the DagBag from /home/airflow/.local/lib/python3.12/site-packages/airflow/example_dags/example_latest_only_with_trigger.py
[2024-06-11T23:02:17.905+0000] {processor.py:840} INFO - DAG(s) 'latest_only_with_trigger' retrieved from /home/airflow/.local/lib/python3.12/site-packages/airflow/example_dags/example_latest_only_with_trigger.py
[2024-06-11T23:02:17.922+0000] {logging_mixin.py:188} INFO - [2024-06-11T23:02:17.922+0000] {dag.py:3096} INFO - Sync 1 DAGs
[2024-06-11T23:02:17.942+0000] {logging_mixin.py:188} INFO - [2024-06-11T23:02:17.942+0000] {dag.py:3954} INFO - Setting next_dagrun for latest_only_with_trigger to 2024-06-11 16:00:00+00:00, run_after=2024-06-11 20:00:00+00:00
[2024-06-11T23:02:17.959+0000] {processor.py:183} INFO - Processing /home/airflow/.local/lib/python3.12/site-packages/airflow/example_dags/example_latest_only_with_trigger.py took 0.066 seconds
[2024-06-11T23:02:48.292+0000] {processor.py:161} INFO - Started process (PID=2212) to work on /home/airflow/.local/lib/python3.12/site-packages/airflow/example_dags/example_latest_only_with_trigger.py
[2024-06-11T23:02:48.293+0000] {processor.py:830} INFO - Processing file /home/airflow/.local/lib/python3.12/site-packages/airflow/example_dags/example_latest_only_with_trigger.py for tasks to queue
[2024-06-11T23:02:48.295+0000] {logging_mixin.py:188} INFO - [2024-06-11T23:02:48.295+0000] {dagbag.py:545} INFO - Filling up the DagBag from /home/airflow/.local/lib/python3.12/site-packages/airflow/example_dags/example_latest_only_with_trigger.py
[2024-06-11T23:02:48.300+0000] {processor.py:840} INFO - DAG(s) 'latest_only_with_trigger' retrieved from /home/airflow/.local/lib/python3.12/site-packages/airflow/example_dags/example_latest_only_with_trigger.py
[2024-06-11T23:02:48.321+0000] {logging_mixin.py:188} INFO - [2024-06-11T23:02:48.321+0000] {dag.py:3096} INFO - Sync 1 DAGs
[2024-06-11T23:02:48.341+0000] {logging_mixin.py:188} INFO - [2024-06-11T23:02:48.341+0000] {dag.py:3954} INFO - Setting next_dagrun for latest_only_with_trigger to 2024-06-11 16:00:00+00:00, run_after=2024-06-11 20:00:00+00:00
[2024-06-11T23:02:48.359+0000] {processor.py:183} INFO - Processing /home/airflow/.local/lib/python3.12/site-packages/airflow/example_dags/example_latest_only_with_trigger.py took 0.072 seconds
[2024-06-11T23:03:19.632+0000] {processor.py:161} INFO - Started process (PID=2270) to work on /home/airflow/.local/lib/python3.12/site-packages/airflow/example_dags/example_latest_only_with_trigger.py
[2024-06-11T23:03:19.633+0000] {processor.py:830} INFO - Processing file /home/airflow/.local/lib/python3.12/site-packages/airflow/example_dags/example_latest_only_with_trigger.py for tasks to queue
[2024-06-11T23:03:19.635+0000] {logging_mixin.py:188} INFO - [2024-06-11T23:03:19.635+0000] {dagbag.py:545} INFO - Filling up the DagBag from /home/airflow/.local/lib/python3.12/site-packages/airflow/example_dags/example_latest_only_with_trigger.py
[2024-06-11T23:03:19.640+0000] {processor.py:840} INFO - DAG(s) 'latest_only_with_trigger' retrieved from /home/airflow/.local/lib/python3.12/site-packages/airflow/example_dags/example_latest_only_with_trigger.py
[2024-06-11T23:03:19.659+0000] {logging_mixin.py:188} INFO - [2024-06-11T23:03:19.659+0000] {dag.py:3096} INFO - Sync 1 DAGs
[2024-06-11T23:03:19.679+0000] {logging_mixin.py:188} INFO - [2024-06-11T23:03:19.678+0000] {dag.py:3954} INFO - Setting next_dagrun for latest_only_with_trigger to 2024-06-11 16:00:00+00:00, run_after=2024-06-11 20:00:00+00:00
[2024-06-11T23:03:19.763+0000] {processor.py:183} INFO - Processing /home/airflow/.local/lib/python3.12/site-packages/airflow/example_dags/example_latest_only_with_trigger.py took 0.137 seconds
[2024-06-11T23:03:50.003+0000] {processor.py:161} INFO - Started process (PID=2328) to work on /home/airflow/.local/lib/python3.12/site-packages/airflow/example_dags/example_latest_only_with_trigger.py
[2024-06-11T23:03:50.005+0000] {processor.py:830} INFO - Processing file /home/airflow/.local/lib/python3.12/site-packages/airflow/example_dags/example_latest_only_with_trigger.py for tasks to queue
[2024-06-11T23:03:50.007+0000] {logging_mixin.py:188} INFO - [2024-06-11T23:03:50.007+0000] {dagbag.py:545} INFO - Filling up the DagBag from /home/airflow/.local/lib/python3.12/site-packages/airflow/example_dags/example_latest_only_with_trigger.py
[2024-06-11T23:03:50.012+0000] {processor.py:840} INFO - DAG(s) 'latest_only_with_trigger' retrieved from /home/airflow/.local/lib/python3.12/site-packages/airflow/example_dags/example_latest_only_with_trigger.py
[2024-06-11T23:03:50.031+0000] {logging_mixin.py:188} INFO - [2024-06-11T23:03:50.031+0000] {dag.py:3096} INFO - Sync 1 DAGs
[2024-06-11T23:03:50.052+0000] {logging_mixin.py:188} INFO - [2024-06-11T23:03:50.052+0000] {dag.py:3954} INFO - Setting next_dagrun for latest_only_with_trigger to 2024-06-11 16:00:00+00:00, run_after=2024-06-11 20:00:00+00:00
[2024-06-11T23:03:50.121+0000] {processor.py:183} INFO - Processing /home/airflow/.local/lib/python3.12/site-packages/airflow/example_dags/example_latest_only_with_trigger.py took 0.123 seconds
[2024-06-11T23:04:20.546+0000] {processor.py:161} INFO - Started process (PID=2386) to work on /home/airflow/.local/lib/python3.12/site-packages/airflow/example_dags/example_latest_only_with_trigger.py
[2024-06-11T23:04:20.547+0000] {processor.py:830} INFO - Processing file /home/airflow/.local/lib/python3.12/site-packages/airflow/example_dags/example_latest_only_with_trigger.py for tasks to queue
[2024-06-11T23:04:20.549+0000] {logging_mixin.py:188} INFO - [2024-06-11T23:04:20.549+0000] {dagbag.py:545} INFO - Filling up the DagBag from /home/airflow/.local/lib/python3.12/site-packages/airflow/example_dags/example_latest_only_with_trigger.py
[2024-06-11T23:04:20.554+0000] {processor.py:840} INFO - DAG(s) 'latest_only_with_trigger' retrieved from /home/airflow/.local/lib/python3.12/site-packages/airflow/example_dags/example_latest_only_with_trigger.py
[2024-06-11T23:04:20.572+0000] {logging_mixin.py:188} INFO - [2024-06-11T23:04:20.571+0000] {dag.py:3096} INFO - Sync 1 DAGs
[2024-06-11T23:04:20.591+0000] {logging_mixin.py:188} INFO - [2024-06-11T23:04:20.590+0000] {dag.py:3954} INFO - Setting next_dagrun for latest_only_with_trigger to 2024-06-11 16:00:00+00:00, run_after=2024-06-11 20:00:00+00:00
[2024-06-11T23:04:20.608+0000] {processor.py:183} INFO - Processing /home/airflow/.local/lib/python3.12/site-packages/airflow/example_dags/example_latest_only_with_trigger.py took 0.066 seconds
[2024-06-11T23:04:50.806+0000] {processor.py:161} INFO - Started process (PID=2445) to work on /home/airflow/.local/lib/python3.12/site-packages/airflow/example_dags/example_latest_only_with_trigger.py
[2024-06-11T23:04:50.807+0000] {processor.py:830} INFO - Processing file /home/airflow/.local/lib/python3.12/site-packages/airflow/example_dags/example_latest_only_with_trigger.py for tasks to queue
[2024-06-11T23:04:50.809+0000] {logging_mixin.py:188} INFO - [2024-06-11T23:04:50.809+0000] {dagbag.py:545} INFO - Filling up the DagBag from /home/airflow/.local/lib/python3.12/site-packages/airflow/example_dags/example_latest_only_with_trigger.py
[2024-06-11T23:04:50.814+0000] {processor.py:840} INFO - DAG(s) 'latest_only_with_trigger' retrieved from /home/airflow/.local/lib/python3.12/site-packages/airflow/example_dags/example_latest_only_with_trigger.py
[2024-06-11T23:04:50.831+0000] {logging_mixin.py:188} INFO - [2024-06-11T23:04:50.831+0000] {dag.py:3096} INFO - Sync 1 DAGs
[2024-06-11T23:04:50.849+0000] {logging_mixin.py:188} INFO - [2024-06-11T23:04:50.849+0000] {dag.py:3954} INFO - Setting next_dagrun for latest_only_with_trigger to 2024-06-11 16:00:00+00:00, run_after=2024-06-11 20:00:00+00:00
[2024-06-11T23:04:50.866+0000] {processor.py:183} INFO - Processing /home/airflow/.local/lib/python3.12/site-packages/airflow/example_dags/example_latest_only_with_trigger.py took 0.066 seconds
[2024-06-11T23:05:21.449+0000] {processor.py:161} INFO - Started process (PID=2503) to work on /home/airflow/.local/lib/python3.12/site-packages/airflow/example_dags/example_latest_only_with_trigger.py
[2024-06-11T23:05:21.450+0000] {processor.py:830} INFO - Processing file /home/airflow/.local/lib/python3.12/site-packages/airflow/example_dags/example_latest_only_with_trigger.py for tasks to queue
[2024-06-11T23:05:21.451+0000] {logging_mixin.py:188} INFO - [2024-06-11T23:05:21.451+0000] {dagbag.py:545} INFO - Filling up the DagBag from /home/airflow/.local/lib/python3.12/site-packages/airflow/example_dags/example_latest_only_with_trigger.py
[2024-06-11T23:05:21.457+0000] {processor.py:840} INFO - DAG(s) 'latest_only_with_trigger' retrieved from /home/airflow/.local/lib/python3.12/site-packages/airflow/example_dags/example_latest_only_with_trigger.py
[2024-06-11T23:05:21.477+0000] {logging_mixin.py:188} INFO - [2024-06-11T23:05:21.477+0000] {dag.py:3096} INFO - Sync 1 DAGs
[2024-06-11T23:05:21.497+0000] {logging_mixin.py:188} INFO - [2024-06-11T23:05:21.497+0000] {dag.py:3954} INFO - Setting next_dagrun for latest_only_with_trigger to 2024-06-11 16:00:00+00:00, run_after=2024-06-11 20:00:00+00:00
[2024-06-11T23:05:21.514+0000] {processor.py:183} INFO - Processing /home/airflow/.local/lib/python3.12/site-packages/airflow/example_dags/example_latest_only_with_trigger.py took 0.070 seconds
[2024-06-11T23:05:51.643+0000] {processor.py:161} INFO - Started process (PID=2561) to work on /home/airflow/.local/lib/python3.12/site-packages/airflow/example_dags/example_latest_only_with_trigger.py
[2024-06-11T23:05:51.645+0000] {processor.py:830} INFO - Processing file /home/airflow/.local/lib/python3.12/site-packages/airflow/example_dags/example_latest_only_with_trigger.py for tasks to queue
[2024-06-11T23:05:51.646+0000] {logging_mixin.py:188} INFO - [2024-06-11T23:05:51.646+0000] {dagbag.py:545} INFO - Filling up the DagBag from /home/airflow/.local/lib/python3.12/site-packages/airflow/example_dags/example_latest_only_with_trigger.py
[2024-06-11T23:05:51.651+0000] {processor.py:840} INFO - DAG(s) 'latest_only_with_trigger' retrieved from /home/airflow/.local/lib/python3.12/site-packages/airflow/example_dags/example_latest_only_with_trigger.py
[2024-06-11T23:05:51.669+0000] {logging_mixin.py:188} INFO - [2024-06-11T23:05:51.669+0000] {dag.py:3096} INFO - Sync 1 DAGs
[2024-06-11T23:05:51.687+0000] {logging_mixin.py:188} INFO - [2024-06-11T23:05:51.687+0000] {dag.py:3954} INFO - Setting next_dagrun for latest_only_with_trigger to 2024-06-11 16:00:00+00:00, run_after=2024-06-11 20:00:00+00:00
[2024-06-11T23:05:51.704+0000] {processor.py:183} INFO - Processing /home/airflow/.local/lib/python3.12/site-packages/airflow/example_dags/example_latest_only_with_trigger.py took 0.069 seconds
[2024-06-11T23:06:21.885+0000] {processor.py:161} INFO - Started process (PID=2619) to work on /home/airflow/.local/lib/python3.12/site-packages/airflow/example_dags/example_latest_only_with_trigger.py
[2024-06-11T23:06:21.886+0000] {processor.py:830} INFO - Processing file /home/airflow/.local/lib/python3.12/site-packages/airflow/example_dags/example_latest_only_with_trigger.py for tasks to queue
[2024-06-11T23:06:21.888+0000] {logging_mixin.py:188} INFO - [2024-06-11T23:06:21.888+0000] {dagbag.py:545} INFO - Filling up the DagBag from /home/airflow/.local/lib/python3.12/site-packages/airflow/example_dags/example_latest_only_with_trigger.py
[2024-06-11T23:06:21.893+0000] {processor.py:840} INFO - DAG(s) 'latest_only_with_trigger' retrieved from /home/airflow/.local/lib/python3.12/site-packages/airflow/example_dags/example_latest_only_with_trigger.py
[2024-06-11T23:06:21.912+0000] {logging_mixin.py:188} INFO - [2024-06-11T23:06:21.912+0000] {dag.py:3096} INFO - Sync 1 DAGs
[2024-06-11T23:06:21.931+0000] {logging_mixin.py:188} INFO - [2024-06-11T23:06:21.931+0000] {dag.py:3954} INFO - Setting next_dagrun for latest_only_with_trigger to 2024-06-11 16:00:00+00:00, run_after=2024-06-11 20:00:00+00:00
[2024-06-11T23:06:21.951+0000] {processor.py:183} INFO - Processing /home/airflow/.local/lib/python3.12/site-packages/airflow/example_dags/example_latest_only_with_trigger.py took 0.071 seconds
[2024-06-11T23:06:52.403+0000] {processor.py:161} INFO - Started process (PID=2677) to work on /home/airflow/.local/lib/python3.12/site-packages/airflow/example_dags/example_latest_only_with_trigger.py
[2024-06-11T23:06:52.410+0000] {processor.py:830} INFO - Processing file /home/airflow/.local/lib/python3.12/site-packages/airflow/example_dags/example_latest_only_with_trigger.py for tasks to queue
[2024-06-11T23:06:52.411+0000] {logging_mixin.py:188} INFO - [2024-06-11T23:06:52.411+0000] {dagbag.py:545} INFO - Filling up the DagBag from /home/airflow/.local/lib/python3.12/site-packages/airflow/example_dags/example_latest_only_with_trigger.py
[2024-06-11T23:06:52.416+0000] {processor.py:840} INFO - DAG(s) 'latest_only_with_trigger' retrieved from /home/airflow/.local/lib/python3.12/site-packages/airflow/example_dags/example_latest_only_with_trigger.py
[2024-06-11T23:06:52.433+0000] {logging_mixin.py:188} INFO - [2024-06-11T23:06:52.433+0000] {dag.py:3096} INFO - Sync 1 DAGs
[2024-06-11T23:06:52.452+0000] {logging_mixin.py:188} INFO - [2024-06-11T23:06:52.452+0000] {dag.py:3954} INFO - Setting next_dagrun for latest_only_with_trigger to 2024-06-11 16:00:00+00:00, run_after=2024-06-11 20:00:00+00:00
[2024-06-11T23:06:52.468+0000] {processor.py:183} INFO - Processing /home/airflow/.local/lib/python3.12/site-packages/airflow/example_dags/example_latest_only_with_trigger.py took 0.069 seconds
