[2024-06-11T22:43:51.615+0000] {processor.py:161} INFO - Started process (PID=80) to work on /home/airflow/.local/lib/python3.12/site-packages/airflow/example_dags/example_short_circuit_operator.py
[2024-06-11T22:43:51.616+0000] {processor.py:830} INFO - Processing file /home/airflow/.local/lib/python3.12/site-packages/airflow/example_dags/example_short_circuit_operator.py for tasks to queue
[2024-06-11T22:43:51.618+0000] {logging_mixin.py:188} INFO - [2024-06-11T22:43:51.617+0000] {dagbag.py:545} INFO - Filling up the DagBag from /home/airflow/.local/lib/python3.12/site-packages/airflow/example_dags/example_short_circuit_operator.py
[2024-06-11T22:43:51.624+0000] {processor.py:840} INFO - DAG(s) 'example_short_circuit_operator' retrieved from /home/airflow/.local/lib/python3.12/site-packages/airflow/example_dags/example_short_circuit_operator.py
[2024-06-11T22:43:51.634+0000] {logging_mixin.py:188} INFO - [2024-06-11T22:43:51.634+0000] {dag.py:3096} INFO - Sync 1 DAGs
[2024-06-11T22:43:51.654+0000] {logging_mixin.py:188} INFO - [2024-06-11T22:43:51.654+0000] {dag.py:3954} INFO - Setting next_dagrun for example_short_circuit_operator to 2024-06-10 00:00:00+00:00, run_after=2024-06-11 00:00:00+00:00
[2024-06-11T22:43:51.671+0000] {processor.py:183} INFO - Processing /home/airflow/.local/lib/python3.12/site-packages/airflow/example_dags/example_short_circuit_operator.py took 0.061 seconds
[2024-06-11T22:44:22.684+0000] {processor.py:161} INFO - Started process (PID=138) to work on /home/airflow/.local/lib/python3.12/site-packages/airflow/example_dags/example_short_circuit_operator.py
[2024-06-11T22:44:22.685+0000] {processor.py:830} INFO - Processing file /home/airflow/.local/lib/python3.12/site-packages/airflow/example_dags/example_short_circuit_operator.py for tasks to queue
[2024-06-11T22:44:22.686+0000] {logging_mixin.py:188} INFO - [2024-06-11T22:44:22.686+0000] {dagbag.py:545} INFO - Filling up the DagBag from /home/airflow/.local/lib/python3.12/site-packages/airflow/example_dags/example_short_circuit_operator.py
[2024-06-11T22:44:22.691+0000] {processor.py:840} INFO - DAG(s) 'example_short_circuit_operator' retrieved from /home/airflow/.local/lib/python3.12/site-packages/airflow/example_dags/example_short_circuit_operator.py
[2024-06-11T22:44:22.759+0000] {logging_mixin.py:188} INFO - [2024-06-11T22:44:22.759+0000] {dag.py:3096} INFO - Sync 1 DAGs
[2024-06-11T22:44:22.773+0000] {logging_mixin.py:188} INFO - [2024-06-11T22:44:22.773+0000] {dag.py:3954} INFO - Setting next_dagrun for example_short_circuit_operator to 2024-06-10 00:00:00+00:00, run_after=2024-06-11 00:00:00+00:00
[2024-06-11T22:44:22.788+0000] {processor.py:183} INFO - Processing /home/airflow/.local/lib/python3.12/site-packages/airflow/example_dags/example_short_circuit_operator.py took 0.108 seconds
[2024-06-11T22:44:53.282+0000] {processor.py:161} INFO - Started process (PID=196) to work on /home/airflow/.local/lib/python3.12/site-packages/airflow/example_dags/example_short_circuit_operator.py
[2024-06-11T22:44:53.283+0000] {processor.py:830} INFO - Processing file /home/airflow/.local/lib/python3.12/site-packages/airflow/example_dags/example_short_circuit_operator.py for tasks to queue
[2024-06-11T22:44:53.285+0000] {logging_mixin.py:188} INFO - [2024-06-11T22:44:53.284+0000] {dagbag.py:545} INFO - Filling up the DagBag from /home/airflow/.local/lib/python3.12/site-packages/airflow/example_dags/example_short_circuit_operator.py
[2024-06-11T22:44:53.290+0000] {processor.py:840} INFO - DAG(s) 'example_short_circuit_operator' retrieved from /home/airflow/.local/lib/python3.12/site-packages/airflow/example_dags/example_short_circuit_operator.py
[2024-06-11T22:44:53.307+0000] {logging_mixin.py:188} INFO - [2024-06-11T22:44:53.306+0000] {dag.py:3096} INFO - Sync 1 DAGs
[2024-06-11T22:44:53.323+0000] {logging_mixin.py:188} INFO - [2024-06-11T22:44:53.323+0000] {dag.py:3954} INFO - Setting next_dagrun for example_short_circuit_operator to 2024-06-10 00:00:00+00:00, run_after=2024-06-11 00:00:00+00:00
[2024-06-11T22:44:53.340+0000] {processor.py:183} INFO - Processing /home/airflow/.local/lib/python3.12/site-packages/airflow/example_dags/example_short_circuit_operator.py took 0.062 seconds
[2024-06-11T22:45:23.892+0000] {processor.py:161} INFO - Started process (PID=255) to work on /home/airflow/.local/lib/python3.12/site-packages/airflow/example_dags/example_short_circuit_operator.py
[2024-06-11T22:45:23.893+0000] {processor.py:830} INFO - Processing file /home/airflow/.local/lib/python3.12/site-packages/airflow/example_dags/example_short_circuit_operator.py for tasks to queue
[2024-06-11T22:45:23.895+0000] {logging_mixin.py:188} INFO - [2024-06-11T22:45:23.895+0000] {dagbag.py:545} INFO - Filling up the DagBag from /home/airflow/.local/lib/python3.12/site-packages/airflow/example_dags/example_short_circuit_operator.py
[2024-06-11T22:45:23.901+0000] {processor.py:840} INFO - DAG(s) 'example_short_circuit_operator' retrieved from /home/airflow/.local/lib/python3.12/site-packages/airflow/example_dags/example_short_circuit_operator.py
[2024-06-11T22:45:23.922+0000] {logging_mixin.py:188} INFO - [2024-06-11T22:45:23.922+0000] {dag.py:3096} INFO - Sync 1 DAGs
[2024-06-11T22:45:23.941+0000] {logging_mixin.py:188} INFO - [2024-06-11T22:45:23.941+0000] {dag.py:3954} INFO - Setting next_dagrun for example_short_circuit_operator to 2024-06-10 00:00:00+00:00, run_after=2024-06-11 00:00:00+00:00
[2024-06-11T22:45:23.959+0000] {processor.py:183} INFO - Processing /home/airflow/.local/lib/python3.12/site-packages/airflow/example_dags/example_short_circuit_operator.py took 0.071 seconds
[2024-06-11T22:45:54.618+0000] {processor.py:161} INFO - Started process (PID=313) to work on /home/airflow/.local/lib/python3.12/site-packages/airflow/example_dags/example_short_circuit_operator.py
[2024-06-11T22:45:54.619+0000] {processor.py:830} INFO - Processing file /home/airflow/.local/lib/python3.12/site-packages/airflow/example_dags/example_short_circuit_operator.py for tasks to queue
[2024-06-11T22:45:54.621+0000] {logging_mixin.py:188} INFO - [2024-06-11T22:45:54.621+0000] {dagbag.py:545} INFO - Filling up the DagBag from /home/airflow/.local/lib/python3.12/site-packages/airflow/example_dags/example_short_circuit_operator.py
[2024-06-11T22:45:54.627+0000] {processor.py:840} INFO - DAG(s) 'example_short_circuit_operator' retrieved from /home/airflow/.local/lib/python3.12/site-packages/airflow/example_dags/example_short_circuit_operator.py
[2024-06-11T22:45:54.646+0000] {logging_mixin.py:188} INFO - [2024-06-11T22:45:54.646+0000] {dag.py:3096} INFO - Sync 1 DAGs
[2024-06-11T22:45:54.666+0000] {logging_mixin.py:188} INFO - [2024-06-11T22:45:54.665+0000] {dag.py:3954} INFO - Setting next_dagrun for example_short_circuit_operator to 2024-06-10 00:00:00+00:00, run_after=2024-06-11 00:00:00+00:00
[2024-06-11T22:45:54.683+0000] {processor.py:183} INFO - Processing /home/airflow/.local/lib/python3.12/site-packages/airflow/example_dags/example_short_circuit_operator.py took 0.070 seconds
[2024-06-11T22:46:25.971+0000] {processor.py:161} INFO - Started process (PID=371) to work on /home/airflow/.local/lib/python3.12/site-packages/airflow/example_dags/example_short_circuit_operator.py
[2024-06-11T22:46:25.975+0000] {processor.py:830} INFO - Processing file /home/airflow/.local/lib/python3.12/site-packages/airflow/example_dags/example_short_circuit_operator.py for tasks to queue
[2024-06-11T22:46:25.983+0000] {logging_mixin.py:188} INFO - [2024-06-11T22:46:25.982+0000] {dagbag.py:545} INFO - Filling up the DagBag from /home/airflow/.local/lib/python3.12/site-packages/airflow/example_dags/example_short_circuit_operator.py
[2024-06-11T22:46:25.989+0000] {processor.py:840} INFO - DAG(s) 'example_short_circuit_operator' retrieved from /home/airflow/.local/lib/python3.12/site-packages/airflow/example_dags/example_short_circuit_operator.py
[2024-06-11T22:46:26.012+0000] {logging_mixin.py:188} INFO - [2024-06-11T22:46:26.011+0000] {dag.py:3096} INFO - Sync 1 DAGs
[2024-06-11T22:46:26.031+0000] {logging_mixin.py:188} INFO - [2024-06-11T22:46:26.030+0000] {dag.py:3954} INFO - Setting next_dagrun for example_short_circuit_operator to 2024-06-10 00:00:00+00:00, run_after=2024-06-11 00:00:00+00:00
[2024-06-11T22:46:26.050+0000] {processor.py:183} INFO - Processing /home/airflow/.local/lib/python3.12/site-packages/airflow/example_dags/example_short_circuit_operator.py took 0.085 seconds
[2024-06-11T22:46:56.828+0000] {processor.py:161} INFO - Started process (PID=429) to work on /home/airflow/.local/lib/python3.12/site-packages/airflow/example_dags/example_short_circuit_operator.py
[2024-06-11T22:46:56.829+0000] {processor.py:830} INFO - Processing file /home/airflow/.local/lib/python3.12/site-packages/airflow/example_dags/example_short_circuit_operator.py for tasks to queue
[2024-06-11T22:46:56.831+0000] {logging_mixin.py:188} INFO - [2024-06-11T22:46:56.830+0000] {dagbag.py:545} INFO - Filling up the DagBag from /home/airflow/.local/lib/python3.12/site-packages/airflow/example_dags/example_short_circuit_operator.py
[2024-06-11T22:46:56.837+0000] {processor.py:840} INFO - DAG(s) 'example_short_circuit_operator' retrieved from /home/airflow/.local/lib/python3.12/site-packages/airflow/example_dags/example_short_circuit_operator.py
[2024-06-11T22:46:56.856+0000] {logging_mixin.py:188} INFO - [2024-06-11T22:46:56.856+0000] {dag.py:3096} INFO - Sync 1 DAGs
[2024-06-11T22:46:56.875+0000] {logging_mixin.py:188} INFO - [2024-06-11T22:46:56.875+0000] {dag.py:3954} INFO - Setting next_dagrun for example_short_circuit_operator to 2024-06-10 00:00:00+00:00, run_after=2024-06-11 00:00:00+00:00
[2024-06-11T22:46:56.908+0000] {processor.py:183} INFO - Processing /home/airflow/.local/lib/python3.12/site-packages/airflow/example_dags/example_short_circuit_operator.py took 0.084 seconds
[2024-06-11T22:47:27.034+0000] {processor.py:161} INFO - Started process (PID=486) to work on /home/airflow/.local/lib/python3.12/site-packages/airflow/example_dags/example_short_circuit_operator.py
[2024-06-11T22:47:27.036+0000] {processor.py:830} INFO - Processing file /home/airflow/.local/lib/python3.12/site-packages/airflow/example_dags/example_short_circuit_operator.py for tasks to queue
[2024-06-11T22:47:27.038+0000] {logging_mixin.py:188} INFO - [2024-06-11T22:47:27.038+0000] {dagbag.py:545} INFO - Filling up the DagBag from /home/airflow/.local/lib/python3.12/site-packages/airflow/example_dags/example_short_circuit_operator.py
[2024-06-11T22:47:27.044+0000] {processor.py:840} INFO - DAG(s) 'example_short_circuit_operator' retrieved from /home/airflow/.local/lib/python3.12/site-packages/airflow/example_dags/example_short_circuit_operator.py
[2024-06-11T22:47:27.063+0000] {logging_mixin.py:188} INFO - [2024-06-11T22:47:27.063+0000] {dag.py:3096} INFO - Sync 1 DAGs
[2024-06-11T22:47:27.081+0000] {logging_mixin.py:188} INFO - [2024-06-11T22:47:27.080+0000] {dag.py:3954} INFO - Setting next_dagrun for example_short_circuit_operator to 2024-06-10 00:00:00+00:00, run_after=2024-06-11 00:00:00+00:00
[2024-06-11T22:47:27.099+0000] {processor.py:183} INFO - Processing /home/airflow/.local/lib/python3.12/site-packages/airflow/example_dags/example_short_circuit_operator.py took 0.070 seconds
[2024-06-11T22:47:57.352+0000] {processor.py:161} INFO - Started process (PID=545) to work on /home/airflow/.local/lib/python3.12/site-packages/airflow/example_dags/example_short_circuit_operator.py
[2024-06-11T22:47:57.353+0000] {processor.py:830} INFO - Processing file /home/airflow/.local/lib/python3.12/site-packages/airflow/example_dags/example_short_circuit_operator.py for tasks to queue
[2024-06-11T22:47:57.355+0000] {logging_mixin.py:188} INFO - [2024-06-11T22:47:57.355+0000] {dagbag.py:545} INFO - Filling up the DagBag from /home/airflow/.local/lib/python3.12/site-packages/airflow/example_dags/example_short_circuit_operator.py
[2024-06-11T22:47:57.367+0000] {processor.py:840} INFO - DAG(s) 'example_short_circuit_operator' retrieved from /home/airflow/.local/lib/python3.12/site-packages/airflow/example_dags/example_short_circuit_operator.py
[2024-06-11T22:47:57.390+0000] {logging_mixin.py:188} INFO - [2024-06-11T22:47:57.389+0000] {dag.py:3096} INFO - Sync 1 DAGs
[2024-06-11T22:47:57.409+0000] {logging_mixin.py:188} INFO - [2024-06-11T22:47:57.408+0000] {dag.py:3954} INFO - Setting next_dagrun for example_short_circuit_operator to 2024-06-10 00:00:00+00:00, run_after=2024-06-11 00:00:00+00:00
[2024-06-11T22:47:57.428+0000] {processor.py:183} INFO - Processing /home/airflow/.local/lib/python3.12/site-packages/airflow/example_dags/example_short_circuit_operator.py took 0.081 seconds
[2024-06-11T22:48:30.189+0000] {processor.py:161} INFO - Started process (PID=603) to work on /home/airflow/.local/lib/python3.12/site-packages/airflow/example_dags/example_short_circuit_operator.py
[2024-06-11T22:48:30.190+0000] {processor.py:830} INFO - Processing file /home/airflow/.local/lib/python3.12/site-packages/airflow/example_dags/example_short_circuit_operator.py for tasks to queue
[2024-06-11T22:48:30.196+0000] {logging_mixin.py:188} INFO - [2024-06-11T22:48:30.195+0000] {dagbag.py:545} INFO - Filling up the DagBag from /home/airflow/.local/lib/python3.12/site-packages/airflow/example_dags/example_short_circuit_operator.py
[2024-06-11T22:48:30.204+0000] {processor.py:840} INFO - DAG(s) 'example_short_circuit_operator' retrieved from /home/airflow/.local/lib/python3.12/site-packages/airflow/example_dags/example_short_circuit_operator.py
[2024-06-11T22:48:30.228+0000] {logging_mixin.py:188} INFO - [2024-06-11T22:48:30.227+0000] {dag.py:3096} INFO - Sync 1 DAGs
[2024-06-11T22:48:30.245+0000] {logging_mixin.py:188} INFO - [2024-06-11T22:48:30.245+0000] {dag.py:3954} INFO - Setting next_dagrun for example_short_circuit_operator to 2024-06-10 00:00:00+00:00, run_after=2024-06-11 00:00:00+00:00
[2024-06-11T22:48:30.262+0000] {processor.py:183} INFO - Processing /home/airflow/.local/lib/python3.12/site-packages/airflow/example_dags/example_short_circuit_operator.py took 0.077 seconds
[2024-06-11T22:49:00.860+0000] {processor.py:161} INFO - Started process (PID=667) to work on /home/airflow/.local/lib/python3.12/site-packages/airflow/example_dags/example_short_circuit_operator.py
[2024-06-11T22:49:00.862+0000] {processor.py:830} INFO - Processing file /home/airflow/.local/lib/python3.12/site-packages/airflow/example_dags/example_short_circuit_operator.py for tasks to queue
[2024-06-11T22:49:00.864+0000] {logging_mixin.py:188} INFO - [2024-06-11T22:49:00.863+0000] {dagbag.py:545} INFO - Filling up the DagBag from /home/airflow/.local/lib/python3.12/site-packages/airflow/example_dags/example_short_circuit_operator.py
[2024-06-11T22:49:00.870+0000] {processor.py:840} INFO - DAG(s) 'example_short_circuit_operator' retrieved from /home/airflow/.local/lib/python3.12/site-packages/airflow/example_dags/example_short_circuit_operator.py
[2024-06-11T22:49:00.890+0000] {logging_mixin.py:188} INFO - [2024-06-11T22:49:00.889+0000] {dag.py:3096} INFO - Sync 1 DAGs
[2024-06-11T22:49:00.909+0000] {logging_mixin.py:188} INFO - [2024-06-11T22:49:00.909+0000] {dag.py:3954} INFO - Setting next_dagrun for example_short_circuit_operator to 2024-06-10 00:00:00+00:00, run_after=2024-06-11 00:00:00+00:00
[2024-06-11T22:49:00.927+0000] {processor.py:183} INFO - Processing /home/airflow/.local/lib/python3.12/site-packages/airflow/example_dags/example_short_circuit_operator.py took 0.072 seconds
[2024-06-11T22:49:31.979+0000] {processor.py:161} INFO - Started process (PID=725) to work on /home/airflow/.local/lib/python3.12/site-packages/airflow/example_dags/example_short_circuit_operator.py
[2024-06-11T22:49:31.980+0000] {processor.py:830} INFO - Processing file /home/airflow/.local/lib/python3.12/site-packages/airflow/example_dags/example_short_circuit_operator.py for tasks to queue
[2024-06-11T22:49:31.982+0000] {logging_mixin.py:188} INFO - [2024-06-11T22:49:31.982+0000] {dagbag.py:545} INFO - Filling up the DagBag from /home/airflow/.local/lib/python3.12/site-packages/airflow/example_dags/example_short_circuit_operator.py
[2024-06-11T22:49:31.988+0000] {processor.py:840} INFO - DAG(s) 'example_short_circuit_operator' retrieved from /home/airflow/.local/lib/python3.12/site-packages/airflow/example_dags/example_short_circuit_operator.py
[2024-06-11T22:49:32.007+0000] {logging_mixin.py:188} INFO - [2024-06-11T22:49:32.006+0000] {dag.py:3096} INFO - Sync 1 DAGs
[2024-06-11T22:49:32.026+0000] {logging_mixin.py:188} INFO - [2024-06-11T22:49:32.025+0000] {dag.py:3954} INFO - Setting next_dagrun for example_short_circuit_operator to 2024-06-10 00:00:00+00:00, run_after=2024-06-11 00:00:00+00:00
[2024-06-11T22:49:32.045+0000] {processor.py:183} INFO - Processing /home/airflow/.local/lib/python3.12/site-packages/airflow/example_dags/example_short_circuit_operator.py took 0.071 seconds
[2024-06-11T22:50:02.779+0000] {processor.py:161} INFO - Started process (PID=783) to work on /home/airflow/.local/lib/python3.12/site-packages/airflow/example_dags/example_short_circuit_operator.py
[2024-06-11T22:50:02.780+0000] {processor.py:830} INFO - Processing file /home/airflow/.local/lib/python3.12/site-packages/airflow/example_dags/example_short_circuit_operator.py for tasks to queue
[2024-06-11T22:50:02.781+0000] {logging_mixin.py:188} INFO - [2024-06-11T22:50:02.781+0000] {dagbag.py:545} INFO - Filling up the DagBag from /home/airflow/.local/lib/python3.12/site-packages/airflow/example_dags/example_short_circuit_operator.py
[2024-06-11T22:50:02.795+0000] {processor.py:840} INFO - DAG(s) 'example_short_circuit_operator' retrieved from /home/airflow/.local/lib/python3.12/site-packages/airflow/example_dags/example_short_circuit_operator.py
[2024-06-11T22:50:02.823+0000] {logging_mixin.py:188} INFO - [2024-06-11T22:50:02.823+0000] {dag.py:3096} INFO - Sync 1 DAGs
[2024-06-11T22:50:02.920+0000] {logging_mixin.py:188} INFO - [2024-06-11T22:50:02.919+0000] {dag.py:3954} INFO - Setting next_dagrun for example_short_circuit_operator to 2024-06-10 00:00:00+00:00, run_after=2024-06-11 00:00:00+00:00
[2024-06-11T22:50:02.947+0000] {processor.py:183} INFO - Processing /home/airflow/.local/lib/python3.12/site-packages/airflow/example_dags/example_short_circuit_operator.py took 0.173 seconds
[2024-06-11T22:50:33.847+0000] {processor.py:161} INFO - Started process (PID=840) to work on /home/airflow/.local/lib/python3.12/site-packages/airflow/example_dags/example_short_circuit_operator.py
[2024-06-11T22:50:33.848+0000] {processor.py:830} INFO - Processing file /home/airflow/.local/lib/python3.12/site-packages/airflow/example_dags/example_short_circuit_operator.py for tasks to queue
[2024-06-11T22:50:33.852+0000] {logging_mixin.py:188} INFO - [2024-06-11T22:50:33.851+0000] {dagbag.py:545} INFO - Filling up the DagBag from /home/airflow/.local/lib/python3.12/site-packages/airflow/example_dags/example_short_circuit_operator.py
[2024-06-11T22:50:33.860+0000] {processor.py:840} INFO - DAG(s) 'example_short_circuit_operator' retrieved from /home/airflow/.local/lib/python3.12/site-packages/airflow/example_dags/example_short_circuit_operator.py
[2024-06-11T22:50:33.882+0000] {logging_mixin.py:188} INFO - [2024-06-11T22:50:33.881+0000] {dag.py:3096} INFO - Sync 1 DAGs
[2024-06-11T22:50:33.909+0000] {logging_mixin.py:188} INFO - [2024-06-11T22:50:33.909+0000] {dag.py:3954} INFO - Setting next_dagrun for example_short_circuit_operator to 2024-06-10 00:00:00+00:00, run_after=2024-06-11 00:00:00+00:00
[2024-06-11T22:50:33.935+0000] {processor.py:183} INFO - Processing /home/airflow/.local/lib/python3.12/site-packages/airflow/example_dags/example_short_circuit_operator.py took 0.093 seconds
[2024-06-11T22:51:04.628+0000] {processor.py:161} INFO - Started process (PID=899) to work on /home/airflow/.local/lib/python3.12/site-packages/airflow/example_dags/example_short_circuit_operator.py
[2024-06-11T22:51:04.629+0000] {processor.py:830} INFO - Processing file /home/airflow/.local/lib/python3.12/site-packages/airflow/example_dags/example_short_circuit_operator.py for tasks to queue
[2024-06-11T22:51:04.631+0000] {logging_mixin.py:188} INFO - [2024-06-11T22:51:04.631+0000] {dagbag.py:545} INFO - Filling up the DagBag from /home/airflow/.local/lib/python3.12/site-packages/airflow/example_dags/example_short_circuit_operator.py
[2024-06-11T22:51:04.647+0000] {processor.py:840} INFO - DAG(s) 'example_short_circuit_operator' retrieved from /home/airflow/.local/lib/python3.12/site-packages/airflow/example_dags/example_short_circuit_operator.py
[2024-06-11T22:51:04.693+0000] {logging_mixin.py:188} INFO - [2024-06-11T22:51:04.693+0000] {dag.py:3096} INFO - Sync 1 DAGs
[2024-06-11T22:51:04.726+0000] {logging_mixin.py:188} INFO - [2024-06-11T22:51:04.726+0000] {dag.py:3954} INFO - Setting next_dagrun for example_short_circuit_operator to 2024-06-10 00:00:00+00:00, run_after=2024-06-11 00:00:00+00:00
[2024-06-11T22:51:04.754+0000] {processor.py:183} INFO - Processing /home/airflow/.local/lib/python3.12/site-packages/airflow/example_dags/example_short_circuit_operator.py took 0.136 seconds
[2024-06-11T22:51:35.061+0000] {processor.py:161} INFO - Started process (PID=957) to work on /home/airflow/.local/lib/python3.12/site-packages/airflow/example_dags/example_short_circuit_operator.py
[2024-06-11T22:51:35.066+0000] {processor.py:830} INFO - Processing file /home/airflow/.local/lib/python3.12/site-packages/airflow/example_dags/example_short_circuit_operator.py for tasks to queue
[2024-06-11T22:51:35.069+0000] {logging_mixin.py:188} INFO - [2024-06-11T22:51:35.068+0000] {dagbag.py:545} INFO - Filling up the DagBag from /home/airflow/.local/lib/python3.12/site-packages/airflow/example_dags/example_short_circuit_operator.py
[2024-06-11T22:51:35.076+0000] {processor.py:840} INFO - DAG(s) 'example_short_circuit_operator' retrieved from /home/airflow/.local/lib/python3.12/site-packages/airflow/example_dags/example_short_circuit_operator.py
[2024-06-11T22:51:35.196+0000] {logging_mixin.py:188} INFO - [2024-06-11T22:51:35.196+0000] {dag.py:3096} INFO - Sync 1 DAGs
[2024-06-11T22:51:35.222+0000] {logging_mixin.py:188} INFO - [2024-06-11T22:51:35.222+0000] {dag.py:3954} INFO - Setting next_dagrun for example_short_circuit_operator to 2024-06-10 00:00:00+00:00, run_after=2024-06-11 00:00:00+00:00
[2024-06-11T22:51:35.310+0000] {processor.py:183} INFO - Processing /home/airflow/.local/lib/python3.12/site-packages/airflow/example_dags/example_short_circuit_operator.py took 0.261 seconds
[2024-06-11T22:52:06.508+0000] {processor.py:161} INFO - Started process (PID=1015) to work on /home/airflow/.local/lib/python3.12/site-packages/airflow/example_dags/example_short_circuit_operator.py
[2024-06-11T22:52:06.509+0000] {processor.py:830} INFO - Processing file /home/airflow/.local/lib/python3.12/site-packages/airflow/example_dags/example_short_circuit_operator.py for tasks to queue
[2024-06-11T22:52:06.603+0000] {logging_mixin.py:188} INFO - [2024-06-11T22:52:06.603+0000] {dagbag.py:545} INFO - Filling up the DagBag from /home/airflow/.local/lib/python3.12/site-packages/airflow/example_dags/example_short_circuit_operator.py
[2024-06-11T22:52:06.609+0000] {processor.py:840} INFO - DAG(s) 'example_short_circuit_operator' retrieved from /home/airflow/.local/lib/python3.12/site-packages/airflow/example_dags/example_short_circuit_operator.py
[2024-06-11T22:52:06.637+0000] {logging_mixin.py:188} INFO - [2024-06-11T22:52:06.637+0000] {dag.py:3096} INFO - Sync 1 DAGs
[2024-06-11T22:52:06.791+0000] {logging_mixin.py:188} INFO - [2024-06-11T22:52:06.790+0000] {dag.py:3954} INFO - Setting next_dagrun for example_short_circuit_operator to 2024-06-10 00:00:00+00:00, run_after=2024-06-11 00:00:00+00:00
[2024-06-11T22:52:06.911+0000] {processor.py:183} INFO - Processing /home/airflow/.local/lib/python3.12/site-packages/airflow/example_dags/example_short_circuit_operator.py took 0.408 seconds
[2024-06-11T22:52:37.772+0000] {processor.py:161} INFO - Started process (PID=1073) to work on /home/airflow/.local/lib/python3.12/site-packages/airflow/example_dags/example_short_circuit_operator.py
[2024-06-11T22:52:37.794+0000] {processor.py:830} INFO - Processing file /home/airflow/.local/lib/python3.12/site-packages/airflow/example_dags/example_short_circuit_operator.py for tasks to queue
[2024-06-11T22:52:37.798+0000] {logging_mixin.py:188} INFO - [2024-06-11T22:52:37.797+0000] {dagbag.py:545} INFO - Filling up the DagBag from /home/airflow/.local/lib/python3.12/site-packages/airflow/example_dags/example_short_circuit_operator.py
[2024-06-11T22:52:37.811+0000] {processor.py:840} INFO - DAG(s) 'example_short_circuit_operator' retrieved from /home/airflow/.local/lib/python3.12/site-packages/airflow/example_dags/example_short_circuit_operator.py
[2024-06-11T22:52:37.859+0000] {logging_mixin.py:188} INFO - [2024-06-11T22:52:37.859+0000] {dag.py:3096} INFO - Sync 1 DAGs
[2024-06-11T22:52:37.887+0000] {logging_mixin.py:188} INFO - [2024-06-11T22:52:37.886+0000] {dag.py:3954} INFO - Setting next_dagrun for example_short_circuit_operator to 2024-06-10 00:00:00+00:00, run_after=2024-06-11 00:00:00+00:00
[2024-06-11T22:52:37.905+0000] {processor.py:183} INFO - Processing /home/airflow/.local/lib/python3.12/site-packages/airflow/example_dags/example_short_circuit_operator.py took 0.144 seconds
[2024-06-11T22:53:08.642+0000] {processor.py:161} INFO - Started process (PID=1131) to work on /home/airflow/.local/lib/python3.12/site-packages/airflow/example_dags/example_short_circuit_operator.py
[2024-06-11T22:53:08.643+0000] {processor.py:830} INFO - Processing file /home/airflow/.local/lib/python3.12/site-packages/airflow/example_dags/example_short_circuit_operator.py for tasks to queue
[2024-06-11T22:53:08.645+0000] {logging_mixin.py:188} INFO - [2024-06-11T22:53:08.645+0000] {dagbag.py:545} INFO - Filling up the DagBag from /home/airflow/.local/lib/python3.12/site-packages/airflow/example_dags/example_short_circuit_operator.py
[2024-06-11T22:53:08.652+0000] {processor.py:840} INFO - DAG(s) 'example_short_circuit_operator' retrieved from /home/airflow/.local/lib/python3.12/site-packages/airflow/example_dags/example_short_circuit_operator.py
[2024-06-11T22:53:08.674+0000] {logging_mixin.py:188} INFO - [2024-06-11T22:53:08.674+0000] {dag.py:3096} INFO - Sync 1 DAGs
[2024-06-11T22:53:08.693+0000] {logging_mixin.py:188} INFO - [2024-06-11T22:53:08.693+0000] {dag.py:3954} INFO - Setting next_dagrun for example_short_circuit_operator to 2024-06-10 00:00:00+00:00, run_after=2024-06-11 00:00:00+00:00
[2024-06-11T22:53:08.720+0000] {processor.py:183} INFO - Processing /home/airflow/.local/lib/python3.12/site-packages/airflow/example_dags/example_short_circuit_operator.py took 0.082 seconds
[2024-06-11T22:53:39.138+0000] {processor.py:161} INFO - Started process (PID=1189) to work on /home/airflow/.local/lib/python3.12/site-packages/airflow/example_dags/example_short_circuit_operator.py
[2024-06-11T22:53:39.139+0000] {processor.py:830} INFO - Processing file /home/airflow/.local/lib/python3.12/site-packages/airflow/example_dags/example_short_circuit_operator.py for tasks to queue
[2024-06-11T22:53:39.141+0000] {logging_mixin.py:188} INFO - [2024-06-11T22:53:39.140+0000] {dagbag.py:545} INFO - Filling up the DagBag from /home/airflow/.local/lib/python3.12/site-packages/airflow/example_dags/example_short_circuit_operator.py
[2024-06-11T22:53:39.147+0000] {processor.py:840} INFO - DAG(s) 'example_short_circuit_operator' retrieved from /home/airflow/.local/lib/python3.12/site-packages/airflow/example_dags/example_short_circuit_operator.py
[2024-06-11T22:53:39.166+0000] {logging_mixin.py:188} INFO - [2024-06-11T22:53:39.165+0000] {dag.py:3096} INFO - Sync 1 DAGs
[2024-06-11T22:53:39.182+0000] {logging_mixin.py:188} INFO - [2024-06-11T22:53:39.182+0000] {dag.py:3954} INFO - Setting next_dagrun for example_short_circuit_operator to 2024-06-10 00:00:00+00:00, run_after=2024-06-11 00:00:00+00:00
[2024-06-11T22:53:39.202+0000] {processor.py:183} INFO - Processing /home/airflow/.local/lib/python3.12/site-packages/airflow/example_dags/example_short_circuit_operator.py took 0.068 seconds
[2024-06-11T22:54:09.384+0000] {processor.py:161} INFO - Started process (PID=1246) to work on /home/airflow/.local/lib/python3.12/site-packages/airflow/example_dags/example_short_circuit_operator.py
[2024-06-11T22:54:09.385+0000] {processor.py:830} INFO - Processing file /home/airflow/.local/lib/python3.12/site-packages/airflow/example_dags/example_short_circuit_operator.py for tasks to queue
[2024-06-11T22:54:09.387+0000] {logging_mixin.py:188} INFO - [2024-06-11T22:54:09.387+0000] {dagbag.py:545} INFO - Filling up the DagBag from /home/airflow/.local/lib/python3.12/site-packages/airflow/example_dags/example_short_circuit_operator.py
[2024-06-11T22:54:09.393+0000] {processor.py:840} INFO - DAG(s) 'example_short_circuit_operator' retrieved from /home/airflow/.local/lib/python3.12/site-packages/airflow/example_dags/example_short_circuit_operator.py
[2024-06-11T22:54:09.413+0000] {logging_mixin.py:188} INFO - [2024-06-11T22:54:09.412+0000] {dag.py:3096} INFO - Sync 1 DAGs
[2024-06-11T22:54:09.430+0000] {logging_mixin.py:188} INFO - [2024-06-11T22:54:09.429+0000] {dag.py:3954} INFO - Setting next_dagrun for example_short_circuit_operator to 2024-06-10 00:00:00+00:00, run_after=2024-06-11 00:00:00+00:00
[2024-06-11T22:54:09.448+0000] {processor.py:183} INFO - Processing /home/airflow/.local/lib/python3.12/site-packages/airflow/example_dags/example_short_circuit_operator.py took 0.068 seconds
[2024-06-11T22:54:39.936+0000] {processor.py:161} INFO - Started process (PID=1304) to work on /home/airflow/.local/lib/python3.12/site-packages/airflow/example_dags/example_short_circuit_operator.py
[2024-06-11T22:54:39.938+0000] {processor.py:830} INFO - Processing file /home/airflow/.local/lib/python3.12/site-packages/airflow/example_dags/example_short_circuit_operator.py for tasks to queue
[2024-06-11T22:54:39.941+0000] {logging_mixin.py:188} INFO - [2024-06-11T22:54:39.940+0000] {dagbag.py:545} INFO - Filling up the DagBag from /home/airflow/.local/lib/python3.12/site-packages/airflow/example_dags/example_short_circuit_operator.py
[2024-06-11T22:54:39.951+0000] {processor.py:840} INFO - DAG(s) 'example_short_circuit_operator' retrieved from /home/airflow/.local/lib/python3.12/site-packages/airflow/example_dags/example_short_circuit_operator.py
[2024-06-11T22:54:39.978+0000] {logging_mixin.py:188} INFO - [2024-06-11T22:54:39.978+0000] {dag.py:3096} INFO - Sync 1 DAGs
[2024-06-11T22:54:39.998+0000] {logging_mixin.py:188} INFO - [2024-06-11T22:54:39.998+0000] {dag.py:3954} INFO - Setting next_dagrun for example_short_circuit_operator to 2024-06-10 00:00:00+00:00, run_after=2024-06-11 00:00:00+00:00
[2024-06-11T22:54:40.019+0000] {processor.py:183} INFO - Processing /home/airflow/.local/lib/python3.12/site-packages/airflow/example_dags/example_short_circuit_operator.py took 0.089 seconds
[2024-06-11T22:55:10.250+0000] {processor.py:161} INFO - Started process (PID=1362) to work on /home/airflow/.local/lib/python3.12/site-packages/airflow/example_dags/example_short_circuit_operator.py
[2024-06-11T22:55:10.251+0000] {processor.py:830} INFO - Processing file /home/airflow/.local/lib/python3.12/site-packages/airflow/example_dags/example_short_circuit_operator.py for tasks to queue
[2024-06-11T22:55:10.254+0000] {logging_mixin.py:188} INFO - [2024-06-11T22:55:10.253+0000] {dagbag.py:545} INFO - Filling up the DagBag from /home/airflow/.local/lib/python3.12/site-packages/airflow/example_dags/example_short_circuit_operator.py
[2024-06-11T22:55:10.259+0000] {processor.py:840} INFO - DAG(s) 'example_short_circuit_operator' retrieved from /home/airflow/.local/lib/python3.12/site-packages/airflow/example_dags/example_short_circuit_operator.py
[2024-06-11T22:55:10.275+0000] {logging_mixin.py:188} INFO - [2024-06-11T22:55:10.275+0000] {dag.py:3096} INFO - Sync 1 DAGs
[2024-06-11T22:55:10.291+0000] {logging_mixin.py:188} INFO - [2024-06-11T22:55:10.290+0000] {dag.py:3954} INFO - Setting next_dagrun for example_short_circuit_operator to 2024-06-10 00:00:00+00:00, run_after=2024-06-11 00:00:00+00:00
[2024-06-11T22:55:10.308+0000] {processor.py:183} INFO - Processing /home/airflow/.local/lib/python3.12/site-packages/airflow/example_dags/example_short_circuit_operator.py took 0.064 seconds
[2024-06-11T22:55:41.198+0000] {processor.py:161} INFO - Started process (PID=1420) to work on /home/airflow/.local/lib/python3.12/site-packages/airflow/example_dags/example_short_circuit_operator.py
[2024-06-11T22:55:41.199+0000] {processor.py:830} INFO - Processing file /home/airflow/.local/lib/python3.12/site-packages/airflow/example_dags/example_short_circuit_operator.py for tasks to queue
[2024-06-11T22:55:41.201+0000] {logging_mixin.py:188} INFO - [2024-06-11T22:55:41.201+0000] {dagbag.py:545} INFO - Filling up the DagBag from /home/airflow/.local/lib/python3.12/site-packages/airflow/example_dags/example_short_circuit_operator.py
[2024-06-11T22:55:41.206+0000] {processor.py:840} INFO - DAG(s) 'example_short_circuit_operator' retrieved from /home/airflow/.local/lib/python3.12/site-packages/airflow/example_dags/example_short_circuit_operator.py
[2024-06-11T22:55:41.224+0000] {logging_mixin.py:188} INFO - [2024-06-11T22:55:41.224+0000] {dag.py:3096} INFO - Sync 1 DAGs
[2024-06-11T22:55:41.246+0000] {logging_mixin.py:188} INFO - [2024-06-11T22:55:41.246+0000] {dag.py:3954} INFO - Setting next_dagrun for example_short_circuit_operator to 2024-06-10 00:00:00+00:00, run_after=2024-06-11 00:00:00+00:00
[2024-06-11T22:55:41.265+0000] {processor.py:183} INFO - Processing /home/airflow/.local/lib/python3.12/site-packages/airflow/example_dags/example_short_circuit_operator.py took 0.072 seconds
[2024-06-11T22:56:11.496+0000] {processor.py:161} INFO - Started process (PID=1477) to work on /home/airflow/.local/lib/python3.12/site-packages/airflow/example_dags/example_short_circuit_operator.py
[2024-06-11T22:56:11.532+0000] {processor.py:830} INFO - Processing file /home/airflow/.local/lib/python3.12/site-packages/airflow/example_dags/example_short_circuit_operator.py for tasks to queue
[2024-06-11T22:56:11.538+0000] {logging_mixin.py:188} INFO - [2024-06-11T22:56:11.538+0000] {dagbag.py:545} INFO - Filling up the DagBag from /home/airflow/.local/lib/python3.12/site-packages/airflow/example_dags/example_short_circuit_operator.py
[2024-06-11T22:56:11.551+0000] {processor.py:840} INFO - DAG(s) 'example_short_circuit_operator' retrieved from /home/airflow/.local/lib/python3.12/site-packages/airflow/example_dags/example_short_circuit_operator.py
[2024-06-11T22:56:11.572+0000] {logging_mixin.py:188} INFO - [2024-06-11T22:56:11.571+0000] {dag.py:3096} INFO - Sync 1 DAGs
[2024-06-11T22:56:11.588+0000] {logging_mixin.py:188} INFO - [2024-06-11T22:56:11.588+0000] {dag.py:3954} INFO - Setting next_dagrun for example_short_circuit_operator to 2024-06-10 00:00:00+00:00, run_after=2024-06-11 00:00:00+00:00
[2024-06-11T22:56:11.611+0000] {processor.py:183} INFO - Processing /home/airflow/.local/lib/python3.12/site-packages/airflow/example_dags/example_short_circuit_operator.py took 0.121 seconds
[2024-06-11T22:56:42.019+0000] {processor.py:161} INFO - Started process (PID=1535) to work on /home/airflow/.local/lib/python3.12/site-packages/airflow/example_dags/example_short_circuit_operator.py
[2024-06-11T22:56:42.020+0000] {processor.py:830} INFO - Processing file /home/airflow/.local/lib/python3.12/site-packages/airflow/example_dags/example_short_circuit_operator.py for tasks to queue
[2024-06-11T22:56:42.021+0000] {logging_mixin.py:188} INFO - [2024-06-11T22:56:42.021+0000] {dagbag.py:545} INFO - Filling up the DagBag from /home/airflow/.local/lib/python3.12/site-packages/airflow/example_dags/example_short_circuit_operator.py
[2024-06-11T22:56:42.026+0000] {processor.py:840} INFO - DAG(s) 'example_short_circuit_operator' retrieved from /home/airflow/.local/lib/python3.12/site-packages/airflow/example_dags/example_short_circuit_operator.py
[2024-06-11T22:56:42.045+0000] {logging_mixin.py:188} INFO - [2024-06-11T22:56:42.044+0000] {dag.py:3096} INFO - Sync 1 DAGs
[2024-06-11T22:56:42.060+0000] {logging_mixin.py:188} INFO - [2024-06-11T22:56:42.060+0000] {dag.py:3954} INFO - Setting next_dagrun for example_short_circuit_operator to 2024-06-10 00:00:00+00:00, run_after=2024-06-11 00:00:00+00:00
[2024-06-11T22:56:42.084+0000] {processor.py:183} INFO - Processing /home/airflow/.local/lib/python3.12/site-packages/airflow/example_dags/example_short_circuit_operator.py took 0.070 seconds
[2024-06-11T22:57:12.383+0000] {processor.py:161} INFO - Started process (PID=1593) to work on /home/airflow/.local/lib/python3.12/site-packages/airflow/example_dags/example_short_circuit_operator.py
[2024-06-11T22:57:12.384+0000] {processor.py:830} INFO - Processing file /home/airflow/.local/lib/python3.12/site-packages/airflow/example_dags/example_short_circuit_operator.py for tasks to queue
[2024-06-11T22:57:12.386+0000] {logging_mixin.py:188} INFO - [2024-06-11T22:57:12.386+0000] {dagbag.py:545} INFO - Filling up the DagBag from /home/airflow/.local/lib/python3.12/site-packages/airflow/example_dags/example_short_circuit_operator.py
[2024-06-11T22:57:12.394+0000] {processor.py:840} INFO - DAG(s) 'example_short_circuit_operator' retrieved from /home/airflow/.local/lib/python3.12/site-packages/airflow/example_dags/example_short_circuit_operator.py
[2024-06-11T22:57:12.416+0000] {logging_mixin.py:188} INFO - [2024-06-11T22:57:12.416+0000] {dag.py:3096} INFO - Sync 1 DAGs
[2024-06-11T22:57:12.435+0000] {logging_mixin.py:188} INFO - [2024-06-11T22:57:12.435+0000] {dag.py:3954} INFO - Setting next_dagrun for example_short_circuit_operator to 2024-06-10 00:00:00+00:00, run_after=2024-06-11 00:00:00+00:00
[2024-06-11T22:57:12.453+0000] {processor.py:183} INFO - Processing /home/airflow/.local/lib/python3.12/site-packages/airflow/example_dags/example_short_circuit_operator.py took 0.077 seconds
[2024-06-11T22:57:42.519+0000] {processor.py:161} INFO - Started process (PID=1650) to work on /home/airflow/.local/lib/python3.12/site-packages/airflow/example_dags/example_short_circuit_operator.py
[2024-06-11T22:57:42.520+0000] {processor.py:830} INFO - Processing file /home/airflow/.local/lib/python3.12/site-packages/airflow/example_dags/example_short_circuit_operator.py for tasks to queue
[2024-06-11T22:57:42.522+0000] {logging_mixin.py:188} INFO - [2024-06-11T22:57:42.521+0000] {dagbag.py:545} INFO - Filling up the DagBag from /home/airflow/.local/lib/python3.12/site-packages/airflow/example_dags/example_short_circuit_operator.py
[2024-06-11T22:57:42.528+0000] {processor.py:840} INFO - DAG(s) 'example_short_circuit_operator' retrieved from /home/airflow/.local/lib/python3.12/site-packages/airflow/example_dags/example_short_circuit_operator.py
[2024-06-11T22:57:42.551+0000] {logging_mixin.py:188} INFO - [2024-06-11T22:57:42.551+0000] {dag.py:3096} INFO - Sync 1 DAGs
[2024-06-11T22:57:42.571+0000] {logging_mixin.py:188} INFO - [2024-06-11T22:57:42.571+0000] {dag.py:3954} INFO - Setting next_dagrun for example_short_circuit_operator to 2024-06-10 00:00:00+00:00, run_after=2024-06-11 00:00:00+00:00
[2024-06-11T22:57:42.593+0000] {processor.py:183} INFO - Processing /home/airflow/.local/lib/python3.12/site-packages/airflow/example_dags/example_short_circuit_operator.py took 0.081 seconds
[2024-06-11T22:58:15.146+0000] {processor.py:161} INFO - Started process (PID=1708) to work on /home/airflow/.local/lib/python3.12/site-packages/airflow/example_dags/example_short_circuit_operator.py
[2024-06-11T22:58:15.149+0000] {processor.py:830} INFO - Processing file /home/airflow/.local/lib/python3.12/site-packages/airflow/example_dags/example_short_circuit_operator.py for tasks to queue
[2024-06-11T22:58:15.152+0000] {logging_mixin.py:188} INFO - [2024-06-11T22:58:15.151+0000] {dagbag.py:545} INFO - Filling up the DagBag from /home/airflow/.local/lib/python3.12/site-packages/airflow/example_dags/example_short_circuit_operator.py
[2024-06-11T22:58:15.163+0000] {processor.py:840} INFO - DAG(s) 'example_short_circuit_operator' retrieved from /home/airflow/.local/lib/python3.12/site-packages/airflow/example_dags/example_short_circuit_operator.py
[2024-06-11T22:58:15.186+0000] {logging_mixin.py:188} INFO - [2024-06-11T22:58:15.186+0000] {dag.py:3096} INFO - Sync 1 DAGs
[2024-06-11T22:58:15.207+0000] {logging_mixin.py:188} INFO - [2024-06-11T22:58:15.206+0000] {dag.py:3954} INFO - Setting next_dagrun for example_short_circuit_operator to 2024-06-10 00:00:00+00:00, run_after=2024-06-11 00:00:00+00:00
[2024-06-11T22:58:15.230+0000] {processor.py:183} INFO - Processing /home/airflow/.local/lib/python3.12/site-packages/airflow/example_dags/example_short_circuit_operator.py took 0.092 seconds
[2024-06-11T22:58:46.116+0000] {processor.py:161} INFO - Started process (PID=1766) to work on /home/airflow/.local/lib/python3.12/site-packages/airflow/example_dags/example_short_circuit_operator.py
[2024-06-11T22:58:46.117+0000] {processor.py:830} INFO - Processing file /home/airflow/.local/lib/python3.12/site-packages/airflow/example_dags/example_short_circuit_operator.py for tasks to queue
[2024-06-11T22:58:46.120+0000] {logging_mixin.py:188} INFO - [2024-06-11T22:58:46.120+0000] {dagbag.py:545} INFO - Filling up the DagBag from /home/airflow/.local/lib/python3.12/site-packages/airflow/example_dags/example_short_circuit_operator.py
[2024-06-11T22:58:46.126+0000] {processor.py:840} INFO - DAG(s) 'example_short_circuit_operator' retrieved from /home/airflow/.local/lib/python3.12/site-packages/airflow/example_dags/example_short_circuit_operator.py
[2024-06-11T22:58:46.148+0000] {logging_mixin.py:188} INFO - [2024-06-11T22:58:46.148+0000] {dag.py:3096} INFO - Sync 1 DAGs
[2024-06-11T22:58:46.170+0000] {logging_mixin.py:188} INFO - [2024-06-11T22:58:46.169+0000] {dag.py:3954} INFO - Setting next_dagrun for example_short_circuit_operator to 2024-06-10 00:00:00+00:00, run_after=2024-06-11 00:00:00+00:00
[2024-06-11T22:58:46.422+0000] {processor.py:183} INFO - Processing /home/airflow/.local/lib/python3.12/site-packages/airflow/example_dags/example_short_circuit_operator.py took 0.312 seconds
[2024-06-11T22:59:16.632+0000] {processor.py:161} INFO - Started process (PID=1826) to work on /home/airflow/.local/lib/python3.12/site-packages/airflow/example_dags/example_short_circuit_operator.py
[2024-06-11T22:59:16.634+0000] {processor.py:830} INFO - Processing file /home/airflow/.local/lib/python3.12/site-packages/airflow/example_dags/example_short_circuit_operator.py for tasks to queue
[2024-06-11T22:59:16.637+0000] {logging_mixin.py:188} INFO - [2024-06-11T22:59:16.637+0000] {dagbag.py:545} INFO - Filling up the DagBag from /home/airflow/.local/lib/python3.12/site-packages/airflow/example_dags/example_short_circuit_operator.py
[2024-06-11T22:59:16.649+0000] {processor.py:840} INFO - DAG(s) 'example_short_circuit_operator' retrieved from /home/airflow/.local/lib/python3.12/site-packages/airflow/example_dags/example_short_circuit_operator.py
[2024-06-11T22:59:16.671+0000] {logging_mixin.py:188} INFO - [2024-06-11T22:59:16.671+0000] {dag.py:3096} INFO - Sync 1 DAGs
[2024-06-11T22:59:16.703+0000] {logging_mixin.py:188} INFO - [2024-06-11T22:59:16.702+0000] {dag.py:3954} INFO - Setting next_dagrun for example_short_circuit_operator to 2024-06-10 00:00:00+00:00, run_after=2024-06-11 00:00:00+00:00
[2024-06-11T22:59:16.727+0000] {processor.py:183} INFO - Processing /home/airflow/.local/lib/python3.12/site-packages/airflow/example_dags/example_short_circuit_operator.py took 0.106 seconds
[2024-06-11T22:59:47.131+0000] {processor.py:161} INFO - Started process (PID=1882) to work on /home/airflow/.local/lib/python3.12/site-packages/airflow/example_dags/example_short_circuit_operator.py
[2024-06-11T22:59:47.132+0000] {processor.py:830} INFO - Processing file /home/airflow/.local/lib/python3.12/site-packages/airflow/example_dags/example_short_circuit_operator.py for tasks to queue
[2024-06-11T22:59:47.133+0000] {logging_mixin.py:188} INFO - [2024-06-11T22:59:47.133+0000] {dagbag.py:545} INFO - Filling up the DagBag from /home/airflow/.local/lib/python3.12/site-packages/airflow/example_dags/example_short_circuit_operator.py
[2024-06-11T22:59:47.140+0000] {processor.py:840} INFO - DAG(s) 'example_short_circuit_operator' retrieved from /home/airflow/.local/lib/python3.12/site-packages/airflow/example_dags/example_short_circuit_operator.py
[2024-06-11T22:59:47.159+0000] {logging_mixin.py:188} INFO - [2024-06-11T22:59:47.159+0000] {dag.py:3096} INFO - Sync 1 DAGs
[2024-06-11T22:59:47.176+0000] {logging_mixin.py:188} INFO - [2024-06-11T22:59:47.176+0000] {dag.py:3954} INFO - Setting next_dagrun for example_short_circuit_operator to 2024-06-10 00:00:00+00:00, run_after=2024-06-11 00:00:00+00:00
[2024-06-11T22:59:47.194+0000] {processor.py:183} INFO - Processing /home/airflow/.local/lib/python3.12/site-packages/airflow/example_dags/example_short_circuit_operator.py took 0.068 seconds
[2024-06-11T23:00:18.053+0000] {processor.py:161} INFO - Started process (PID=1941) to work on /home/airflow/.local/lib/python3.12/site-packages/airflow/example_dags/example_short_circuit_operator.py
[2024-06-11T23:00:18.054+0000] {processor.py:830} INFO - Processing file /home/airflow/.local/lib/python3.12/site-packages/airflow/example_dags/example_short_circuit_operator.py for tasks to queue
[2024-06-11T23:00:18.056+0000] {logging_mixin.py:188} INFO - [2024-06-11T23:00:18.055+0000] {dagbag.py:545} INFO - Filling up the DagBag from /home/airflow/.local/lib/python3.12/site-packages/airflow/example_dags/example_short_circuit_operator.py
[2024-06-11T23:00:18.062+0000] {processor.py:840} INFO - DAG(s) 'example_short_circuit_operator' retrieved from /home/airflow/.local/lib/python3.12/site-packages/airflow/example_dags/example_short_circuit_operator.py
[2024-06-11T23:00:18.087+0000] {logging_mixin.py:188} INFO - [2024-06-11T23:00:18.086+0000] {dag.py:3096} INFO - Sync 1 DAGs
[2024-06-11T23:00:18.105+0000] {logging_mixin.py:188} INFO - [2024-06-11T23:00:18.105+0000] {dag.py:3954} INFO - Setting next_dagrun for example_short_circuit_operator to 2024-06-10 00:00:00+00:00, run_after=2024-06-11 00:00:00+00:00
[2024-06-11T23:00:18.124+0000] {processor.py:183} INFO - Processing /home/airflow/.local/lib/python3.12/site-packages/airflow/example_dags/example_short_circuit_operator.py took 0.076 seconds
[2024-06-11T23:00:50.198+0000] {processor.py:161} INFO - Started process (PID=1999) to work on /home/airflow/.local/lib/python3.12/site-packages/airflow/example_dags/example_short_circuit_operator.py
[2024-06-11T23:00:50.201+0000] {processor.py:830} INFO - Processing file /home/airflow/.local/lib/python3.12/site-packages/airflow/example_dags/example_short_circuit_operator.py for tasks to queue
[2024-06-11T23:00:50.203+0000] {logging_mixin.py:188} INFO - [2024-06-11T23:00:50.202+0000] {dagbag.py:545} INFO - Filling up the DagBag from /home/airflow/.local/lib/python3.12/site-packages/airflow/example_dags/example_short_circuit_operator.py
[2024-06-11T23:00:50.334+0000] {processor.py:840} INFO - DAG(s) 'example_short_circuit_operator' retrieved from /home/airflow/.local/lib/python3.12/site-packages/airflow/example_dags/example_short_circuit_operator.py
[2024-06-11T23:00:50.352+0000] {logging_mixin.py:188} INFO - [2024-06-11T23:00:50.352+0000] {dag.py:3096} INFO - Sync 1 DAGs
[2024-06-11T23:00:50.368+0000] {logging_mixin.py:188} INFO - [2024-06-11T23:00:50.368+0000] {dag.py:3954} INFO - Setting next_dagrun for example_short_circuit_operator to 2024-06-10 00:00:00+00:00, run_after=2024-06-11 00:00:00+00:00
[2024-06-11T23:00:50.385+0000] {processor.py:183} INFO - Processing /home/airflow/.local/lib/python3.12/site-packages/airflow/example_dags/example_short_circuit_operator.py took 0.192 seconds
[2024-06-11T23:01:20.865+0000] {processor.py:161} INFO - Started process (PID=2057) to work on /home/airflow/.local/lib/python3.12/site-packages/airflow/example_dags/example_short_circuit_operator.py
[2024-06-11T23:01:20.867+0000] {processor.py:830} INFO - Processing file /home/airflow/.local/lib/python3.12/site-packages/airflow/example_dags/example_short_circuit_operator.py for tasks to queue
[2024-06-11T23:01:20.868+0000] {logging_mixin.py:188} INFO - [2024-06-11T23:01:20.868+0000] {dagbag.py:545} INFO - Filling up the DagBag from /home/airflow/.local/lib/python3.12/site-packages/airflow/example_dags/example_short_circuit_operator.py
[2024-06-11T23:01:20.874+0000] {processor.py:840} INFO - DAG(s) 'example_short_circuit_operator' retrieved from /home/airflow/.local/lib/python3.12/site-packages/airflow/example_dags/example_short_circuit_operator.py
[2024-06-11T23:01:20.897+0000] {logging_mixin.py:188} INFO - [2024-06-11T23:01:20.896+0000] {dag.py:3096} INFO - Sync 1 DAGs
[2024-06-11T23:01:20.916+0000] {logging_mixin.py:188} INFO - [2024-06-11T23:01:20.916+0000] {dag.py:3954} INFO - Setting next_dagrun for example_short_circuit_operator to 2024-06-10 00:00:00+00:00, run_after=2024-06-11 00:00:00+00:00
[2024-06-11T23:01:20.934+0000] {processor.py:183} INFO - Processing /home/airflow/.local/lib/python3.12/site-packages/airflow/example_dags/example_short_circuit_operator.py took 0.074 seconds
[2024-06-11T23:01:51.940+0000] {processor.py:161} INFO - Started process (PID=2115) to work on /home/airflow/.local/lib/python3.12/site-packages/airflow/example_dags/example_short_circuit_operator.py
[2024-06-11T23:01:51.942+0000] {processor.py:830} INFO - Processing file /home/airflow/.local/lib/python3.12/site-packages/airflow/example_dags/example_short_circuit_operator.py for tasks to queue
[2024-06-11T23:01:51.944+0000] {logging_mixin.py:188} INFO - [2024-06-11T23:01:51.944+0000] {dagbag.py:545} INFO - Filling up the DagBag from /home/airflow/.local/lib/python3.12/site-packages/airflow/example_dags/example_short_circuit_operator.py
[2024-06-11T23:01:51.952+0000] {processor.py:840} INFO - DAG(s) 'example_short_circuit_operator' retrieved from /home/airflow/.local/lib/python3.12/site-packages/airflow/example_dags/example_short_circuit_operator.py
[2024-06-11T23:01:51.980+0000] {logging_mixin.py:188} INFO - [2024-06-11T23:01:51.979+0000] {dag.py:3096} INFO - Sync 1 DAGs
[2024-06-11T23:01:51.998+0000] {logging_mixin.py:188} INFO - [2024-06-11T23:01:51.998+0000] {dag.py:3954} INFO - Setting next_dagrun for example_short_circuit_operator to 2024-06-10 00:00:00+00:00, run_after=2024-06-11 00:00:00+00:00
[2024-06-11T23:01:52.018+0000] {processor.py:183} INFO - Processing /home/airflow/.local/lib/python3.12/site-packages/airflow/example_dags/example_short_circuit_operator.py took 0.083 seconds
[2024-06-11T23:02:22.071+0000] {processor.py:161} INFO - Started process (PID=2173) to work on /home/airflow/.local/lib/python3.12/site-packages/airflow/example_dags/example_short_circuit_operator.py
[2024-06-11T23:02:22.072+0000] {processor.py:830} INFO - Processing file /home/airflow/.local/lib/python3.12/site-packages/airflow/example_dags/example_short_circuit_operator.py for tasks to queue
[2024-06-11T23:02:22.075+0000] {logging_mixin.py:188} INFO - [2024-06-11T23:02:22.074+0000] {dagbag.py:545} INFO - Filling up the DagBag from /home/airflow/.local/lib/python3.12/site-packages/airflow/example_dags/example_short_circuit_operator.py
[2024-06-11T23:02:22.084+0000] {processor.py:840} INFO - DAG(s) 'example_short_circuit_operator' retrieved from /home/airflow/.local/lib/python3.12/site-packages/airflow/example_dags/example_short_circuit_operator.py
[2024-06-11T23:02:22.105+0000] {logging_mixin.py:188} INFO - [2024-06-11T23:02:22.104+0000] {dag.py:3096} INFO - Sync 1 DAGs
[2024-06-11T23:02:22.124+0000] {logging_mixin.py:188} INFO - [2024-06-11T23:02:22.124+0000] {dag.py:3954} INFO - Setting next_dagrun for example_short_circuit_operator to 2024-06-10 00:00:00+00:00, run_after=2024-06-11 00:00:00+00:00
[2024-06-11T23:02:22.142+0000] {processor.py:183} INFO - Processing /home/airflow/.local/lib/python3.12/site-packages/airflow/example_dags/example_short_circuit_operator.py took 0.076 seconds
[2024-06-11T23:02:52.434+0000] {processor.py:161} INFO - Started process (PID=2231) to work on /home/airflow/.local/lib/python3.12/site-packages/airflow/example_dags/example_short_circuit_operator.py
[2024-06-11T23:02:52.435+0000] {processor.py:830} INFO - Processing file /home/airflow/.local/lib/python3.12/site-packages/airflow/example_dags/example_short_circuit_operator.py for tasks to queue
[2024-06-11T23:02:52.436+0000] {logging_mixin.py:188} INFO - [2024-06-11T23:02:52.436+0000] {dagbag.py:545} INFO - Filling up the DagBag from /home/airflow/.local/lib/python3.12/site-packages/airflow/example_dags/example_short_circuit_operator.py
[2024-06-11T23:02:52.443+0000] {processor.py:840} INFO - DAG(s) 'example_short_circuit_operator' retrieved from /home/airflow/.local/lib/python3.12/site-packages/airflow/example_dags/example_short_circuit_operator.py
[2024-06-11T23:02:52.463+0000] {logging_mixin.py:188} INFO - [2024-06-11T23:02:52.463+0000] {dag.py:3096} INFO - Sync 1 DAGs
[2024-06-11T23:02:52.482+0000] {logging_mixin.py:188} INFO - [2024-06-11T23:02:52.482+0000] {dag.py:3954} INFO - Setting next_dagrun for example_short_circuit_operator to 2024-06-10 00:00:00+00:00, run_after=2024-06-11 00:00:00+00:00
[2024-06-11T23:02:52.502+0000] {processor.py:183} INFO - Processing /home/airflow/.local/lib/python3.12/site-packages/airflow/example_dags/example_short_circuit_operator.py took 0.074 seconds
[2024-06-11T23:03:22.991+0000] {processor.py:161} INFO - Started process (PID=2289) to work on /home/airflow/.local/lib/python3.12/site-packages/airflow/example_dags/example_short_circuit_operator.py
[2024-06-11T23:03:22.992+0000] {processor.py:830} INFO - Processing file /home/airflow/.local/lib/python3.12/site-packages/airflow/example_dags/example_short_circuit_operator.py for tasks to queue
[2024-06-11T23:03:22.994+0000] {logging_mixin.py:188} INFO - [2024-06-11T23:03:22.993+0000] {dagbag.py:545} INFO - Filling up the DagBag from /home/airflow/.local/lib/python3.12/site-packages/airflow/example_dags/example_short_circuit_operator.py
[2024-06-11T23:03:23.001+0000] {processor.py:840} INFO - DAG(s) 'example_short_circuit_operator' retrieved from /home/airflow/.local/lib/python3.12/site-packages/airflow/example_dags/example_short_circuit_operator.py
[2024-06-11T23:03:23.027+0000] {logging_mixin.py:188} INFO - [2024-06-11T23:03:23.027+0000] {dag.py:3096} INFO - Sync 1 DAGs
[2024-06-11T23:03:23.048+0000] {logging_mixin.py:188} INFO - [2024-06-11T23:03:23.048+0000] {dag.py:3954} INFO - Setting next_dagrun for example_short_circuit_operator to 2024-06-10 00:00:00+00:00, run_after=2024-06-11 00:00:00+00:00
[2024-06-11T23:03:23.113+0000] {processor.py:183} INFO - Processing /home/airflow/.local/lib/python3.12/site-packages/airflow/example_dags/example_short_circuit_operator.py took 0.128 seconds
[2024-06-11T23:03:54.006+0000] {processor.py:161} INFO - Started process (PID=2347) to work on /home/airflow/.local/lib/python3.12/site-packages/airflow/example_dags/example_short_circuit_operator.py
[2024-06-11T23:03:54.025+0000] {processor.py:830} INFO - Processing file /home/airflow/.local/lib/python3.12/site-packages/airflow/example_dags/example_short_circuit_operator.py for tasks to queue
[2024-06-11T23:03:54.027+0000] {logging_mixin.py:188} INFO - [2024-06-11T23:03:54.027+0000] {dagbag.py:545} INFO - Filling up the DagBag from /home/airflow/.local/lib/python3.12/site-packages/airflow/example_dags/example_short_circuit_operator.py
[2024-06-11T23:03:54.033+0000] {processor.py:840} INFO - DAG(s) 'example_short_circuit_operator' retrieved from /home/airflow/.local/lib/python3.12/site-packages/airflow/example_dags/example_short_circuit_operator.py
[2024-06-11T23:03:54.060+0000] {logging_mixin.py:188} INFO - [2024-06-11T23:03:54.059+0000] {dag.py:3096} INFO - Sync 1 DAGs
[2024-06-11T23:03:54.127+0000] {logging_mixin.py:188} INFO - [2024-06-11T23:03:54.127+0000] {dag.py:3954} INFO - Setting next_dagrun for example_short_circuit_operator to 2024-06-10 00:00:00+00:00, run_after=2024-06-11 00:00:00+00:00
[2024-06-11T23:03:54.172+0000] {processor.py:183} INFO - Processing /home/airflow/.local/lib/python3.12/site-packages/airflow/example_dags/example_short_circuit_operator.py took 0.179 seconds
[2024-06-11T23:04:24.496+0000] {processor.py:161} INFO - Started process (PID=2405) to work on /home/airflow/.local/lib/python3.12/site-packages/airflow/example_dags/example_short_circuit_operator.py
[2024-06-11T23:04:24.497+0000] {processor.py:830} INFO - Processing file /home/airflow/.local/lib/python3.12/site-packages/airflow/example_dags/example_short_circuit_operator.py for tasks to queue
[2024-06-11T23:04:24.499+0000] {logging_mixin.py:188} INFO - [2024-06-11T23:04:24.498+0000] {dagbag.py:545} INFO - Filling up the DagBag from /home/airflow/.local/lib/python3.12/site-packages/airflow/example_dags/example_short_circuit_operator.py
[2024-06-11T23:04:24.505+0000] {processor.py:840} INFO - DAG(s) 'example_short_circuit_operator' retrieved from /home/airflow/.local/lib/python3.12/site-packages/airflow/example_dags/example_short_circuit_operator.py
[2024-06-11T23:04:24.524+0000] {logging_mixin.py:188} INFO - [2024-06-11T23:04:24.524+0000] {dag.py:3096} INFO - Sync 1 DAGs
[2024-06-11T23:04:24.543+0000] {logging_mixin.py:188} INFO - [2024-06-11T23:04:24.543+0000] {dag.py:3954} INFO - Setting next_dagrun for example_short_circuit_operator to 2024-06-10 00:00:00+00:00, run_after=2024-06-11 00:00:00+00:00
[2024-06-11T23:04:24.563+0000] {processor.py:183} INFO - Processing /home/airflow/.local/lib/python3.12/site-packages/airflow/example_dags/example_short_circuit_operator.py took 0.072 seconds
[2024-06-11T23:04:54.943+0000] {processor.py:161} INFO - Started process (PID=2464) to work on /home/airflow/.local/lib/python3.12/site-packages/airflow/example_dags/example_short_circuit_operator.py
[2024-06-11T23:04:54.952+0000] {processor.py:830} INFO - Processing file /home/airflow/.local/lib/python3.12/site-packages/airflow/example_dags/example_short_circuit_operator.py for tasks to queue
[2024-06-11T23:04:54.955+0000] {logging_mixin.py:188} INFO - [2024-06-11T23:04:54.954+0000] {dagbag.py:545} INFO - Filling up the DagBag from /home/airflow/.local/lib/python3.12/site-packages/airflow/example_dags/example_short_circuit_operator.py
[2024-06-11T23:04:54.996+0000] {processor.py:840} INFO - DAG(s) 'example_short_circuit_operator' retrieved from /home/airflow/.local/lib/python3.12/site-packages/airflow/example_dags/example_short_circuit_operator.py
[2024-06-11T23:04:55.071+0000] {logging_mixin.py:188} INFO - [2024-06-11T23:04:55.071+0000] {dag.py:3096} INFO - Sync 1 DAGs
[2024-06-11T23:04:55.120+0000] {logging_mixin.py:188} INFO - [2024-06-11T23:04:55.120+0000] {dag.py:3954} INFO - Setting next_dagrun for example_short_circuit_operator to 2024-06-10 00:00:00+00:00, run_after=2024-06-11 00:00:00+00:00
[2024-06-11T23:04:55.187+0000] {processor.py:183} INFO - Processing /home/airflow/.local/lib/python3.12/site-packages/airflow/example_dags/example_short_circuit_operator.py took 0.249 seconds
[2024-06-11T23:05:25.511+0000] {processor.py:161} INFO - Started process (PID=2522) to work on /home/airflow/.local/lib/python3.12/site-packages/airflow/example_dags/example_short_circuit_operator.py
[2024-06-11T23:05:25.512+0000] {processor.py:830} INFO - Processing file /home/airflow/.local/lib/python3.12/site-packages/airflow/example_dags/example_short_circuit_operator.py for tasks to queue
[2024-06-11T23:05:25.514+0000] {logging_mixin.py:188} INFO - [2024-06-11T23:05:25.513+0000] {dagbag.py:545} INFO - Filling up the DagBag from /home/airflow/.local/lib/python3.12/site-packages/airflow/example_dags/example_short_circuit_operator.py
[2024-06-11T23:05:25.521+0000] {processor.py:840} INFO - DAG(s) 'example_short_circuit_operator' retrieved from /home/airflow/.local/lib/python3.12/site-packages/airflow/example_dags/example_short_circuit_operator.py
[2024-06-11T23:05:25.541+0000] {logging_mixin.py:188} INFO - [2024-06-11T23:05:25.541+0000] {dag.py:3096} INFO - Sync 1 DAGs
[2024-06-11T23:05:25.560+0000] {logging_mixin.py:188} INFO - [2024-06-11T23:05:25.560+0000] {dag.py:3954} INFO - Setting next_dagrun for example_short_circuit_operator to 2024-06-10 00:00:00+00:00, run_after=2024-06-11 00:00:00+00:00
[2024-06-11T23:05:25.577+0000] {processor.py:183} INFO - Processing /home/airflow/.local/lib/python3.12/site-packages/airflow/example_dags/example_short_circuit_operator.py took 0.071 seconds
[2024-06-11T23:05:55.677+0000] {processor.py:161} INFO - Started process (PID=2580) to work on /home/airflow/.local/lib/python3.12/site-packages/airflow/example_dags/example_short_circuit_operator.py
[2024-06-11T23:05:55.678+0000] {processor.py:830} INFO - Processing file /home/airflow/.local/lib/python3.12/site-packages/airflow/example_dags/example_short_circuit_operator.py for tasks to queue
[2024-06-11T23:05:55.680+0000] {logging_mixin.py:188} INFO - [2024-06-11T23:05:55.680+0000] {dagbag.py:545} INFO - Filling up the DagBag from /home/airflow/.local/lib/python3.12/site-packages/airflow/example_dags/example_short_circuit_operator.py
[2024-06-11T23:05:55.687+0000] {processor.py:840} INFO - DAG(s) 'example_short_circuit_operator' retrieved from /home/airflow/.local/lib/python3.12/site-packages/airflow/example_dags/example_short_circuit_operator.py
[2024-06-11T23:05:55.710+0000] {logging_mixin.py:188} INFO - [2024-06-11T23:05:55.709+0000] {dag.py:3096} INFO - Sync 1 DAGs
[2024-06-11T23:05:55.730+0000] {logging_mixin.py:188} INFO - [2024-06-11T23:05:55.730+0000] {dag.py:3954} INFO - Setting next_dagrun for example_short_circuit_operator to 2024-06-10 00:00:00+00:00, run_after=2024-06-11 00:00:00+00:00
[2024-06-11T23:05:55.754+0000] {processor.py:183} INFO - Processing /home/airflow/.local/lib/python3.12/site-packages/airflow/example_dags/example_short_circuit_operator.py took 0.081 seconds
[2024-06-11T23:06:26.213+0000] {processor.py:161} INFO - Started process (PID=2638) to work on /home/airflow/.local/lib/python3.12/site-packages/airflow/example_dags/example_short_circuit_operator.py
[2024-06-11T23:06:26.216+0000] {processor.py:830} INFO - Processing file /home/airflow/.local/lib/python3.12/site-packages/airflow/example_dags/example_short_circuit_operator.py for tasks to queue
[2024-06-11T23:06:26.218+0000] {logging_mixin.py:188} INFO - [2024-06-11T23:06:26.218+0000] {dagbag.py:545} INFO - Filling up the DagBag from /home/airflow/.local/lib/python3.12/site-packages/airflow/example_dags/example_short_circuit_operator.py
[2024-06-11T23:06:26.225+0000] {processor.py:840} INFO - DAG(s) 'example_short_circuit_operator' retrieved from /home/airflow/.local/lib/python3.12/site-packages/airflow/example_dags/example_short_circuit_operator.py
[2024-06-11T23:06:26.247+0000] {logging_mixin.py:188} INFO - [2024-06-11T23:06:26.247+0000] {dag.py:3096} INFO - Sync 1 DAGs
[2024-06-11T23:06:26.266+0000] {logging_mixin.py:188} INFO - [2024-06-11T23:06:26.266+0000] {dag.py:3954} INFO - Setting next_dagrun for example_short_circuit_operator to 2024-06-10 00:00:00+00:00, run_after=2024-06-11 00:00:00+00:00
[2024-06-11T23:06:26.332+0000] {processor.py:183} INFO - Processing /home/airflow/.local/lib/python3.12/site-packages/airflow/example_dags/example_short_circuit_operator.py took 0.125 seconds
[2024-06-11T23:06:56.796+0000] {processor.py:161} INFO - Started process (PID=2696) to work on /home/airflow/.local/lib/python3.12/site-packages/airflow/example_dags/example_short_circuit_operator.py
[2024-06-11T23:06:56.797+0000] {processor.py:830} INFO - Processing file /home/airflow/.local/lib/python3.12/site-packages/airflow/example_dags/example_short_circuit_operator.py for tasks to queue
[2024-06-11T23:06:56.800+0000] {logging_mixin.py:188} INFO - [2024-06-11T23:06:56.799+0000] {dagbag.py:545} INFO - Filling up the DagBag from /home/airflow/.local/lib/python3.12/site-packages/airflow/example_dags/example_short_circuit_operator.py
[2024-06-11T23:06:56.808+0000] {processor.py:840} INFO - DAG(s) 'example_short_circuit_operator' retrieved from /home/airflow/.local/lib/python3.12/site-packages/airflow/example_dags/example_short_circuit_operator.py
[2024-06-11T23:06:56.831+0000] {logging_mixin.py:188} INFO - [2024-06-11T23:06:56.831+0000] {dag.py:3096} INFO - Sync 1 DAGs
[2024-06-11T23:06:56.851+0000] {logging_mixin.py:188} INFO - [2024-06-11T23:06:56.851+0000] {dag.py:3954} INFO - Setting next_dagrun for example_short_circuit_operator to 2024-06-10 00:00:00+00:00, run_after=2024-06-11 00:00:00+00:00
[2024-06-11T23:06:56.870+0000] {processor.py:183} INFO - Processing /home/airflow/.local/lib/python3.12/site-packages/airflow/example_dags/example_short_circuit_operator.py took 0.081 seconds
