[2024-06-11T22:43:51.522+0000] {processor.py:161} INFO - Started process (PID=78) to work on /home/airflow/.local/lib/python3.12/site-packages/airflow/example_dags/example_bash_decorator.py
[2024-06-11T22:43:51.523+0000] {processor.py:830} INFO - Processing file /home/airflow/.local/lib/python3.12/site-packages/airflow/example_dags/example_bash_decorator.py for tasks to queue
[2024-06-11T22:43:51.525+0000] {logging_mixin.py:188} INFO - [2024-06-11T22:43:51.524+0000] {dagbag.py:545} INFO - Filling up the DagBag from /home/airflow/.local/lib/python3.12/site-packages/airflow/example_dags/example_bash_decorator.py
[2024-06-11T22:43:51.535+0000] {processor.py:840} INFO - DAG(s) 'example_bash_decorator' retrieved from /home/airflow/.local/lib/python3.12/site-packages/airflow/example_dags/example_bash_decorator.py
[2024-06-11T22:43:51.545+0000] {logging_mixin.py:188} INFO - [2024-06-11T22:43:51.545+0000] {dag.py:3096} INFO - Sync 1 DAGs
[2024-06-11T22:43:51.556+0000] {logging_mixin.py:188} INFO - [2024-06-11T22:43:51.556+0000] {dag.py:3954} INFO - Setting next_dagrun for example_bash_decorator to None, run_after=None
[2024-06-11T22:43:51.573+0000] {processor.py:183} INFO - Processing /home/airflow/.local/lib/python3.12/site-packages/airflow/example_dags/example_bash_decorator.py took 0.055 seconds
[2024-06-11T22:44:22.553+0000] {processor.py:161} INFO - Started process (PID=136) to work on /home/airflow/.local/lib/python3.12/site-packages/airflow/example_dags/example_bash_decorator.py
[2024-06-11T22:44:22.554+0000] {processor.py:830} INFO - Processing file /home/airflow/.local/lib/python3.12/site-packages/airflow/example_dags/example_bash_decorator.py for tasks to queue
[2024-06-11T22:44:22.559+0000] {logging_mixin.py:188} INFO - [2024-06-11T22:44:22.559+0000] {dagbag.py:545} INFO - Filling up the DagBag from /home/airflow/.local/lib/python3.12/site-packages/airflow/example_dags/example_bash_decorator.py
[2024-06-11T22:44:22.568+0000] {processor.py:840} INFO - DAG(s) 'example_bash_decorator' retrieved from /home/airflow/.local/lib/python3.12/site-packages/airflow/example_dags/example_bash_decorator.py
[2024-06-11T22:44:22.638+0000] {logging_mixin.py:188} INFO - [2024-06-11T22:44:22.638+0000] {dag.py:3096} INFO - Sync 1 DAGs
[2024-06-11T22:44:22.646+0000] {logging_mixin.py:188} INFO - [2024-06-11T22:44:22.646+0000] {dag.py:3954} INFO - Setting next_dagrun for example_bash_decorator to None, run_after=None
[2024-06-11T22:44:22.661+0000] {processor.py:183} INFO - Processing /home/airflow/.local/lib/python3.12/site-packages/airflow/example_dags/example_bash_decorator.py took 0.112 seconds
[2024-06-11T22:44:53.206+0000] {processor.py:161} INFO - Started process (PID=194) to work on /home/airflow/.local/lib/python3.12/site-packages/airflow/example_dags/example_bash_decorator.py
[2024-06-11T22:44:53.207+0000] {processor.py:830} INFO - Processing file /home/airflow/.local/lib/python3.12/site-packages/airflow/example_dags/example_bash_decorator.py for tasks to queue
[2024-06-11T22:44:53.209+0000] {logging_mixin.py:188} INFO - [2024-06-11T22:44:53.208+0000] {dagbag.py:545} INFO - Filling up the DagBag from /home/airflow/.local/lib/python3.12/site-packages/airflow/example_dags/example_bash_decorator.py
[2024-06-11T22:44:53.218+0000] {processor.py:840} INFO - DAG(s) 'example_bash_decorator' retrieved from /home/airflow/.local/lib/python3.12/site-packages/airflow/example_dags/example_bash_decorator.py
[2024-06-11T22:44:53.234+0000] {logging_mixin.py:188} INFO - [2024-06-11T22:44:53.234+0000] {dag.py:3096} INFO - Sync 1 DAGs
[2024-06-11T22:44:53.243+0000] {logging_mixin.py:188} INFO - [2024-06-11T22:44:53.243+0000] {dag.py:3954} INFO - Setting next_dagrun for example_bash_decorator to None, run_after=None
[2024-06-11T22:44:53.259+0000] {processor.py:183} INFO - Processing /home/airflow/.local/lib/python3.12/site-packages/airflow/example_dags/example_bash_decorator.py took 0.057 seconds
[2024-06-11T22:45:23.786+0000] {processor.py:161} INFO - Started process (PID=253) to work on /home/airflow/.local/lib/python3.12/site-packages/airflow/example_dags/example_bash_decorator.py
[2024-06-11T22:45:23.787+0000] {processor.py:830} INFO - Processing file /home/airflow/.local/lib/python3.12/site-packages/airflow/example_dags/example_bash_decorator.py for tasks to queue
[2024-06-11T22:45:23.788+0000] {logging_mixin.py:188} INFO - [2024-06-11T22:45:23.788+0000] {dagbag.py:545} INFO - Filling up the DagBag from /home/airflow/.local/lib/python3.12/site-packages/airflow/example_dags/example_bash_decorator.py
[2024-06-11T22:45:23.798+0000] {processor.py:840} INFO - DAG(s) 'example_bash_decorator' retrieved from /home/airflow/.local/lib/python3.12/site-packages/airflow/example_dags/example_bash_decorator.py
[2024-06-11T22:45:23.817+0000] {logging_mixin.py:188} INFO - [2024-06-11T22:45:23.817+0000] {dag.py:3096} INFO - Sync 1 DAGs
[2024-06-11T22:45:23.829+0000] {logging_mixin.py:188} INFO - [2024-06-11T22:45:23.829+0000] {dag.py:3954} INFO - Setting next_dagrun for example_bash_decorator to None, run_after=None
[2024-06-11T22:45:23.861+0000] {processor.py:183} INFO - Processing /home/airflow/.local/lib/python3.12/site-packages/airflow/example_dags/example_bash_decorator.py took 0.079 seconds
[2024-06-11T22:45:54.533+0000] {processor.py:161} INFO - Started process (PID=311) to work on /home/airflow/.local/lib/python3.12/site-packages/airflow/example_dags/example_bash_decorator.py
[2024-06-11T22:45:54.534+0000] {processor.py:830} INFO - Processing file /home/airflow/.local/lib/python3.12/site-packages/airflow/example_dags/example_bash_decorator.py for tasks to queue
[2024-06-11T22:45:54.536+0000] {logging_mixin.py:188} INFO - [2024-06-11T22:45:54.535+0000] {dagbag.py:545} INFO - Filling up the DagBag from /home/airflow/.local/lib/python3.12/site-packages/airflow/example_dags/example_bash_decorator.py
[2024-06-11T22:45:54.547+0000] {processor.py:840} INFO - DAG(s) 'example_bash_decorator' retrieved from /home/airflow/.local/lib/python3.12/site-packages/airflow/example_dags/example_bash_decorator.py
[2024-06-11T22:45:54.567+0000] {logging_mixin.py:188} INFO - [2024-06-11T22:45:54.567+0000] {dag.py:3096} INFO - Sync 1 DAGs
[2024-06-11T22:45:54.578+0000] {logging_mixin.py:188} INFO - [2024-06-11T22:45:54.578+0000] {dag.py:3954} INFO - Setting next_dagrun for example_bash_decorator to None, run_after=None
[2024-06-11T22:45:54.595+0000] {processor.py:183} INFO - Processing /home/airflow/.local/lib/python3.12/site-packages/airflow/example_dags/example_bash_decorator.py took 0.067 seconds
[2024-06-11T22:46:25.548+0000] {processor.py:161} INFO - Started process (PID=369) to work on /home/airflow/.local/lib/python3.12/site-packages/airflow/example_dags/example_bash_decorator.py
[2024-06-11T22:46:25.549+0000] {processor.py:830} INFO - Processing file /home/airflow/.local/lib/python3.12/site-packages/airflow/example_dags/example_bash_decorator.py for tasks to queue
[2024-06-11T22:46:25.550+0000] {logging_mixin.py:188} INFO - [2024-06-11T22:46:25.550+0000] {dagbag.py:545} INFO - Filling up the DagBag from /home/airflow/.local/lib/python3.12/site-packages/airflow/example_dags/example_bash_decorator.py
[2024-06-11T22:46:25.562+0000] {processor.py:840} INFO - DAG(s) 'example_bash_decorator' retrieved from /home/airflow/.local/lib/python3.12/site-packages/airflow/example_dags/example_bash_decorator.py
[2024-06-11T22:46:25.581+0000] {logging_mixin.py:188} INFO - [2024-06-11T22:46:25.581+0000] {dag.py:3096} INFO - Sync 1 DAGs
[2024-06-11T22:46:25.592+0000] {logging_mixin.py:188} INFO - [2024-06-11T22:46:25.592+0000] {dag.py:3954} INFO - Setting next_dagrun for example_bash_decorator to None, run_after=None
[2024-06-11T22:46:25.612+0000] {processor.py:183} INFO - Processing /home/airflow/.local/lib/python3.12/site-packages/airflow/example_dags/example_bash_decorator.py took 0.069 seconds
[2024-06-11T22:46:55.811+0000] {processor.py:161} INFO - Started process (PID=427) to work on /home/airflow/.local/lib/python3.12/site-packages/airflow/example_dags/example_bash_decorator.py
[2024-06-11T22:46:55.814+0000] {processor.py:830} INFO - Processing file /home/airflow/.local/lib/python3.12/site-packages/airflow/example_dags/example_bash_decorator.py for tasks to queue
[2024-06-11T22:46:55.815+0000] {logging_mixin.py:188} INFO - [2024-06-11T22:46:55.815+0000] {dagbag.py:545} INFO - Filling up the DagBag from /home/airflow/.local/lib/python3.12/site-packages/airflow/example_dags/example_bash_decorator.py
[2024-06-11T22:46:55.825+0000] {processor.py:840} INFO - DAG(s) 'example_bash_decorator' retrieved from /home/airflow/.local/lib/python3.12/site-packages/airflow/example_dags/example_bash_decorator.py
[2024-06-11T22:46:55.846+0000] {logging_mixin.py:188} INFO - [2024-06-11T22:46:55.846+0000] {dag.py:3096} INFO - Sync 1 DAGs
[2024-06-11T22:46:55.860+0000] {logging_mixin.py:188} INFO - [2024-06-11T22:46:55.859+0000] {dag.py:3954} INFO - Setting next_dagrun for example_bash_decorator to None, run_after=None
[2024-06-11T22:46:55.883+0000] {processor.py:183} INFO - Processing /home/airflow/.local/lib/python3.12/site-packages/airflow/example_dags/example_bash_decorator.py took 0.077 seconds
[2024-06-11T22:47:25.921+0000] {processor.py:161} INFO - Started process (PID=485) to work on /home/airflow/.local/lib/python3.12/site-packages/airflow/example_dags/example_bash_decorator.py
[2024-06-11T22:47:25.922+0000] {processor.py:830} INFO - Processing file /home/airflow/.local/lib/python3.12/site-packages/airflow/example_dags/example_bash_decorator.py for tasks to queue
[2024-06-11T22:47:25.923+0000] {logging_mixin.py:188} INFO - [2024-06-11T22:47:25.923+0000] {dagbag.py:545} INFO - Filling up the DagBag from /home/airflow/.local/lib/python3.12/site-packages/airflow/example_dags/example_bash_decorator.py
[2024-06-11T22:47:25.934+0000] {processor.py:840} INFO - DAG(s) 'example_bash_decorator' retrieved from /home/airflow/.local/lib/python3.12/site-packages/airflow/example_dags/example_bash_decorator.py
[2024-06-11T22:47:25.953+0000] {logging_mixin.py:188} INFO - [2024-06-11T22:47:25.953+0000] {dag.py:3096} INFO - Sync 1 DAGs
[2024-06-11T22:47:25.968+0000] {logging_mixin.py:188} INFO - [2024-06-11T22:47:25.968+0000] {dag.py:3954} INFO - Setting next_dagrun for example_bash_decorator to None, run_after=None
[2024-06-11T22:47:25.989+0000] {processor.py:183} INFO - Processing /home/airflow/.local/lib/python3.12/site-packages/airflow/example_dags/example_bash_decorator.py took 0.073 seconds
[2024-06-11T22:47:56.340+0000] {processor.py:161} INFO - Started process (PID=543) to work on /home/airflow/.local/lib/python3.12/site-packages/airflow/example_dags/example_bash_decorator.py
[2024-06-11T22:47:56.343+0000] {processor.py:830} INFO - Processing file /home/airflow/.local/lib/python3.12/site-packages/airflow/example_dags/example_bash_decorator.py for tasks to queue
[2024-06-11T22:47:56.347+0000] {logging_mixin.py:188} INFO - [2024-06-11T22:47:56.346+0000] {dagbag.py:545} INFO - Filling up the DagBag from /home/airflow/.local/lib/python3.12/site-packages/airflow/example_dags/example_bash_decorator.py
[2024-06-11T22:47:56.358+0000] {processor.py:840} INFO - DAG(s) 'example_bash_decorator' retrieved from /home/airflow/.local/lib/python3.12/site-packages/airflow/example_dags/example_bash_decorator.py
[2024-06-11T22:47:56.377+0000] {logging_mixin.py:188} INFO - [2024-06-11T22:47:56.377+0000] {dag.py:3096} INFO - Sync 1 DAGs
[2024-06-11T22:47:56.387+0000] {logging_mixin.py:188} INFO - [2024-06-11T22:47:56.387+0000] {dag.py:3954} INFO - Setting next_dagrun for example_bash_decorator to None, run_after=None
[2024-06-11T22:47:56.405+0000] {processor.py:183} INFO - Processing /home/airflow/.local/lib/python3.12/site-packages/airflow/example_dags/example_bash_decorator.py took 0.070 seconds
[2024-06-11T22:48:29.781+0000] {processor.py:161} INFO - Started process (PID=601) to work on /home/airflow/.local/lib/python3.12/site-packages/airflow/example_dags/example_bash_decorator.py
[2024-06-11T22:48:29.788+0000] {processor.py:830} INFO - Processing file /home/airflow/.local/lib/python3.12/site-packages/airflow/example_dags/example_bash_decorator.py for tasks to queue
[2024-06-11T22:48:29.789+0000] {logging_mixin.py:188} INFO - [2024-06-11T22:48:29.789+0000] {dagbag.py:545} INFO - Filling up the DagBag from /home/airflow/.local/lib/python3.12/site-packages/airflow/example_dags/example_bash_decorator.py
[2024-06-11T22:48:29.808+0000] {processor.py:840} INFO - DAG(s) 'example_bash_decorator' retrieved from /home/airflow/.local/lib/python3.12/site-packages/airflow/example_dags/example_bash_decorator.py
[2024-06-11T22:48:29.833+0000] {logging_mixin.py:188} INFO - [2024-06-11T22:48:29.833+0000] {dag.py:3096} INFO - Sync 1 DAGs
[2024-06-11T22:48:29.948+0000] {logging_mixin.py:188} INFO - [2024-06-11T22:48:29.948+0000] {dag.py:3954} INFO - Setting next_dagrun for example_bash_decorator to None, run_after=None
[2024-06-11T22:48:29.977+0000] {processor.py:183} INFO - Processing /home/airflow/.local/lib/python3.12/site-packages/airflow/example_dags/example_bash_decorator.py took 0.200 seconds
[2024-06-11T22:49:00.761+0000] {processor.py:161} INFO - Started process (PID=665) to work on /home/airflow/.local/lib/python3.12/site-packages/airflow/example_dags/example_bash_decorator.py
[2024-06-11T22:49:00.763+0000] {processor.py:830} INFO - Processing file /home/airflow/.local/lib/python3.12/site-packages/airflow/example_dags/example_bash_decorator.py for tasks to queue
[2024-06-11T22:49:00.765+0000] {logging_mixin.py:188} INFO - [2024-06-11T22:49:00.765+0000] {dagbag.py:545} INFO - Filling up the DagBag from /home/airflow/.local/lib/python3.12/site-packages/airflow/example_dags/example_bash_decorator.py
[2024-06-11T22:49:00.776+0000] {processor.py:840} INFO - DAG(s) 'example_bash_decorator' retrieved from /home/airflow/.local/lib/python3.12/site-packages/airflow/example_dags/example_bash_decorator.py
[2024-06-11T22:49:00.802+0000] {logging_mixin.py:188} INFO - [2024-06-11T22:49:00.801+0000] {dag.py:3096} INFO - Sync 1 DAGs
[2024-06-11T22:49:00.812+0000] {logging_mixin.py:188} INFO - [2024-06-11T22:49:00.812+0000] {dag.py:3954} INFO - Setting next_dagrun for example_bash_decorator to None, run_after=None
[2024-06-11T22:49:00.831+0000] {processor.py:183} INFO - Processing /home/airflow/.local/lib/python3.12/site-packages/airflow/example_dags/example_bash_decorator.py took 0.074 seconds
[2024-06-11T22:49:31.879+0000] {processor.py:161} INFO - Started process (PID=723) to work on /home/airflow/.local/lib/python3.12/site-packages/airflow/example_dags/example_bash_decorator.py
[2024-06-11T22:49:31.889+0000] {processor.py:830} INFO - Processing file /home/airflow/.local/lib/python3.12/site-packages/airflow/example_dags/example_bash_decorator.py for tasks to queue
[2024-06-11T22:49:31.890+0000] {logging_mixin.py:188} INFO - [2024-06-11T22:49:31.890+0000] {dagbag.py:545} INFO - Filling up the DagBag from /home/airflow/.local/lib/python3.12/site-packages/airflow/example_dags/example_bash_decorator.py
[2024-06-11T22:49:31.901+0000] {processor.py:840} INFO - DAG(s) 'example_bash_decorator' retrieved from /home/airflow/.local/lib/python3.12/site-packages/airflow/example_dags/example_bash_decorator.py
[2024-06-11T22:49:31.921+0000] {logging_mixin.py:188} INFO - [2024-06-11T22:49:31.921+0000] {dag.py:3096} INFO - Sync 1 DAGs
[2024-06-11T22:49:31.932+0000] {logging_mixin.py:188} INFO - [2024-06-11T22:49:31.932+0000] {dag.py:3954} INFO - Setting next_dagrun for example_bash_decorator to None, run_after=None
[2024-06-11T22:49:31.950+0000] {processor.py:183} INFO - Processing /home/airflow/.local/lib/python3.12/site-packages/airflow/example_dags/example_bash_decorator.py took 0.081 seconds
[2024-06-11T22:50:02.354+0000] {processor.py:161} INFO - Started process (PID=781) to work on /home/airflow/.local/lib/python3.12/site-packages/airflow/example_dags/example_bash_decorator.py
[2024-06-11T22:50:02.355+0000] {processor.py:830} INFO - Processing file /home/airflow/.local/lib/python3.12/site-packages/airflow/example_dags/example_bash_decorator.py for tasks to queue
[2024-06-11T22:50:02.357+0000] {logging_mixin.py:188} INFO - [2024-06-11T22:50:02.356+0000] {dagbag.py:545} INFO - Filling up the DagBag from /home/airflow/.local/lib/python3.12/site-packages/airflow/example_dags/example_bash_decorator.py
[2024-06-11T22:50:02.376+0000] {processor.py:840} INFO - DAG(s) 'example_bash_decorator' retrieved from /home/airflow/.local/lib/python3.12/site-packages/airflow/example_dags/example_bash_decorator.py
[2024-06-11T22:50:02.499+0000] {logging_mixin.py:188} INFO - [2024-06-11T22:50:02.499+0000] {dag.py:3096} INFO - Sync 1 DAGs
[2024-06-11T22:50:02.524+0000] {logging_mixin.py:188} INFO - [2024-06-11T22:50:02.524+0000] {dag.py:3954} INFO - Setting next_dagrun for example_bash_decorator to None, run_after=None
[2024-06-11T22:50:02.652+0000] {processor.py:183} INFO - Processing /home/airflow/.local/lib/python3.12/site-packages/airflow/example_dags/example_bash_decorator.py took 0.303 seconds
[2024-06-11T22:50:33.824+0000] {processor.py:161} INFO - Started process (PID=839) to work on /home/airflow/.local/lib/python3.12/site-packages/airflow/example_dags/example_bash_decorator.py
[2024-06-11T22:50:33.826+0000] {processor.py:830} INFO - Processing file /home/airflow/.local/lib/python3.12/site-packages/airflow/example_dags/example_bash_decorator.py for tasks to queue
[2024-06-11T22:50:33.828+0000] {logging_mixin.py:188} INFO - [2024-06-11T22:50:33.828+0000] {dagbag.py:545} INFO - Filling up the DagBag from /home/airflow/.local/lib/python3.12/site-packages/airflow/example_dags/example_bash_decorator.py
[2024-06-11T22:50:33.847+0000] {processor.py:840} INFO - DAG(s) 'example_bash_decorator' retrieved from /home/airflow/.local/lib/python3.12/site-packages/airflow/example_dags/example_bash_decorator.py
[2024-06-11T22:50:33.870+0000] {logging_mixin.py:188} INFO - [2024-06-11T22:50:33.869+0000] {dag.py:3096} INFO - Sync 1 DAGs
[2024-06-11T22:50:33.882+0000] {logging_mixin.py:188} INFO - [2024-06-11T22:50:33.882+0000] {dag.py:3954} INFO - Setting next_dagrun for example_bash_decorator to None, run_after=None
[2024-06-11T22:50:33.906+0000] {processor.py:183} INFO - Processing /home/airflow/.local/lib/python3.12/site-packages/airflow/example_dags/example_bash_decorator.py took 0.087 seconds
[2024-06-11T22:51:04.498+0000] {processor.py:161} INFO - Started process (PID=897) to work on /home/airflow/.local/lib/python3.12/site-packages/airflow/example_dags/example_bash_decorator.py
[2024-06-11T22:51:04.499+0000] {processor.py:830} INFO - Processing file /home/airflow/.local/lib/python3.12/site-packages/airflow/example_dags/example_bash_decorator.py for tasks to queue
[2024-06-11T22:51:04.501+0000] {logging_mixin.py:188} INFO - [2024-06-11T22:51:04.500+0000] {dagbag.py:545} INFO - Filling up the DagBag from /home/airflow/.local/lib/python3.12/site-packages/airflow/example_dags/example_bash_decorator.py
[2024-06-11T22:51:04.514+0000] {processor.py:840} INFO - DAG(s) 'example_bash_decorator' retrieved from /home/airflow/.local/lib/python3.12/site-packages/airflow/example_dags/example_bash_decorator.py
[2024-06-11T22:51:04.547+0000] {logging_mixin.py:188} INFO - [2024-06-11T22:51:04.547+0000] {dag.py:3096} INFO - Sync 1 DAGs
[2024-06-11T22:51:04.562+0000] {logging_mixin.py:188} INFO - [2024-06-11T22:51:04.562+0000] {dag.py:3954} INFO - Setting next_dagrun for example_bash_decorator to None, run_after=None
[2024-06-11T22:51:04.589+0000] {processor.py:183} INFO - Processing /home/airflow/.local/lib/python3.12/site-packages/airflow/example_dags/example_bash_decorator.py took 0.096 seconds
[2024-06-11T22:51:34.731+0000] {processor.py:161} INFO - Started process (PID=955) to work on /home/airflow/.local/lib/python3.12/site-packages/airflow/example_dags/example_bash_decorator.py
[2024-06-11T22:51:34.732+0000] {processor.py:830} INFO - Processing file /home/airflow/.local/lib/python3.12/site-packages/airflow/example_dags/example_bash_decorator.py for tasks to queue
[2024-06-11T22:51:34.734+0000] {logging_mixin.py:188} INFO - [2024-06-11T22:51:34.734+0000] {dagbag.py:545} INFO - Filling up the DagBag from /home/airflow/.local/lib/python3.12/site-packages/airflow/example_dags/example_bash_decorator.py
[2024-06-11T22:51:34.746+0000] {processor.py:840} INFO - DAG(s) 'example_bash_decorator' retrieved from /home/airflow/.local/lib/python3.12/site-packages/airflow/example_dags/example_bash_decorator.py
[2024-06-11T22:51:34.769+0000] {logging_mixin.py:188} INFO - [2024-06-11T22:51:34.769+0000] {dag.py:3096} INFO - Sync 1 DAGs
[2024-06-11T22:51:34.887+0000] {logging_mixin.py:188} INFO - [2024-06-11T22:51:34.887+0000] {dag.py:3954} INFO - Setting next_dagrun for example_bash_decorator to None, run_after=None
[2024-06-11T22:51:34.911+0000] {processor.py:183} INFO - Processing /home/airflow/.local/lib/python3.12/site-packages/airflow/example_dags/example_bash_decorator.py took 0.184 seconds
[2024-06-11T22:52:05.245+0000] {processor.py:161} INFO - Started process (PID=1013) to work on /home/airflow/.local/lib/python3.12/site-packages/airflow/example_dags/example_bash_decorator.py
[2024-06-11T22:52:05.247+0000] {processor.py:830} INFO - Processing file /home/airflow/.local/lib/python3.12/site-packages/airflow/example_dags/example_bash_decorator.py for tasks to queue
[2024-06-11T22:52:05.251+0000] {logging_mixin.py:188} INFO - [2024-06-11T22:52:05.250+0000] {dagbag.py:545} INFO - Filling up the DagBag from /home/airflow/.local/lib/python3.12/site-packages/airflow/example_dags/example_bash_decorator.py
[2024-06-11T22:52:05.265+0000] {processor.py:840} INFO - DAG(s) 'example_bash_decorator' retrieved from /home/airflow/.local/lib/python3.12/site-packages/airflow/example_dags/example_bash_decorator.py
[2024-06-11T22:52:05.300+0000] {logging_mixin.py:188} INFO - [2024-06-11T22:52:05.299+0000] {dag.py:3096} INFO - Sync 1 DAGs
[2024-06-11T22:52:05.311+0000] {logging_mixin.py:188} INFO - [2024-06-11T22:52:05.311+0000] {dag.py:3954} INFO - Setting next_dagrun for example_bash_decorator to None, run_after=None
[2024-06-11T22:52:05.330+0000] {processor.py:183} INFO - Processing /home/airflow/.local/lib/python3.12/site-packages/airflow/example_dags/example_bash_decorator.py took 0.090 seconds
[2024-06-11T22:52:35.515+0000] {processor.py:161} INFO - Started process (PID=1071) to work on /home/airflow/.local/lib/python3.12/site-packages/airflow/example_dags/example_bash_decorator.py
[2024-06-11T22:52:35.516+0000] {processor.py:830} INFO - Processing file /home/airflow/.local/lib/python3.12/site-packages/airflow/example_dags/example_bash_decorator.py for tasks to queue
[2024-06-11T22:52:35.518+0000] {logging_mixin.py:188} INFO - [2024-06-11T22:52:35.517+0000] {dagbag.py:545} INFO - Filling up the DagBag from /home/airflow/.local/lib/python3.12/site-packages/airflow/example_dags/example_bash_decorator.py
[2024-06-11T22:52:35.527+0000] {processor.py:840} INFO - DAG(s) 'example_bash_decorator' retrieved from /home/airflow/.local/lib/python3.12/site-packages/airflow/example_dags/example_bash_decorator.py
[2024-06-11T22:52:35.543+0000] {logging_mixin.py:188} INFO - [2024-06-11T22:52:35.542+0000] {dag.py:3096} INFO - Sync 1 DAGs
[2024-06-11T22:52:35.551+0000] {logging_mixin.py:188} INFO - [2024-06-11T22:52:35.551+0000] {dag.py:3954} INFO - Setting next_dagrun for example_bash_decorator to None, run_after=None
[2024-06-11T22:52:35.564+0000] {processor.py:183} INFO - Processing /home/airflow/.local/lib/python3.12/site-packages/airflow/example_dags/example_bash_decorator.py took 0.052 seconds
[2024-06-11T22:53:06.577+0000] {processor.py:161} INFO - Started process (PID=1129) to work on /home/airflow/.local/lib/python3.12/site-packages/airflow/example_dags/example_bash_decorator.py
[2024-06-11T22:53:06.578+0000] {processor.py:830} INFO - Processing file /home/airflow/.local/lib/python3.12/site-packages/airflow/example_dags/example_bash_decorator.py for tasks to queue
[2024-06-11T22:53:06.580+0000] {logging_mixin.py:188} INFO - [2024-06-11T22:53:06.579+0000] {dagbag.py:545} INFO - Filling up the DagBag from /home/airflow/.local/lib/python3.12/site-packages/airflow/example_dags/example_bash_decorator.py
[2024-06-11T22:53:06.590+0000] {processor.py:840} INFO - DAG(s) 'example_bash_decorator' retrieved from /home/airflow/.local/lib/python3.12/site-packages/airflow/example_dags/example_bash_decorator.py
[2024-06-11T22:53:06.611+0000] {logging_mixin.py:188} INFO - [2024-06-11T22:53:06.611+0000] {dag.py:3096} INFO - Sync 1 DAGs
[2024-06-11T22:53:06.624+0000] {logging_mixin.py:188} INFO - [2024-06-11T22:53:06.624+0000] {dag.py:3954} INFO - Setting next_dagrun for example_bash_decorator to None, run_after=None
[2024-06-11T22:53:06.641+0000] {processor.py:183} INFO - Processing /home/airflow/.local/lib/python3.12/site-packages/airflow/example_dags/example_bash_decorator.py took 0.069 seconds
[2024-06-11T22:53:37.084+0000] {processor.py:161} INFO - Started process (PID=1187) to work on /home/airflow/.local/lib/python3.12/site-packages/airflow/example_dags/example_bash_decorator.py
[2024-06-11T22:53:37.085+0000] {processor.py:830} INFO - Processing file /home/airflow/.local/lib/python3.12/site-packages/airflow/example_dags/example_bash_decorator.py for tasks to queue
[2024-06-11T22:53:37.087+0000] {logging_mixin.py:188} INFO - [2024-06-11T22:53:37.087+0000] {dagbag.py:545} INFO - Filling up the DagBag from /home/airflow/.local/lib/python3.12/site-packages/airflow/example_dags/example_bash_decorator.py
[2024-06-11T22:53:37.099+0000] {processor.py:840} INFO - DAG(s) 'example_bash_decorator' retrieved from /home/airflow/.local/lib/python3.12/site-packages/airflow/example_dags/example_bash_decorator.py
[2024-06-11T22:53:37.118+0000] {logging_mixin.py:188} INFO - [2024-06-11T22:53:37.118+0000] {dag.py:3096} INFO - Sync 1 DAGs
[2024-06-11T22:53:37.127+0000] {logging_mixin.py:188} INFO - [2024-06-11T22:53:37.127+0000] {dag.py:3954} INFO - Setting next_dagrun for example_bash_decorator to None, run_after=None
[2024-06-11T22:53:37.143+0000] {processor.py:183} INFO - Processing /home/airflow/.local/lib/python3.12/site-packages/airflow/example_dags/example_bash_decorator.py took 0.065 seconds
[2024-06-11T22:54:07.294+0000] {processor.py:161} INFO - Started process (PID=1245) to work on /home/airflow/.local/lib/python3.12/site-packages/airflow/example_dags/example_bash_decorator.py
[2024-06-11T22:54:07.295+0000] {processor.py:830} INFO - Processing file /home/airflow/.local/lib/python3.12/site-packages/airflow/example_dags/example_bash_decorator.py for tasks to queue
[2024-06-11T22:54:07.297+0000] {logging_mixin.py:188} INFO - [2024-06-11T22:54:07.296+0000] {dagbag.py:545} INFO - Filling up the DagBag from /home/airflow/.local/lib/python3.12/site-packages/airflow/example_dags/example_bash_decorator.py
[2024-06-11T22:54:07.311+0000] {processor.py:840} INFO - DAG(s) 'example_bash_decorator' retrieved from /home/airflow/.local/lib/python3.12/site-packages/airflow/example_dags/example_bash_decorator.py
[2024-06-11T22:54:07.335+0000] {logging_mixin.py:188} INFO - [2024-06-11T22:54:07.334+0000] {dag.py:3096} INFO - Sync 1 DAGs
[2024-06-11T22:54:07.346+0000] {logging_mixin.py:188} INFO - [2024-06-11T22:54:07.346+0000] {dag.py:3954} INFO - Setting next_dagrun for example_bash_decorator to None, run_after=None
[2024-06-11T22:54:07.365+0000] {processor.py:183} INFO - Processing /home/airflow/.local/lib/python3.12/site-packages/airflow/example_dags/example_bash_decorator.py took 0.078 seconds
[2024-06-11T22:54:37.826+0000] {processor.py:161} INFO - Started process (PID=1303) to work on /home/airflow/.local/lib/python3.12/site-packages/airflow/example_dags/example_bash_decorator.py
[2024-06-11T22:54:37.827+0000] {processor.py:830} INFO - Processing file /home/airflow/.local/lib/python3.12/site-packages/airflow/example_dags/example_bash_decorator.py for tasks to queue
[2024-06-11T22:54:37.828+0000] {logging_mixin.py:188} INFO - [2024-06-11T22:54:37.828+0000] {dagbag.py:545} INFO - Filling up the DagBag from /home/airflow/.local/lib/python3.12/site-packages/airflow/example_dags/example_bash_decorator.py
[2024-06-11T22:54:37.839+0000] {processor.py:840} INFO - DAG(s) 'example_bash_decorator' retrieved from /home/airflow/.local/lib/python3.12/site-packages/airflow/example_dags/example_bash_decorator.py
[2024-06-11T22:54:37.863+0000] {logging_mixin.py:188} INFO - [2024-06-11T22:54:37.863+0000] {dag.py:3096} INFO - Sync 1 DAGs
[2024-06-11T22:54:37.873+0000] {logging_mixin.py:188} INFO - [2024-06-11T22:54:37.873+0000] {dag.py:3954} INFO - Setting next_dagrun for example_bash_decorator to None, run_after=None
[2024-06-11T22:54:37.889+0000] {processor.py:183} INFO - Processing /home/airflow/.local/lib/python3.12/site-packages/airflow/example_dags/example_bash_decorator.py took 0.069 seconds
[2024-06-11T22:55:08.178+0000] {processor.py:161} INFO - Started process (PID=1361) to work on /home/airflow/.local/lib/python3.12/site-packages/airflow/example_dags/example_bash_decorator.py
[2024-06-11T22:55:08.179+0000] {processor.py:830} INFO - Processing file /home/airflow/.local/lib/python3.12/site-packages/airflow/example_dags/example_bash_decorator.py for tasks to queue
[2024-06-11T22:55:08.181+0000] {logging_mixin.py:188} INFO - [2024-06-11T22:55:08.181+0000] {dagbag.py:545} INFO - Filling up the DagBag from /home/airflow/.local/lib/python3.12/site-packages/airflow/example_dags/example_bash_decorator.py
[2024-06-11T22:55:08.193+0000] {processor.py:840} INFO - DAG(s) 'example_bash_decorator' retrieved from /home/airflow/.local/lib/python3.12/site-packages/airflow/example_dags/example_bash_decorator.py
[2024-06-11T22:55:08.212+0000] {logging_mixin.py:188} INFO - [2024-06-11T22:55:08.212+0000] {dag.py:3096} INFO - Sync 1 DAGs
[2024-06-11T22:55:08.227+0000] {logging_mixin.py:188} INFO - [2024-06-11T22:55:08.227+0000] {dag.py:3954} INFO - Setting next_dagrun for example_bash_decorator to None, run_after=None
[2024-06-11T22:55:08.245+0000] {processor.py:183} INFO - Processing /home/airflow/.local/lib/python3.12/site-packages/airflow/example_dags/example_bash_decorator.py took 0.072 seconds
[2024-06-11T22:55:39.134+0000] {processor.py:161} INFO - Started process (PID=1419) to work on /home/airflow/.local/lib/python3.12/site-packages/airflow/example_dags/example_bash_decorator.py
[2024-06-11T22:55:39.136+0000] {processor.py:830} INFO - Processing file /home/airflow/.local/lib/python3.12/site-packages/airflow/example_dags/example_bash_decorator.py for tasks to queue
[2024-06-11T22:55:39.137+0000] {logging_mixin.py:188} INFO - [2024-06-11T22:55:39.137+0000] {dagbag.py:545} INFO - Filling up the DagBag from /home/airflow/.local/lib/python3.12/site-packages/airflow/example_dags/example_bash_decorator.py
[2024-06-11T22:55:39.150+0000] {processor.py:840} INFO - DAG(s) 'example_bash_decorator' retrieved from /home/airflow/.local/lib/python3.12/site-packages/airflow/example_dags/example_bash_decorator.py
[2024-06-11T22:55:39.173+0000] {logging_mixin.py:188} INFO - [2024-06-11T22:55:39.173+0000] {dag.py:3096} INFO - Sync 1 DAGs
[2024-06-11T22:55:39.185+0000] {logging_mixin.py:188} INFO - [2024-06-11T22:55:39.184+0000] {dag.py:3954} INFO - Setting next_dagrun for example_bash_decorator to None, run_after=None
[2024-06-11T22:55:39.199+0000] {processor.py:183} INFO - Processing /home/airflow/.local/lib/python3.12/site-packages/airflow/example_dags/example_bash_decorator.py took 0.071 seconds
[2024-06-11T22:56:09.322+0000] {processor.py:161} INFO - Started process (PID=1476) to work on /home/airflow/.local/lib/python3.12/site-packages/airflow/example_dags/example_bash_decorator.py
[2024-06-11T22:56:09.323+0000] {processor.py:830} INFO - Processing file /home/airflow/.local/lib/python3.12/site-packages/airflow/example_dags/example_bash_decorator.py for tasks to queue
[2024-06-11T22:56:09.325+0000] {logging_mixin.py:188} INFO - [2024-06-11T22:56:09.325+0000] {dagbag.py:545} INFO - Filling up the DagBag from /home/airflow/.local/lib/python3.12/site-packages/airflow/example_dags/example_bash_decorator.py
[2024-06-11T22:56:09.334+0000] {processor.py:840} INFO - DAG(s) 'example_bash_decorator' retrieved from /home/airflow/.local/lib/python3.12/site-packages/airflow/example_dags/example_bash_decorator.py
[2024-06-11T22:56:09.350+0000] {logging_mixin.py:188} INFO - [2024-06-11T22:56:09.350+0000] {dag.py:3096} INFO - Sync 1 DAGs
[2024-06-11T22:56:09.359+0000] {logging_mixin.py:188} INFO - [2024-06-11T22:56:09.359+0000] {dag.py:3954} INFO - Setting next_dagrun for example_bash_decorator to None, run_after=None
[2024-06-11T22:56:09.372+0000] {processor.py:183} INFO - Processing /home/airflow/.local/lib/python3.12/site-packages/airflow/example_dags/example_bash_decorator.py took 0.054 seconds
[2024-06-11T22:56:40.004+0000] {processor.py:161} INFO - Started process (PID=1534) to work on /home/airflow/.local/lib/python3.12/site-packages/airflow/example_dags/example_bash_decorator.py
[2024-06-11T22:56:40.005+0000] {processor.py:830} INFO - Processing file /home/airflow/.local/lib/python3.12/site-packages/airflow/example_dags/example_bash_decorator.py for tasks to queue
[2024-06-11T22:56:40.007+0000] {logging_mixin.py:188} INFO - [2024-06-11T22:56:40.007+0000] {dagbag.py:545} INFO - Filling up the DagBag from /home/airflow/.local/lib/python3.12/site-packages/airflow/example_dags/example_bash_decorator.py
[2024-06-11T22:56:40.015+0000] {processor.py:840} INFO - DAG(s) 'example_bash_decorator' retrieved from /home/airflow/.local/lib/python3.12/site-packages/airflow/example_dags/example_bash_decorator.py
[2024-06-11T22:56:40.032+0000] {logging_mixin.py:188} INFO - [2024-06-11T22:56:40.031+0000] {dag.py:3096} INFO - Sync 1 DAGs
[2024-06-11T22:56:40.040+0000] {logging_mixin.py:188} INFO - [2024-06-11T22:56:40.040+0000] {dag.py:3954} INFO - Setting next_dagrun for example_bash_decorator to None, run_after=None
[2024-06-11T22:56:40.054+0000] {processor.py:183} INFO - Processing /home/airflow/.local/lib/python3.12/site-packages/airflow/example_dags/example_bash_decorator.py took 0.053 seconds
[2024-06-11T22:57:10.292+0000] {processor.py:161} INFO - Started process (PID=1592) to work on /home/airflow/.local/lib/python3.12/site-packages/airflow/example_dags/example_bash_decorator.py
[2024-06-11T22:57:10.293+0000] {processor.py:830} INFO - Processing file /home/airflow/.local/lib/python3.12/site-packages/airflow/example_dags/example_bash_decorator.py for tasks to queue
[2024-06-11T22:57:10.295+0000] {logging_mixin.py:188} INFO - [2024-06-11T22:57:10.295+0000] {dagbag.py:545} INFO - Filling up the DagBag from /home/airflow/.local/lib/python3.12/site-packages/airflow/example_dags/example_bash_decorator.py
[2024-06-11T22:57:10.307+0000] {processor.py:840} INFO - DAG(s) 'example_bash_decorator' retrieved from /home/airflow/.local/lib/python3.12/site-packages/airflow/example_dags/example_bash_decorator.py
[2024-06-11T22:57:10.327+0000] {logging_mixin.py:188} INFO - [2024-06-11T22:57:10.327+0000] {dag.py:3096} INFO - Sync 1 DAGs
[2024-06-11T22:57:10.338+0000] {logging_mixin.py:188} INFO - [2024-06-11T22:57:10.338+0000] {dag.py:3954} INFO - Setting next_dagrun for example_bash_decorator to None, run_after=None
[2024-06-11T22:57:10.355+0000] {processor.py:183} INFO - Processing /home/airflow/.local/lib/python3.12/site-packages/airflow/example_dags/example_bash_decorator.py took 0.067 seconds
[2024-06-11T22:57:41.421+0000] {processor.py:161} INFO - Started process (PID=1649) to work on /home/airflow/.local/lib/python3.12/site-packages/airflow/example_dags/example_bash_decorator.py
[2024-06-11T22:57:41.423+0000] {processor.py:830} INFO - Processing file /home/airflow/.local/lib/python3.12/site-packages/airflow/example_dags/example_bash_decorator.py for tasks to queue
[2024-06-11T22:57:41.425+0000] {logging_mixin.py:188} INFO - [2024-06-11T22:57:41.424+0000] {dagbag.py:545} INFO - Filling up the DagBag from /home/airflow/.local/lib/python3.12/site-packages/airflow/example_dags/example_bash_decorator.py
[2024-06-11T22:57:41.436+0000] {processor.py:840} INFO - DAG(s) 'example_bash_decorator' retrieved from /home/airflow/.local/lib/python3.12/site-packages/airflow/example_dags/example_bash_decorator.py
[2024-06-11T22:57:41.456+0000] {logging_mixin.py:188} INFO - [2024-06-11T22:57:41.456+0000] {dag.py:3096} INFO - Sync 1 DAGs
[2024-06-11T22:57:41.467+0000] {logging_mixin.py:188} INFO - [2024-06-11T22:57:41.467+0000] {dag.py:3954} INFO - Setting next_dagrun for example_bash_decorator to None, run_after=None
[2024-06-11T22:57:41.484+0000] {processor.py:183} INFO - Processing /home/airflow/.local/lib/python3.12/site-packages/airflow/example_dags/example_bash_decorator.py took 0.068 seconds
[2024-06-11T22:58:14.933+0000] {processor.py:161} INFO - Started process (PID=1707) to work on /home/airflow/.local/lib/python3.12/site-packages/airflow/example_dags/example_bash_decorator.py
[2024-06-11T22:58:14.935+0000] {processor.py:830} INFO - Processing file /home/airflow/.local/lib/python3.12/site-packages/airflow/example_dags/example_bash_decorator.py for tasks to queue
[2024-06-11T22:58:14.937+0000] {logging_mixin.py:188} INFO - [2024-06-11T22:58:14.937+0000] {dagbag.py:545} INFO - Filling up the DagBag from /home/airflow/.local/lib/python3.12/site-packages/airflow/example_dags/example_bash_decorator.py
[2024-06-11T22:58:14.966+0000] {processor.py:840} INFO - DAG(s) 'example_bash_decorator' retrieved from /home/airflow/.local/lib/python3.12/site-packages/airflow/example_dags/example_bash_decorator.py
[2024-06-11T22:58:15.014+0000] {logging_mixin.py:188} INFO - [2024-06-11T22:58:15.013+0000] {dag.py:3096} INFO - Sync 1 DAGs
[2024-06-11T22:58:15.035+0000] {logging_mixin.py:188} INFO - [2024-06-11T22:58:15.035+0000] {dag.py:3954} INFO - Setting next_dagrun for example_bash_decorator to None, run_after=None
[2024-06-11T22:58:15.073+0000] {processor.py:183} INFO - Processing /home/airflow/.local/lib/python3.12/site-packages/airflow/example_dags/example_bash_decorator.py took 0.148 seconds
[2024-06-11T22:58:45.842+0000] {processor.py:161} INFO - Started process (PID=1765) to work on /home/airflow/.local/lib/python3.12/site-packages/airflow/example_dags/example_bash_decorator.py
[2024-06-11T22:58:45.845+0000] {processor.py:830} INFO - Processing file /home/airflow/.local/lib/python3.12/site-packages/airflow/example_dags/example_bash_decorator.py for tasks to queue
[2024-06-11T22:58:45.847+0000] {logging_mixin.py:188} INFO - [2024-06-11T22:58:45.846+0000] {dagbag.py:545} INFO - Filling up the DagBag from /home/airflow/.local/lib/python3.12/site-packages/airflow/example_dags/example_bash_decorator.py
[2024-06-11T22:58:45.877+0000] {processor.py:840} INFO - DAG(s) 'example_bash_decorator' retrieved from /home/airflow/.local/lib/python3.12/site-packages/airflow/example_dags/example_bash_decorator.py
[2024-06-11T22:58:46.006+0000] {logging_mixin.py:188} INFO - [2024-06-11T22:58:46.006+0000] {dag.py:3096} INFO - Sync 1 DAGs
[2024-06-11T22:58:46.111+0000] {logging_mixin.py:188} INFO - [2024-06-11T22:58:46.111+0000] {dag.py:3954} INFO - Setting next_dagrun for example_bash_decorator to None, run_after=None
[2024-06-11T22:58:46.141+0000] {processor.py:183} INFO - Processing /home/airflow/.local/lib/python3.12/site-packages/airflow/example_dags/example_bash_decorator.py took 0.305 seconds
[2024-06-11T22:59:16.483+0000] {processor.py:161} INFO - Started process (PID=1823) to work on /home/airflow/.local/lib/python3.12/site-packages/airflow/example_dags/example_bash_decorator.py
[2024-06-11T22:59:16.484+0000] {processor.py:830} INFO - Processing file /home/airflow/.local/lib/python3.12/site-packages/airflow/example_dags/example_bash_decorator.py for tasks to queue
[2024-06-11T22:59:16.485+0000] {logging_mixin.py:188} INFO - [2024-06-11T22:59:16.485+0000] {dagbag.py:545} INFO - Filling up the DagBag from /home/airflow/.local/lib/python3.12/site-packages/airflow/example_dags/example_bash_decorator.py
[2024-06-11T22:59:16.499+0000] {processor.py:840} INFO - DAG(s) 'example_bash_decorator' retrieved from /home/airflow/.local/lib/python3.12/site-packages/airflow/example_dags/example_bash_decorator.py
[2024-06-11T22:59:16.523+0000] {logging_mixin.py:188} INFO - [2024-06-11T22:59:16.522+0000] {dag.py:3096} INFO - Sync 1 DAGs
[2024-06-11T22:59:16.533+0000] {logging_mixin.py:188} INFO - [2024-06-11T22:59:16.533+0000] {dag.py:3954} INFO - Setting next_dagrun for example_bash_decorator to None, run_after=None
[2024-06-11T22:59:16.548+0000] {processor.py:183} INFO - Processing /home/airflow/.local/lib/python3.12/site-packages/airflow/example_dags/example_bash_decorator.py took 0.070 seconds
[2024-06-11T22:59:47.107+0000] {processor.py:161} INFO - Started process (PID=1881) to work on /home/airflow/.local/lib/python3.12/site-packages/airflow/example_dags/example_bash_decorator.py
[2024-06-11T22:59:47.108+0000] {processor.py:830} INFO - Processing file /home/airflow/.local/lib/python3.12/site-packages/airflow/example_dags/example_bash_decorator.py for tasks to queue
[2024-06-11T22:59:47.109+0000] {logging_mixin.py:188} INFO - [2024-06-11T22:59:47.109+0000] {dagbag.py:545} INFO - Filling up the DagBag from /home/airflow/.local/lib/python3.12/site-packages/airflow/example_dags/example_bash_decorator.py
[2024-06-11T22:59:47.120+0000] {processor.py:840} INFO - DAG(s) 'example_bash_decorator' retrieved from /home/airflow/.local/lib/python3.12/site-packages/airflow/example_dags/example_bash_decorator.py
[2024-06-11T22:59:47.139+0000] {logging_mixin.py:188} INFO - [2024-06-11T22:59:47.138+0000] {dag.py:3096} INFO - Sync 1 DAGs
[2024-06-11T22:59:47.148+0000] {logging_mixin.py:188} INFO - [2024-06-11T22:59:47.148+0000] {dag.py:3954} INFO - Setting next_dagrun for example_bash_decorator to None, run_after=None
[2024-06-11T22:59:47.164+0000] {processor.py:183} INFO - Processing /home/airflow/.local/lib/python3.12/site-packages/airflow/example_dags/example_bash_decorator.py took 0.061 seconds
[2024-06-11T23:00:17.973+0000] {processor.py:161} INFO - Started process (PID=1940) to work on /home/airflow/.local/lib/python3.12/site-packages/airflow/example_dags/example_bash_decorator.py
[2024-06-11T23:00:17.974+0000] {processor.py:830} INFO - Processing file /home/airflow/.local/lib/python3.12/site-packages/airflow/example_dags/example_bash_decorator.py for tasks to queue
[2024-06-11T23:00:17.975+0000] {logging_mixin.py:188} INFO - [2024-06-11T23:00:17.975+0000] {dagbag.py:545} INFO - Filling up the DagBag from /home/airflow/.local/lib/python3.12/site-packages/airflow/example_dags/example_bash_decorator.py
[2024-06-11T23:00:17.986+0000] {processor.py:840} INFO - DAG(s) 'example_bash_decorator' retrieved from /home/airflow/.local/lib/python3.12/site-packages/airflow/example_dags/example_bash_decorator.py
[2024-06-11T23:00:18.005+0000] {logging_mixin.py:188} INFO - [2024-06-11T23:00:18.005+0000] {dag.py:3096} INFO - Sync 1 DAGs
[2024-06-11T23:00:18.013+0000] {logging_mixin.py:188} INFO - [2024-06-11T23:00:18.013+0000] {dag.py:3954} INFO - Setting next_dagrun for example_bash_decorator to None, run_after=None
[2024-06-11T23:00:18.027+0000] {processor.py:183} INFO - Processing /home/airflow/.local/lib/python3.12/site-packages/airflow/example_dags/example_bash_decorator.py took 0.060 seconds
[2024-06-11T23:00:50.181+0000] {processor.py:161} INFO - Started process (PID=1998) to work on /home/airflow/.local/lib/python3.12/site-packages/airflow/example_dags/example_bash_decorator.py
[2024-06-11T23:00:50.182+0000] {processor.py:830} INFO - Processing file /home/airflow/.local/lib/python3.12/site-packages/airflow/example_dags/example_bash_decorator.py for tasks to queue
[2024-06-11T23:00:50.183+0000] {logging_mixin.py:188} INFO - [2024-06-11T23:00:50.183+0000] {dagbag.py:545} INFO - Filling up the DagBag from /home/airflow/.local/lib/python3.12/site-packages/airflow/example_dags/example_bash_decorator.py
[2024-06-11T23:00:50.325+0000] {processor.py:840} INFO - DAG(s) 'example_bash_decorator' retrieved from /home/airflow/.local/lib/python3.12/site-packages/airflow/example_dags/example_bash_decorator.py
[2024-06-11T23:00:50.344+0000] {logging_mixin.py:188} INFO - [2024-06-11T23:00:50.344+0000] {dag.py:3096} INFO - Sync 1 DAGs
[2024-06-11T23:00:50.354+0000] {logging_mixin.py:188} INFO - [2024-06-11T23:00:50.354+0000] {dag.py:3954} INFO - Setting next_dagrun for example_bash_decorator to None, run_after=None
[2024-06-11T23:00:50.369+0000] {processor.py:183} INFO - Processing /home/airflow/.local/lib/python3.12/site-packages/airflow/example_dags/example_bash_decorator.py took 0.194 seconds
[2024-06-11T23:01:20.864+0000] {processor.py:161} INFO - Started process (PID=2056) to work on /home/airflow/.local/lib/python3.12/site-packages/airflow/example_dags/example_bash_decorator.py
[2024-06-11T23:01:20.865+0000] {processor.py:830} INFO - Processing file /home/airflow/.local/lib/python3.12/site-packages/airflow/example_dags/example_bash_decorator.py for tasks to queue
[2024-06-11T23:01:20.867+0000] {logging_mixin.py:188} INFO - [2024-06-11T23:01:20.867+0000] {dagbag.py:545} INFO - Filling up the DagBag from /home/airflow/.local/lib/python3.12/site-packages/airflow/example_dags/example_bash_decorator.py
[2024-06-11T23:01:20.877+0000] {processor.py:840} INFO - DAG(s) 'example_bash_decorator' retrieved from /home/airflow/.local/lib/python3.12/site-packages/airflow/example_dags/example_bash_decorator.py
[2024-06-11T23:01:20.902+0000] {logging_mixin.py:188} INFO - [2024-06-11T23:01:20.901+0000] {dag.py:3096} INFO - Sync 1 DAGs
[2024-06-11T23:01:20.912+0000] {logging_mixin.py:188} INFO - [2024-06-11T23:01:20.912+0000] {dag.py:3954} INFO - Setting next_dagrun for example_bash_decorator to None, run_after=None
[2024-06-11T23:01:20.931+0000] {processor.py:183} INFO - Processing /home/airflow/.local/lib/python3.12/site-packages/airflow/example_dags/example_bash_decorator.py took 0.072 seconds
[2024-06-11T23:01:51.821+0000] {processor.py:161} INFO - Started process (PID=2114) to work on /home/airflow/.local/lib/python3.12/site-packages/airflow/example_dags/example_bash_decorator.py
[2024-06-11T23:01:51.823+0000] {processor.py:830} INFO - Processing file /home/airflow/.local/lib/python3.12/site-packages/airflow/example_dags/example_bash_decorator.py for tasks to queue
[2024-06-11T23:01:51.825+0000] {logging_mixin.py:188} INFO - [2024-06-11T23:01:51.824+0000] {dagbag.py:545} INFO - Filling up the DagBag from /home/airflow/.local/lib/python3.12/site-packages/airflow/example_dags/example_bash_decorator.py
[2024-06-11T23:01:51.836+0000] {processor.py:840} INFO - DAG(s) 'example_bash_decorator' retrieved from /home/airflow/.local/lib/python3.12/site-packages/airflow/example_dags/example_bash_decorator.py
[2024-06-11T23:01:51.861+0000] {logging_mixin.py:188} INFO - [2024-06-11T23:01:51.861+0000] {dag.py:3096} INFO - Sync 1 DAGs
[2024-06-11T23:01:51.874+0000] {logging_mixin.py:188} INFO - [2024-06-11T23:01:51.874+0000] {dag.py:3954} INFO - Setting next_dagrun for example_bash_decorator to None, run_after=None
[2024-06-11T23:01:51.894+0000] {processor.py:183} INFO - Processing /home/airflow/.local/lib/python3.12/site-packages/airflow/example_dags/example_bash_decorator.py took 0.078 seconds
[2024-06-11T23:02:21.944+0000] {processor.py:161} INFO - Started process (PID=2171) to work on /home/airflow/.local/lib/python3.12/site-packages/airflow/example_dags/example_bash_decorator.py
[2024-06-11T23:02:21.945+0000] {processor.py:830} INFO - Processing file /home/airflow/.local/lib/python3.12/site-packages/airflow/example_dags/example_bash_decorator.py for tasks to queue
[2024-06-11T23:02:21.948+0000] {logging_mixin.py:188} INFO - [2024-06-11T23:02:21.947+0000] {dagbag.py:545} INFO - Filling up the DagBag from /home/airflow/.local/lib/python3.12/site-packages/airflow/example_dags/example_bash_decorator.py
[2024-06-11T23:02:21.963+0000] {processor.py:840} INFO - DAG(s) 'example_bash_decorator' retrieved from /home/airflow/.local/lib/python3.12/site-packages/airflow/example_dags/example_bash_decorator.py
[2024-06-11T23:02:21.996+0000] {logging_mixin.py:188} INFO - [2024-06-11T23:02:21.996+0000] {dag.py:3096} INFO - Sync 1 DAGs
[2024-06-11T23:02:22.007+0000] {logging_mixin.py:188} INFO - [2024-06-11T23:02:22.007+0000] {dag.py:3954} INFO - Setting next_dagrun for example_bash_decorator to None, run_after=None
[2024-06-11T23:02:22.032+0000] {processor.py:183} INFO - Processing /home/airflow/.local/lib/python3.12/site-packages/airflow/example_dags/example_bash_decorator.py took 0.094 seconds
[2024-06-11T23:02:52.332+0000] {processor.py:161} INFO - Started process (PID=2230) to work on /home/airflow/.local/lib/python3.12/site-packages/airflow/example_dags/example_bash_decorator.py
[2024-06-11T23:02:52.333+0000] {processor.py:830} INFO - Processing file /home/airflow/.local/lib/python3.12/site-packages/airflow/example_dags/example_bash_decorator.py for tasks to queue
[2024-06-11T23:02:52.335+0000] {logging_mixin.py:188} INFO - [2024-06-11T23:02:52.335+0000] {dagbag.py:545} INFO - Filling up the DagBag from /home/airflow/.local/lib/python3.12/site-packages/airflow/example_dags/example_bash_decorator.py
[2024-06-11T23:02:52.352+0000] {processor.py:840} INFO - DAG(s) 'example_bash_decorator' retrieved from /home/airflow/.local/lib/python3.12/site-packages/airflow/example_dags/example_bash_decorator.py
[2024-06-11T23:02:52.372+0000] {logging_mixin.py:188} INFO - [2024-06-11T23:02:52.372+0000] {dag.py:3096} INFO - Sync 1 DAGs
[2024-06-11T23:02:52.387+0000] {logging_mixin.py:188} INFO - [2024-06-11T23:02:52.387+0000] {dag.py:3954} INFO - Setting next_dagrun for example_bash_decorator to None, run_after=None
[2024-06-11T23:02:52.403+0000] {processor.py:183} INFO - Processing /home/airflow/.local/lib/python3.12/site-packages/airflow/example_dags/example_bash_decorator.py took 0.076 seconds
[2024-06-11T23:03:22.889+0000] {processor.py:161} INFO - Started process (PID=2288) to work on /home/airflow/.local/lib/python3.12/site-packages/airflow/example_dags/example_bash_decorator.py
[2024-06-11T23:03:22.890+0000] {processor.py:830} INFO - Processing file /home/airflow/.local/lib/python3.12/site-packages/airflow/example_dags/example_bash_decorator.py for tasks to queue
[2024-06-11T23:03:22.891+0000] {logging_mixin.py:188} INFO - [2024-06-11T23:03:22.891+0000] {dagbag.py:545} INFO - Filling up the DagBag from /home/airflow/.local/lib/python3.12/site-packages/airflow/example_dags/example_bash_decorator.py
[2024-06-11T23:03:22.905+0000] {processor.py:840} INFO - DAG(s) 'example_bash_decorator' retrieved from /home/airflow/.local/lib/python3.12/site-packages/airflow/example_dags/example_bash_decorator.py
[2024-06-11T23:03:22.926+0000] {logging_mixin.py:188} INFO - [2024-06-11T23:03:22.926+0000] {dag.py:3096} INFO - Sync 1 DAGs
[2024-06-11T23:03:22.937+0000] {logging_mixin.py:188} INFO - [2024-06-11T23:03:22.937+0000] {dag.py:3954} INFO - Setting next_dagrun for example_bash_decorator to None, run_after=None
[2024-06-11T23:03:22.964+0000] {processor.py:183} INFO - Processing /home/airflow/.local/lib/python3.12/site-packages/airflow/example_dags/example_bash_decorator.py took 0.080 seconds
[2024-06-11T23:03:53.898+0000] {processor.py:161} INFO - Started process (PID=2346) to work on /home/airflow/.local/lib/python3.12/site-packages/airflow/example_dags/example_bash_decorator.py
[2024-06-11T23:03:53.899+0000] {processor.py:830} INFO - Processing file /home/airflow/.local/lib/python3.12/site-packages/airflow/example_dags/example_bash_decorator.py for tasks to queue
[2024-06-11T23:03:53.900+0000] {logging_mixin.py:188} INFO - [2024-06-11T23:03:53.900+0000] {dagbag.py:545} INFO - Filling up the DagBag from /home/airflow/.local/lib/python3.12/site-packages/airflow/example_dags/example_bash_decorator.py
[2024-06-11T23:03:53.912+0000] {processor.py:840} INFO - DAG(s) 'example_bash_decorator' retrieved from /home/airflow/.local/lib/python3.12/site-packages/airflow/example_dags/example_bash_decorator.py
[2024-06-11T23:03:53.931+0000] {logging_mixin.py:188} INFO - [2024-06-11T23:03:53.931+0000] {dag.py:3096} INFO - Sync 1 DAGs
[2024-06-11T23:03:53.943+0000] {logging_mixin.py:188} INFO - [2024-06-11T23:03:53.943+0000] {dag.py:3954} INFO - Setting next_dagrun for example_bash_decorator to None, run_after=None
[2024-06-11T23:03:53.960+0000] {processor.py:183} INFO - Processing /home/airflow/.local/lib/python3.12/site-packages/airflow/example_dags/example_bash_decorator.py took 0.067 seconds
[2024-06-11T23:04:24.399+0000] {processor.py:161} INFO - Started process (PID=2404) to work on /home/airflow/.local/lib/python3.12/site-packages/airflow/example_dags/example_bash_decorator.py
[2024-06-11T23:04:24.400+0000] {processor.py:830} INFO - Processing file /home/airflow/.local/lib/python3.12/site-packages/airflow/example_dags/example_bash_decorator.py for tasks to queue
[2024-06-11T23:04:24.402+0000] {logging_mixin.py:188} INFO - [2024-06-11T23:04:24.402+0000] {dagbag.py:545} INFO - Filling up the DagBag from /home/airflow/.local/lib/python3.12/site-packages/airflow/example_dags/example_bash_decorator.py
[2024-06-11T23:04:24.417+0000] {processor.py:840} INFO - DAG(s) 'example_bash_decorator' retrieved from /home/airflow/.local/lib/python3.12/site-packages/airflow/example_dags/example_bash_decorator.py
[2024-06-11T23:04:24.439+0000] {logging_mixin.py:188} INFO - [2024-06-11T23:04:24.439+0000] {dag.py:3096} INFO - Sync 1 DAGs
[2024-06-11T23:04:24.452+0000] {logging_mixin.py:188} INFO - [2024-06-11T23:04:24.452+0000] {dag.py:3954} INFO - Setting next_dagrun for example_bash_decorator to None, run_after=None
[2024-06-11T23:04:24.471+0000] {processor.py:183} INFO - Processing /home/airflow/.local/lib/python3.12/site-packages/airflow/example_dags/example_bash_decorator.py took 0.077 seconds
[2024-06-11T23:04:54.836+0000] {processor.py:161} INFO - Started process (PID=2463) to work on /home/airflow/.local/lib/python3.12/site-packages/airflow/example_dags/example_bash_decorator.py
[2024-06-11T23:04:54.837+0000] {processor.py:830} INFO - Processing file /home/airflow/.local/lib/python3.12/site-packages/airflow/example_dags/example_bash_decorator.py for tasks to queue
[2024-06-11T23:04:54.839+0000] {logging_mixin.py:188} INFO - [2024-06-11T23:04:54.839+0000] {dagbag.py:545} INFO - Filling up the DagBag from /home/airflow/.local/lib/python3.12/site-packages/airflow/example_dags/example_bash_decorator.py
[2024-06-11T23:04:54.851+0000] {processor.py:840} INFO - DAG(s) 'example_bash_decorator' retrieved from /home/airflow/.local/lib/python3.12/site-packages/airflow/example_dags/example_bash_decorator.py
[2024-06-11T23:04:54.871+0000] {logging_mixin.py:188} INFO - [2024-06-11T23:04:54.871+0000] {dag.py:3096} INFO - Sync 1 DAGs
[2024-06-11T23:04:54.882+0000] {logging_mixin.py:188} INFO - [2024-06-11T23:04:54.882+0000] {dag.py:3954} INFO - Setting next_dagrun for example_bash_decorator to None, run_after=None
[2024-06-11T23:04:54.910+0000] {processor.py:183} INFO - Processing /home/airflow/.local/lib/python3.12/site-packages/airflow/example_dags/example_bash_decorator.py took 0.079 seconds
[2024-06-11T23:05:25.421+0000] {processor.py:161} INFO - Started process (PID=2521) to work on /home/airflow/.local/lib/python3.12/site-packages/airflow/example_dags/example_bash_decorator.py
[2024-06-11T23:05:25.422+0000] {processor.py:830} INFO - Processing file /home/airflow/.local/lib/python3.12/site-packages/airflow/example_dags/example_bash_decorator.py for tasks to queue
[2024-06-11T23:05:25.424+0000] {logging_mixin.py:188} INFO - [2024-06-11T23:05:25.423+0000] {dagbag.py:545} INFO - Filling up the DagBag from /home/airflow/.local/lib/python3.12/site-packages/airflow/example_dags/example_bash_decorator.py
[2024-06-11T23:05:25.434+0000] {processor.py:840} INFO - DAG(s) 'example_bash_decorator' retrieved from /home/airflow/.local/lib/python3.12/site-packages/airflow/example_dags/example_bash_decorator.py
[2024-06-11T23:05:25.454+0000] {logging_mixin.py:188} INFO - [2024-06-11T23:05:25.454+0000] {dag.py:3096} INFO - Sync 1 DAGs
[2024-06-11T23:05:25.466+0000] {logging_mixin.py:188} INFO - [2024-06-11T23:05:25.466+0000] {dag.py:3954} INFO - Setting next_dagrun for example_bash_decorator to None, run_after=None
[2024-06-11T23:05:25.486+0000] {processor.py:183} INFO - Processing /home/airflow/.local/lib/python3.12/site-packages/airflow/example_dags/example_bash_decorator.py took 0.072 seconds
[2024-06-11T23:05:55.563+0000] {processor.py:161} INFO - Started process (PID=2579) to work on /home/airflow/.local/lib/python3.12/site-packages/airflow/example_dags/example_bash_decorator.py
[2024-06-11T23:05:55.564+0000] {processor.py:830} INFO - Processing file /home/airflow/.local/lib/python3.12/site-packages/airflow/example_dags/example_bash_decorator.py for tasks to queue
[2024-06-11T23:05:55.566+0000] {logging_mixin.py:188} INFO - [2024-06-11T23:05:55.566+0000] {dagbag.py:545} INFO - Filling up the DagBag from /home/airflow/.local/lib/python3.12/site-packages/airflow/example_dags/example_bash_decorator.py
[2024-06-11T23:05:55.578+0000] {processor.py:840} INFO - DAG(s) 'example_bash_decorator' retrieved from /home/airflow/.local/lib/python3.12/site-packages/airflow/example_dags/example_bash_decorator.py
[2024-06-11T23:05:55.597+0000] {logging_mixin.py:188} INFO - [2024-06-11T23:05:55.597+0000] {dag.py:3096} INFO - Sync 1 DAGs
[2024-06-11T23:05:55.609+0000] {logging_mixin.py:188} INFO - [2024-06-11T23:05:55.609+0000] {dag.py:3954} INFO - Setting next_dagrun for example_bash_decorator to None, run_after=None
[2024-06-11T23:05:55.633+0000] {processor.py:183} INFO - Processing /home/airflow/.local/lib/python3.12/site-packages/airflow/example_dags/example_bash_decorator.py took 0.076 seconds
[2024-06-11T23:06:26.118+0000] {processor.py:161} INFO - Started process (PID=2637) to work on /home/airflow/.local/lib/python3.12/site-packages/airflow/example_dags/example_bash_decorator.py
[2024-06-11T23:06:26.119+0000] {processor.py:830} INFO - Processing file /home/airflow/.local/lib/python3.12/site-packages/airflow/example_dags/example_bash_decorator.py for tasks to queue
[2024-06-11T23:06:26.121+0000] {logging_mixin.py:188} INFO - [2024-06-11T23:06:26.121+0000] {dagbag.py:545} INFO - Filling up the DagBag from /home/airflow/.local/lib/python3.12/site-packages/airflow/example_dags/example_bash_decorator.py
[2024-06-11T23:06:26.133+0000] {processor.py:840} INFO - DAG(s) 'example_bash_decorator' retrieved from /home/airflow/.local/lib/python3.12/site-packages/airflow/example_dags/example_bash_decorator.py
[2024-06-11T23:06:26.157+0000] {logging_mixin.py:188} INFO - [2024-06-11T23:06:26.157+0000] {dag.py:3096} INFO - Sync 1 DAGs
[2024-06-11T23:06:26.169+0000] {logging_mixin.py:188} INFO - [2024-06-11T23:06:26.169+0000] {dag.py:3954} INFO - Setting next_dagrun for example_bash_decorator to None, run_after=None
[2024-06-11T23:06:26.187+0000] {processor.py:183} INFO - Processing /home/airflow/.local/lib/python3.12/site-packages/airflow/example_dags/example_bash_decorator.py took 0.074 seconds
[2024-06-11T23:06:56.693+0000] {processor.py:161} INFO - Started process (PID=2695) to work on /home/airflow/.local/lib/python3.12/site-packages/airflow/example_dags/example_bash_decorator.py
[2024-06-11T23:06:56.694+0000] {processor.py:830} INFO - Processing file /home/airflow/.local/lib/python3.12/site-packages/airflow/example_dags/example_bash_decorator.py for tasks to queue
[2024-06-11T23:06:56.695+0000] {logging_mixin.py:188} INFO - [2024-06-11T23:06:56.695+0000] {dagbag.py:545} INFO - Filling up the DagBag from /home/airflow/.local/lib/python3.12/site-packages/airflow/example_dags/example_bash_decorator.py
[2024-06-11T23:06:56.708+0000] {processor.py:840} INFO - DAG(s) 'example_bash_decorator' retrieved from /home/airflow/.local/lib/python3.12/site-packages/airflow/example_dags/example_bash_decorator.py
[2024-06-11T23:06:56.727+0000] {logging_mixin.py:188} INFO - [2024-06-11T23:06:56.727+0000] {dag.py:3096} INFO - Sync 1 DAGs
[2024-06-11T23:06:56.738+0000] {logging_mixin.py:188} INFO - [2024-06-11T23:06:56.738+0000] {dag.py:3954} INFO - Setting next_dagrun for example_bash_decorator to None, run_after=None
[2024-06-11T23:06:56.758+0000] {processor.py:183} INFO - Processing /home/airflow/.local/lib/python3.12/site-packages/airflow/example_dags/example_bash_decorator.py took 0.075 seconds
