[2024-06-11T22:43:48.831+0000] {processor.py:161} INFO - Started process (PID=47) to work on /home/airflow/.local/lib/python3.12/site-packages/airflow/example_dags/example_task_group.py
[2024-06-11T22:43:48.834+0000] {processor.py:830} INFO - Processing file /home/airflow/.local/lib/python3.12/site-packages/airflow/example_dags/example_task_group.py for tasks to queue
[2024-06-11T22:43:48.838+0000] {logging_mixin.py:188} INFO - [2024-06-11T22:43:48.837+0000] {dagbag.py:545} INFO - Filling up the DagBag from /home/airflow/.local/lib/python3.12/site-packages/airflow/example_dags/example_task_group.py
[2024-06-11T22:43:48.855+0000] {processor.py:840} INFO - DAG(s) 'example_task_group' retrieved from /home/airflow/.local/lib/python3.12/site-packages/airflow/example_dags/example_task_group.py
[2024-06-11T22:43:48.877+0000] {logging_mixin.py:188} INFO - [2024-06-11T22:43:48.875+0000] {dag.py:3096} INFO - Sync 1 DAGs
[2024-06-11T22:43:48.909+0000] {logging_mixin.py:188} INFO - [2024-06-11T22:43:48.909+0000] {dag.py:3954} INFO - Setting next_dagrun for example_task_group to 2024-06-10 00:00:00+00:00, run_after=2024-06-11 00:00:00+00:00
[2024-06-11T22:43:48.943+0000] {processor.py:183} INFO - Processing /home/airflow/.local/lib/python3.12/site-packages/airflow/example_dags/example_task_group.py took 0.131 seconds
[2024-06-11T22:44:19.160+0000] {processor.py:161} INFO - Started process (PID=105) to work on /home/airflow/.local/lib/python3.12/site-packages/airflow/example_dags/example_task_group.py
[2024-06-11T22:44:19.161+0000] {processor.py:830} INFO - Processing file /home/airflow/.local/lib/python3.12/site-packages/airflow/example_dags/example_task_group.py for tasks to queue
[2024-06-11T22:44:19.162+0000] {logging_mixin.py:188} INFO - [2024-06-11T22:44:19.162+0000] {dagbag.py:545} INFO - Filling up the DagBag from /home/airflow/.local/lib/python3.12/site-packages/airflow/example_dags/example_task_group.py
[2024-06-11T22:44:19.167+0000] {processor.py:840} INFO - DAG(s) 'example_task_group' retrieved from /home/airflow/.local/lib/python3.12/site-packages/airflow/example_dags/example_task_group.py
[2024-06-11T22:44:19.236+0000] {logging_mixin.py:188} INFO - [2024-06-11T22:44:19.235+0000] {dag.py:3096} INFO - Sync 1 DAGs
[2024-06-11T22:44:19.248+0000] {logging_mixin.py:188} INFO - [2024-06-11T22:44:19.248+0000] {dag.py:3954} INFO - Setting next_dagrun for example_task_group to 2024-06-10 00:00:00+00:00, run_after=2024-06-11 00:00:00+00:00
[2024-06-11T22:44:19.264+0000] {processor.py:183} INFO - Processing /home/airflow/.local/lib/python3.12/site-packages/airflow/example_dags/example_task_group.py took 0.108 seconds
[2024-06-11T22:44:49.859+0000] {processor.py:161} INFO - Started process (PID=163) to work on /home/airflow/.local/lib/python3.12/site-packages/airflow/example_dags/example_task_group.py
[2024-06-11T22:44:49.861+0000] {processor.py:830} INFO - Processing file /home/airflow/.local/lib/python3.12/site-packages/airflow/example_dags/example_task_group.py for tasks to queue
[2024-06-11T22:44:49.862+0000] {logging_mixin.py:188} INFO - [2024-06-11T22:44:49.862+0000] {dagbag.py:545} INFO - Filling up the DagBag from /home/airflow/.local/lib/python3.12/site-packages/airflow/example_dags/example_task_group.py
[2024-06-11T22:44:49.867+0000] {processor.py:840} INFO - DAG(s) 'example_task_group' retrieved from /home/airflow/.local/lib/python3.12/site-packages/airflow/example_dags/example_task_group.py
[2024-06-11T22:44:49.883+0000] {logging_mixin.py:188} INFO - [2024-06-11T22:44:49.883+0000] {dag.py:3096} INFO - Sync 1 DAGs
[2024-06-11T22:44:49.899+0000] {logging_mixin.py:188} INFO - [2024-06-11T22:44:49.899+0000] {dag.py:3954} INFO - Setting next_dagrun for example_task_group to 2024-06-10 00:00:00+00:00, run_after=2024-06-11 00:00:00+00:00
[2024-06-11T22:44:49.915+0000] {processor.py:183} INFO - Processing /home/airflow/.local/lib/python3.12/site-packages/airflow/example_dags/example_task_group.py took 0.061 seconds
[2024-06-11T22:45:20.208+0000] {processor.py:161} INFO - Started process (PID=222) to work on /home/airflow/.local/lib/python3.12/site-packages/airflow/example_dags/example_task_group.py
[2024-06-11T22:45:20.210+0000] {processor.py:830} INFO - Processing file /home/airflow/.local/lib/python3.12/site-packages/airflow/example_dags/example_task_group.py for tasks to queue
[2024-06-11T22:45:20.212+0000] {logging_mixin.py:188} INFO - [2024-06-11T22:45:20.211+0000] {dagbag.py:545} INFO - Filling up the DagBag from /home/airflow/.local/lib/python3.12/site-packages/airflow/example_dags/example_task_group.py
[2024-06-11T22:45:20.218+0000] {processor.py:840} INFO - DAG(s) 'example_task_group' retrieved from /home/airflow/.local/lib/python3.12/site-packages/airflow/example_dags/example_task_group.py
[2024-06-11T22:45:20.234+0000] {logging_mixin.py:188} INFO - [2024-06-11T22:45:20.234+0000] {dag.py:3096} INFO - Sync 1 DAGs
[2024-06-11T22:45:20.249+0000] {logging_mixin.py:188} INFO - [2024-06-11T22:45:20.249+0000] {dag.py:3954} INFO - Setting next_dagrun for example_task_group to 2024-06-10 00:00:00+00:00, run_after=2024-06-11 00:00:00+00:00
[2024-06-11T22:45:20.265+0000] {processor.py:183} INFO - Processing /home/airflow/.local/lib/python3.12/site-packages/airflow/example_dags/example_task_group.py took 0.061 seconds
[2024-06-11T22:45:50.597+0000] {processor.py:161} INFO - Started process (PID=280) to work on /home/airflow/.local/lib/python3.12/site-packages/airflow/example_dags/example_task_group.py
[2024-06-11T22:45:50.598+0000] {processor.py:830} INFO - Processing file /home/airflow/.local/lib/python3.12/site-packages/airflow/example_dags/example_task_group.py for tasks to queue
[2024-06-11T22:45:50.600+0000] {logging_mixin.py:188} INFO - [2024-06-11T22:45:50.599+0000] {dagbag.py:545} INFO - Filling up the DagBag from /home/airflow/.local/lib/python3.12/site-packages/airflow/example_dags/example_task_group.py
[2024-06-11T22:45:50.606+0000] {processor.py:840} INFO - DAG(s) 'example_task_group' retrieved from /home/airflow/.local/lib/python3.12/site-packages/airflow/example_dags/example_task_group.py
[2024-06-11T22:45:50.625+0000] {logging_mixin.py:188} INFO - [2024-06-11T22:45:50.625+0000] {dag.py:3096} INFO - Sync 1 DAGs
[2024-06-11T22:45:50.645+0000] {logging_mixin.py:188} INFO - [2024-06-11T22:45:50.645+0000] {dag.py:3954} INFO - Setting next_dagrun for example_task_group to 2024-06-10 00:00:00+00:00, run_after=2024-06-11 00:00:00+00:00
[2024-06-11T22:45:50.663+0000] {processor.py:183} INFO - Processing /home/airflow/.local/lib/python3.12/site-packages/airflow/example_dags/example_task_group.py took 0.071 seconds
[2024-06-11T22:46:21.340+0000] {processor.py:161} INFO - Started process (PID=337) to work on /home/airflow/.local/lib/python3.12/site-packages/airflow/example_dags/example_task_group.py
[2024-06-11T22:46:21.342+0000] {processor.py:830} INFO - Processing file /home/airflow/.local/lib/python3.12/site-packages/airflow/example_dags/example_task_group.py for tasks to queue
[2024-06-11T22:46:21.344+0000] {logging_mixin.py:188} INFO - [2024-06-11T22:46:21.344+0000] {dagbag.py:545} INFO - Filling up the DagBag from /home/airflow/.local/lib/python3.12/site-packages/airflow/example_dags/example_task_group.py
[2024-06-11T22:46:21.352+0000] {processor.py:840} INFO - DAG(s) 'example_task_group' retrieved from /home/airflow/.local/lib/python3.12/site-packages/airflow/example_dags/example_task_group.py
[2024-06-11T22:46:21.390+0000] {logging_mixin.py:188} INFO - [2024-06-11T22:46:21.389+0000] {dag.py:3096} INFO - Sync 1 DAGs
[2024-06-11T22:46:21.427+0000] {logging_mixin.py:188} INFO - [2024-06-11T22:46:21.426+0000] {dag.py:3954} INFO - Setting next_dagrun for example_task_group to 2024-06-10 00:00:00+00:00, run_after=2024-06-11 00:00:00+00:00
[2024-06-11T22:46:21.462+0000] {processor.py:183} INFO - Processing /home/airflow/.local/lib/python3.12/site-packages/airflow/example_dags/example_task_group.py took 0.129 seconds
[2024-06-11T22:46:51.691+0000] {processor.py:161} INFO - Started process (PID=395) to work on /home/airflow/.local/lib/python3.12/site-packages/airflow/example_dags/example_task_group.py
[2024-06-11T22:46:51.693+0000] {processor.py:830} INFO - Processing file /home/airflow/.local/lib/python3.12/site-packages/airflow/example_dags/example_task_group.py for tasks to queue
[2024-06-11T22:46:51.695+0000] {logging_mixin.py:188} INFO - [2024-06-11T22:46:51.695+0000] {dagbag.py:545} INFO - Filling up the DagBag from /home/airflow/.local/lib/python3.12/site-packages/airflow/example_dags/example_task_group.py
[2024-06-11T22:46:51.705+0000] {processor.py:840} INFO - DAG(s) 'example_task_group' retrieved from /home/airflow/.local/lib/python3.12/site-packages/airflow/example_dags/example_task_group.py
[2024-06-11T22:46:51.730+0000] {logging_mixin.py:188} INFO - [2024-06-11T22:46:51.730+0000] {dag.py:3096} INFO - Sync 1 DAGs
[2024-06-11T22:46:51.750+0000] {logging_mixin.py:188} INFO - [2024-06-11T22:46:51.750+0000] {dag.py:3954} INFO - Setting next_dagrun for example_task_group to 2024-06-10 00:00:00+00:00, run_after=2024-06-11 00:00:00+00:00
[2024-06-11T22:46:51.772+0000] {processor.py:183} INFO - Processing /home/airflow/.local/lib/python3.12/site-packages/airflow/example_dags/example_task_group.py took 0.087 seconds
[2024-06-11T22:47:22.176+0000] {processor.py:161} INFO - Started process (PID=454) to work on /home/airflow/.local/lib/python3.12/site-packages/airflow/example_dags/example_task_group.py
[2024-06-11T22:47:22.177+0000] {processor.py:830} INFO - Processing file /home/airflow/.local/lib/python3.12/site-packages/airflow/example_dags/example_task_group.py for tasks to queue
[2024-06-11T22:47:22.178+0000] {logging_mixin.py:188} INFO - [2024-06-11T22:47:22.178+0000] {dagbag.py:545} INFO - Filling up the DagBag from /home/airflow/.local/lib/python3.12/site-packages/airflow/example_dags/example_task_group.py
[2024-06-11T22:47:22.185+0000] {processor.py:840} INFO - DAG(s) 'example_task_group' retrieved from /home/airflow/.local/lib/python3.12/site-packages/airflow/example_dags/example_task_group.py
[2024-06-11T22:47:22.204+0000] {logging_mixin.py:188} INFO - [2024-06-11T22:47:22.203+0000] {dag.py:3096} INFO - Sync 1 DAGs
[2024-06-11T22:47:22.224+0000] {logging_mixin.py:188} INFO - [2024-06-11T22:47:22.224+0000] {dag.py:3954} INFO - Setting next_dagrun for example_task_group to 2024-06-10 00:00:00+00:00, run_after=2024-06-11 00:00:00+00:00
[2024-06-11T22:47:22.258+0000] {processor.py:183} INFO - Processing /home/airflow/.local/lib/python3.12/site-packages/airflow/example_dags/example_task_group.py took 0.087 seconds
[2024-06-11T22:47:52.878+0000] {processor.py:161} INFO - Started process (PID=512) to work on /home/airflow/.local/lib/python3.12/site-packages/airflow/example_dags/example_task_group.py
[2024-06-11T22:47:52.879+0000] {processor.py:830} INFO - Processing file /home/airflow/.local/lib/python3.12/site-packages/airflow/example_dags/example_task_group.py for tasks to queue
[2024-06-11T22:47:52.881+0000] {logging_mixin.py:188} INFO - [2024-06-11T22:47:52.881+0000] {dagbag.py:545} INFO - Filling up the DagBag from /home/airflow/.local/lib/python3.12/site-packages/airflow/example_dags/example_task_group.py
[2024-06-11T22:47:52.887+0000] {processor.py:840} INFO - DAG(s) 'example_task_group' retrieved from /home/airflow/.local/lib/python3.12/site-packages/airflow/example_dags/example_task_group.py
[2024-06-11T22:47:52.908+0000] {logging_mixin.py:188} INFO - [2024-06-11T22:47:52.908+0000] {dag.py:3096} INFO - Sync 1 DAGs
[2024-06-11T22:47:52.928+0000] {logging_mixin.py:188} INFO - [2024-06-11T22:47:52.928+0000] {dag.py:3954} INFO - Setting next_dagrun for example_task_group to 2024-06-10 00:00:00+00:00, run_after=2024-06-11 00:00:00+00:00
[2024-06-11T22:47:52.947+0000] {processor.py:183} INFO - Processing /home/airflow/.local/lib/python3.12/site-packages/airflow/example_dags/example_task_group.py took 0.075 seconds
[2024-06-11T22:48:23.103+0000] {processor.py:161} INFO - Started process (PID=570) to work on /home/airflow/.local/lib/python3.12/site-packages/airflow/example_dags/example_task_group.py
[2024-06-11T22:48:23.190+0000] {processor.py:830} INFO - Processing file /home/airflow/.local/lib/python3.12/site-packages/airflow/example_dags/example_task_group.py for tasks to queue
[2024-06-11T22:48:23.193+0000] {logging_mixin.py:188} INFO - [2024-06-11T22:48:23.193+0000] {dagbag.py:545} INFO - Filling up the DagBag from /home/airflow/.local/lib/python3.12/site-packages/airflow/example_dags/example_task_group.py
[2024-06-11T22:48:23.208+0000] {processor.py:840} INFO - DAG(s) 'example_task_group' retrieved from /home/airflow/.local/lib/python3.12/site-packages/airflow/example_dags/example_task_group.py
[2024-06-11T22:48:23.236+0000] {logging_mixin.py:188} INFO - [2024-06-11T22:48:23.236+0000] {dag.py:3096} INFO - Sync 1 DAGs
[2024-06-11T22:48:23.366+0000] {logging_mixin.py:188} INFO - [2024-06-11T22:48:23.365+0000] {dag.py:3954} INFO - Setting next_dagrun for example_task_group to 2024-06-10 00:00:00+00:00, run_after=2024-06-11 00:00:00+00:00
[2024-06-11T22:48:23.504+0000] {processor.py:183} INFO - Processing /home/airflow/.local/lib/python3.12/site-packages/airflow/example_dags/example_task_group.py took 0.406 seconds
[2024-06-11T22:48:53.659+0000] {processor.py:161} INFO - Started process (PID=627) to work on /home/airflow/.local/lib/python3.12/site-packages/airflow/example_dags/example_task_group.py
[2024-06-11T22:48:53.660+0000] {processor.py:830} INFO - Processing file /home/airflow/.local/lib/python3.12/site-packages/airflow/example_dags/example_task_group.py for tasks to queue
[2024-06-11T22:48:53.663+0000] {logging_mixin.py:188} INFO - [2024-06-11T22:48:53.663+0000] {dagbag.py:545} INFO - Filling up the DagBag from /home/airflow/.local/lib/python3.12/site-packages/airflow/example_dags/example_task_group.py
[2024-06-11T22:48:53.671+0000] {processor.py:840} INFO - DAG(s) 'example_task_group' retrieved from /home/airflow/.local/lib/python3.12/site-packages/airflow/example_dags/example_task_group.py
[2024-06-11T22:48:53.690+0000] {logging_mixin.py:188} INFO - [2024-06-11T22:48:53.690+0000] {dag.py:3096} INFO - Sync 1 DAGs
[2024-06-11T22:48:53.709+0000] {logging_mixin.py:188} INFO - [2024-06-11T22:48:53.709+0000] {dag.py:3954} INFO - Setting next_dagrun for example_task_group to 2024-06-10 00:00:00+00:00, run_after=2024-06-11 00:00:00+00:00
[2024-06-11T22:48:53.730+0000] {processor.py:183} INFO - Processing /home/airflow/.local/lib/python3.12/site-packages/airflow/example_dags/example_task_group.py took 0.076 seconds
[2024-06-11T22:49:24.891+0000] {processor.py:161} INFO - Started process (PID=685) to work on /home/airflow/.local/lib/python3.12/site-packages/airflow/example_dags/example_task_group.py
[2024-06-11T22:49:24.892+0000] {processor.py:830} INFO - Processing file /home/airflow/.local/lib/python3.12/site-packages/airflow/example_dags/example_task_group.py for tasks to queue
[2024-06-11T22:49:24.894+0000] {logging_mixin.py:188} INFO - [2024-06-11T22:49:24.893+0000] {dagbag.py:545} INFO - Filling up the DagBag from /home/airflow/.local/lib/python3.12/site-packages/airflow/example_dags/example_task_group.py
[2024-06-11T22:49:24.900+0000] {processor.py:840} INFO - DAG(s) 'example_task_group' retrieved from /home/airflow/.local/lib/python3.12/site-packages/airflow/example_dags/example_task_group.py
[2024-06-11T22:49:24.920+0000] {logging_mixin.py:188} INFO - [2024-06-11T22:49:24.920+0000] {dag.py:3096} INFO - Sync 1 DAGs
[2024-06-11T22:49:24.943+0000] {logging_mixin.py:188} INFO - [2024-06-11T22:49:24.943+0000] {dag.py:3954} INFO - Setting next_dagrun for example_task_group to 2024-06-10 00:00:00+00:00, run_after=2024-06-11 00:00:00+00:00
[2024-06-11T22:49:24.965+0000] {processor.py:183} INFO - Processing /home/airflow/.local/lib/python3.12/site-packages/airflow/example_dags/example_task_group.py took 0.078 seconds
[2024-06-11T22:49:56.000+0000] {processor.py:161} INFO - Started process (PID=744) to work on /home/airflow/.local/lib/python3.12/site-packages/airflow/example_dags/example_task_group.py
[2024-06-11T22:49:56.001+0000] {processor.py:830} INFO - Processing file /home/airflow/.local/lib/python3.12/site-packages/airflow/example_dags/example_task_group.py for tasks to queue
[2024-06-11T22:49:56.003+0000] {logging_mixin.py:188} INFO - [2024-06-11T22:49:56.003+0000] {dagbag.py:545} INFO - Filling up the DagBag from /home/airflow/.local/lib/python3.12/site-packages/airflow/example_dags/example_task_group.py
[2024-06-11T22:49:56.011+0000] {processor.py:840} INFO - DAG(s) 'example_task_group' retrieved from /home/airflow/.local/lib/python3.12/site-packages/airflow/example_dags/example_task_group.py
[2024-06-11T22:49:56.032+0000] {logging_mixin.py:188} INFO - [2024-06-11T22:49:56.032+0000] {dag.py:3096} INFO - Sync 1 DAGs
[2024-06-11T22:49:56.054+0000] {logging_mixin.py:188} INFO - [2024-06-11T22:49:56.053+0000] {dag.py:3954} INFO - Setting next_dagrun for example_task_group to 2024-06-10 00:00:00+00:00, run_after=2024-06-11 00:00:00+00:00
[2024-06-11T22:49:56.074+0000] {processor.py:183} INFO - Processing /home/airflow/.local/lib/python3.12/site-packages/airflow/example_dags/example_task_group.py took 0.080 seconds
[2024-06-11T22:50:26.300+0000] {processor.py:161} INFO - Started process (PID=802) to work on /home/airflow/.local/lib/python3.12/site-packages/airflow/example_dags/example_task_group.py
[2024-06-11T22:50:26.302+0000] {processor.py:830} INFO - Processing file /home/airflow/.local/lib/python3.12/site-packages/airflow/example_dags/example_task_group.py for tasks to queue
[2024-06-11T22:50:26.304+0000] {logging_mixin.py:188} INFO - [2024-06-11T22:50:26.303+0000] {dagbag.py:545} INFO - Filling up the DagBag from /home/airflow/.local/lib/python3.12/site-packages/airflow/example_dags/example_task_group.py
[2024-06-11T22:50:26.314+0000] {processor.py:840} INFO - DAG(s) 'example_task_group' retrieved from /home/airflow/.local/lib/python3.12/site-packages/airflow/example_dags/example_task_group.py
[2024-06-11T22:50:26.337+0000] {logging_mixin.py:188} INFO - [2024-06-11T22:50:26.337+0000] {dag.py:3096} INFO - Sync 1 DAGs
[2024-06-11T22:50:26.353+0000] {logging_mixin.py:188} INFO - [2024-06-11T22:50:26.353+0000] {dag.py:3954} INFO - Setting next_dagrun for example_task_group to 2024-06-10 00:00:00+00:00, run_after=2024-06-11 00:00:00+00:00
[2024-06-11T22:50:26.369+0000] {processor.py:183} INFO - Processing /home/airflow/.local/lib/python3.12/site-packages/airflow/example_dags/example_task_group.py took 0.073 seconds
[2024-06-11T22:50:57.245+0000] {processor.py:161} INFO - Started process (PID=860) to work on /home/airflow/.local/lib/python3.12/site-packages/airflow/example_dags/example_task_group.py
[2024-06-11T22:50:57.247+0000] {processor.py:830} INFO - Processing file /home/airflow/.local/lib/python3.12/site-packages/airflow/example_dags/example_task_group.py for tasks to queue
[2024-06-11T22:50:57.249+0000] {logging_mixin.py:188} INFO - [2024-06-11T22:50:57.249+0000] {dagbag.py:545} INFO - Filling up the DagBag from /home/airflow/.local/lib/python3.12/site-packages/airflow/example_dags/example_task_group.py
[2024-06-11T22:50:57.257+0000] {processor.py:840} INFO - DAG(s) 'example_task_group' retrieved from /home/airflow/.local/lib/python3.12/site-packages/airflow/example_dags/example_task_group.py
[2024-06-11T22:50:57.276+0000] {logging_mixin.py:188} INFO - [2024-06-11T22:50:57.276+0000] {dag.py:3096} INFO - Sync 1 DAGs
[2024-06-11T22:50:57.295+0000] {logging_mixin.py:188} INFO - [2024-06-11T22:50:57.295+0000] {dag.py:3954} INFO - Setting next_dagrun for example_task_group to 2024-06-10 00:00:00+00:00, run_after=2024-06-11 00:00:00+00:00
[2024-06-11T22:50:57.316+0000] {processor.py:183} INFO - Processing /home/airflow/.local/lib/python3.12/site-packages/airflow/example_dags/example_task_group.py took 0.077 seconds
[2024-06-11T22:51:28.730+0000] {processor.py:161} INFO - Started process (PID=918) to work on /home/airflow/.local/lib/python3.12/site-packages/airflow/example_dags/example_task_group.py
[2024-06-11T22:51:28.732+0000] {processor.py:830} INFO - Processing file /home/airflow/.local/lib/python3.12/site-packages/airflow/example_dags/example_task_group.py for tasks to queue
[2024-06-11T22:51:28.744+0000] {logging_mixin.py:188} INFO - [2024-06-11T22:51:28.744+0000] {dagbag.py:545} INFO - Filling up the DagBag from /home/airflow/.local/lib/python3.12/site-packages/airflow/example_dags/example_task_group.py
[2024-06-11T22:51:28.753+0000] {processor.py:840} INFO - DAG(s) 'example_task_group' retrieved from /home/airflow/.local/lib/python3.12/site-packages/airflow/example_dags/example_task_group.py
[2024-06-11T22:51:28.774+0000] {logging_mixin.py:188} INFO - [2024-06-11T22:51:28.774+0000] {dag.py:3096} INFO - Sync 1 DAGs
[2024-06-11T22:51:28.797+0000] {logging_mixin.py:188} INFO - [2024-06-11T22:51:28.797+0000] {dag.py:3954} INFO - Setting next_dagrun for example_task_group to 2024-06-10 00:00:00+00:00, run_after=2024-06-11 00:00:00+00:00
[2024-06-11T22:51:28.925+0000] {processor.py:183} INFO - Processing /home/airflow/.local/lib/python3.12/site-packages/airflow/example_dags/example_task_group.py took 0.203 seconds
[2024-06-11T22:51:59.443+0000] {processor.py:161} INFO - Started process (PID=976) to work on /home/airflow/.local/lib/python3.12/site-packages/airflow/example_dags/example_task_group.py
[2024-06-11T22:51:59.444+0000] {processor.py:830} INFO - Processing file /home/airflow/.local/lib/python3.12/site-packages/airflow/example_dags/example_task_group.py for tasks to queue
[2024-06-11T22:51:59.446+0000] {logging_mixin.py:188} INFO - [2024-06-11T22:51:59.445+0000] {dagbag.py:545} INFO - Filling up the DagBag from /home/airflow/.local/lib/python3.12/site-packages/airflow/example_dags/example_task_group.py
[2024-06-11T22:51:59.451+0000] {processor.py:840} INFO - DAG(s) 'example_task_group' retrieved from /home/airflow/.local/lib/python3.12/site-packages/airflow/example_dags/example_task_group.py
[2024-06-11T22:51:59.473+0000] {logging_mixin.py:188} INFO - [2024-06-11T22:51:59.473+0000] {dag.py:3096} INFO - Sync 1 DAGs
[2024-06-11T22:51:59.580+0000] {logging_mixin.py:188} INFO - [2024-06-11T22:51:59.580+0000] {dag.py:3954} INFO - Setting next_dagrun for example_task_group to 2024-06-10 00:00:00+00:00, run_after=2024-06-11 00:00:00+00:00
[2024-06-11T22:51:59.601+0000] {processor.py:183} INFO - Processing /home/airflow/.local/lib/python3.12/site-packages/airflow/example_dags/example_task_group.py took 0.163 seconds
[2024-06-11T22:52:29.832+0000] {processor.py:161} INFO - Started process (PID=1033) to work on /home/airflow/.local/lib/python3.12/site-packages/airflow/example_dags/example_task_group.py
[2024-06-11T22:52:29.833+0000] {processor.py:830} INFO - Processing file /home/airflow/.local/lib/python3.12/site-packages/airflow/example_dags/example_task_group.py for tasks to queue
[2024-06-11T22:52:29.837+0000] {logging_mixin.py:188} INFO - [2024-06-11T22:52:29.836+0000] {dagbag.py:545} INFO - Filling up the DagBag from /home/airflow/.local/lib/python3.12/site-packages/airflow/example_dags/example_task_group.py
[2024-06-11T22:52:29.849+0000] {processor.py:840} INFO - DAG(s) 'example_task_group' retrieved from /home/airflow/.local/lib/python3.12/site-packages/airflow/example_dags/example_task_group.py
[2024-06-11T22:52:29.896+0000] {logging_mixin.py:188} INFO - [2024-06-11T22:52:29.895+0000] {dag.py:3096} INFO - Sync 1 DAGs
[2024-06-11T22:52:29.927+0000] {logging_mixin.py:188} INFO - [2024-06-11T22:52:29.927+0000] {dag.py:3954} INFO - Setting next_dagrun for example_task_group to 2024-06-10 00:00:00+00:00, run_after=2024-06-11 00:00:00+00:00
[2024-06-11T22:52:29.957+0000] {processor.py:183} INFO - Processing /home/airflow/.local/lib/python3.12/site-packages/airflow/example_dags/example_task_group.py took 0.130 seconds
[2024-06-11T22:53:00.173+0000] {processor.py:161} INFO - Started process (PID=1091) to work on /home/airflow/.local/lib/python3.12/site-packages/airflow/example_dags/example_task_group.py
[2024-06-11T22:53:00.174+0000] {processor.py:830} INFO - Processing file /home/airflow/.local/lib/python3.12/site-packages/airflow/example_dags/example_task_group.py for tasks to queue
[2024-06-11T22:53:00.176+0000] {logging_mixin.py:188} INFO - [2024-06-11T22:53:00.175+0000] {dagbag.py:545} INFO - Filling up the DagBag from /home/airflow/.local/lib/python3.12/site-packages/airflow/example_dags/example_task_group.py
[2024-06-11T22:53:00.185+0000] {processor.py:840} INFO - DAG(s) 'example_task_group' retrieved from /home/airflow/.local/lib/python3.12/site-packages/airflow/example_dags/example_task_group.py
[2024-06-11T22:53:00.207+0000] {logging_mixin.py:188} INFO - [2024-06-11T22:53:00.207+0000] {dag.py:3096} INFO - Sync 1 DAGs
[2024-06-11T22:53:00.229+0000] {logging_mixin.py:188} INFO - [2024-06-11T22:53:00.229+0000] {dag.py:3954} INFO - Setting next_dagrun for example_task_group to 2024-06-10 00:00:00+00:00, run_after=2024-06-11 00:00:00+00:00
[2024-06-11T22:53:00.248+0000] {processor.py:183} INFO - Processing /home/airflow/.local/lib/python3.12/site-packages/airflow/example_dags/example_task_group.py took 0.081 seconds
[2024-06-11T22:53:31.107+0000] {processor.py:161} INFO - Started process (PID=1155) to work on /home/airflow/.local/lib/python3.12/site-packages/airflow/example_dags/example_task_group.py
[2024-06-11T22:53:31.109+0000] {processor.py:830} INFO - Processing file /home/airflow/.local/lib/python3.12/site-packages/airflow/example_dags/example_task_group.py for tasks to queue
[2024-06-11T22:53:31.112+0000] {logging_mixin.py:188} INFO - [2024-06-11T22:53:31.111+0000] {dagbag.py:545} INFO - Filling up the DagBag from /home/airflow/.local/lib/python3.12/site-packages/airflow/example_dags/example_task_group.py
[2024-06-11T22:53:31.119+0000] {processor.py:840} INFO - DAG(s) 'example_task_group' retrieved from /home/airflow/.local/lib/python3.12/site-packages/airflow/example_dags/example_task_group.py
[2024-06-11T22:53:31.141+0000] {logging_mixin.py:188} INFO - [2024-06-11T22:53:31.141+0000] {dag.py:3096} INFO - Sync 1 DAGs
[2024-06-11T22:53:31.158+0000] {logging_mixin.py:188} INFO - [2024-06-11T22:53:31.158+0000] {dag.py:3954} INFO - Setting next_dagrun for example_task_group to 2024-06-10 00:00:00+00:00, run_after=2024-06-11 00:00:00+00:00
[2024-06-11T22:53:31.175+0000] {processor.py:183} INFO - Processing /home/airflow/.local/lib/python3.12/site-packages/airflow/example_dags/example_task_group.py took 0.079 seconds
[2024-06-11T22:54:01.482+0000] {processor.py:161} INFO - Started process (PID=1213) to work on /home/airflow/.local/lib/python3.12/site-packages/airflow/example_dags/example_task_group.py
[2024-06-11T22:54:01.483+0000] {processor.py:830} INFO - Processing file /home/airflow/.local/lib/python3.12/site-packages/airflow/example_dags/example_task_group.py for tasks to queue
[2024-06-11T22:54:01.485+0000] {logging_mixin.py:188} INFO - [2024-06-11T22:54:01.485+0000] {dagbag.py:545} INFO - Filling up the DagBag from /home/airflow/.local/lib/python3.12/site-packages/airflow/example_dags/example_task_group.py
[2024-06-11T22:54:01.490+0000] {processor.py:840} INFO - DAG(s) 'example_task_group' retrieved from /home/airflow/.local/lib/python3.12/site-packages/airflow/example_dags/example_task_group.py
[2024-06-11T22:54:01.506+0000] {logging_mixin.py:188} INFO - [2024-06-11T22:54:01.506+0000] {dag.py:3096} INFO - Sync 1 DAGs
[2024-06-11T22:54:01.523+0000] {logging_mixin.py:188} INFO - [2024-06-11T22:54:01.522+0000] {dag.py:3954} INFO - Setting next_dagrun for example_task_group to 2024-06-10 00:00:00+00:00, run_after=2024-06-11 00:00:00+00:00
[2024-06-11T22:54:01.540+0000] {processor.py:183} INFO - Processing /home/airflow/.local/lib/python3.12/site-packages/airflow/example_dags/example_task_group.py took 0.064 seconds
[2024-06-11T22:54:31.814+0000] {processor.py:161} INFO - Started process (PID=1271) to work on /home/airflow/.local/lib/python3.12/site-packages/airflow/example_dags/example_task_group.py
[2024-06-11T22:54:31.815+0000] {processor.py:830} INFO - Processing file /home/airflow/.local/lib/python3.12/site-packages/airflow/example_dags/example_task_group.py for tasks to queue
[2024-06-11T22:54:31.817+0000] {logging_mixin.py:188} INFO - [2024-06-11T22:54:31.817+0000] {dagbag.py:545} INFO - Filling up the DagBag from /home/airflow/.local/lib/python3.12/site-packages/airflow/example_dags/example_task_group.py
[2024-06-11T22:54:31.822+0000] {processor.py:840} INFO - DAG(s) 'example_task_group' retrieved from /home/airflow/.local/lib/python3.12/site-packages/airflow/example_dags/example_task_group.py
[2024-06-11T22:54:31.840+0000] {logging_mixin.py:188} INFO - [2024-06-11T22:54:31.840+0000] {dag.py:3096} INFO - Sync 1 DAGs
[2024-06-11T22:54:31.857+0000] {logging_mixin.py:188} INFO - [2024-06-11T22:54:31.857+0000] {dag.py:3954} INFO - Setting next_dagrun for example_task_group to 2024-06-10 00:00:00+00:00, run_after=2024-06-11 00:00:00+00:00
[2024-06-11T22:54:31.875+0000] {processor.py:183} INFO - Processing /home/airflow/.local/lib/python3.12/site-packages/airflow/example_dags/example_task_group.py took 0.065 seconds
[2024-06-11T22:55:03.395+0000] {processor.py:161} INFO - Started process (PID=1329) to work on /home/airflow/.local/lib/python3.12/site-packages/airflow/example_dags/example_task_group.py
[2024-06-11T22:55:03.396+0000] {processor.py:830} INFO - Processing file /home/airflow/.local/lib/python3.12/site-packages/airflow/example_dags/example_task_group.py for tasks to queue
[2024-06-11T22:55:03.399+0000] {logging_mixin.py:188} INFO - [2024-06-11T22:55:03.399+0000] {dagbag.py:545} INFO - Filling up the DagBag from /home/airflow/.local/lib/python3.12/site-packages/airflow/example_dags/example_task_group.py
[2024-06-11T22:55:03.406+0000] {processor.py:840} INFO - DAG(s) 'example_task_group' retrieved from /home/airflow/.local/lib/python3.12/site-packages/airflow/example_dags/example_task_group.py
[2024-06-11T22:55:03.426+0000] {logging_mixin.py:188} INFO - [2024-06-11T22:55:03.425+0000] {dag.py:3096} INFO - Sync 1 DAGs
[2024-06-11T22:55:03.449+0000] {logging_mixin.py:188} INFO - [2024-06-11T22:55:03.449+0000] {dag.py:3954} INFO - Setting next_dagrun for example_task_group to 2024-06-10 00:00:00+00:00, run_after=2024-06-11 00:00:00+00:00
[2024-06-11T22:55:03.467+0000] {processor.py:183} INFO - Processing /home/airflow/.local/lib/python3.12/site-packages/airflow/example_dags/example_task_group.py took 0.077 seconds
[2024-06-11T22:55:34.428+0000] {processor.py:161} INFO - Started process (PID=1387) to work on /home/airflow/.local/lib/python3.12/site-packages/airflow/example_dags/example_task_group.py
[2024-06-11T22:55:34.429+0000] {processor.py:830} INFO - Processing file /home/airflow/.local/lib/python3.12/site-packages/airflow/example_dags/example_task_group.py for tasks to queue
[2024-06-11T22:55:34.432+0000] {logging_mixin.py:188} INFO - [2024-06-11T22:55:34.431+0000] {dagbag.py:545} INFO - Filling up the DagBag from /home/airflow/.local/lib/python3.12/site-packages/airflow/example_dags/example_task_group.py
[2024-06-11T22:55:34.436+0000] {processor.py:840} INFO - DAG(s) 'example_task_group' retrieved from /home/airflow/.local/lib/python3.12/site-packages/airflow/example_dags/example_task_group.py
[2024-06-11T22:55:34.456+0000] {logging_mixin.py:188} INFO - [2024-06-11T22:55:34.455+0000] {dag.py:3096} INFO - Sync 1 DAGs
[2024-06-11T22:55:34.477+0000] {logging_mixin.py:188} INFO - [2024-06-11T22:55:34.476+0000] {dag.py:3954} INFO - Setting next_dagrun for example_task_group to 2024-06-10 00:00:00+00:00, run_after=2024-06-11 00:00:00+00:00
[2024-06-11T22:55:34.495+0000] {processor.py:183} INFO - Processing /home/airflow/.local/lib/python3.12/site-packages/airflow/example_dags/example_task_group.py took 0.073 seconds
[2024-06-11T22:56:04.761+0000] {processor.py:161} INFO - Started process (PID=1444) to work on /home/airflow/.local/lib/python3.12/site-packages/airflow/example_dags/example_task_group.py
[2024-06-11T22:56:04.763+0000] {processor.py:830} INFO - Processing file /home/airflow/.local/lib/python3.12/site-packages/airflow/example_dags/example_task_group.py for tasks to queue
[2024-06-11T22:56:04.765+0000] {logging_mixin.py:188} INFO - [2024-06-11T22:56:04.765+0000] {dagbag.py:545} INFO - Filling up the DagBag from /home/airflow/.local/lib/python3.12/site-packages/airflow/example_dags/example_task_group.py
[2024-06-11T22:56:04.775+0000] {processor.py:840} INFO - DAG(s) 'example_task_group' retrieved from /home/airflow/.local/lib/python3.12/site-packages/airflow/example_dags/example_task_group.py
[2024-06-11T22:56:04.792+0000] {logging_mixin.py:188} INFO - [2024-06-11T22:56:04.792+0000] {dag.py:3096} INFO - Sync 1 DAGs
[2024-06-11T22:56:04.808+0000] {logging_mixin.py:188} INFO - [2024-06-11T22:56:04.808+0000] {dag.py:3954} INFO - Setting next_dagrun for example_task_group to 2024-06-10 00:00:00+00:00, run_after=2024-06-11 00:00:00+00:00
[2024-06-11T22:56:04.823+0000] {processor.py:183} INFO - Processing /home/airflow/.local/lib/python3.12/site-packages/airflow/example_dags/example_task_group.py took 0.071 seconds
[2024-06-11T22:56:35.074+0000] {processor.py:161} INFO - Started process (PID=1502) to work on /home/airflow/.local/lib/python3.12/site-packages/airflow/example_dags/example_task_group.py
[2024-06-11T22:56:35.075+0000] {processor.py:830} INFO - Processing file /home/airflow/.local/lib/python3.12/site-packages/airflow/example_dags/example_task_group.py for tasks to queue
[2024-06-11T22:56:35.077+0000] {logging_mixin.py:188} INFO - [2024-06-11T22:56:35.077+0000] {dagbag.py:545} INFO - Filling up the DagBag from /home/airflow/.local/lib/python3.12/site-packages/airflow/example_dags/example_task_group.py
[2024-06-11T22:56:35.082+0000] {processor.py:840} INFO - DAG(s) 'example_task_group' retrieved from /home/airflow/.local/lib/python3.12/site-packages/airflow/example_dags/example_task_group.py
[2024-06-11T22:56:35.098+0000] {logging_mixin.py:188} INFO - [2024-06-11T22:56:35.098+0000] {dag.py:3096} INFO - Sync 1 DAGs
[2024-06-11T22:56:35.113+0000] {logging_mixin.py:188} INFO - [2024-06-11T22:56:35.113+0000] {dag.py:3954} INFO - Setting next_dagrun for example_task_group to 2024-06-10 00:00:00+00:00, run_after=2024-06-11 00:00:00+00:00
[2024-06-11T22:56:35.127+0000] {processor.py:183} INFO - Processing /home/airflow/.local/lib/python3.12/site-packages/airflow/example_dags/example_task_group.py took 0.057 seconds
[2024-06-11T22:57:05.740+0000] {processor.py:161} INFO - Started process (PID=1560) to work on /home/airflow/.local/lib/python3.12/site-packages/airflow/example_dags/example_task_group.py
[2024-06-11T22:57:05.742+0000] {processor.py:830} INFO - Processing file /home/airflow/.local/lib/python3.12/site-packages/airflow/example_dags/example_task_group.py for tasks to queue
[2024-06-11T22:57:05.744+0000] {logging_mixin.py:188} INFO - [2024-06-11T22:57:05.744+0000] {dagbag.py:545} INFO - Filling up the DagBag from /home/airflow/.local/lib/python3.12/site-packages/airflow/example_dags/example_task_group.py
[2024-06-11T22:57:05.750+0000] {processor.py:840} INFO - DAG(s) 'example_task_group' retrieved from /home/airflow/.local/lib/python3.12/site-packages/airflow/example_dags/example_task_group.py
[2024-06-11T22:57:05.770+0000] {logging_mixin.py:188} INFO - [2024-06-11T22:57:05.769+0000] {dag.py:3096} INFO - Sync 1 DAGs
[2024-06-11T22:57:05.865+0000] {logging_mixin.py:188} INFO - [2024-06-11T22:57:05.865+0000] {dag.py:3954} INFO - Setting next_dagrun for example_task_group to 2024-06-10 00:00:00+00:00, run_after=2024-06-11 00:00:00+00:00
[2024-06-11T22:57:05.950+0000] {processor.py:183} INFO - Processing /home/airflow/.local/lib/python3.12/site-packages/airflow/example_dags/example_task_group.py took 0.215 seconds
[2024-06-11T22:57:36.504+0000] {processor.py:161} INFO - Started process (PID=1617) to work on /home/airflow/.local/lib/python3.12/site-packages/airflow/example_dags/example_task_group.py
[2024-06-11T22:57:36.505+0000] {processor.py:830} INFO - Processing file /home/airflow/.local/lib/python3.12/site-packages/airflow/example_dags/example_task_group.py for tasks to queue
[2024-06-11T22:57:36.507+0000] {logging_mixin.py:188} INFO - [2024-06-11T22:57:36.506+0000] {dagbag.py:545} INFO - Filling up the DagBag from /home/airflow/.local/lib/python3.12/site-packages/airflow/example_dags/example_task_group.py
[2024-06-11T22:57:36.514+0000] {processor.py:840} INFO - DAG(s) 'example_task_group' retrieved from /home/airflow/.local/lib/python3.12/site-packages/airflow/example_dags/example_task_group.py
[2024-06-11T22:57:36.534+0000] {logging_mixin.py:188} INFO - [2024-06-11T22:57:36.534+0000] {dag.py:3096} INFO - Sync 1 DAGs
[2024-06-11T22:57:36.554+0000] {logging_mixin.py:188} INFO - [2024-06-11T22:57:36.554+0000] {dag.py:3954} INFO - Setting next_dagrun for example_task_group to 2024-06-10 00:00:00+00:00, run_after=2024-06-11 00:00:00+00:00
[2024-06-11T22:57:36.572+0000] {processor.py:183} INFO - Processing /home/airflow/.local/lib/python3.12/site-packages/airflow/example_dags/example_task_group.py took 0.073 seconds
[2024-06-11T22:58:07.517+0000] {processor.py:161} INFO - Started process (PID=1675) to work on /home/airflow/.local/lib/python3.12/site-packages/airflow/example_dags/example_task_group.py
[2024-06-11T22:58:07.520+0000] {processor.py:830} INFO - Processing file /home/airflow/.local/lib/python3.12/site-packages/airflow/example_dags/example_task_group.py for tasks to queue
[2024-06-11T22:58:07.525+0000] {logging_mixin.py:188} INFO - [2024-06-11T22:58:07.525+0000] {dagbag.py:545} INFO - Filling up the DagBag from /home/airflow/.local/lib/python3.12/site-packages/airflow/example_dags/example_task_group.py
[2024-06-11T22:58:07.539+0000] {processor.py:840} INFO - DAG(s) 'example_task_group' retrieved from /home/airflow/.local/lib/python3.12/site-packages/airflow/example_dags/example_task_group.py
[2024-06-11T22:58:07.561+0000] {logging_mixin.py:188} INFO - [2024-06-11T22:58:07.560+0000] {dag.py:3096} INFO - Sync 1 DAGs
[2024-06-11T22:58:07.632+0000] {logging_mixin.py:188} INFO - [2024-06-11T22:58:07.632+0000] {dag.py:3954} INFO - Setting next_dagrun for example_task_group to 2024-06-10 00:00:00+00:00, run_after=2024-06-11 00:00:00+00:00
[2024-06-11T22:58:07.750+0000] {processor.py:183} INFO - Processing /home/airflow/.local/lib/python3.12/site-packages/airflow/example_dags/example_task_group.py took 0.238 seconds
[2024-06-11T22:58:37.912+0000] {processor.py:161} INFO - Started process (PID=1733) to work on /home/airflow/.local/lib/python3.12/site-packages/airflow/example_dags/example_task_group.py
[2024-06-11T22:58:37.913+0000] {processor.py:830} INFO - Processing file /home/airflow/.local/lib/python3.12/site-packages/airflow/example_dags/example_task_group.py for tasks to queue
[2024-06-11T22:58:37.915+0000] {logging_mixin.py:188} INFO - [2024-06-11T22:58:37.915+0000] {dagbag.py:545} INFO - Filling up the DagBag from /home/airflow/.local/lib/python3.12/site-packages/airflow/example_dags/example_task_group.py
[2024-06-11T22:58:37.921+0000] {processor.py:840} INFO - DAG(s) 'example_task_group' retrieved from /home/airflow/.local/lib/python3.12/site-packages/airflow/example_dags/example_task_group.py
[2024-06-11T22:58:37.941+0000] {logging_mixin.py:188} INFO - [2024-06-11T22:58:37.941+0000] {dag.py:3096} INFO - Sync 1 DAGs
[2024-06-11T22:58:37.964+0000] {logging_mixin.py:188} INFO - [2024-06-11T22:58:37.964+0000] {dag.py:3954} INFO - Setting next_dagrun for example_task_group to 2024-06-10 00:00:00+00:00, run_after=2024-06-11 00:00:00+00:00
[2024-06-11T22:58:37.991+0000] {processor.py:183} INFO - Processing /home/airflow/.local/lib/python3.12/site-packages/airflow/example_dags/example_task_group.py took 0.086 seconds
[2024-06-11T22:59:08.776+0000] {processor.py:161} INFO - Started process (PID=1791) to work on /home/airflow/.local/lib/python3.12/site-packages/airflow/example_dags/example_task_group.py
[2024-06-11T22:59:08.777+0000] {processor.py:830} INFO - Processing file /home/airflow/.local/lib/python3.12/site-packages/airflow/example_dags/example_task_group.py for tasks to queue
[2024-06-11T22:59:08.779+0000] {logging_mixin.py:188} INFO - [2024-06-11T22:59:08.778+0000] {dagbag.py:545} INFO - Filling up the DagBag from /home/airflow/.local/lib/python3.12/site-packages/airflow/example_dags/example_task_group.py
[2024-06-11T22:59:08.784+0000] {processor.py:840} INFO - DAG(s) 'example_task_group' retrieved from /home/airflow/.local/lib/python3.12/site-packages/airflow/example_dags/example_task_group.py
[2024-06-11T22:59:08.806+0000] {logging_mixin.py:188} INFO - [2024-06-11T22:59:08.806+0000] {dag.py:3096} INFO - Sync 1 DAGs
[2024-06-11T22:59:08.827+0000] {logging_mixin.py:188} INFO - [2024-06-11T22:59:08.826+0000] {dag.py:3954} INFO - Setting next_dagrun for example_task_group to 2024-06-10 00:00:00+00:00, run_after=2024-06-11 00:00:00+00:00
[2024-06-11T22:59:08.845+0000] {processor.py:183} INFO - Processing /home/airflow/.local/lib/python3.12/site-packages/airflow/example_dags/example_task_group.py took 0.074 seconds
[2024-06-11T22:59:39.365+0000] {processor.py:161} INFO - Started process (PID=1849) to work on /home/airflow/.local/lib/python3.12/site-packages/airflow/example_dags/example_task_group.py
[2024-06-11T22:59:39.367+0000] {processor.py:830} INFO - Processing file /home/airflow/.local/lib/python3.12/site-packages/airflow/example_dags/example_task_group.py for tasks to queue
[2024-06-11T22:59:39.369+0000] {logging_mixin.py:188} INFO - [2024-06-11T22:59:39.368+0000] {dagbag.py:545} INFO - Filling up the DagBag from /home/airflow/.local/lib/python3.12/site-packages/airflow/example_dags/example_task_group.py
[2024-06-11T22:59:39.373+0000] {processor.py:840} INFO - DAG(s) 'example_task_group' retrieved from /home/airflow/.local/lib/python3.12/site-packages/airflow/example_dags/example_task_group.py
[2024-06-11T22:59:39.398+0000] {logging_mixin.py:188} INFO - [2024-06-11T22:59:39.398+0000] {dag.py:3096} INFO - Sync 1 DAGs
[2024-06-11T22:59:39.519+0000] {logging_mixin.py:188} INFO - [2024-06-11T22:59:39.519+0000] {dag.py:3954} INFO - Setting next_dagrun for example_task_group to 2024-06-10 00:00:00+00:00, run_after=2024-06-11 00:00:00+00:00
[2024-06-11T22:59:39.536+0000] {processor.py:183} INFO - Processing /home/airflow/.local/lib/python3.12/site-packages/airflow/example_dags/example_task_group.py took 0.177 seconds
[2024-06-11T23:00:10.380+0000] {processor.py:161} INFO - Started process (PID=1908) to work on /home/airflow/.local/lib/python3.12/site-packages/airflow/example_dags/example_task_group.py
[2024-06-11T23:00:10.381+0000] {processor.py:830} INFO - Processing file /home/airflow/.local/lib/python3.12/site-packages/airflow/example_dags/example_task_group.py for tasks to queue
[2024-06-11T23:00:10.383+0000] {logging_mixin.py:188} INFO - [2024-06-11T23:00:10.383+0000] {dagbag.py:545} INFO - Filling up the DagBag from /home/airflow/.local/lib/python3.12/site-packages/airflow/example_dags/example_task_group.py
[2024-06-11T23:00:10.388+0000] {processor.py:840} INFO - DAG(s) 'example_task_group' retrieved from /home/airflow/.local/lib/python3.12/site-packages/airflow/example_dags/example_task_group.py
[2024-06-11T23:00:10.407+0000] {logging_mixin.py:188} INFO - [2024-06-11T23:00:10.407+0000] {dag.py:3096} INFO - Sync 1 DAGs
[2024-06-11T23:00:10.423+0000] {logging_mixin.py:188} INFO - [2024-06-11T23:00:10.423+0000] {dag.py:3954} INFO - Setting next_dagrun for example_task_group to 2024-06-10 00:00:00+00:00, run_after=2024-06-11 00:00:00+00:00
[2024-06-11T23:00:10.583+0000] {processor.py:183} INFO - Processing /home/airflow/.local/lib/python3.12/site-packages/airflow/example_dags/example_task_group.py took 0.207 seconds
[2024-06-11T23:00:41.428+0000] {processor.py:161} INFO - Started process (PID=1966) to work on /home/airflow/.local/lib/python3.12/site-packages/airflow/example_dags/example_task_group.py
[2024-06-11T23:00:41.429+0000] {processor.py:830} INFO - Processing file /home/airflow/.local/lib/python3.12/site-packages/airflow/example_dags/example_task_group.py for tasks to queue
[2024-06-11T23:00:41.433+0000] {logging_mixin.py:188} INFO - [2024-06-11T23:00:41.432+0000] {dagbag.py:545} INFO - Filling up the DagBag from /home/airflow/.local/lib/python3.12/site-packages/airflow/example_dags/example_task_group.py
[2024-06-11T23:00:41.439+0000] {processor.py:840} INFO - DAG(s) 'example_task_group' retrieved from /home/airflow/.local/lib/python3.12/site-packages/airflow/example_dags/example_task_group.py
[2024-06-11T23:00:41.459+0000] {logging_mixin.py:188} INFO - [2024-06-11T23:00:41.458+0000] {dag.py:3096} INFO - Sync 1 DAGs
[2024-06-11T23:00:41.480+0000] {logging_mixin.py:188} INFO - [2024-06-11T23:00:41.480+0000] {dag.py:3954} INFO - Setting next_dagrun for example_task_group to 2024-06-10 00:00:00+00:00, run_after=2024-06-11 00:00:00+00:00
[2024-06-11T23:00:41.648+0000] {processor.py:183} INFO - Processing /home/airflow/.local/lib/python3.12/site-packages/airflow/example_dags/example_task_group.py took 0.226 seconds
[2024-06-11T23:01:12.321+0000] {processor.py:161} INFO - Started process (PID=2024) to work on /home/airflow/.local/lib/python3.12/site-packages/airflow/example_dags/example_task_group.py
[2024-06-11T23:01:12.322+0000] {processor.py:830} INFO - Processing file /home/airflow/.local/lib/python3.12/site-packages/airflow/example_dags/example_task_group.py for tasks to queue
[2024-06-11T23:01:12.325+0000] {logging_mixin.py:188} INFO - [2024-06-11T23:01:12.325+0000] {dagbag.py:545} INFO - Filling up the DagBag from /home/airflow/.local/lib/python3.12/site-packages/airflow/example_dags/example_task_group.py
[2024-06-11T23:01:12.333+0000] {processor.py:840} INFO - DAG(s) 'example_task_group' retrieved from /home/airflow/.local/lib/python3.12/site-packages/airflow/example_dags/example_task_group.py
[2024-06-11T23:01:12.355+0000] {logging_mixin.py:188} INFO - [2024-06-11T23:01:12.355+0000] {dag.py:3096} INFO - Sync 1 DAGs
[2024-06-11T23:01:12.378+0000] {logging_mixin.py:188} INFO - [2024-06-11T23:01:12.378+0000] {dag.py:3954} INFO - Setting next_dagrun for example_task_group to 2024-06-10 00:00:00+00:00, run_after=2024-06-11 00:00:00+00:00
[2024-06-11T23:01:12.404+0000] {processor.py:183} INFO - Processing /home/airflow/.local/lib/python3.12/site-packages/airflow/example_dags/example_task_group.py took 0.092 seconds
[2024-06-11T23:01:43.121+0000] {processor.py:161} INFO - Started process (PID=2082) to work on /home/airflow/.local/lib/python3.12/site-packages/airflow/example_dags/example_task_group.py
[2024-06-11T23:01:43.122+0000] {processor.py:830} INFO - Processing file /home/airflow/.local/lib/python3.12/site-packages/airflow/example_dags/example_task_group.py for tasks to queue
[2024-06-11T23:01:43.124+0000] {logging_mixin.py:188} INFO - [2024-06-11T23:01:43.124+0000] {dagbag.py:545} INFO - Filling up the DagBag from /home/airflow/.local/lib/python3.12/site-packages/airflow/example_dags/example_task_group.py
[2024-06-11T23:01:43.130+0000] {processor.py:840} INFO - DAG(s) 'example_task_group' retrieved from /home/airflow/.local/lib/python3.12/site-packages/airflow/example_dags/example_task_group.py
[2024-06-11T23:01:43.149+0000] {logging_mixin.py:188} INFO - [2024-06-11T23:01:43.148+0000] {dag.py:3096} INFO - Sync 1 DAGs
[2024-06-11T23:01:43.167+0000] {logging_mixin.py:188} INFO - [2024-06-11T23:01:43.167+0000] {dag.py:3954} INFO - Setting next_dagrun for example_task_group to 2024-06-10 00:00:00+00:00, run_after=2024-06-11 00:00:00+00:00
[2024-06-11T23:01:43.185+0000] {processor.py:183} INFO - Processing /home/airflow/.local/lib/python3.12/site-packages/airflow/example_dags/example_task_group.py took 0.068 seconds
[2024-06-11T23:02:14.052+0000] {processor.py:161} INFO - Started process (PID=2140) to work on /home/airflow/.local/lib/python3.12/site-packages/airflow/example_dags/example_task_group.py
[2024-06-11T23:02:14.055+0000] {processor.py:830} INFO - Processing file /home/airflow/.local/lib/python3.12/site-packages/airflow/example_dags/example_task_group.py for tasks to queue
[2024-06-11T23:02:14.058+0000] {logging_mixin.py:188} INFO - [2024-06-11T23:02:14.058+0000] {dagbag.py:545} INFO - Filling up the DagBag from /home/airflow/.local/lib/python3.12/site-packages/airflow/example_dags/example_task_group.py
[2024-06-11T23:02:14.068+0000] {processor.py:840} INFO - DAG(s) 'example_task_group' retrieved from /home/airflow/.local/lib/python3.12/site-packages/airflow/example_dags/example_task_group.py
[2024-06-11T23:02:14.103+0000] {logging_mixin.py:188} INFO - [2024-06-11T23:02:14.103+0000] {dag.py:3096} INFO - Sync 1 DAGs
[2024-06-11T23:02:14.130+0000] {logging_mixin.py:188} INFO - [2024-06-11T23:02:14.129+0000] {dag.py:3954} INFO - Setting next_dagrun for example_task_group to 2024-06-10 00:00:00+00:00, run_after=2024-06-11 00:00:00+00:00
[2024-06-11T23:02:14.157+0000] {processor.py:183} INFO - Processing /home/airflow/.local/lib/python3.12/site-packages/airflow/example_dags/example_task_group.py took 0.112 seconds
[2024-06-11T23:02:44.416+0000] {processor.py:161} INFO - Started process (PID=2198) to work on /home/airflow/.local/lib/python3.12/site-packages/airflow/example_dags/example_task_group.py
[2024-06-11T23:02:44.418+0000] {processor.py:830} INFO - Processing file /home/airflow/.local/lib/python3.12/site-packages/airflow/example_dags/example_task_group.py for tasks to queue
[2024-06-11T23:02:44.421+0000] {logging_mixin.py:188} INFO - [2024-06-11T23:02:44.421+0000] {dagbag.py:545} INFO - Filling up the DagBag from /home/airflow/.local/lib/python3.12/site-packages/airflow/example_dags/example_task_group.py
[2024-06-11T23:02:44.431+0000] {processor.py:840} INFO - DAG(s) 'example_task_group' retrieved from /home/airflow/.local/lib/python3.12/site-packages/airflow/example_dags/example_task_group.py
[2024-06-11T23:02:44.452+0000] {logging_mixin.py:188} INFO - [2024-06-11T23:02:44.452+0000] {dag.py:3096} INFO - Sync 1 DAGs
[2024-06-11T23:02:44.472+0000] {logging_mixin.py:188} INFO - [2024-06-11T23:02:44.472+0000] {dag.py:3954} INFO - Setting next_dagrun for example_task_group to 2024-06-10 00:00:00+00:00, run_after=2024-06-11 00:00:00+00:00
[2024-06-11T23:02:44.490+0000] {processor.py:183} INFO - Processing /home/airflow/.local/lib/python3.12/site-packages/airflow/example_dags/example_task_group.py took 0.083 seconds
[2024-06-11T23:03:14.821+0000] {processor.py:161} INFO - Started process (PID=2256) to work on /home/airflow/.local/lib/python3.12/site-packages/airflow/example_dags/example_task_group.py
[2024-06-11T23:03:14.822+0000] {processor.py:830} INFO - Processing file /home/airflow/.local/lib/python3.12/site-packages/airflow/example_dags/example_task_group.py for tasks to queue
[2024-06-11T23:03:14.825+0000] {logging_mixin.py:188} INFO - [2024-06-11T23:03:14.825+0000] {dagbag.py:545} INFO - Filling up the DagBag from /home/airflow/.local/lib/python3.12/site-packages/airflow/example_dags/example_task_group.py
[2024-06-11T23:03:14.835+0000] {processor.py:840} INFO - DAG(s) 'example_task_group' retrieved from /home/airflow/.local/lib/python3.12/site-packages/airflow/example_dags/example_task_group.py
[2024-06-11T23:03:14.857+0000] {logging_mixin.py:188} INFO - [2024-06-11T23:03:14.856+0000] {dag.py:3096} INFO - Sync 1 DAGs
[2024-06-11T23:03:14.875+0000] {logging_mixin.py:188} INFO - [2024-06-11T23:03:14.875+0000] {dag.py:3954} INFO - Setting next_dagrun for example_task_group to 2024-06-10 00:00:00+00:00, run_after=2024-06-11 00:00:00+00:00
[2024-06-11T23:03:14.904+0000] {processor.py:183} INFO - Processing /home/airflow/.local/lib/python3.12/site-packages/airflow/example_dags/example_task_group.py took 0.091 seconds
[2024-06-11T23:03:45.498+0000] {processor.py:161} INFO - Started process (PID=2314) to work on /home/airflow/.local/lib/python3.12/site-packages/airflow/example_dags/example_task_group.py
[2024-06-11T23:03:45.501+0000] {processor.py:830} INFO - Processing file /home/airflow/.local/lib/python3.12/site-packages/airflow/example_dags/example_task_group.py for tasks to queue
[2024-06-11T23:03:45.503+0000] {logging_mixin.py:188} INFO - [2024-06-11T23:03:45.502+0000] {dagbag.py:545} INFO - Filling up the DagBag from /home/airflow/.local/lib/python3.12/site-packages/airflow/example_dags/example_task_group.py
[2024-06-11T23:03:45.509+0000] {processor.py:840} INFO - DAG(s) 'example_task_group' retrieved from /home/airflow/.local/lib/python3.12/site-packages/airflow/example_dags/example_task_group.py
[2024-06-11T23:03:45.529+0000] {logging_mixin.py:188} INFO - [2024-06-11T23:03:45.529+0000] {dag.py:3096} INFO - Sync 1 DAGs
[2024-06-11T23:03:45.548+0000] {logging_mixin.py:188} INFO - [2024-06-11T23:03:45.548+0000] {dag.py:3954} INFO - Setting next_dagrun for example_task_group to 2024-06-10 00:00:00+00:00, run_after=2024-06-11 00:00:00+00:00
[2024-06-11T23:03:45.564+0000] {processor.py:183} INFO - Processing /home/airflow/.local/lib/python3.12/site-packages/airflow/example_dags/example_task_group.py took 0.072 seconds
[2024-06-11T23:04:16.141+0000] {processor.py:161} INFO - Started process (PID=2372) to work on /home/airflow/.local/lib/python3.12/site-packages/airflow/example_dags/example_task_group.py
[2024-06-11T23:04:16.142+0000] {processor.py:830} INFO - Processing file /home/airflow/.local/lib/python3.12/site-packages/airflow/example_dags/example_task_group.py for tasks to queue
[2024-06-11T23:04:16.143+0000] {logging_mixin.py:188} INFO - [2024-06-11T23:04:16.143+0000] {dagbag.py:545} INFO - Filling up the DagBag from /home/airflow/.local/lib/python3.12/site-packages/airflow/example_dags/example_task_group.py
[2024-06-11T23:04:16.149+0000] {processor.py:840} INFO - DAG(s) 'example_task_group' retrieved from /home/airflow/.local/lib/python3.12/site-packages/airflow/example_dags/example_task_group.py
[2024-06-11T23:04:16.169+0000] {logging_mixin.py:188} INFO - [2024-06-11T23:04:16.169+0000] {dag.py:3096} INFO - Sync 1 DAGs
[2024-06-11T23:04:16.188+0000] {logging_mixin.py:188} INFO - [2024-06-11T23:04:16.188+0000] {dag.py:3954} INFO - Setting next_dagrun for example_task_group to 2024-06-10 00:00:00+00:00, run_after=2024-06-11 00:00:00+00:00
[2024-06-11T23:04:16.213+0000] {processor.py:183} INFO - Processing /home/airflow/.local/lib/python3.12/site-packages/airflow/example_dags/example_task_group.py took 0.077 seconds
[2024-06-11T23:04:46.626+0000] {processor.py:161} INFO - Started process (PID=2431) to work on /home/airflow/.local/lib/python3.12/site-packages/airflow/example_dags/example_task_group.py
[2024-06-11T23:04:46.627+0000] {processor.py:830} INFO - Processing file /home/airflow/.local/lib/python3.12/site-packages/airflow/example_dags/example_task_group.py for tasks to queue
[2024-06-11T23:04:46.630+0000] {logging_mixin.py:188} INFO - [2024-06-11T23:04:46.630+0000] {dagbag.py:545} INFO - Filling up the DagBag from /home/airflow/.local/lib/python3.12/site-packages/airflow/example_dags/example_task_group.py
[2024-06-11T23:04:46.639+0000] {processor.py:840} INFO - DAG(s) 'example_task_group' retrieved from /home/airflow/.local/lib/python3.12/site-packages/airflow/example_dags/example_task_group.py
[2024-06-11T23:04:46.659+0000] {logging_mixin.py:188} INFO - [2024-06-11T23:04:46.658+0000] {dag.py:3096} INFO - Sync 1 DAGs
[2024-06-11T23:04:46.678+0000] {logging_mixin.py:188} INFO - [2024-06-11T23:04:46.678+0000] {dag.py:3954} INFO - Setting next_dagrun for example_task_group to 2024-06-10 00:00:00+00:00, run_after=2024-06-11 00:00:00+00:00
[2024-06-11T23:04:46.710+0000] {processor.py:183} INFO - Processing /home/airflow/.local/lib/python3.12/site-packages/airflow/example_dags/example_task_group.py took 0.095 seconds
[2024-06-11T23:05:17.445+0000] {processor.py:161} INFO - Started process (PID=2489) to work on /home/airflow/.local/lib/python3.12/site-packages/airflow/example_dags/example_task_group.py
[2024-06-11T23:05:17.446+0000] {processor.py:830} INFO - Processing file /home/airflow/.local/lib/python3.12/site-packages/airflow/example_dags/example_task_group.py for tasks to queue
[2024-06-11T23:05:17.448+0000] {logging_mixin.py:188} INFO - [2024-06-11T23:05:17.448+0000] {dagbag.py:545} INFO - Filling up the DagBag from /home/airflow/.local/lib/python3.12/site-packages/airflow/example_dags/example_task_group.py
[2024-06-11T23:05:17.454+0000] {processor.py:840} INFO - DAG(s) 'example_task_group' retrieved from /home/airflow/.local/lib/python3.12/site-packages/airflow/example_dags/example_task_group.py
[2024-06-11T23:05:17.473+0000] {logging_mixin.py:188} INFO - [2024-06-11T23:05:17.473+0000] {dag.py:3096} INFO - Sync 1 DAGs
[2024-06-11T23:05:17.494+0000] {logging_mixin.py:188} INFO - [2024-06-11T23:05:17.493+0000] {dag.py:3954} INFO - Setting next_dagrun for example_task_group to 2024-06-10 00:00:00+00:00, run_after=2024-06-11 00:00:00+00:00
[2024-06-11T23:05:17.513+0000] {processor.py:183} INFO - Processing /home/airflow/.local/lib/python3.12/site-packages/airflow/example_dags/example_task_group.py took 0.074 seconds
[2024-06-11T23:05:47.572+0000] {processor.py:161} INFO - Started process (PID=2547) to work on /home/airflow/.local/lib/python3.12/site-packages/airflow/example_dags/example_task_group.py
[2024-06-11T23:05:47.573+0000] {processor.py:830} INFO - Processing file /home/airflow/.local/lib/python3.12/site-packages/airflow/example_dags/example_task_group.py for tasks to queue
[2024-06-11T23:05:47.575+0000] {logging_mixin.py:188} INFO - [2024-06-11T23:05:47.574+0000] {dagbag.py:545} INFO - Filling up the DagBag from /home/airflow/.local/lib/python3.12/site-packages/airflow/example_dags/example_task_group.py
[2024-06-11T23:05:47.580+0000] {processor.py:840} INFO - DAG(s) 'example_task_group' retrieved from /home/airflow/.local/lib/python3.12/site-packages/airflow/example_dags/example_task_group.py
[2024-06-11T23:05:47.602+0000] {logging_mixin.py:188} INFO - [2024-06-11T23:05:47.601+0000] {dag.py:3096} INFO - Sync 1 DAGs
[2024-06-11T23:05:47.620+0000] {logging_mixin.py:188} INFO - [2024-06-11T23:05:47.620+0000] {dag.py:3954} INFO - Setting next_dagrun for example_task_group to 2024-06-10 00:00:00+00:00, run_after=2024-06-11 00:00:00+00:00
[2024-06-11T23:05:47.646+0000] {processor.py:183} INFO - Processing /home/airflow/.local/lib/python3.12/site-packages/airflow/example_dags/example_task_group.py took 0.079 seconds
[2024-06-11T23:06:17.762+0000] {processor.py:161} INFO - Started process (PID=2605) to work on /home/airflow/.local/lib/python3.12/site-packages/airflow/example_dags/example_task_group.py
[2024-06-11T23:06:17.764+0000] {processor.py:830} INFO - Processing file /home/airflow/.local/lib/python3.12/site-packages/airflow/example_dags/example_task_group.py for tasks to queue
[2024-06-11T23:06:17.766+0000] {logging_mixin.py:188} INFO - [2024-06-11T23:06:17.766+0000] {dagbag.py:545} INFO - Filling up the DagBag from /home/airflow/.local/lib/python3.12/site-packages/airflow/example_dags/example_task_group.py
[2024-06-11T23:06:17.772+0000] {processor.py:840} INFO - DAG(s) 'example_task_group' retrieved from /home/airflow/.local/lib/python3.12/site-packages/airflow/example_dags/example_task_group.py
[2024-06-11T23:06:17.793+0000] {logging_mixin.py:188} INFO - [2024-06-11T23:06:17.792+0000] {dag.py:3096} INFO - Sync 1 DAGs
[2024-06-11T23:06:17.812+0000] {logging_mixin.py:188} INFO - [2024-06-11T23:06:17.812+0000] {dag.py:3954} INFO - Setting next_dagrun for example_task_group to 2024-06-10 00:00:00+00:00, run_after=2024-06-11 00:00:00+00:00
[2024-06-11T23:06:17.837+0000] {processor.py:183} INFO - Processing /home/airflow/.local/lib/python3.12/site-packages/airflow/example_dags/example_task_group.py took 0.079 seconds
[2024-06-11T23:06:48.676+0000] {processor.py:161} INFO - Started process (PID=2663) to work on /home/airflow/.local/lib/python3.12/site-packages/airflow/example_dags/example_task_group.py
[2024-06-11T23:06:48.678+0000] {processor.py:830} INFO - Processing file /home/airflow/.local/lib/python3.12/site-packages/airflow/example_dags/example_task_group.py for tasks to queue
[2024-06-11T23:06:48.680+0000] {logging_mixin.py:188} INFO - [2024-06-11T23:06:48.680+0000] {dagbag.py:545} INFO - Filling up the DagBag from /home/airflow/.local/lib/python3.12/site-packages/airflow/example_dags/example_task_group.py
[2024-06-11T23:06:48.692+0000] {processor.py:840} INFO - DAG(s) 'example_task_group' retrieved from /home/airflow/.local/lib/python3.12/site-packages/airflow/example_dags/example_task_group.py
[2024-06-11T23:06:48.711+0000] {logging_mixin.py:188} INFO - [2024-06-11T23:06:48.711+0000] {dag.py:3096} INFO - Sync 1 DAGs
[2024-06-11T23:06:48.730+0000] {logging_mixin.py:188} INFO - [2024-06-11T23:06:48.729+0000] {dag.py:3954} INFO - Setting next_dagrun for example_task_group to 2024-06-10 00:00:00+00:00, run_after=2024-06-11 00:00:00+00:00
[2024-06-11T23:06:48.754+0000] {processor.py:183} INFO - Processing /home/airflow/.local/lib/python3.12/site-packages/airflow/example_dags/example_task_group.py took 0.087 seconds
