[2024-06-11T22:43:48.000+0000] {processor.py:161} INFO - Started process (PID=40) to work on /home/airflow/.local/lib/python3.12/site-packages/airflow/example_dags/example_sensors.py
[2024-06-11T22:43:48.002+0000] {processor.py:830} INFO - Processing file /home/airflow/.local/lib/python3.12/site-packages/airflow/example_dags/example_sensors.py for tasks to queue
[2024-06-11T22:43:48.006+0000] {logging_mixin.py:188} INFO - [2024-06-11T22:43:48.005+0000] {dagbag.py:545} INFO - Filling up the DagBag from /home/airflow/.local/lib/python3.12/site-packages/airflow/example_dags/example_sensors.py
[2024-06-11T22:43:48.048+0000] {processor.py:840} INFO - DAG(s) 'example_sensors' retrieved from /home/airflow/.local/lib/python3.12/site-packages/airflow/example_dags/example_sensors.py
[2024-06-11T22:43:48.116+0000] {logging_mixin.py:188} INFO - [2024-06-11T22:43:48.115+0000] {dag.py:3096} INFO - Sync 1 DAGs
[2024-06-11T22:43:48.143+0000] {logging_mixin.py:188} INFO - [2024-06-11T22:43:48.143+0000] {dag.py:3954} INFO - Setting next_dagrun for example_sensors to None, run_after=None
[2024-06-11T22:43:48.176+0000] {processor.py:183} INFO - Processing /home/airflow/.local/lib/python3.12/site-packages/airflow/example_dags/example_sensors.py took 0.183 seconds
[2024-06-11T22:44:18.434+0000] {processor.py:161} INFO - Started process (PID=98) to work on /home/airflow/.local/lib/python3.12/site-packages/airflow/example_dags/example_sensors.py
[2024-06-11T22:44:18.434+0000] {processor.py:830} INFO - Processing file /home/airflow/.local/lib/python3.12/site-packages/airflow/example_dags/example_sensors.py for tasks to queue
[2024-06-11T22:44:18.436+0000] {logging_mixin.py:188} INFO - [2024-06-11T22:44:18.436+0000] {dagbag.py:545} INFO - Filling up the DagBag from /home/airflow/.local/lib/python3.12/site-packages/airflow/example_dags/example_sensors.py
[2024-06-11T22:44:18.442+0000] {processor.py:840} INFO - DAG(s) 'example_sensors' retrieved from /home/airflow/.local/lib/python3.12/site-packages/airflow/example_dags/example_sensors.py
[2024-06-11T22:44:18.514+0000] {logging_mixin.py:188} INFO - [2024-06-11T22:44:18.514+0000] {dag.py:3096} INFO - Sync 1 DAGs
[2024-06-11T22:44:18.524+0000] {logging_mixin.py:188} INFO - [2024-06-11T22:44:18.523+0000] {dag.py:3954} INFO - Setting next_dagrun for example_sensors to None, run_after=None
[2024-06-11T22:44:18.540+0000] {processor.py:183} INFO - Processing /home/airflow/.local/lib/python3.12/site-packages/airflow/example_dags/example_sensors.py took 0.111 seconds
[2024-06-11T22:44:49.486+0000] {processor.py:161} INFO - Started process (PID=156) to work on /home/airflow/.local/lib/python3.12/site-packages/airflow/example_dags/example_sensors.py
[2024-06-11T22:44:49.487+0000] {processor.py:830} INFO - Processing file /home/airflow/.local/lib/python3.12/site-packages/airflow/example_dags/example_sensors.py for tasks to queue
[2024-06-11T22:44:49.489+0000] {logging_mixin.py:188} INFO - [2024-06-11T22:44:49.488+0000] {dagbag.py:545} INFO - Filling up the DagBag from /home/airflow/.local/lib/python3.12/site-packages/airflow/example_dags/example_sensors.py
[2024-06-11T22:44:49.495+0000] {processor.py:840} INFO - DAG(s) 'example_sensors' retrieved from /home/airflow/.local/lib/python3.12/site-packages/airflow/example_dags/example_sensors.py
[2024-06-11T22:44:49.513+0000] {logging_mixin.py:188} INFO - [2024-06-11T22:44:49.513+0000] {dag.py:3096} INFO - Sync 1 DAGs
[2024-06-11T22:44:49.522+0000] {logging_mixin.py:188} INFO - [2024-06-11T22:44:49.522+0000] {dag.py:3954} INFO - Setting next_dagrun for example_sensors to None, run_after=None
[2024-06-11T22:44:49.547+0000] {processor.py:183} INFO - Processing /home/airflow/.local/lib/python3.12/site-packages/airflow/example_dags/example_sensors.py took 0.065 seconds
[2024-06-11T22:45:19.831+0000] {processor.py:161} INFO - Started process (PID=215) to work on /home/airflow/.local/lib/python3.12/site-packages/airflow/example_dags/example_sensors.py
[2024-06-11T22:45:19.832+0000] {processor.py:830} INFO - Processing file /home/airflow/.local/lib/python3.12/site-packages/airflow/example_dags/example_sensors.py for tasks to queue
[2024-06-11T22:45:19.834+0000] {logging_mixin.py:188} INFO - [2024-06-11T22:45:19.834+0000] {dagbag.py:545} INFO - Filling up the DagBag from /home/airflow/.local/lib/python3.12/site-packages/airflow/example_dags/example_sensors.py
[2024-06-11T22:45:19.840+0000] {processor.py:840} INFO - DAG(s) 'example_sensors' retrieved from /home/airflow/.local/lib/python3.12/site-packages/airflow/example_dags/example_sensors.py
[2024-06-11T22:45:19.856+0000] {logging_mixin.py:188} INFO - [2024-06-11T22:45:19.856+0000] {dag.py:3096} INFO - Sync 1 DAGs
[2024-06-11T22:45:19.866+0000] {logging_mixin.py:188} INFO - [2024-06-11T22:45:19.866+0000] {dag.py:3954} INFO - Setting next_dagrun for example_sensors to None, run_after=None
[2024-06-11T22:45:19.892+0000] {processor.py:183} INFO - Processing /home/airflow/.local/lib/python3.12/site-packages/airflow/example_dags/example_sensors.py took 0.065 seconds
[2024-06-11T22:45:50.152+0000] {processor.py:161} INFO - Started process (PID=273) to work on /home/airflow/.local/lib/python3.12/site-packages/airflow/example_dags/example_sensors.py
[2024-06-11T22:45:50.153+0000] {processor.py:830} INFO - Processing file /home/airflow/.local/lib/python3.12/site-packages/airflow/example_dags/example_sensors.py for tasks to queue
[2024-06-11T22:45:50.155+0000] {logging_mixin.py:188} INFO - [2024-06-11T22:45:50.155+0000] {dagbag.py:545} INFO - Filling up the DagBag from /home/airflow/.local/lib/python3.12/site-packages/airflow/example_dags/example_sensors.py
[2024-06-11T22:45:50.163+0000] {processor.py:840} INFO - DAG(s) 'example_sensors' retrieved from /home/airflow/.local/lib/python3.12/site-packages/airflow/example_dags/example_sensors.py
[2024-06-11T22:45:50.183+0000] {logging_mixin.py:188} INFO - [2024-06-11T22:45:50.182+0000] {dag.py:3096} INFO - Sync 1 DAGs
[2024-06-11T22:45:50.193+0000] {logging_mixin.py:188} INFO - [2024-06-11T22:45:50.193+0000] {dag.py:3954} INFO - Setting next_dagrun for example_sensors to None, run_after=None
[2024-06-11T22:45:50.213+0000] {processor.py:183} INFO - Processing /home/airflow/.local/lib/python3.12/site-packages/airflow/example_dags/example_sensors.py took 0.070 seconds
[2024-06-11T22:46:20.765+0000] {processor.py:161} INFO - Started process (PID=331) to work on /home/airflow/.local/lib/python3.12/site-packages/airflow/example_dags/example_sensors.py
[2024-06-11T22:46:20.766+0000] {processor.py:830} INFO - Processing file /home/airflow/.local/lib/python3.12/site-packages/airflow/example_dags/example_sensors.py for tasks to queue
[2024-06-11T22:46:20.769+0000] {logging_mixin.py:188} INFO - [2024-06-11T22:46:20.769+0000] {dagbag.py:545} INFO - Filling up the DagBag from /home/airflow/.local/lib/python3.12/site-packages/airflow/example_dags/example_sensors.py
[2024-06-11T22:46:20.786+0000] {processor.py:840} INFO - DAG(s) 'example_sensors' retrieved from /home/airflow/.local/lib/python3.12/site-packages/airflow/example_dags/example_sensors.py
[2024-06-11T22:46:20.808+0000] {logging_mixin.py:188} INFO - [2024-06-11T22:46:20.808+0000] {dag.py:3096} INFO - Sync 1 DAGs
[2024-06-11T22:46:20.826+0000] {logging_mixin.py:188} INFO - [2024-06-11T22:46:20.826+0000] {dag.py:3954} INFO - Setting next_dagrun for example_sensors to None, run_after=None
[2024-06-11T22:46:20.852+0000] {processor.py:183} INFO - Processing /home/airflow/.local/lib/python3.12/site-packages/airflow/example_dags/example_sensors.py took 0.097 seconds
[2024-06-11T22:46:51.238+0000] {processor.py:161} INFO - Started process (PID=389) to work on /home/airflow/.local/lib/python3.12/site-packages/airflow/example_dags/example_sensors.py
[2024-06-11T22:46:51.239+0000] {processor.py:830} INFO - Processing file /home/airflow/.local/lib/python3.12/site-packages/airflow/example_dags/example_sensors.py for tasks to queue
[2024-06-11T22:46:51.241+0000] {logging_mixin.py:188} INFO - [2024-06-11T22:46:51.241+0000] {dagbag.py:545} INFO - Filling up the DagBag from /home/airflow/.local/lib/python3.12/site-packages/airflow/example_dags/example_sensors.py
[2024-06-11T22:46:51.250+0000] {processor.py:840} INFO - DAG(s) 'example_sensors' retrieved from /home/airflow/.local/lib/python3.12/site-packages/airflow/example_dags/example_sensors.py
[2024-06-11T22:46:51.274+0000] {logging_mixin.py:188} INFO - [2024-06-11T22:46:51.274+0000] {dag.py:3096} INFO - Sync 1 DAGs
[2024-06-11T22:46:51.286+0000] {logging_mixin.py:188} INFO - [2024-06-11T22:46:51.286+0000] {dag.py:3954} INFO - Setting next_dagrun for example_sensors to None, run_after=None
[2024-06-11T22:46:51.311+0000] {processor.py:183} INFO - Processing /home/airflow/.local/lib/python3.12/site-packages/airflow/example_dags/example_sensors.py took 0.079 seconds
[2024-06-11T22:47:21.760+0000] {processor.py:161} INFO - Started process (PID=447) to work on /home/airflow/.local/lib/python3.12/site-packages/airflow/example_dags/example_sensors.py
[2024-06-11T22:47:21.761+0000] {processor.py:830} INFO - Processing file /home/airflow/.local/lib/python3.12/site-packages/airflow/example_dags/example_sensors.py for tasks to queue
[2024-06-11T22:47:21.763+0000] {logging_mixin.py:188} INFO - [2024-06-11T22:47:21.763+0000] {dagbag.py:545} INFO - Filling up the DagBag from /home/airflow/.local/lib/python3.12/site-packages/airflow/example_dags/example_sensors.py
[2024-06-11T22:47:21.777+0000] {processor.py:840} INFO - DAG(s) 'example_sensors' retrieved from /home/airflow/.local/lib/python3.12/site-packages/airflow/example_dags/example_sensors.py
[2024-06-11T22:47:21.801+0000] {logging_mixin.py:188} INFO - [2024-06-11T22:47:21.801+0000] {dag.py:3096} INFO - Sync 1 DAGs
[2024-06-11T22:47:21.812+0000] {logging_mixin.py:188} INFO - [2024-06-11T22:47:21.811+0000] {dag.py:3954} INFO - Setting next_dagrun for example_sensors to None, run_after=None
[2024-06-11T22:47:21.829+0000] {processor.py:183} INFO - Processing /home/airflow/.local/lib/python3.12/site-packages/airflow/example_dags/example_sensors.py took 0.074 seconds
[2024-06-11T22:47:52.286+0000] {processor.py:161} INFO - Started process (PID=505) to work on /home/airflow/.local/lib/python3.12/site-packages/airflow/example_dags/example_sensors.py
[2024-06-11T22:47:52.287+0000] {processor.py:830} INFO - Processing file /home/airflow/.local/lib/python3.12/site-packages/airflow/example_dags/example_sensors.py for tasks to queue
[2024-06-11T22:47:52.289+0000] {logging_mixin.py:188} INFO - [2024-06-11T22:47:52.289+0000] {dagbag.py:545} INFO - Filling up the DagBag from /home/airflow/.local/lib/python3.12/site-packages/airflow/example_dags/example_sensors.py
[2024-06-11T22:47:52.298+0000] {processor.py:840} INFO - DAG(s) 'example_sensors' retrieved from /home/airflow/.local/lib/python3.12/site-packages/airflow/example_dags/example_sensors.py
[2024-06-11T22:47:52.322+0000] {logging_mixin.py:188} INFO - [2024-06-11T22:47:52.322+0000] {dag.py:3096} INFO - Sync 1 DAGs
[2024-06-11T22:47:52.334+0000] {logging_mixin.py:188} INFO - [2024-06-11T22:47:52.333+0000] {dag.py:3954} INFO - Setting next_dagrun for example_sensors to None, run_after=None
[2024-06-11T22:47:52.353+0000] {processor.py:183} INFO - Processing /home/airflow/.local/lib/python3.12/site-packages/airflow/example_dags/example_sensors.py took 0.071 seconds
[2024-06-11T22:48:22.457+0000] {processor.py:161} INFO - Started process (PID=563) to work on /home/airflow/.local/lib/python3.12/site-packages/airflow/example_dags/example_sensors.py
[2024-06-11T22:48:22.458+0000] {processor.py:830} INFO - Processing file /home/airflow/.local/lib/python3.12/site-packages/airflow/example_dags/example_sensors.py for tasks to queue
[2024-06-11T22:48:22.460+0000] {logging_mixin.py:188} INFO - [2024-06-11T22:48:22.460+0000] {dagbag.py:545} INFO - Filling up the DagBag from /home/airflow/.local/lib/python3.12/site-packages/airflow/example_dags/example_sensors.py
[2024-06-11T22:48:22.468+0000] {processor.py:840} INFO - DAG(s) 'example_sensors' retrieved from /home/airflow/.local/lib/python3.12/site-packages/airflow/example_dags/example_sensors.py
[2024-06-11T22:48:22.490+0000] {logging_mixin.py:188} INFO - [2024-06-11T22:48:22.490+0000] {dag.py:3096} INFO - Sync 1 DAGs
[2024-06-11T22:48:22.501+0000] {logging_mixin.py:188} INFO - [2024-06-11T22:48:22.501+0000] {dag.py:3954} INFO - Setting next_dagrun for example_sensors to None, run_after=None
[2024-06-11T22:48:22.522+0000] {processor.py:183} INFO - Processing /home/airflow/.local/lib/python3.12/site-packages/airflow/example_dags/example_sensors.py took 0.069 seconds
[2024-06-11T22:48:53.019+0000] {processor.py:161} INFO - Started process (PID=621) to work on /home/airflow/.local/lib/python3.12/site-packages/airflow/example_dags/example_sensors.py
[2024-06-11T22:48:53.021+0000] {processor.py:830} INFO - Processing file /home/airflow/.local/lib/python3.12/site-packages/airflow/example_dags/example_sensors.py for tasks to queue
[2024-06-11T22:48:53.022+0000] {logging_mixin.py:188} INFO - [2024-06-11T22:48:53.022+0000] {dagbag.py:545} INFO - Filling up the DagBag from /home/airflow/.local/lib/python3.12/site-packages/airflow/example_dags/example_sensors.py
[2024-06-11T22:48:53.032+0000] {processor.py:840} INFO - DAG(s) 'example_sensors' retrieved from /home/airflow/.local/lib/python3.12/site-packages/airflow/example_dags/example_sensors.py
[2024-06-11T22:48:53.054+0000] {logging_mixin.py:188} INFO - [2024-06-11T22:48:53.054+0000] {dag.py:3096} INFO - Sync 1 DAGs
[2024-06-11T22:48:53.066+0000] {logging_mixin.py:188} INFO - [2024-06-11T22:48:53.066+0000] {dag.py:3954} INFO - Setting next_dagrun for example_sensors to None, run_after=None
[2024-06-11T22:48:53.092+0000] {processor.py:183} INFO - Processing /home/airflow/.local/lib/python3.12/site-packages/airflow/example_dags/example_sensors.py took 0.078 seconds
[2024-06-11T22:49:23.806+0000] {processor.py:161} INFO - Started process (PID=679) to work on /home/airflow/.local/lib/python3.12/site-packages/airflow/example_dags/example_sensors.py
[2024-06-11T22:49:23.807+0000] {processor.py:830} INFO - Processing file /home/airflow/.local/lib/python3.12/site-packages/airflow/example_dags/example_sensors.py for tasks to queue
[2024-06-11T22:49:23.808+0000] {logging_mixin.py:188} INFO - [2024-06-11T22:49:23.808+0000] {dagbag.py:545} INFO - Filling up the DagBag from /home/airflow/.local/lib/python3.12/site-packages/airflow/example_dags/example_sensors.py
[2024-06-11T22:49:23.824+0000] {processor.py:840} INFO - DAG(s) 'example_sensors' retrieved from /home/airflow/.local/lib/python3.12/site-packages/airflow/example_dags/example_sensors.py
[2024-06-11T22:49:23.863+0000] {logging_mixin.py:188} INFO - [2024-06-11T22:49:23.863+0000] {dag.py:3096} INFO - Sync 1 DAGs
[2024-06-11T22:49:23.978+0000] {logging_mixin.py:188} INFO - [2024-06-11T22:49:23.978+0000] {dag.py:3954} INFO - Setting next_dagrun for example_sensors to None, run_after=None
[2024-06-11T22:49:24.079+0000] {processor.py:183} INFO - Processing /home/airflow/.local/lib/python3.12/site-packages/airflow/example_dags/example_sensors.py took 0.277 seconds
[2024-06-11T22:49:54.995+0000] {processor.py:161} INFO - Started process (PID=737) to work on /home/airflow/.local/lib/python3.12/site-packages/airflow/example_dags/example_sensors.py
[2024-06-11T22:49:55.045+0000] {processor.py:830} INFO - Processing file /home/airflow/.local/lib/python3.12/site-packages/airflow/example_dags/example_sensors.py for tasks to queue
[2024-06-11T22:49:55.047+0000] {logging_mixin.py:188} INFO - [2024-06-11T22:49:55.047+0000] {dagbag.py:545} INFO - Filling up the DagBag from /home/airflow/.local/lib/python3.12/site-packages/airflow/example_dags/example_sensors.py
[2024-06-11T22:49:55.058+0000] {processor.py:840} INFO - DAG(s) 'example_sensors' retrieved from /home/airflow/.local/lib/python3.12/site-packages/airflow/example_dags/example_sensors.py
[2024-06-11T22:49:55.086+0000] {logging_mixin.py:188} INFO - [2024-06-11T22:49:55.085+0000] {dag.py:3096} INFO - Sync 1 DAGs
[2024-06-11T22:49:55.280+0000] {logging_mixin.py:188} INFO - [2024-06-11T22:49:55.279+0000] {dag.py:3954} INFO - Setting next_dagrun for example_sensors to None, run_after=None
[2024-06-11T22:49:55.312+0000] {processor.py:183} INFO - Processing /home/airflow/.local/lib/python3.12/site-packages/airflow/example_dags/example_sensors.py took 0.322 seconds
[2024-06-11T22:50:25.789+0000] {processor.py:161} INFO - Started process (PID=795) to work on /home/airflow/.local/lib/python3.12/site-packages/airflow/example_dags/example_sensors.py
[2024-06-11T22:50:25.790+0000] {processor.py:830} INFO - Processing file /home/airflow/.local/lib/python3.12/site-packages/airflow/example_dags/example_sensors.py for tasks to queue
[2024-06-11T22:50:25.792+0000] {logging_mixin.py:188} INFO - [2024-06-11T22:50:25.792+0000] {dagbag.py:545} INFO - Filling up the DagBag from /home/airflow/.local/lib/python3.12/site-packages/airflow/example_dags/example_sensors.py
[2024-06-11T22:50:25.801+0000] {processor.py:840} INFO - DAG(s) 'example_sensors' retrieved from /home/airflow/.local/lib/python3.12/site-packages/airflow/example_dags/example_sensors.py
[2024-06-11T22:50:25.824+0000] {logging_mixin.py:188} INFO - [2024-06-11T22:50:25.823+0000] {dag.py:3096} INFO - Sync 1 DAGs
[2024-06-11T22:50:25.839+0000] {logging_mixin.py:188} INFO - [2024-06-11T22:50:25.838+0000] {dag.py:3954} INFO - Setting next_dagrun for example_sensors to None, run_after=None
[2024-06-11T22:50:25.857+0000] {processor.py:183} INFO - Processing /home/airflow/.local/lib/python3.12/site-packages/airflow/example_dags/example_sensors.py took 0.074 seconds
[2024-06-11T22:50:56.662+0000] {processor.py:161} INFO - Started process (PID=853) to work on /home/airflow/.local/lib/python3.12/site-packages/airflow/example_dags/example_sensors.py
[2024-06-11T22:50:56.664+0000] {processor.py:830} INFO - Processing file /home/airflow/.local/lib/python3.12/site-packages/airflow/example_dags/example_sensors.py for tasks to queue
[2024-06-11T22:50:56.665+0000] {logging_mixin.py:188} INFO - [2024-06-11T22:50:56.665+0000] {dagbag.py:545} INFO - Filling up the DagBag from /home/airflow/.local/lib/python3.12/site-packages/airflow/example_dags/example_sensors.py
[2024-06-11T22:50:56.675+0000] {processor.py:840} INFO - DAG(s) 'example_sensors' retrieved from /home/airflow/.local/lib/python3.12/site-packages/airflow/example_dags/example_sensors.py
[2024-06-11T22:50:56.702+0000] {logging_mixin.py:188} INFO - [2024-06-11T22:50:56.702+0000] {dag.py:3096} INFO - Sync 1 DAGs
[2024-06-11T22:50:56.714+0000] {logging_mixin.py:188} INFO - [2024-06-11T22:50:56.713+0000] {dag.py:3954} INFO - Setting next_dagrun for example_sensors to None, run_after=None
[2024-06-11T22:50:56.734+0000] {processor.py:183} INFO - Processing /home/airflow/.local/lib/python3.12/site-packages/airflow/example_dags/example_sensors.py took 0.077 seconds
[2024-06-11T22:51:27.362+0000] {processor.py:161} INFO - Started process (PID=911) to work on /home/airflow/.local/lib/python3.12/site-packages/airflow/example_dags/example_sensors.py
[2024-06-11T22:51:27.364+0000] {processor.py:830} INFO - Processing file /home/airflow/.local/lib/python3.12/site-packages/airflow/example_dags/example_sensors.py for tasks to queue
[2024-06-11T22:51:27.366+0000] {logging_mixin.py:188} INFO - [2024-06-11T22:51:27.365+0000] {dagbag.py:545} INFO - Filling up the DagBag from /home/airflow/.local/lib/python3.12/site-packages/airflow/example_dags/example_sensors.py
[2024-06-11T22:51:27.382+0000] {processor.py:840} INFO - DAG(s) 'example_sensors' retrieved from /home/airflow/.local/lib/python3.12/site-packages/airflow/example_dags/example_sensors.py
[2024-06-11T22:51:27.403+0000] {logging_mixin.py:188} INFO - [2024-06-11T22:51:27.402+0000] {dag.py:3096} INFO - Sync 1 DAGs
[2024-06-11T22:51:27.426+0000] {logging_mixin.py:188} INFO - [2024-06-11T22:51:27.426+0000] {dag.py:3954} INFO - Setting next_dagrun for example_sensors to None, run_after=None
[2024-06-11T22:51:27.449+0000] {processor.py:183} INFO - Processing /home/airflow/.local/lib/python3.12/site-packages/airflow/example_dags/example_sensors.py took 0.092 seconds
[2024-06-11T22:51:57.797+0000] {processor.py:161} INFO - Started process (PID=969) to work on /home/airflow/.local/lib/python3.12/site-packages/airflow/example_dags/example_sensors.py
[2024-06-11T22:51:57.798+0000] {processor.py:830} INFO - Processing file /home/airflow/.local/lib/python3.12/site-packages/airflow/example_dags/example_sensors.py for tasks to queue
[2024-06-11T22:51:57.800+0000] {logging_mixin.py:188} INFO - [2024-06-11T22:51:57.799+0000] {dagbag.py:545} INFO - Filling up the DagBag from /home/airflow/.local/lib/python3.12/site-packages/airflow/example_dags/example_sensors.py
[2024-06-11T22:51:57.807+0000] {processor.py:840} INFO - DAG(s) 'example_sensors' retrieved from /home/airflow/.local/lib/python3.12/site-packages/airflow/example_dags/example_sensors.py
[2024-06-11T22:51:57.829+0000] {logging_mixin.py:188} INFO - [2024-06-11T22:51:57.828+0000] {dag.py:3096} INFO - Sync 1 DAGs
[2024-06-11T22:51:57.873+0000] {logging_mixin.py:188} INFO - [2024-06-11T22:51:57.873+0000] {dag.py:3954} INFO - Setting next_dagrun for example_sensors to None, run_after=None
[2024-06-11T22:51:57.900+0000] {processor.py:183} INFO - Processing /home/airflow/.local/lib/python3.12/site-packages/airflow/example_dags/example_sensors.py took 0.109 seconds
[2024-06-11T22:52:28.238+0000] {processor.py:161} INFO - Started process (PID=1028) to work on /home/airflow/.local/lib/python3.12/site-packages/airflow/example_dags/example_sensors.py
[2024-06-11T22:52:28.239+0000] {processor.py:830} INFO - Processing file /home/airflow/.local/lib/python3.12/site-packages/airflow/example_dags/example_sensors.py for tasks to queue
[2024-06-11T22:52:28.240+0000] {logging_mixin.py:188} INFO - [2024-06-11T22:52:28.240+0000] {dagbag.py:545} INFO - Filling up the DagBag from /home/airflow/.local/lib/python3.12/site-packages/airflow/example_dags/example_sensors.py
[2024-06-11T22:52:28.251+0000] {processor.py:840} INFO - DAG(s) 'example_sensors' retrieved from /home/airflow/.local/lib/python3.12/site-packages/airflow/example_dags/example_sensors.py
[2024-06-11T22:52:28.279+0000] {logging_mixin.py:188} INFO - [2024-06-11T22:52:28.278+0000] {dag.py:3096} INFO - Sync 1 DAGs
[2024-06-11T22:52:28.292+0000] {logging_mixin.py:188} INFO - [2024-06-11T22:52:28.292+0000] {dag.py:3954} INFO - Setting next_dagrun for example_sensors to None, run_after=None
[2024-06-11T22:52:28.312+0000] {processor.py:183} INFO - Processing /home/airflow/.local/lib/python3.12/site-packages/airflow/example_dags/example_sensors.py took 0.080 seconds
[2024-06-11T22:52:58.703+0000] {processor.py:161} INFO - Started process (PID=1085) to work on /home/airflow/.local/lib/python3.12/site-packages/airflow/example_dags/example_sensors.py
[2024-06-11T22:52:58.704+0000] {processor.py:830} INFO - Processing file /home/airflow/.local/lib/python3.12/site-packages/airflow/example_dags/example_sensors.py for tasks to queue
[2024-06-11T22:52:58.706+0000] {logging_mixin.py:188} INFO - [2024-06-11T22:52:58.706+0000] {dagbag.py:545} INFO - Filling up the DagBag from /home/airflow/.local/lib/python3.12/site-packages/airflow/example_dags/example_sensors.py
[2024-06-11T22:52:58.714+0000] {processor.py:840} INFO - DAG(s) 'example_sensors' retrieved from /home/airflow/.local/lib/python3.12/site-packages/airflow/example_dags/example_sensors.py
[2024-06-11T22:52:58.740+0000] {logging_mixin.py:188} INFO - [2024-06-11T22:52:58.740+0000] {dag.py:3096} INFO - Sync 1 DAGs
[2024-06-11T22:52:58.780+0000] {logging_mixin.py:188} INFO - [2024-06-11T22:52:58.780+0000] {dag.py:3954} INFO - Setting next_dagrun for example_sensors to None, run_after=None
[2024-06-11T22:52:58.822+0000] {processor.py:183} INFO - Processing /home/airflow/.local/lib/python3.12/site-packages/airflow/example_dags/example_sensors.py took 0.127 seconds
[2024-06-11T22:53:29.834+0000] {processor.py:161} INFO - Started process (PID=1143) to work on /home/airflow/.local/lib/python3.12/site-packages/airflow/example_dags/example_sensors.py
[2024-06-11T22:53:29.835+0000] {processor.py:830} INFO - Processing file /home/airflow/.local/lib/python3.12/site-packages/airflow/example_dags/example_sensors.py for tasks to queue
[2024-06-11T22:53:29.837+0000] {logging_mixin.py:188} INFO - [2024-06-11T22:53:29.837+0000] {dagbag.py:545} INFO - Filling up the DagBag from /home/airflow/.local/lib/python3.12/site-packages/airflow/example_dags/example_sensors.py
[2024-06-11T22:53:29.843+0000] {processor.py:840} INFO - DAG(s) 'example_sensors' retrieved from /home/airflow/.local/lib/python3.12/site-packages/airflow/example_dags/example_sensors.py
[2024-06-11T22:53:29.863+0000] {logging_mixin.py:188} INFO - [2024-06-11T22:53:29.862+0000] {dag.py:3096} INFO - Sync 1 DAGs
[2024-06-11T22:53:29.873+0000] {logging_mixin.py:188} INFO - [2024-06-11T22:53:29.873+0000] {dag.py:3954} INFO - Setting next_dagrun for example_sensors to None, run_after=None
[2024-06-11T22:53:29.892+0000] {processor.py:183} INFO - Processing /home/airflow/.local/lib/python3.12/site-packages/airflow/example_dags/example_sensors.py took 0.061 seconds
[2024-06-11T22:54:00.251+0000] {processor.py:161} INFO - Started process (PID=1201) to work on /home/airflow/.local/lib/python3.12/site-packages/airflow/example_dags/example_sensors.py
[2024-06-11T22:54:00.252+0000] {processor.py:830} INFO - Processing file /home/airflow/.local/lib/python3.12/site-packages/airflow/example_dags/example_sensors.py for tasks to queue
[2024-06-11T22:54:00.254+0000] {logging_mixin.py:188} INFO - [2024-06-11T22:54:00.253+0000] {dagbag.py:545} INFO - Filling up the DagBag from /home/airflow/.local/lib/python3.12/site-packages/airflow/example_dags/example_sensors.py
[2024-06-11T22:54:00.261+0000] {processor.py:840} INFO - DAG(s) 'example_sensors' retrieved from /home/airflow/.local/lib/python3.12/site-packages/airflow/example_dags/example_sensors.py
[2024-06-11T22:54:00.282+0000] {logging_mixin.py:188} INFO - [2024-06-11T22:54:00.282+0000] {dag.py:3096} INFO - Sync 1 DAGs
[2024-06-11T22:54:00.291+0000] {logging_mixin.py:188} INFO - [2024-06-11T22:54:00.291+0000] {dag.py:3954} INFO - Setting next_dagrun for example_sensors to None, run_after=None
[2024-06-11T22:54:00.314+0000] {processor.py:183} INFO - Processing /home/airflow/.local/lib/python3.12/site-packages/airflow/example_dags/example_sensors.py took 0.067 seconds
[2024-06-11T22:54:30.594+0000] {processor.py:161} INFO - Started process (PID=1259) to work on /home/airflow/.local/lib/python3.12/site-packages/airflow/example_dags/example_sensors.py
[2024-06-11T22:54:30.595+0000] {processor.py:830} INFO - Processing file /home/airflow/.local/lib/python3.12/site-packages/airflow/example_dags/example_sensors.py for tasks to queue
[2024-06-11T22:54:30.596+0000] {logging_mixin.py:188} INFO - [2024-06-11T22:54:30.596+0000] {dagbag.py:545} INFO - Filling up the DagBag from /home/airflow/.local/lib/python3.12/site-packages/airflow/example_dags/example_sensors.py
[2024-06-11T22:54:30.604+0000] {processor.py:840} INFO - DAG(s) 'example_sensors' retrieved from /home/airflow/.local/lib/python3.12/site-packages/airflow/example_dags/example_sensors.py
[2024-06-11T22:54:30.627+0000] {logging_mixin.py:188} INFO - [2024-06-11T22:54:30.627+0000] {dag.py:3096} INFO - Sync 1 DAGs
[2024-06-11T22:54:30.637+0000] {logging_mixin.py:188} INFO - [2024-06-11T22:54:30.637+0000] {dag.py:3954} INFO - Setting next_dagrun for example_sensors to None, run_after=None
[2024-06-11T22:54:30.661+0000] {processor.py:183} INFO - Processing /home/airflow/.local/lib/python3.12/site-packages/airflow/example_dags/example_sensors.py took 0.072 seconds
[2024-06-11T22:55:00.776+0000] {processor.py:161} INFO - Started process (PID=1317) to work on /home/airflow/.local/lib/python3.12/site-packages/airflow/example_dags/example_sensors.py
[2024-06-11T22:55:00.779+0000] {processor.py:830} INFO - Processing file /home/airflow/.local/lib/python3.12/site-packages/airflow/example_dags/example_sensors.py for tasks to queue
[2024-06-11T22:55:00.781+0000] {logging_mixin.py:188} INFO - [2024-06-11T22:55:00.781+0000] {dagbag.py:545} INFO - Filling up the DagBag from /home/airflow/.local/lib/python3.12/site-packages/airflow/example_dags/example_sensors.py
[2024-06-11T22:55:00.990+0000] {processor.py:840} INFO - DAG(s) 'example_sensors' retrieved from /home/airflow/.local/lib/python3.12/site-packages/airflow/example_dags/example_sensors.py
[2024-06-11T22:55:01.018+0000] {logging_mixin.py:188} INFO - [2024-06-11T22:55:01.018+0000] {dag.py:3096} INFO - Sync 1 DAGs
[2024-06-11T22:55:01.212+0000] {logging_mixin.py:188} INFO - [2024-06-11T22:55:01.212+0000] {dag.py:3954} INFO - Setting next_dagrun for example_sensors to None, run_after=None
[2024-06-11T22:55:01.231+0000] {processor.py:183} INFO - Processing /home/airflow/.local/lib/python3.12/site-packages/airflow/example_dags/example_sensors.py took 0.462 seconds
[2024-06-11T22:55:32.185+0000] {processor.py:161} INFO - Started process (PID=1381) to work on /home/airflow/.local/lib/python3.12/site-packages/airflow/example_dags/example_sensors.py
[2024-06-11T22:55:32.186+0000] {processor.py:830} INFO - Processing file /home/airflow/.local/lib/python3.12/site-packages/airflow/example_dags/example_sensors.py for tasks to queue
[2024-06-11T22:55:32.189+0000] {logging_mixin.py:188} INFO - [2024-06-11T22:55:32.188+0000] {dagbag.py:545} INFO - Filling up the DagBag from /home/airflow/.local/lib/python3.12/site-packages/airflow/example_dags/example_sensors.py
[2024-06-11T22:55:32.197+0000] {processor.py:840} INFO - DAG(s) 'example_sensors' retrieved from /home/airflow/.local/lib/python3.12/site-packages/airflow/example_dags/example_sensors.py
[2024-06-11T22:55:32.221+0000] {logging_mixin.py:188} INFO - [2024-06-11T22:55:32.221+0000] {dag.py:3096} INFO - Sync 1 DAGs
[2024-06-11T22:55:32.231+0000] {logging_mixin.py:188} INFO - [2024-06-11T22:55:32.231+0000] {dag.py:3954} INFO - Setting next_dagrun for example_sensors to None, run_after=None
[2024-06-11T22:55:32.245+0000] {processor.py:183} INFO - Processing /home/airflow/.local/lib/python3.12/site-packages/airflow/example_dags/example_sensors.py took 0.068 seconds
[2024-06-11T22:56:02.541+0000] {processor.py:161} INFO - Started process (PID=1438) to work on /home/airflow/.local/lib/python3.12/site-packages/airflow/example_dags/example_sensors.py
[2024-06-11T22:56:02.543+0000] {processor.py:830} INFO - Processing file /home/airflow/.local/lib/python3.12/site-packages/airflow/example_dags/example_sensors.py for tasks to queue
[2024-06-11T22:56:02.549+0000] {logging_mixin.py:188} INFO - [2024-06-11T22:56:02.548+0000] {dagbag.py:545} INFO - Filling up the DagBag from /home/airflow/.local/lib/python3.12/site-packages/airflow/example_dags/example_sensors.py
[2024-06-11T22:56:02.556+0000] {processor.py:840} INFO - DAG(s) 'example_sensors' retrieved from /home/airflow/.local/lib/python3.12/site-packages/airflow/example_dags/example_sensors.py
[2024-06-11T22:56:02.574+0000] {logging_mixin.py:188} INFO - [2024-06-11T22:56:02.574+0000] {dag.py:3096} INFO - Sync 1 DAGs
[2024-06-11T22:56:02.584+0000] {logging_mixin.py:188} INFO - [2024-06-11T22:56:02.584+0000] {dag.py:3954} INFO - Setting next_dagrun for example_sensors to None, run_after=None
[2024-06-11T22:56:02.610+0000] {processor.py:183} INFO - Processing /home/airflow/.local/lib/python3.12/site-packages/airflow/example_dags/example_sensors.py took 0.078 seconds
[2024-06-11T22:56:32.872+0000] {processor.py:161} INFO - Started process (PID=1496) to work on /home/airflow/.local/lib/python3.12/site-packages/airflow/example_dags/example_sensors.py
[2024-06-11T22:56:32.875+0000] {processor.py:830} INFO - Processing file /home/airflow/.local/lib/python3.12/site-packages/airflow/example_dags/example_sensors.py for tasks to queue
[2024-06-11T22:56:32.877+0000] {logging_mixin.py:188} INFO - [2024-06-11T22:56:32.876+0000] {dagbag.py:545} INFO - Filling up the DagBag from /home/airflow/.local/lib/python3.12/site-packages/airflow/example_dags/example_sensors.py
[2024-06-11T22:56:32.883+0000] {processor.py:840} INFO - DAG(s) 'example_sensors' retrieved from /home/airflow/.local/lib/python3.12/site-packages/airflow/example_dags/example_sensors.py
[2024-06-11T22:56:32.902+0000] {logging_mixin.py:188} INFO - [2024-06-11T22:56:32.902+0000] {dag.py:3096} INFO - Sync 1 DAGs
[2024-06-11T22:56:32.911+0000] {logging_mixin.py:188} INFO - [2024-06-11T22:56:32.911+0000] {dag.py:3954} INFO - Setting next_dagrun for example_sensors to None, run_after=None
[2024-06-11T22:56:32.928+0000] {processor.py:183} INFO - Processing /home/airflow/.local/lib/python3.12/site-packages/airflow/example_dags/example_sensors.py took 0.060 seconds
[2024-06-11T22:57:03.436+0000] {processor.py:161} INFO - Started process (PID=1554) to work on /home/airflow/.local/lib/python3.12/site-packages/airflow/example_dags/example_sensors.py
[2024-06-11T22:57:03.437+0000] {processor.py:830} INFO - Processing file /home/airflow/.local/lib/python3.12/site-packages/airflow/example_dags/example_sensors.py for tasks to queue
[2024-06-11T22:57:03.440+0000] {logging_mixin.py:188} INFO - [2024-06-11T22:57:03.439+0000] {dagbag.py:545} INFO - Filling up the DagBag from /home/airflow/.local/lib/python3.12/site-packages/airflow/example_dags/example_sensors.py
[2024-06-11T22:57:03.454+0000] {processor.py:840} INFO - DAG(s) 'example_sensors' retrieved from /home/airflow/.local/lib/python3.12/site-packages/airflow/example_dags/example_sensors.py
[2024-06-11T22:57:03.497+0000] {logging_mixin.py:188} INFO - [2024-06-11T22:57:03.497+0000] {dag.py:3096} INFO - Sync 1 DAGs
[2024-06-11T22:57:03.518+0000] {logging_mixin.py:188} INFO - [2024-06-11T22:57:03.518+0000] {dag.py:3954} INFO - Setting next_dagrun for example_sensors to None, run_after=None
[2024-06-11T22:57:03.544+0000] {processor.py:183} INFO - Processing /home/airflow/.local/lib/python3.12/site-packages/airflow/example_dags/example_sensors.py took 0.118 seconds
[2024-06-11T22:57:33.863+0000] {processor.py:161} INFO - Started process (PID=1611) to work on /home/airflow/.local/lib/python3.12/site-packages/airflow/example_dags/example_sensors.py
[2024-06-11T22:57:33.867+0000] {processor.py:830} INFO - Processing file /home/airflow/.local/lib/python3.12/site-packages/airflow/example_dags/example_sensors.py for tasks to queue
[2024-06-11T22:57:33.870+0000] {logging_mixin.py:188} INFO - [2024-06-11T22:57:33.869+0000] {dagbag.py:545} INFO - Filling up the DagBag from /home/airflow/.local/lib/python3.12/site-packages/airflow/example_dags/example_sensors.py
[2024-06-11T22:57:33.877+0000] {processor.py:840} INFO - DAG(s) 'example_sensors' retrieved from /home/airflow/.local/lib/python3.12/site-packages/airflow/example_dags/example_sensors.py
[2024-06-11T22:57:33.947+0000] {logging_mixin.py:188} INFO - [2024-06-11T22:57:33.947+0000] {dag.py:3096} INFO - Sync 1 DAGs
[2024-06-11T22:57:33.981+0000] {logging_mixin.py:188} INFO - [2024-06-11T22:57:33.981+0000] {dag.py:3954} INFO - Setting next_dagrun for example_sensors to None, run_after=None
[2024-06-11T22:57:34.015+0000] {processor.py:183} INFO - Processing /home/airflow/.local/lib/python3.12/site-packages/airflow/example_dags/example_sensors.py took 0.171 seconds
[2024-06-11T22:58:04.733+0000] {processor.py:161} INFO - Started process (PID=1669) to work on /home/airflow/.local/lib/python3.12/site-packages/airflow/example_dags/example_sensors.py
[2024-06-11T22:58:04.736+0000] {processor.py:830} INFO - Processing file /home/airflow/.local/lib/python3.12/site-packages/airflow/example_dags/example_sensors.py for tasks to queue
[2024-06-11T22:58:04.738+0000] {logging_mixin.py:188} INFO - [2024-06-11T22:58:04.738+0000] {dagbag.py:545} INFO - Filling up the DagBag from /home/airflow/.local/lib/python3.12/site-packages/airflow/example_dags/example_sensors.py
[2024-06-11T22:58:04.750+0000] {processor.py:840} INFO - DAG(s) 'example_sensors' retrieved from /home/airflow/.local/lib/python3.12/site-packages/airflow/example_dags/example_sensors.py
[2024-06-11T22:58:04.778+0000] {logging_mixin.py:188} INFO - [2024-06-11T22:58:04.777+0000] {dag.py:3096} INFO - Sync 1 DAGs
[2024-06-11T22:58:04.789+0000] {logging_mixin.py:188} INFO - [2024-06-11T22:58:04.789+0000] {dag.py:3954} INFO - Setting next_dagrun for example_sensors to None, run_after=None
[2024-06-11T22:58:04.816+0000] {processor.py:183} INFO - Processing /home/airflow/.local/lib/python3.12/site-packages/airflow/example_dags/example_sensors.py took 0.096 seconds
[2024-06-11T22:58:35.567+0000] {processor.py:161} INFO - Started process (PID=1727) to work on /home/airflow/.local/lib/python3.12/site-packages/airflow/example_dags/example_sensors.py
[2024-06-11T22:58:35.577+0000] {processor.py:830} INFO - Processing file /home/airflow/.local/lib/python3.12/site-packages/airflow/example_dags/example_sensors.py for tasks to queue
[2024-06-11T22:58:35.582+0000] {logging_mixin.py:188} INFO - [2024-06-11T22:58:35.581+0000] {dagbag.py:545} INFO - Filling up the DagBag from /home/airflow/.local/lib/python3.12/site-packages/airflow/example_dags/example_sensors.py
[2024-06-11T22:58:35.597+0000] {processor.py:840} INFO - DAG(s) 'example_sensors' retrieved from /home/airflow/.local/lib/python3.12/site-packages/airflow/example_dags/example_sensors.py
[2024-06-11T22:58:35.636+0000] {logging_mixin.py:188} INFO - [2024-06-11T22:58:35.636+0000] {dag.py:3096} INFO - Sync 1 DAGs
[2024-06-11T22:58:35.735+0000] {logging_mixin.py:188} INFO - [2024-06-11T22:58:35.735+0000] {dag.py:3954} INFO - Setting next_dagrun for example_sensors to None, run_after=None
[2024-06-11T22:58:35.867+0000] {processor.py:183} INFO - Processing /home/airflow/.local/lib/python3.12/site-packages/airflow/example_dags/example_sensors.py took 0.311 seconds
[2024-06-11T22:59:06.307+0000] {processor.py:161} INFO - Started process (PID=1785) to work on /home/airflow/.local/lib/python3.12/site-packages/airflow/example_dags/example_sensors.py
[2024-06-11T22:59:06.397+0000] {processor.py:830} INFO - Processing file /home/airflow/.local/lib/python3.12/site-packages/airflow/example_dags/example_sensors.py for tasks to queue
[2024-06-11T22:59:06.400+0000] {logging_mixin.py:188} INFO - [2024-06-11T22:59:06.400+0000] {dagbag.py:545} INFO - Filling up the DagBag from /home/airflow/.local/lib/python3.12/site-packages/airflow/example_dags/example_sensors.py
[2024-06-11T22:59:06.412+0000] {processor.py:840} INFO - DAG(s) 'example_sensors' retrieved from /home/airflow/.local/lib/python3.12/site-packages/airflow/example_dags/example_sensors.py
[2024-06-11T22:59:06.442+0000] {logging_mixin.py:188} INFO - [2024-06-11T22:59:06.442+0000] {dag.py:3096} INFO - Sync 1 DAGs
[2024-06-11T22:59:06.455+0000] {logging_mixin.py:188} INFO - [2024-06-11T22:59:06.455+0000] {dag.py:3954} INFO - Setting next_dagrun for example_sensors to None, run_after=None
[2024-06-11T22:59:06.479+0000] {processor.py:183} INFO - Processing /home/airflow/.local/lib/python3.12/site-packages/airflow/example_dags/example_sensors.py took 0.196 seconds
[2024-06-11T22:59:36.640+0000] {processor.py:161} INFO - Started process (PID=1843) to work on /home/airflow/.local/lib/python3.12/site-packages/airflow/example_dags/example_sensors.py
[2024-06-11T22:59:36.642+0000] {processor.py:830} INFO - Processing file /home/airflow/.local/lib/python3.12/site-packages/airflow/example_dags/example_sensors.py for tasks to queue
[2024-06-11T22:59:36.646+0000] {logging_mixin.py:188} INFO - [2024-06-11T22:59:36.645+0000] {dagbag.py:545} INFO - Filling up the DagBag from /home/airflow/.local/lib/python3.12/site-packages/airflow/example_dags/example_sensors.py
[2024-06-11T22:59:36.653+0000] {processor.py:840} INFO - DAG(s) 'example_sensors' retrieved from /home/airflow/.local/lib/python3.12/site-packages/airflow/example_dags/example_sensors.py
[2024-06-11T22:59:36.678+0000] {logging_mixin.py:188} INFO - [2024-06-11T22:59:36.677+0000] {dag.py:3096} INFO - Sync 1 DAGs
[2024-06-11T22:59:36.833+0000] {logging_mixin.py:188} INFO - [2024-06-11T22:59:36.833+0000] {dag.py:3954} INFO - Setting next_dagrun for example_sensors to None, run_after=None
[2024-06-11T22:59:36.850+0000] {processor.py:183} INFO - Processing /home/airflow/.local/lib/python3.12/site-packages/airflow/example_dags/example_sensors.py took 0.217 seconds
[2024-06-11T23:00:06.932+0000] {processor.py:161} INFO - Started process (PID=1902) to work on /home/airflow/.local/lib/python3.12/site-packages/airflow/example_dags/example_sensors.py
[2024-06-11T23:00:06.934+0000] {processor.py:830} INFO - Processing file /home/airflow/.local/lib/python3.12/site-packages/airflow/example_dags/example_sensors.py for tasks to queue
[2024-06-11T23:00:06.936+0000] {logging_mixin.py:188} INFO - [2024-06-11T23:00:06.936+0000] {dagbag.py:545} INFO - Filling up the DagBag from /home/airflow/.local/lib/python3.12/site-packages/airflow/example_dags/example_sensors.py
[2024-06-11T23:00:06.943+0000] {processor.py:840} INFO - DAG(s) 'example_sensors' retrieved from /home/airflow/.local/lib/python3.12/site-packages/airflow/example_dags/example_sensors.py
[2024-06-11T23:00:06.961+0000] {logging_mixin.py:188} INFO - [2024-06-11T23:00:06.960+0000] {dag.py:3096} INFO - Sync 1 DAGs
[2024-06-11T23:00:06.971+0000] {logging_mixin.py:188} INFO - [2024-06-11T23:00:06.971+0000] {dag.py:3954} INFO - Setting next_dagrun for example_sensors to None, run_after=None
[2024-06-11T23:00:06.998+0000] {processor.py:183} INFO - Processing /home/airflow/.local/lib/python3.12/site-packages/airflow/example_dags/example_sensors.py took 0.072 seconds
[2024-06-11T23:00:37.950+0000] {processor.py:161} INFO - Started process (PID=1960) to work on /home/airflow/.local/lib/python3.12/site-packages/airflow/example_dags/example_sensors.py
[2024-06-11T23:00:37.951+0000] {processor.py:830} INFO - Processing file /home/airflow/.local/lib/python3.12/site-packages/airflow/example_dags/example_sensors.py for tasks to queue
[2024-06-11T23:00:37.952+0000] {logging_mixin.py:188} INFO - [2024-06-11T23:00:37.952+0000] {dagbag.py:545} INFO - Filling up the DagBag from /home/airflow/.local/lib/python3.12/site-packages/airflow/example_dags/example_sensors.py
[2024-06-11T23:00:37.965+0000] {processor.py:840} INFO - DAG(s) 'example_sensors' retrieved from /home/airflow/.local/lib/python3.12/site-packages/airflow/example_dags/example_sensors.py
[2024-06-11T23:00:37.997+0000] {logging_mixin.py:188} INFO - [2024-06-11T23:00:37.997+0000] {dag.py:3096} INFO - Sync 1 DAGs
[2024-06-11T23:00:38.074+0000] {logging_mixin.py:188} INFO - [2024-06-11T23:00:38.074+0000] {dag.py:3954} INFO - Setting next_dagrun for example_sensors to None, run_after=None
[2024-06-11T23:00:38.200+0000] {processor.py:183} INFO - Processing /home/airflow/.local/lib/python3.12/site-packages/airflow/example_dags/example_sensors.py took 0.255 seconds
[2024-06-11T23:01:08.390+0000] {processor.py:161} INFO - Started process (PID=2018) to work on /home/airflow/.local/lib/python3.12/site-packages/airflow/example_dags/example_sensors.py
[2024-06-11T23:01:08.392+0000] {processor.py:830} INFO - Processing file /home/airflow/.local/lib/python3.12/site-packages/airflow/example_dags/example_sensors.py for tasks to queue
[2024-06-11T23:01:08.395+0000] {logging_mixin.py:188} INFO - [2024-06-11T23:01:08.394+0000] {dagbag.py:545} INFO - Filling up the DagBag from /home/airflow/.local/lib/python3.12/site-packages/airflow/example_dags/example_sensors.py
[2024-06-11T23:01:08.410+0000] {processor.py:840} INFO - DAG(s) 'example_sensors' retrieved from /home/airflow/.local/lib/python3.12/site-packages/airflow/example_dags/example_sensors.py
[2024-06-11T23:01:08.440+0000] {logging_mixin.py:188} INFO - [2024-06-11T23:01:08.440+0000] {dag.py:3096} INFO - Sync 1 DAGs
[2024-06-11T23:01:08.452+0000] {logging_mixin.py:188} INFO - [2024-06-11T23:01:08.452+0000] {dag.py:3954} INFO - Setting next_dagrun for example_sensors to None, run_after=None
[2024-06-11T23:01:08.478+0000] {processor.py:183} INFO - Processing /home/airflow/.local/lib/python3.12/site-packages/airflow/example_dags/example_sensors.py took 0.094 seconds
[2024-06-11T23:01:38.836+0000] {processor.py:161} INFO - Started process (PID=2076) to work on /home/airflow/.local/lib/python3.12/site-packages/airflow/example_dags/example_sensors.py
[2024-06-11T23:01:38.837+0000] {processor.py:830} INFO - Processing file /home/airflow/.local/lib/python3.12/site-packages/airflow/example_dags/example_sensors.py for tasks to queue
[2024-06-11T23:01:38.839+0000] {logging_mixin.py:188} INFO - [2024-06-11T23:01:38.838+0000] {dagbag.py:545} INFO - Filling up the DagBag from /home/airflow/.local/lib/python3.12/site-packages/airflow/example_dags/example_sensors.py
[2024-06-11T23:01:38.847+0000] {processor.py:840} INFO - DAG(s) 'example_sensors' retrieved from /home/airflow/.local/lib/python3.12/site-packages/airflow/example_dags/example_sensors.py
[2024-06-11T23:01:38.869+0000] {logging_mixin.py:188} INFO - [2024-06-11T23:01:38.869+0000] {dag.py:3096} INFO - Sync 1 DAGs
[2024-06-11T23:01:38.882+0000] {logging_mixin.py:188} INFO - [2024-06-11T23:01:38.882+0000] {dag.py:3954} INFO - Setting next_dagrun for example_sensors to None, run_after=None
[2024-06-11T23:01:38.901+0000] {processor.py:183} INFO - Processing /home/airflow/.local/lib/python3.12/site-packages/airflow/example_dags/example_sensors.py took 0.070 seconds
[2024-06-11T23:02:09.859+0000] {processor.py:161} INFO - Started process (PID=2134) to work on /home/airflow/.local/lib/python3.12/site-packages/airflow/example_dags/example_sensors.py
[2024-06-11T23:02:09.861+0000] {processor.py:830} INFO - Processing file /home/airflow/.local/lib/python3.12/site-packages/airflow/example_dags/example_sensors.py for tasks to queue
[2024-06-11T23:02:09.863+0000] {logging_mixin.py:188} INFO - [2024-06-11T23:02:09.863+0000] {dagbag.py:545} INFO - Filling up the DagBag from /home/airflow/.local/lib/python3.12/site-packages/airflow/example_dags/example_sensors.py
[2024-06-11T23:02:09.875+0000] {processor.py:840} INFO - DAG(s) 'example_sensors' retrieved from /home/airflow/.local/lib/python3.12/site-packages/airflow/example_dags/example_sensors.py
[2024-06-11T23:02:09.898+0000] {logging_mixin.py:188} INFO - [2024-06-11T23:02:09.898+0000] {dag.py:3096} INFO - Sync 1 DAGs
[2024-06-11T23:02:09.910+0000] {logging_mixin.py:188} INFO - [2024-06-11T23:02:09.910+0000] {dag.py:3954} INFO - Setting next_dagrun for example_sensors to None, run_after=None
[2024-06-11T23:02:09.932+0000] {processor.py:183} INFO - Processing /home/airflow/.local/lib/python3.12/site-packages/airflow/example_dags/example_sensors.py took 0.081 seconds
[2024-06-11T23:02:40.235+0000] {processor.py:161} INFO - Started process (PID=2192) to work on /home/airflow/.local/lib/python3.12/site-packages/airflow/example_dags/example_sensors.py
[2024-06-11T23:02:40.236+0000] {processor.py:830} INFO - Processing file /home/airflow/.local/lib/python3.12/site-packages/airflow/example_dags/example_sensors.py for tasks to queue
[2024-06-11T23:02:40.238+0000] {logging_mixin.py:188} INFO - [2024-06-11T23:02:40.238+0000] {dagbag.py:545} INFO - Filling up the DagBag from /home/airflow/.local/lib/python3.12/site-packages/airflow/example_dags/example_sensors.py
[2024-06-11T23:02:40.247+0000] {processor.py:840} INFO - DAG(s) 'example_sensors' retrieved from /home/airflow/.local/lib/python3.12/site-packages/airflow/example_dags/example_sensors.py
[2024-06-11T23:02:40.269+0000] {logging_mixin.py:188} INFO - [2024-06-11T23:02:40.268+0000] {dag.py:3096} INFO - Sync 1 DAGs
[2024-06-11T23:02:40.281+0000] {logging_mixin.py:188} INFO - [2024-06-11T23:02:40.280+0000] {dag.py:3954} INFO - Setting next_dagrun for example_sensors to None, run_after=None
[2024-06-11T23:02:40.296+0000] {processor.py:183} INFO - Processing /home/airflow/.local/lib/python3.12/site-packages/airflow/example_dags/example_sensors.py took 0.067 seconds
[2024-06-11T23:03:10.601+0000] {processor.py:161} INFO - Started process (PID=2250) to work on /home/airflow/.local/lib/python3.12/site-packages/airflow/example_dags/example_sensors.py
[2024-06-11T23:03:10.602+0000] {processor.py:830} INFO - Processing file /home/airflow/.local/lib/python3.12/site-packages/airflow/example_dags/example_sensors.py for tasks to queue
[2024-06-11T23:03:10.604+0000] {logging_mixin.py:188} INFO - [2024-06-11T23:03:10.604+0000] {dagbag.py:545} INFO - Filling up the DagBag from /home/airflow/.local/lib/python3.12/site-packages/airflow/example_dags/example_sensors.py
[2024-06-11T23:03:10.613+0000] {processor.py:840} INFO - DAG(s) 'example_sensors' retrieved from /home/airflow/.local/lib/python3.12/site-packages/airflow/example_dags/example_sensors.py
[2024-06-11T23:03:10.637+0000] {logging_mixin.py:188} INFO - [2024-06-11T23:03:10.636+0000] {dag.py:3096} INFO - Sync 1 DAGs
[2024-06-11T23:03:10.648+0000] {logging_mixin.py:188} INFO - [2024-06-11T23:03:10.648+0000] {dag.py:3954} INFO - Setting next_dagrun for example_sensors to None, run_after=None
[2024-06-11T23:03:10.671+0000] {processor.py:183} INFO - Processing /home/airflow/.local/lib/python3.12/site-packages/airflow/example_dags/example_sensors.py took 0.077 seconds
[2024-06-11T23:03:41.128+0000] {processor.py:161} INFO - Started process (PID=2308) to work on /home/airflow/.local/lib/python3.12/site-packages/airflow/example_dags/example_sensors.py
[2024-06-11T23:03:41.129+0000] {processor.py:830} INFO - Processing file /home/airflow/.local/lib/python3.12/site-packages/airflow/example_dags/example_sensors.py for tasks to queue
[2024-06-11T23:03:41.131+0000] {logging_mixin.py:188} INFO - [2024-06-11T23:03:41.131+0000] {dagbag.py:545} INFO - Filling up the DagBag from /home/airflow/.local/lib/python3.12/site-packages/airflow/example_dags/example_sensors.py
[2024-06-11T23:03:41.139+0000] {processor.py:840} INFO - DAG(s) 'example_sensors' retrieved from /home/airflow/.local/lib/python3.12/site-packages/airflow/example_dags/example_sensors.py
[2024-06-11T23:03:41.159+0000] {logging_mixin.py:188} INFO - [2024-06-11T23:03:41.159+0000] {dag.py:3096} INFO - Sync 1 DAGs
[2024-06-11T23:03:41.171+0000] {logging_mixin.py:188} INFO - [2024-06-11T23:03:41.171+0000] {dag.py:3954} INFO - Setting next_dagrun for example_sensors to None, run_after=None
[2024-06-11T23:03:41.199+0000] {processor.py:183} INFO - Processing /home/airflow/.local/lib/python3.12/site-packages/airflow/example_dags/example_sensors.py took 0.076 seconds
[2024-06-11T23:04:11.873+0000] {processor.py:161} INFO - Started process (PID=2366) to work on /home/airflow/.local/lib/python3.12/site-packages/airflow/example_dags/example_sensors.py
[2024-06-11T23:04:11.875+0000] {processor.py:830} INFO - Processing file /home/airflow/.local/lib/python3.12/site-packages/airflow/example_dags/example_sensors.py for tasks to queue
[2024-06-11T23:04:11.877+0000] {logging_mixin.py:188} INFO - [2024-06-11T23:04:11.877+0000] {dagbag.py:545} INFO - Filling up the DagBag from /home/airflow/.local/lib/python3.12/site-packages/airflow/example_dags/example_sensors.py
[2024-06-11T23:04:11.885+0000] {processor.py:840} INFO - DAG(s) 'example_sensors' retrieved from /home/airflow/.local/lib/python3.12/site-packages/airflow/example_dags/example_sensors.py
[2024-06-11T23:04:11.920+0000] {logging_mixin.py:188} INFO - [2024-06-11T23:04:11.920+0000] {dag.py:3096} INFO - Sync 1 DAGs
[2024-06-11T23:04:11.931+0000] {logging_mixin.py:188} INFO - [2024-06-11T23:04:11.931+0000] {dag.py:3954} INFO - Setting next_dagrun for example_sensors to None, run_after=None
[2024-06-11T23:04:11.949+0000] {processor.py:183} INFO - Processing /home/airflow/.local/lib/python3.12/site-packages/airflow/example_dags/example_sensors.py took 0.081 seconds
[2024-06-11T23:04:42.424+0000] {processor.py:161} INFO - Started process (PID=2425) to work on /home/airflow/.local/lib/python3.12/site-packages/airflow/example_dags/example_sensors.py
[2024-06-11T23:04:42.428+0000] {processor.py:830} INFO - Processing file /home/airflow/.local/lib/python3.12/site-packages/airflow/example_dags/example_sensors.py for tasks to queue
[2024-06-11T23:04:42.431+0000] {logging_mixin.py:188} INFO - [2024-06-11T23:04:42.430+0000] {dagbag.py:545} INFO - Filling up the DagBag from /home/airflow/.local/lib/python3.12/site-packages/airflow/example_dags/example_sensors.py
[2024-06-11T23:04:42.440+0000] {processor.py:840} INFO - DAG(s) 'example_sensors' retrieved from /home/airflow/.local/lib/python3.12/site-packages/airflow/example_dags/example_sensors.py
[2024-06-11T23:04:42.465+0000] {logging_mixin.py:188} INFO - [2024-06-11T23:04:42.465+0000] {dag.py:3096} INFO - Sync 1 DAGs
[2024-06-11T23:04:42.478+0000] {logging_mixin.py:188} INFO - [2024-06-11T23:04:42.478+0000] {dag.py:3954} INFO - Setting next_dagrun for example_sensors to None, run_after=None
[2024-06-11T23:04:42.506+0000] {processor.py:183} INFO - Processing /home/airflow/.local/lib/python3.12/site-packages/airflow/example_dags/example_sensors.py took 0.088 seconds
[2024-06-11T23:05:13.239+0000] {processor.py:161} INFO - Started process (PID=2483) to work on /home/airflow/.local/lib/python3.12/site-packages/airflow/example_dags/example_sensors.py
[2024-06-11T23:05:13.240+0000] {processor.py:830} INFO - Processing file /home/airflow/.local/lib/python3.12/site-packages/airflow/example_dags/example_sensors.py for tasks to queue
[2024-06-11T23:05:13.242+0000] {logging_mixin.py:188} INFO - [2024-06-11T23:05:13.242+0000] {dagbag.py:545} INFO - Filling up the DagBag from /home/airflow/.local/lib/python3.12/site-packages/airflow/example_dags/example_sensors.py
[2024-06-11T23:05:13.251+0000] {processor.py:840} INFO - DAG(s) 'example_sensors' retrieved from /home/airflow/.local/lib/python3.12/site-packages/airflow/example_dags/example_sensors.py
[2024-06-11T23:05:13.274+0000] {logging_mixin.py:188} INFO - [2024-06-11T23:05:13.273+0000] {dag.py:3096} INFO - Sync 1 DAGs
[2024-06-11T23:05:13.285+0000] {logging_mixin.py:188} INFO - [2024-06-11T23:05:13.285+0000] {dag.py:3954} INFO - Setting next_dagrun for example_sensors to None, run_after=None
[2024-06-11T23:05:13.312+0000] {processor.py:183} INFO - Processing /home/airflow/.local/lib/python3.12/site-packages/airflow/example_dags/example_sensors.py took 0.082 seconds
[2024-06-11T23:05:43.427+0000] {processor.py:161} INFO - Started process (PID=2541) to work on /home/airflow/.local/lib/python3.12/site-packages/airflow/example_dags/example_sensors.py
[2024-06-11T23:05:43.429+0000] {processor.py:830} INFO - Processing file /home/airflow/.local/lib/python3.12/site-packages/airflow/example_dags/example_sensors.py for tasks to queue
[2024-06-11T23:05:43.431+0000] {logging_mixin.py:188} INFO - [2024-06-11T23:05:43.430+0000] {dagbag.py:545} INFO - Filling up the DagBag from /home/airflow/.local/lib/python3.12/site-packages/airflow/example_dags/example_sensors.py
[2024-06-11T23:05:43.439+0000] {processor.py:840} INFO - DAG(s) 'example_sensors' retrieved from /home/airflow/.local/lib/python3.12/site-packages/airflow/example_dags/example_sensors.py
[2024-06-11T23:05:43.462+0000] {logging_mixin.py:188} INFO - [2024-06-11T23:05:43.462+0000] {dag.py:3096} INFO - Sync 1 DAGs
[2024-06-11T23:05:43.474+0000] {logging_mixin.py:188} INFO - [2024-06-11T23:05:43.474+0000] {dag.py:3954} INFO - Setting next_dagrun for example_sensors to None, run_after=None
[2024-06-11T23:05:43.492+0000] {processor.py:183} INFO - Processing /home/airflow/.local/lib/python3.12/site-packages/airflow/example_dags/example_sensors.py took 0.072 seconds
[2024-06-11T23:06:13.567+0000] {processor.py:161} INFO - Started process (PID=2599) to work on /home/airflow/.local/lib/python3.12/site-packages/airflow/example_dags/example_sensors.py
[2024-06-11T23:06:13.568+0000] {processor.py:830} INFO - Processing file /home/airflow/.local/lib/python3.12/site-packages/airflow/example_dags/example_sensors.py for tasks to queue
[2024-06-11T23:06:13.569+0000] {logging_mixin.py:188} INFO - [2024-06-11T23:06:13.569+0000] {dagbag.py:545} INFO - Filling up the DagBag from /home/airflow/.local/lib/python3.12/site-packages/airflow/example_dags/example_sensors.py
[2024-06-11T23:06:13.577+0000] {processor.py:840} INFO - DAG(s) 'example_sensors' retrieved from /home/airflow/.local/lib/python3.12/site-packages/airflow/example_dags/example_sensors.py
[2024-06-11T23:06:13.600+0000] {logging_mixin.py:188} INFO - [2024-06-11T23:06:13.600+0000] {dag.py:3096} INFO - Sync 1 DAGs
[2024-06-11T23:06:13.611+0000] {logging_mixin.py:188} INFO - [2024-06-11T23:06:13.611+0000] {dag.py:3954} INFO - Setting next_dagrun for example_sensors to None, run_after=None
[2024-06-11T23:06:13.630+0000] {processor.py:183} INFO - Processing /home/airflow/.local/lib/python3.12/site-packages/airflow/example_dags/example_sensors.py took 0.067 seconds
[2024-06-11T23:06:43.955+0000] {processor.py:161} INFO - Started process (PID=2657) to work on /home/airflow/.local/lib/python3.12/site-packages/airflow/example_dags/example_sensors.py
[2024-06-11T23:06:43.956+0000] {processor.py:830} INFO - Processing file /home/airflow/.local/lib/python3.12/site-packages/airflow/example_dags/example_sensors.py for tasks to queue
[2024-06-11T23:06:43.958+0000] {logging_mixin.py:188} INFO - [2024-06-11T23:06:43.958+0000] {dagbag.py:545} INFO - Filling up the DagBag from /home/airflow/.local/lib/python3.12/site-packages/airflow/example_dags/example_sensors.py
[2024-06-11T23:06:43.967+0000] {processor.py:840} INFO - DAG(s) 'example_sensors' retrieved from /home/airflow/.local/lib/python3.12/site-packages/airflow/example_dags/example_sensors.py
[2024-06-11T23:06:43.994+0000] {logging_mixin.py:188} INFO - [2024-06-11T23:06:43.994+0000] {dag.py:3096} INFO - Sync 1 DAGs
[2024-06-11T23:06:44.125+0000] {logging_mixin.py:188} INFO - [2024-06-11T23:06:44.120+0000] {dag.py:3954} INFO - Setting next_dagrun for example_sensors to None, run_after=None
[2024-06-11T23:06:44.154+0000] {processor.py:183} INFO - Processing /home/airflow/.local/lib/python3.12/site-packages/airflow/example_dags/example_sensors.py took 0.204 seconds
