[2024-06-11T22:43:51.330+0000] {processor.py:161} INFO - Started process (PID=74) to work on /home/airflow/.local/lib/python3.12/site-packages/airflow/example_dags/example_latest_only.py
[2024-06-11T22:43:51.331+0000] {processor.py:830} INFO - Processing file /home/airflow/.local/lib/python3.12/site-packages/airflow/example_dags/example_latest_only.py for tasks to queue
[2024-06-11T22:43:51.334+0000] {logging_mixin.py:188} INFO - [2024-06-11T22:43:51.333+0000] {dagbag.py:545} INFO - Filling up the DagBag from /home/airflow/.local/lib/python3.12/site-packages/airflow/example_dags/example_latest_only.py
[2024-06-11T22:43:51.339+0000] {processor.py:840} INFO - DAG(s) 'latest_only' retrieved from /home/airflow/.local/lib/python3.12/site-packages/airflow/example_dags/example_latest_only.py
[2024-06-11T22:43:51.349+0000] {logging_mixin.py:188} INFO - [2024-06-11T22:43:51.349+0000] {dag.py:3096} INFO - Sync 1 DAGs
[2024-06-11T22:43:51.368+0000] {logging_mixin.py:188} INFO - [2024-06-11T22:43:51.368+0000] {dag.py:3954} INFO - Setting next_dagrun for latest_only to 2024-06-11 16:00:00+00:00, run_after=2024-06-11 20:00:00+00:00
[2024-06-11T22:43:51.393+0000] {processor.py:183} INFO - Processing /home/airflow/.local/lib/python3.12/site-packages/airflow/example_dags/example_latest_only.py took 0.068 seconds
[2024-06-11T22:44:22.310+0000] {processor.py:161} INFO - Started process (PID=132) to work on /home/airflow/.local/lib/python3.12/site-packages/airflow/example_dags/example_latest_only.py
[2024-06-11T22:44:22.311+0000] {processor.py:830} INFO - Processing file /home/airflow/.local/lib/python3.12/site-packages/airflow/example_dags/example_latest_only.py for tasks to queue
[2024-06-11T22:44:22.312+0000] {logging_mixin.py:188} INFO - [2024-06-11T22:44:22.312+0000] {dagbag.py:545} INFO - Filling up the DagBag from /home/airflow/.local/lib/python3.12/site-packages/airflow/example_dags/example_latest_only.py
[2024-06-11T22:44:22.316+0000] {processor.py:840} INFO - DAG(s) 'latest_only' retrieved from /home/airflow/.local/lib/python3.12/site-packages/airflow/example_dags/example_latest_only.py
[2024-06-11T22:44:22.381+0000] {logging_mixin.py:188} INFO - [2024-06-11T22:44:22.381+0000] {dag.py:3096} INFO - Sync 1 DAGs
[2024-06-11T22:44:22.394+0000] {logging_mixin.py:188} INFO - [2024-06-11T22:44:22.394+0000] {dag.py:3954} INFO - Setting next_dagrun for latest_only to 2024-06-11 16:00:00+00:00, run_after=2024-06-11 20:00:00+00:00
[2024-06-11T22:44:22.409+0000] {processor.py:183} INFO - Processing /home/airflow/.local/lib/python3.12/site-packages/airflow/example_dags/example_latest_only.py took 0.103 seconds
[2024-06-11T22:44:53.060+0000] {processor.py:161} INFO - Started process (PID=190) to work on /home/airflow/.local/lib/python3.12/site-packages/airflow/example_dags/example_latest_only.py
[2024-06-11T22:44:53.061+0000] {processor.py:830} INFO - Processing file /home/airflow/.local/lib/python3.12/site-packages/airflow/example_dags/example_latest_only.py for tasks to queue
[2024-06-11T22:44:53.063+0000] {logging_mixin.py:188} INFO - [2024-06-11T22:44:53.063+0000] {dagbag.py:545} INFO - Filling up the DagBag from /home/airflow/.local/lib/python3.12/site-packages/airflow/example_dags/example_latest_only.py
[2024-06-11T22:44:53.066+0000] {processor.py:840} INFO - DAG(s) 'latest_only' retrieved from /home/airflow/.local/lib/python3.12/site-packages/airflow/example_dags/example_latest_only.py
[2024-06-11T22:44:53.080+0000] {logging_mixin.py:188} INFO - [2024-06-11T22:44:53.079+0000] {dag.py:3096} INFO - Sync 1 DAGs
[2024-06-11T22:44:53.095+0000] {logging_mixin.py:188} INFO - [2024-06-11T22:44:53.095+0000] {dag.py:3954} INFO - Setting next_dagrun for latest_only to 2024-06-11 16:00:00+00:00, run_after=2024-06-11 20:00:00+00:00
[2024-06-11T22:44:53.113+0000] {processor.py:183} INFO - Processing /home/airflow/.local/lib/python3.12/site-packages/airflow/example_dags/example_latest_only.py took 0.057 seconds
[2024-06-11T22:45:23.580+0000] {processor.py:161} INFO - Started process (PID=249) to work on /home/airflow/.local/lib/python3.12/site-packages/airflow/example_dags/example_latest_only.py
[2024-06-11T22:45:23.581+0000] {processor.py:830} INFO - Processing file /home/airflow/.local/lib/python3.12/site-packages/airflow/example_dags/example_latest_only.py for tasks to queue
[2024-06-11T22:45:23.583+0000] {logging_mixin.py:188} INFO - [2024-06-11T22:45:23.583+0000] {dagbag.py:545} INFO - Filling up the DagBag from /home/airflow/.local/lib/python3.12/site-packages/airflow/example_dags/example_latest_only.py
[2024-06-11T22:45:23.592+0000] {processor.py:840} INFO - DAG(s) 'latest_only' retrieved from /home/airflow/.local/lib/python3.12/site-packages/airflow/example_dags/example_latest_only.py
[2024-06-11T22:45:23.612+0000] {logging_mixin.py:188} INFO - [2024-06-11T22:45:23.612+0000] {dag.py:3096} INFO - Sync 1 DAGs
[2024-06-11T22:45:23.632+0000] {logging_mixin.py:188} INFO - [2024-06-11T22:45:23.632+0000] {dag.py:3954} INFO - Setting next_dagrun for latest_only to 2024-06-11 16:00:00+00:00, run_after=2024-06-11 20:00:00+00:00
[2024-06-11T22:45:23.651+0000] {processor.py:183} INFO - Processing /home/airflow/.local/lib/python3.12/site-packages/airflow/example_dags/example_latest_only.py took 0.075 seconds
[2024-06-11T22:45:54.366+0000] {processor.py:161} INFO - Started process (PID=307) to work on /home/airflow/.local/lib/python3.12/site-packages/airflow/example_dags/example_latest_only.py
[2024-06-11T22:45:54.368+0000] {processor.py:830} INFO - Processing file /home/airflow/.local/lib/python3.12/site-packages/airflow/example_dags/example_latest_only.py for tasks to queue
[2024-06-11T22:45:54.370+0000] {logging_mixin.py:188} INFO - [2024-06-11T22:45:54.370+0000] {dagbag.py:545} INFO - Filling up the DagBag from /home/airflow/.local/lib/python3.12/site-packages/airflow/example_dags/example_latest_only.py
[2024-06-11T22:45:54.374+0000] {processor.py:840} INFO - DAG(s) 'latest_only' retrieved from /home/airflow/.local/lib/python3.12/site-packages/airflow/example_dags/example_latest_only.py
[2024-06-11T22:45:54.392+0000] {logging_mixin.py:188} INFO - [2024-06-11T22:45:54.392+0000] {dag.py:3096} INFO - Sync 1 DAGs
[2024-06-11T22:45:54.411+0000] {logging_mixin.py:188} INFO - [2024-06-11T22:45:54.410+0000] {dag.py:3954} INFO - Setting next_dagrun for latest_only to 2024-06-11 16:00:00+00:00, run_after=2024-06-11 20:00:00+00:00
[2024-06-11T22:45:54.429+0000] {processor.py:183} INFO - Processing /home/airflow/.local/lib/python3.12/site-packages/airflow/example_dags/example_latest_only.py took 0.070 seconds
[2024-06-11T22:46:25.345+0000] {processor.py:161} INFO - Started process (PID=365) to work on /home/airflow/.local/lib/python3.12/site-packages/airflow/example_dags/example_latest_only.py
[2024-06-11T22:46:25.346+0000] {processor.py:830} INFO - Processing file /home/airflow/.local/lib/python3.12/site-packages/airflow/example_dags/example_latest_only.py for tasks to queue
[2024-06-11T22:46:25.349+0000] {logging_mixin.py:188} INFO - [2024-06-11T22:46:25.348+0000] {dagbag.py:545} INFO - Filling up the DagBag from /home/airflow/.local/lib/python3.12/site-packages/airflow/example_dags/example_latest_only.py
[2024-06-11T22:46:25.354+0000] {processor.py:840} INFO - DAG(s) 'latest_only' retrieved from /home/airflow/.local/lib/python3.12/site-packages/airflow/example_dags/example_latest_only.py
[2024-06-11T22:46:25.388+0000] {logging_mixin.py:188} INFO - [2024-06-11T22:46:25.388+0000] {dag.py:3096} INFO - Sync 1 DAGs
[2024-06-11T22:46:25.407+0000] {logging_mixin.py:188} INFO - [2024-06-11T22:46:25.407+0000] {dag.py:3954} INFO - Setting next_dagrun for latest_only to 2024-06-11 16:00:00+00:00, run_after=2024-06-11 20:00:00+00:00
[2024-06-11T22:46:25.425+0000] {processor.py:183} INFO - Processing /home/airflow/.local/lib/python3.12/site-packages/airflow/example_dags/example_latest_only.py took 0.086 seconds
[2024-06-11T22:46:55.497+0000] {processor.py:161} INFO - Started process (PID=423) to work on /home/airflow/.local/lib/python3.12/site-packages/airflow/example_dags/example_latest_only.py
[2024-06-11T22:46:55.498+0000] {processor.py:830} INFO - Processing file /home/airflow/.local/lib/python3.12/site-packages/airflow/example_dags/example_latest_only.py for tasks to queue
[2024-06-11T22:46:55.500+0000] {logging_mixin.py:188} INFO - [2024-06-11T22:46:55.500+0000] {dagbag.py:545} INFO - Filling up the DagBag from /home/airflow/.local/lib/python3.12/site-packages/airflow/example_dags/example_latest_only.py
[2024-06-11T22:46:55.504+0000] {processor.py:840} INFO - DAG(s) 'latest_only' retrieved from /home/airflow/.local/lib/python3.12/site-packages/airflow/example_dags/example_latest_only.py
[2024-06-11T22:46:55.521+0000] {logging_mixin.py:188} INFO - [2024-06-11T22:46:55.521+0000] {dag.py:3096} INFO - Sync 1 DAGs
[2024-06-11T22:46:55.541+0000] {logging_mixin.py:188} INFO - [2024-06-11T22:46:55.541+0000] {dag.py:3954} INFO - Setting next_dagrun for latest_only to 2024-06-11 16:00:00+00:00, run_after=2024-06-11 20:00:00+00:00
[2024-06-11T22:46:55.560+0000] {processor.py:183} INFO - Processing /home/airflow/.local/lib/python3.12/site-packages/airflow/example_dags/example_latest_only.py took 0.068 seconds
[2024-06-11T22:47:25.752+0000] {processor.py:161} INFO - Started process (PID=481) to work on /home/airflow/.local/lib/python3.12/site-packages/airflow/example_dags/example_latest_only.py
[2024-06-11T22:47:25.753+0000] {processor.py:830} INFO - Processing file /home/airflow/.local/lib/python3.12/site-packages/airflow/example_dags/example_latest_only.py for tasks to queue
[2024-06-11T22:47:25.755+0000] {logging_mixin.py:188} INFO - [2024-06-11T22:47:25.754+0000] {dagbag.py:545} INFO - Filling up the DagBag from /home/airflow/.local/lib/python3.12/site-packages/airflow/example_dags/example_latest_only.py
[2024-06-11T22:47:25.759+0000] {processor.py:840} INFO - DAG(s) 'latest_only' retrieved from /home/airflow/.local/lib/python3.12/site-packages/airflow/example_dags/example_latest_only.py
[2024-06-11T22:47:25.779+0000] {logging_mixin.py:188} INFO - [2024-06-11T22:47:25.779+0000] {dag.py:3096} INFO - Sync 1 DAGs
[2024-06-11T22:47:25.798+0000] {logging_mixin.py:188} INFO - [2024-06-11T22:47:25.797+0000] {dag.py:3954} INFO - Setting next_dagrun for latest_only to 2024-06-11 16:00:00+00:00, run_after=2024-06-11 20:00:00+00:00
[2024-06-11T22:47:25.816+0000] {processor.py:183} INFO - Processing /home/airflow/.local/lib/python3.12/site-packages/airflow/example_dags/example_latest_only.py took 0.069 seconds
[2024-06-11T22:47:56.105+0000] {processor.py:161} INFO - Started process (PID=539) to work on /home/airflow/.local/lib/python3.12/site-packages/airflow/example_dags/example_latest_only.py
[2024-06-11T22:47:56.106+0000] {processor.py:830} INFO - Processing file /home/airflow/.local/lib/python3.12/site-packages/airflow/example_dags/example_latest_only.py for tasks to queue
[2024-06-11T22:47:56.115+0000] {logging_mixin.py:188} INFO - [2024-06-11T22:47:56.114+0000] {dagbag.py:545} INFO - Filling up the DagBag from /home/airflow/.local/lib/python3.12/site-packages/airflow/example_dags/example_latest_only.py
[2024-06-11T22:47:56.120+0000] {processor.py:840} INFO - DAG(s) 'latest_only' retrieved from /home/airflow/.local/lib/python3.12/site-packages/airflow/example_dags/example_latest_only.py
[2024-06-11T22:47:56.139+0000] {logging_mixin.py:188} INFO - [2024-06-11T22:47:56.138+0000] {dag.py:3096} INFO - Sync 1 DAGs
[2024-06-11T22:47:56.168+0000] {logging_mixin.py:188} INFO - [2024-06-11T22:47:56.168+0000] {dag.py:3954} INFO - Setting next_dagrun for latest_only to 2024-06-11 16:00:00+00:00, run_after=2024-06-11 20:00:00+00:00
[2024-06-11T22:47:56.186+0000] {processor.py:183} INFO - Processing /home/airflow/.local/lib/python3.12/site-packages/airflow/example_dags/example_latest_only.py took 0.088 seconds
[2024-06-11T22:48:29.090+0000] {processor.py:161} INFO - Started process (PID=597) to work on /home/airflow/.local/lib/python3.12/site-packages/airflow/example_dags/example_latest_only.py
[2024-06-11T22:48:29.090+0000] {processor.py:830} INFO - Processing file /home/airflow/.local/lib/python3.12/site-packages/airflow/example_dags/example_latest_only.py for tasks to queue
[2024-06-11T22:48:29.092+0000] {logging_mixin.py:188} INFO - [2024-06-11T22:48:29.092+0000] {dagbag.py:545} INFO - Filling up the DagBag from /home/airflow/.local/lib/python3.12/site-packages/airflow/example_dags/example_latest_only.py
[2024-06-11T22:48:29.100+0000] {processor.py:840} INFO - DAG(s) 'latest_only' retrieved from /home/airflow/.local/lib/python3.12/site-packages/airflow/example_dags/example_latest_only.py
[2024-06-11T22:48:29.202+0000] {logging_mixin.py:188} INFO - [2024-06-11T22:48:29.202+0000] {dag.py:3096} INFO - Sync 1 DAGs
[2024-06-11T22:48:29.235+0000] {logging_mixin.py:188} INFO - [2024-06-11T22:48:29.235+0000] {dag.py:3954} INFO - Setting next_dagrun for latest_only to 2024-06-11 16:00:00+00:00, run_after=2024-06-11 20:00:00+00:00
[2024-06-11T22:48:29.262+0000] {processor.py:183} INFO - Processing /home/airflow/.local/lib/python3.12/site-packages/airflow/example_dags/example_latest_only.py took 0.177 seconds
[2024-06-11T22:48:59.537+0000] {processor.py:161} INFO - Started process (PID=655) to work on /home/airflow/.local/lib/python3.12/site-packages/airflow/example_dags/example_latest_only.py
[2024-06-11T22:48:59.539+0000] {processor.py:830} INFO - Processing file /home/airflow/.local/lib/python3.12/site-packages/airflow/example_dags/example_latest_only.py for tasks to queue
[2024-06-11T22:48:59.540+0000] {logging_mixin.py:188} INFO - [2024-06-11T22:48:59.540+0000] {dagbag.py:545} INFO - Filling up the DagBag from /home/airflow/.local/lib/python3.12/site-packages/airflow/example_dags/example_latest_only.py
[2024-06-11T22:48:59.544+0000] {processor.py:840} INFO - DAG(s) 'latest_only' retrieved from /home/airflow/.local/lib/python3.12/site-packages/airflow/example_dags/example_latest_only.py
[2024-06-11T22:48:59.561+0000] {logging_mixin.py:188} INFO - [2024-06-11T22:48:59.561+0000] {dag.py:3096} INFO - Sync 1 DAGs
[2024-06-11T22:48:59.581+0000] {logging_mixin.py:188} INFO - [2024-06-11T22:48:59.581+0000] {dag.py:3954} INFO - Setting next_dagrun for latest_only to 2024-06-11 16:00:00+00:00, run_after=2024-06-11 20:00:00+00:00
[2024-06-11T22:48:59.600+0000] {processor.py:183} INFO - Processing /home/airflow/.local/lib/python3.12/site-packages/airflow/example_dags/example_latest_only.py took 0.068 seconds
[2024-06-11T22:49:30.601+0000] {processor.py:161} INFO - Started process (PID=713) to work on /home/airflow/.local/lib/python3.12/site-packages/airflow/example_dags/example_latest_only.py
[2024-06-11T22:49:30.602+0000] {processor.py:830} INFO - Processing file /home/airflow/.local/lib/python3.12/site-packages/airflow/example_dags/example_latest_only.py for tasks to queue
[2024-06-11T22:49:30.603+0000] {logging_mixin.py:188} INFO - [2024-06-11T22:49:30.603+0000] {dagbag.py:545} INFO - Filling up the DagBag from /home/airflow/.local/lib/python3.12/site-packages/airflow/example_dags/example_latest_only.py
[2024-06-11T22:49:30.608+0000] {processor.py:840} INFO - DAG(s) 'latest_only' retrieved from /home/airflow/.local/lib/python3.12/site-packages/airflow/example_dags/example_latest_only.py
[2024-06-11T22:49:30.626+0000] {logging_mixin.py:188} INFO - [2024-06-11T22:49:30.626+0000] {dag.py:3096} INFO - Sync 1 DAGs
[2024-06-11T22:49:30.647+0000] {logging_mixin.py:188} INFO - [2024-06-11T22:49:30.647+0000] {dag.py:3954} INFO - Setting next_dagrun for latest_only to 2024-06-11 16:00:00+00:00, run_after=2024-06-11 20:00:00+00:00
[2024-06-11T22:49:30.668+0000] {processor.py:183} INFO - Processing /home/airflow/.local/lib/python3.12/site-packages/airflow/example_dags/example_latest_only.py took 0.072 seconds
[2024-06-11T22:50:00.808+0000] {processor.py:161} INFO - Started process (PID=777) to work on /home/airflow/.local/lib/python3.12/site-packages/airflow/example_dags/example_latest_only.py
[2024-06-11T22:50:00.809+0000] {processor.py:830} INFO - Processing file /home/airflow/.local/lib/python3.12/site-packages/airflow/example_dags/example_latest_only.py for tasks to queue
[2024-06-11T22:50:00.812+0000] {logging_mixin.py:188} INFO - [2024-06-11T22:50:00.811+0000] {dagbag.py:545} INFO - Filling up the DagBag from /home/airflow/.local/lib/python3.12/site-packages/airflow/example_dags/example_latest_only.py
[2024-06-11T22:50:00.817+0000] {processor.py:840} INFO - DAG(s) 'latest_only' retrieved from /home/airflow/.local/lib/python3.12/site-packages/airflow/example_dags/example_latest_only.py
[2024-06-11T22:50:00.838+0000] {logging_mixin.py:188} INFO - [2024-06-11T22:50:00.837+0000] {dag.py:3096} INFO - Sync 1 DAGs
[2024-06-11T22:50:00.867+0000] {logging_mixin.py:188} INFO - [2024-06-11T22:50:00.867+0000] {dag.py:3954} INFO - Setting next_dagrun for latest_only to 2024-06-11 16:00:00+00:00, run_after=2024-06-11 20:00:00+00:00
[2024-06-11T22:50:00.894+0000] {processor.py:183} INFO - Processing /home/airflow/.local/lib/python3.12/site-packages/airflow/example_dags/example_latest_only.py took 0.092 seconds
[2024-06-11T22:50:31.058+0000] {processor.py:161} INFO - Started process (PID=835) to work on /home/airflow/.local/lib/python3.12/site-packages/airflow/example_dags/example_latest_only.py
[2024-06-11T22:50:31.059+0000] {processor.py:830} INFO - Processing file /home/airflow/.local/lib/python3.12/site-packages/airflow/example_dags/example_latest_only.py for tasks to queue
[2024-06-11T22:50:31.061+0000] {logging_mixin.py:188} INFO - [2024-06-11T22:50:31.060+0000] {dagbag.py:545} INFO - Filling up the DagBag from /home/airflow/.local/lib/python3.12/site-packages/airflow/example_dags/example_latest_only.py
[2024-06-11T22:50:31.065+0000] {processor.py:840} INFO - DAG(s) 'latest_only' retrieved from /home/airflow/.local/lib/python3.12/site-packages/airflow/example_dags/example_latest_only.py
[2024-06-11T22:50:31.083+0000] {logging_mixin.py:188} INFO - [2024-06-11T22:50:31.083+0000] {dag.py:3096} INFO - Sync 1 DAGs
[2024-06-11T22:50:31.108+0000] {logging_mixin.py:188} INFO - [2024-06-11T22:50:31.107+0000] {dag.py:3954} INFO - Setting next_dagrun for latest_only to 2024-06-11 16:00:00+00:00, run_after=2024-06-11 20:00:00+00:00
[2024-06-11T22:50:31.126+0000] {processor.py:183} INFO - Processing /home/airflow/.local/lib/python3.12/site-packages/airflow/example_dags/example_latest_only.py took 0.075 seconds
[2024-06-11T22:51:01.708+0000] {processor.py:161} INFO - Started process (PID=893) to work on /home/airflow/.local/lib/python3.12/site-packages/airflow/example_dags/example_latest_only.py
[2024-06-11T22:51:01.709+0000] {processor.py:830} INFO - Processing file /home/airflow/.local/lib/python3.12/site-packages/airflow/example_dags/example_latest_only.py for tasks to queue
[2024-06-11T22:51:01.711+0000] {logging_mixin.py:188} INFO - [2024-06-11T22:51:01.711+0000] {dagbag.py:545} INFO - Filling up the DagBag from /home/airflow/.local/lib/python3.12/site-packages/airflow/example_dags/example_latest_only.py
[2024-06-11T22:51:01.717+0000] {processor.py:840} INFO - DAG(s) 'latest_only' retrieved from /home/airflow/.local/lib/python3.12/site-packages/airflow/example_dags/example_latest_only.py
[2024-06-11T22:51:01.734+0000] {logging_mixin.py:188} INFO - [2024-06-11T22:51:01.734+0000] {dag.py:3096} INFO - Sync 1 DAGs
[2024-06-11T22:51:01.757+0000] {logging_mixin.py:188} INFO - [2024-06-11T22:51:01.757+0000] {dag.py:3954} INFO - Setting next_dagrun for latest_only to 2024-06-11 16:00:00+00:00, run_after=2024-06-11 20:00:00+00:00
[2024-06-11T22:51:01.777+0000] {processor.py:183} INFO - Processing /home/airflow/.local/lib/python3.12/site-packages/airflow/example_dags/example_latest_only.py took 0.075 seconds
[2024-06-11T22:51:32.428+0000] {processor.py:161} INFO - Started process (PID=951) to work on /home/airflow/.local/lib/python3.12/site-packages/airflow/example_dags/example_latest_only.py
[2024-06-11T22:51:32.430+0000] {processor.py:830} INFO - Processing file /home/airflow/.local/lib/python3.12/site-packages/airflow/example_dags/example_latest_only.py for tasks to queue
[2024-06-11T22:51:32.431+0000] {logging_mixin.py:188} INFO - [2024-06-11T22:51:32.431+0000] {dagbag.py:545} INFO - Filling up the DagBag from /home/airflow/.local/lib/python3.12/site-packages/airflow/example_dags/example_latest_only.py
[2024-06-11T22:51:32.435+0000] {processor.py:840} INFO - DAG(s) 'latest_only' retrieved from /home/airflow/.local/lib/python3.12/site-packages/airflow/example_dags/example_latest_only.py
[2024-06-11T22:51:32.453+0000] {logging_mixin.py:188} INFO - [2024-06-11T22:51:32.453+0000] {dag.py:3096} INFO - Sync 1 DAGs
[2024-06-11T22:51:32.471+0000] {logging_mixin.py:188} INFO - [2024-06-11T22:51:32.471+0000] {dag.py:3954} INFO - Setting next_dagrun for latest_only to 2024-06-11 16:00:00+00:00, run_after=2024-06-11 20:00:00+00:00
[2024-06-11T22:51:32.595+0000] {processor.py:183} INFO - Processing /home/airflow/.local/lib/python3.12/site-packages/airflow/example_dags/example_latest_only.py took 0.171 seconds
[2024-06-11T22:52:03.967+0000] {processor.py:161} INFO - Started process (PID=1009) to work on /home/airflow/.local/lib/python3.12/site-packages/airflow/example_dags/example_latest_only.py
[2024-06-11T22:52:03.969+0000] {processor.py:830} INFO - Processing file /home/airflow/.local/lib/python3.12/site-packages/airflow/example_dags/example_latest_only.py for tasks to queue
[2024-06-11T22:52:03.974+0000] {logging_mixin.py:188} INFO - [2024-06-11T22:52:03.974+0000] {dagbag.py:545} INFO - Filling up the DagBag from /home/airflow/.local/lib/python3.12/site-packages/airflow/example_dags/example_latest_only.py
[2024-06-11T22:52:03.987+0000] {processor.py:840} INFO - DAG(s) 'latest_only' retrieved from /home/airflow/.local/lib/python3.12/site-packages/airflow/example_dags/example_latest_only.py
[2024-06-11T22:52:04.021+0000] {logging_mixin.py:188} INFO - [2024-06-11T22:52:04.021+0000] {dag.py:3096} INFO - Sync 1 DAGs
[2024-06-11T22:52:04.054+0000] {logging_mixin.py:188} INFO - [2024-06-11T22:52:04.054+0000] {dag.py:3954} INFO - Setting next_dagrun for latest_only to 2024-06-11 16:00:00+00:00, run_after=2024-06-11 20:00:00+00:00
[2024-06-11T22:52:04.074+0000] {processor.py:183} INFO - Processing /home/airflow/.local/lib/python3.12/site-packages/airflow/example_dags/example_latest_only.py took 0.123 seconds
[2024-06-11T22:52:34.349+0000] {processor.py:161} INFO - Started process (PID=1067) to work on /home/airflow/.local/lib/python3.12/site-packages/airflow/example_dags/example_latest_only.py
[2024-06-11T22:52:34.350+0000] {processor.py:830} INFO - Processing file /home/airflow/.local/lib/python3.12/site-packages/airflow/example_dags/example_latest_only.py for tasks to queue
[2024-06-11T22:52:34.352+0000] {logging_mixin.py:188} INFO - [2024-06-11T22:52:34.352+0000] {dagbag.py:545} INFO - Filling up the DagBag from /home/airflow/.local/lib/python3.12/site-packages/airflow/example_dags/example_latest_only.py
[2024-06-11T22:52:34.357+0000] {processor.py:840} INFO - DAG(s) 'latest_only' retrieved from /home/airflow/.local/lib/python3.12/site-packages/airflow/example_dags/example_latest_only.py
[2024-06-11T22:52:34.378+0000] {logging_mixin.py:188} INFO - [2024-06-11T22:52:34.378+0000] {dag.py:3096} INFO - Sync 1 DAGs
[2024-06-11T22:52:34.401+0000] {logging_mixin.py:188} INFO - [2024-06-11T22:52:34.401+0000] {dag.py:3954} INFO - Setting next_dagrun for latest_only to 2024-06-11 16:00:00+00:00, run_after=2024-06-11 20:00:00+00:00
[2024-06-11T22:52:34.417+0000] {processor.py:183} INFO - Processing /home/airflow/.local/lib/python3.12/site-packages/airflow/example_dags/example_latest_only.py took 0.074 seconds
[2024-06-11T22:53:06.399+0000] {processor.py:161} INFO - Started process (PID=1125) to work on /home/airflow/.local/lib/python3.12/site-packages/airflow/example_dags/example_latest_only.py
[2024-06-11T22:53:06.401+0000] {processor.py:830} INFO - Processing file /home/airflow/.local/lib/python3.12/site-packages/airflow/example_dags/example_latest_only.py for tasks to queue
[2024-06-11T22:53:06.403+0000] {logging_mixin.py:188} INFO - [2024-06-11T22:53:06.403+0000] {dagbag.py:545} INFO - Filling up the DagBag from /home/airflow/.local/lib/python3.12/site-packages/airflow/example_dags/example_latest_only.py
[2024-06-11T22:53:06.408+0000] {processor.py:840} INFO - DAG(s) 'latest_only' retrieved from /home/airflow/.local/lib/python3.12/site-packages/airflow/example_dags/example_latest_only.py
[2024-06-11T22:53:06.426+0000] {logging_mixin.py:188} INFO - [2024-06-11T22:53:06.426+0000] {dag.py:3096} INFO - Sync 1 DAGs
[2024-06-11T22:53:06.445+0000] {logging_mixin.py:188} INFO - [2024-06-11T22:53:06.445+0000] {dag.py:3954} INFO - Setting next_dagrun for latest_only to 2024-06-11 16:00:00+00:00, run_after=2024-06-11 20:00:00+00:00
[2024-06-11T22:53:06.461+0000] {processor.py:183} INFO - Processing /home/airflow/.local/lib/python3.12/site-packages/airflow/example_dags/example_latest_only.py took 0.074 seconds
[2024-06-11T22:53:36.873+0000] {processor.py:161} INFO - Started process (PID=1183) to work on /home/airflow/.local/lib/python3.12/site-packages/airflow/example_dags/example_latest_only.py
[2024-06-11T22:53:36.874+0000] {processor.py:830} INFO - Processing file /home/airflow/.local/lib/python3.12/site-packages/airflow/example_dags/example_latest_only.py for tasks to queue
[2024-06-11T22:53:36.876+0000] {logging_mixin.py:188} INFO - [2024-06-11T22:53:36.875+0000] {dagbag.py:545} INFO - Filling up the DagBag from /home/airflow/.local/lib/python3.12/site-packages/airflow/example_dags/example_latest_only.py
[2024-06-11T22:53:36.880+0000] {processor.py:840} INFO - DAG(s) 'latest_only' retrieved from /home/airflow/.local/lib/python3.12/site-packages/airflow/example_dags/example_latest_only.py
[2024-06-11T22:53:36.895+0000] {logging_mixin.py:188} INFO - [2024-06-11T22:53:36.894+0000] {dag.py:3096} INFO - Sync 1 DAGs
[2024-06-11T22:53:36.912+0000] {logging_mixin.py:188} INFO - [2024-06-11T22:53:36.912+0000] {dag.py:3954} INFO - Setting next_dagrun for latest_only to 2024-06-11 16:00:00+00:00, run_after=2024-06-11 20:00:00+00:00
[2024-06-11T22:53:36.935+0000] {processor.py:183} INFO - Processing /home/airflow/.local/lib/python3.12/site-packages/airflow/example_dags/example_latest_only.py took 0.066 seconds
[2024-06-11T22:54:07.088+0000] {processor.py:161} INFO - Started process (PID=1241) to work on /home/airflow/.local/lib/python3.12/site-packages/airflow/example_dags/example_latest_only.py
[2024-06-11T22:54:07.089+0000] {processor.py:830} INFO - Processing file /home/airflow/.local/lib/python3.12/site-packages/airflow/example_dags/example_latest_only.py for tasks to queue
[2024-06-11T22:54:07.090+0000] {logging_mixin.py:188} INFO - [2024-06-11T22:54:07.090+0000] {dagbag.py:545} INFO - Filling up the DagBag from /home/airflow/.local/lib/python3.12/site-packages/airflow/example_dags/example_latest_only.py
[2024-06-11T22:54:07.094+0000] {processor.py:840} INFO - DAG(s) 'latest_only' retrieved from /home/airflow/.local/lib/python3.12/site-packages/airflow/example_dags/example_latest_only.py
[2024-06-11T22:54:07.112+0000] {logging_mixin.py:188} INFO - [2024-06-11T22:54:07.112+0000] {dag.py:3096} INFO - Sync 1 DAGs
[2024-06-11T22:54:07.129+0000] {logging_mixin.py:188} INFO - [2024-06-11T22:54:07.128+0000] {dag.py:3954} INFO - Setting next_dagrun for latest_only to 2024-06-11 16:00:00+00:00, run_after=2024-06-11 20:00:00+00:00
[2024-06-11T22:54:07.148+0000] {processor.py:183} INFO - Processing /home/airflow/.local/lib/python3.12/site-packages/airflow/example_dags/example_latest_only.py took 0.065 seconds
[2024-06-11T22:54:37.599+0000] {processor.py:161} INFO - Started process (PID=1299) to work on /home/airflow/.local/lib/python3.12/site-packages/airflow/example_dags/example_latest_only.py
[2024-06-11T22:54:37.600+0000] {processor.py:830} INFO - Processing file /home/airflow/.local/lib/python3.12/site-packages/airflow/example_dags/example_latest_only.py for tasks to queue
[2024-06-11T22:54:37.602+0000] {logging_mixin.py:188} INFO - [2024-06-11T22:54:37.602+0000] {dagbag.py:545} INFO - Filling up the DagBag from /home/airflow/.local/lib/python3.12/site-packages/airflow/example_dags/example_latest_only.py
[2024-06-11T22:54:37.606+0000] {processor.py:840} INFO - DAG(s) 'latest_only' retrieved from /home/airflow/.local/lib/python3.12/site-packages/airflow/example_dags/example_latest_only.py
[2024-06-11T22:54:37.634+0000] {logging_mixin.py:188} INFO - [2024-06-11T22:54:37.634+0000] {dag.py:3096} INFO - Sync 1 DAGs
[2024-06-11T22:54:37.665+0000] {logging_mixin.py:188} INFO - [2024-06-11T22:54:37.665+0000] {dag.py:3954} INFO - Setting next_dagrun for latest_only to 2024-06-11 16:00:00+00:00, run_after=2024-06-11 20:00:00+00:00
[2024-06-11T22:54:37.689+0000] {processor.py:183} INFO - Processing /home/airflow/.local/lib/python3.12/site-packages/airflow/example_dags/example_latest_only.py took 0.098 seconds
[2024-06-11T22:55:07.998+0000] {processor.py:161} INFO - Started process (PID=1357) to work on /home/airflow/.local/lib/python3.12/site-packages/airflow/example_dags/example_latest_only.py
[2024-06-11T22:55:07.999+0000] {processor.py:830} INFO - Processing file /home/airflow/.local/lib/python3.12/site-packages/airflow/example_dags/example_latest_only.py for tasks to queue
[2024-06-11T22:55:08.002+0000] {logging_mixin.py:188} INFO - [2024-06-11T22:55:08.001+0000] {dagbag.py:545} INFO - Filling up the DagBag from /home/airflow/.local/lib/python3.12/site-packages/airflow/example_dags/example_latest_only.py
[2024-06-11T22:55:08.007+0000] {processor.py:840} INFO - DAG(s) 'latest_only' retrieved from /home/airflow/.local/lib/python3.12/site-packages/airflow/example_dags/example_latest_only.py
[2024-06-11T22:55:08.025+0000] {logging_mixin.py:188} INFO - [2024-06-11T22:55:08.024+0000] {dag.py:3096} INFO - Sync 1 DAGs
[2024-06-11T22:55:08.046+0000] {logging_mixin.py:188} INFO - [2024-06-11T22:55:08.045+0000] {dag.py:3954} INFO - Setting next_dagrun for latest_only to 2024-06-11 16:00:00+00:00, run_after=2024-06-11 20:00:00+00:00
[2024-06-11T22:55:08.067+0000] {processor.py:183} INFO - Processing /home/airflow/.local/lib/python3.12/site-packages/airflow/example_dags/example_latest_only.py took 0.074 seconds
[2024-06-11T22:55:38.919+0000] {processor.py:161} INFO - Started process (PID=1415) to work on /home/airflow/.local/lib/python3.12/site-packages/airflow/example_dags/example_latest_only.py
[2024-06-11T22:55:38.920+0000] {processor.py:830} INFO - Processing file /home/airflow/.local/lib/python3.12/site-packages/airflow/example_dags/example_latest_only.py for tasks to queue
[2024-06-11T22:55:38.922+0000] {logging_mixin.py:188} INFO - [2024-06-11T22:55:38.922+0000] {dagbag.py:545} INFO - Filling up the DagBag from /home/airflow/.local/lib/python3.12/site-packages/airflow/example_dags/example_latest_only.py
[2024-06-11T22:55:38.927+0000] {processor.py:840} INFO - DAG(s) 'latest_only' retrieved from /home/airflow/.local/lib/python3.12/site-packages/airflow/example_dags/example_latest_only.py
[2024-06-11T22:55:38.958+0000] {logging_mixin.py:188} INFO - [2024-06-11T22:55:38.958+0000] {dag.py:3096} INFO - Sync 1 DAGs
[2024-06-11T22:55:38.987+0000] {logging_mixin.py:188} INFO - [2024-06-11T22:55:38.987+0000] {dag.py:3954} INFO - Setting next_dagrun for latest_only to 2024-06-11 16:00:00+00:00, run_after=2024-06-11 20:00:00+00:00
[2024-06-11T22:55:39.005+0000] {processor.py:183} INFO - Processing /home/airflow/.local/lib/python3.12/site-packages/airflow/example_dags/example_latest_only.py took 0.091 seconds
[2024-06-11T22:56:09.181+0000] {processor.py:161} INFO - Started process (PID=1472) to work on /home/airflow/.local/lib/python3.12/site-packages/airflow/example_dags/example_latest_only.py
[2024-06-11T22:56:09.182+0000] {processor.py:830} INFO - Processing file /home/airflow/.local/lib/python3.12/site-packages/airflow/example_dags/example_latest_only.py for tasks to queue
[2024-06-11T22:56:09.183+0000] {logging_mixin.py:188} INFO - [2024-06-11T22:56:09.183+0000] {dagbag.py:545} INFO - Filling up the DagBag from /home/airflow/.local/lib/python3.12/site-packages/airflow/example_dags/example_latest_only.py
[2024-06-11T22:56:09.187+0000] {processor.py:840} INFO - DAG(s) 'latest_only' retrieved from /home/airflow/.local/lib/python3.12/site-packages/airflow/example_dags/example_latest_only.py
[2024-06-11T22:56:09.201+0000] {logging_mixin.py:188} INFO - [2024-06-11T22:56:09.201+0000] {dag.py:3096} INFO - Sync 1 DAGs
[2024-06-11T22:56:09.218+0000] {logging_mixin.py:188} INFO - [2024-06-11T22:56:09.218+0000] {dag.py:3954} INFO - Setting next_dagrun for latest_only to 2024-06-11 16:00:00+00:00, run_after=2024-06-11 20:00:00+00:00
[2024-06-11T22:56:09.232+0000] {processor.py:183} INFO - Processing /home/airflow/.local/lib/python3.12/site-packages/airflow/example_dags/example_latest_only.py took 0.055 seconds
[2024-06-11T22:56:39.734+0000] {processor.py:161} INFO - Started process (PID=1530) to work on /home/airflow/.local/lib/python3.12/site-packages/airflow/example_dags/example_latest_only.py
[2024-06-11T22:56:39.736+0000] {processor.py:830} INFO - Processing file /home/airflow/.local/lib/python3.12/site-packages/airflow/example_dags/example_latest_only.py for tasks to queue
[2024-06-11T22:56:39.738+0000] {logging_mixin.py:188} INFO - [2024-06-11T22:56:39.737+0000] {dagbag.py:545} INFO - Filling up the DagBag from /home/airflow/.local/lib/python3.12/site-packages/airflow/example_dags/example_latest_only.py
[2024-06-11T22:56:39.741+0000] {processor.py:840} INFO - DAG(s) 'latest_only' retrieved from /home/airflow/.local/lib/python3.12/site-packages/airflow/example_dags/example_latest_only.py
[2024-06-11T22:56:39.755+0000] {logging_mixin.py:188} INFO - [2024-06-11T22:56:39.754+0000] {dag.py:3096} INFO - Sync 1 DAGs
[2024-06-11T22:56:39.770+0000] {logging_mixin.py:188} INFO - [2024-06-11T22:56:39.770+0000] {dag.py:3954} INFO - Setting next_dagrun for latest_only to 2024-06-11 16:00:00+00:00, run_after=2024-06-11 20:00:00+00:00
[2024-06-11T22:56:39.785+0000] {processor.py:183} INFO - Processing /home/airflow/.local/lib/python3.12/site-packages/airflow/example_dags/example_latest_only.py took 0.056 seconds
[2024-06-11T22:57:10.132+0000] {processor.py:161} INFO - Started process (PID=1588) to work on /home/airflow/.local/lib/python3.12/site-packages/airflow/example_dags/example_latest_only.py
[2024-06-11T22:57:10.133+0000] {processor.py:830} INFO - Processing file /home/airflow/.local/lib/python3.12/site-packages/airflow/example_dags/example_latest_only.py for tasks to queue
[2024-06-11T22:57:10.135+0000] {logging_mixin.py:188} INFO - [2024-06-11T22:57:10.135+0000] {dagbag.py:545} INFO - Filling up the DagBag from /home/airflow/.local/lib/python3.12/site-packages/airflow/example_dags/example_latest_only.py
[2024-06-11T22:57:10.139+0000] {processor.py:840} INFO - DAG(s) 'latest_only' retrieved from /home/airflow/.local/lib/python3.12/site-packages/airflow/example_dags/example_latest_only.py
[2024-06-11T22:57:10.155+0000] {logging_mixin.py:188} INFO - [2024-06-11T22:57:10.155+0000] {dag.py:3096} INFO - Sync 1 DAGs
[2024-06-11T22:57:10.174+0000] {logging_mixin.py:188} INFO - [2024-06-11T22:57:10.174+0000] {dag.py:3954} INFO - Setting next_dagrun for latest_only to 2024-06-11 16:00:00+00:00, run_after=2024-06-11 20:00:00+00:00
[2024-06-11T22:57:10.190+0000] {processor.py:183} INFO - Processing /home/airflow/.local/lib/python3.12/site-packages/airflow/example_dags/example_latest_only.py took 0.063 seconds
[2024-06-11T22:57:41.236+0000] {processor.py:161} INFO - Started process (PID=1645) to work on /home/airflow/.local/lib/python3.12/site-packages/airflow/example_dags/example_latest_only.py
[2024-06-11T22:57:41.237+0000] {processor.py:830} INFO - Processing file /home/airflow/.local/lib/python3.12/site-packages/airflow/example_dags/example_latest_only.py for tasks to queue
[2024-06-11T22:57:41.239+0000] {logging_mixin.py:188} INFO - [2024-06-11T22:57:41.239+0000] {dagbag.py:545} INFO - Filling up the DagBag from /home/airflow/.local/lib/python3.12/site-packages/airflow/example_dags/example_latest_only.py
[2024-06-11T22:57:41.244+0000] {processor.py:840} INFO - DAG(s) 'latest_only' retrieved from /home/airflow/.local/lib/python3.12/site-packages/airflow/example_dags/example_latest_only.py
[2024-06-11T22:57:41.263+0000] {logging_mixin.py:188} INFO - [2024-06-11T22:57:41.262+0000] {dag.py:3096} INFO - Sync 1 DAGs
[2024-06-11T22:57:41.283+0000] {logging_mixin.py:188} INFO - [2024-06-11T22:57:41.283+0000] {dag.py:3954} INFO - Setting next_dagrun for latest_only to 2024-06-11 16:00:00+00:00, run_after=2024-06-11 20:00:00+00:00
[2024-06-11T22:57:41.303+0000] {processor.py:183} INFO - Processing /home/airflow/.local/lib/python3.12/site-packages/airflow/example_dags/example_latest_only.py took 0.072 seconds
[2024-06-11T22:58:14.690+0000] {processor.py:161} INFO - Started process (PID=1703) to work on /home/airflow/.local/lib/python3.12/site-packages/airflow/example_dags/example_latest_only.py
[2024-06-11T22:58:14.691+0000] {processor.py:830} INFO - Processing file /home/airflow/.local/lib/python3.12/site-packages/airflow/example_dags/example_latest_only.py for tasks to queue
[2024-06-11T22:58:14.693+0000] {logging_mixin.py:188} INFO - [2024-06-11T22:58:14.693+0000] {dagbag.py:545} INFO - Filling up the DagBag from /home/airflow/.local/lib/python3.12/site-packages/airflow/example_dags/example_latest_only.py
[2024-06-11T22:58:14.699+0000] {processor.py:840} INFO - DAG(s) 'latest_only' retrieved from /home/airflow/.local/lib/python3.12/site-packages/airflow/example_dags/example_latest_only.py
[2024-06-11T22:58:14.721+0000] {logging_mixin.py:188} INFO - [2024-06-11T22:58:14.720+0000] {dag.py:3096} INFO - Sync 1 DAGs
[2024-06-11T22:58:14.754+0000] {logging_mixin.py:188} INFO - [2024-06-11T22:58:14.753+0000] {dag.py:3954} INFO - Setting next_dagrun for latest_only to 2024-06-11 16:00:00+00:00, run_after=2024-06-11 20:00:00+00:00
[2024-06-11T22:58:14.787+0000] {processor.py:183} INFO - Processing /home/airflow/.local/lib/python3.12/site-packages/airflow/example_dags/example_latest_only.py took 0.104 seconds
[2024-06-11T22:58:45.417+0000] {processor.py:161} INFO - Started process (PID=1761) to work on /home/airflow/.local/lib/python3.12/site-packages/airflow/example_dags/example_latest_only.py
[2024-06-11T22:58:45.418+0000] {processor.py:830} INFO - Processing file /home/airflow/.local/lib/python3.12/site-packages/airflow/example_dags/example_latest_only.py for tasks to queue
[2024-06-11T22:58:45.421+0000] {logging_mixin.py:188} INFO - [2024-06-11T22:58:45.420+0000] {dagbag.py:545} INFO - Filling up the DagBag from /home/airflow/.local/lib/python3.12/site-packages/airflow/example_dags/example_latest_only.py
[2024-06-11T22:58:45.425+0000] {processor.py:840} INFO - DAG(s) 'latest_only' retrieved from /home/airflow/.local/lib/python3.12/site-packages/airflow/example_dags/example_latest_only.py
[2024-06-11T22:58:45.444+0000] {logging_mixin.py:188} INFO - [2024-06-11T22:58:45.444+0000] {dag.py:3096} INFO - Sync 1 DAGs
[2024-06-11T22:58:45.463+0000] {logging_mixin.py:188} INFO - [2024-06-11T22:58:45.463+0000] {dag.py:3954} INFO - Setting next_dagrun for latest_only to 2024-06-11 16:00:00+00:00, run_after=2024-06-11 20:00:00+00:00
[2024-06-11T22:58:45.486+0000] {processor.py:183} INFO - Processing /home/airflow/.local/lib/python3.12/site-packages/airflow/example_dags/example_latest_only.py took 0.074 seconds
[2024-06-11T22:59:16.231+0000] {processor.py:161} INFO - Started process (PID=1819) to work on /home/airflow/.local/lib/python3.12/site-packages/airflow/example_dags/example_latest_only.py
[2024-06-11T22:59:16.232+0000] {processor.py:830} INFO - Processing file /home/airflow/.local/lib/python3.12/site-packages/airflow/example_dags/example_latest_only.py for tasks to queue
[2024-06-11T22:59:16.233+0000] {logging_mixin.py:188} INFO - [2024-06-11T22:59:16.233+0000] {dagbag.py:545} INFO - Filling up the DagBag from /home/airflow/.local/lib/python3.12/site-packages/airflow/example_dags/example_latest_only.py
[2024-06-11T22:59:16.237+0000] {processor.py:840} INFO - DAG(s) 'latest_only' retrieved from /home/airflow/.local/lib/python3.12/site-packages/airflow/example_dags/example_latest_only.py
[2024-06-11T22:59:16.253+0000] {logging_mixin.py:188} INFO - [2024-06-11T22:59:16.253+0000] {dag.py:3096} INFO - Sync 1 DAGs
[2024-06-11T22:59:16.268+0000] {logging_mixin.py:188} INFO - [2024-06-11T22:59:16.268+0000] {dag.py:3954} INFO - Setting next_dagrun for latest_only to 2024-06-11 16:00:00+00:00, run_after=2024-06-11 20:00:00+00:00
[2024-06-11T22:59:16.282+0000] {processor.py:183} INFO - Processing /home/airflow/.local/lib/python3.12/site-packages/airflow/example_dags/example_latest_only.py took 0.057 seconds
[2024-06-11T22:59:46.848+0000] {processor.py:161} INFO - Started process (PID=1877) to work on /home/airflow/.local/lib/python3.12/site-packages/airflow/example_dags/example_latest_only.py
[2024-06-11T22:59:46.849+0000] {processor.py:830} INFO - Processing file /home/airflow/.local/lib/python3.12/site-packages/airflow/example_dags/example_latest_only.py for tasks to queue
[2024-06-11T22:59:46.851+0000] {logging_mixin.py:188} INFO - [2024-06-11T22:59:46.850+0000] {dagbag.py:545} INFO - Filling up the DagBag from /home/airflow/.local/lib/python3.12/site-packages/airflow/example_dags/example_latest_only.py
[2024-06-11T22:59:46.855+0000] {processor.py:840} INFO - DAG(s) 'latest_only' retrieved from /home/airflow/.local/lib/python3.12/site-packages/airflow/example_dags/example_latest_only.py
[2024-06-11T22:59:46.869+0000] {logging_mixin.py:188} INFO - [2024-06-11T22:59:46.869+0000] {dag.py:3096} INFO - Sync 1 DAGs
[2024-06-11T22:59:46.886+0000] {logging_mixin.py:188} INFO - [2024-06-11T22:59:46.886+0000] {dag.py:3954} INFO - Setting next_dagrun for latest_only to 2024-06-11 16:00:00+00:00, run_after=2024-06-11 20:00:00+00:00
[2024-06-11T22:59:46.902+0000] {processor.py:183} INFO - Processing /home/airflow/.local/lib/python3.12/site-packages/airflow/example_dags/example_latest_only.py took 0.058 seconds
[2024-06-11T23:00:17.800+0000] {processor.py:161} INFO - Started process (PID=1936) to work on /home/airflow/.local/lib/python3.12/site-packages/airflow/example_dags/example_latest_only.py
[2024-06-11T23:00:17.801+0000] {processor.py:830} INFO - Processing file /home/airflow/.local/lib/python3.12/site-packages/airflow/example_dags/example_latest_only.py for tasks to queue
[2024-06-11T23:00:17.803+0000] {logging_mixin.py:188} INFO - [2024-06-11T23:00:17.803+0000] {dagbag.py:545} INFO - Filling up the DagBag from /home/airflow/.local/lib/python3.12/site-packages/airflow/example_dags/example_latest_only.py
[2024-06-11T23:00:17.807+0000] {processor.py:840} INFO - DAG(s) 'latest_only' retrieved from /home/airflow/.local/lib/python3.12/site-packages/airflow/example_dags/example_latest_only.py
[2024-06-11T23:00:17.821+0000] {logging_mixin.py:188} INFO - [2024-06-11T23:00:17.821+0000] {dag.py:3096} INFO - Sync 1 DAGs
[2024-06-11T23:00:17.838+0000] {logging_mixin.py:188} INFO - [2024-06-11T23:00:17.837+0000] {dag.py:3954} INFO - Setting next_dagrun for latest_only to 2024-06-11 16:00:00+00:00, run_after=2024-06-11 20:00:00+00:00
[2024-06-11T23:00:17.851+0000] {processor.py:183} INFO - Processing /home/airflow/.local/lib/python3.12/site-packages/airflow/example_dags/example_latest_only.py took 0.054 seconds
[2024-06-11T23:00:49.415+0000] {processor.py:161} INFO - Started process (PID=1994) to work on /home/airflow/.local/lib/python3.12/site-packages/airflow/example_dags/example_latest_only.py
[2024-06-11T23:00:49.416+0000] {processor.py:830} INFO - Processing file /home/airflow/.local/lib/python3.12/site-packages/airflow/example_dags/example_latest_only.py for tasks to queue
[2024-06-11T23:00:49.418+0000] {logging_mixin.py:188} INFO - [2024-06-11T23:00:49.418+0000] {dagbag.py:545} INFO - Filling up the DagBag from /home/airflow/.local/lib/python3.12/site-packages/airflow/example_dags/example_latest_only.py
[2024-06-11T23:00:49.424+0000] {processor.py:840} INFO - DAG(s) 'latest_only' retrieved from /home/airflow/.local/lib/python3.12/site-packages/airflow/example_dags/example_latest_only.py
[2024-06-11T23:00:49.581+0000] {logging_mixin.py:188} INFO - [2024-06-11T23:00:49.580+0000] {dag.py:3096} INFO - Sync 1 DAGs
[2024-06-11T23:00:49.607+0000] {logging_mixin.py:188} INFO - [2024-06-11T23:00:49.607+0000] {dag.py:3954} INFO - Setting next_dagrun for latest_only to 2024-06-11 16:00:00+00:00, run_after=2024-06-11 20:00:00+00:00
[2024-06-11T23:00:49.630+0000] {processor.py:183} INFO - Processing /home/airflow/.local/lib/python3.12/site-packages/airflow/example_dags/example_latest_only.py took 0.220 seconds
[2024-06-11T23:01:20.530+0000] {processor.py:161} INFO - Started process (PID=2052) to work on /home/airflow/.local/lib/python3.12/site-packages/airflow/example_dags/example_latest_only.py
[2024-06-11T23:01:20.532+0000] {processor.py:830} INFO - Processing file /home/airflow/.local/lib/python3.12/site-packages/airflow/example_dags/example_latest_only.py for tasks to queue
[2024-06-11T23:01:20.537+0000] {logging_mixin.py:188} INFO - [2024-06-11T23:01:20.536+0000] {dagbag.py:545} INFO - Filling up the DagBag from /home/airflow/.local/lib/python3.12/site-packages/airflow/example_dags/example_latest_only.py
[2024-06-11T23:01:20.541+0000] {processor.py:840} INFO - DAG(s) 'latest_only' retrieved from /home/airflow/.local/lib/python3.12/site-packages/airflow/example_dags/example_latest_only.py
[2024-06-11T23:01:20.562+0000] {logging_mixin.py:188} INFO - [2024-06-11T23:01:20.561+0000] {dag.py:3096} INFO - Sync 1 DAGs
[2024-06-11T23:01:20.584+0000] {logging_mixin.py:188} INFO - [2024-06-11T23:01:20.584+0000] {dag.py:3954} INFO - Setting next_dagrun for latest_only to 2024-06-11 16:00:00+00:00, run_after=2024-06-11 20:00:00+00:00
[2024-06-11T23:01:20.603+0000] {processor.py:183} INFO - Processing /home/airflow/.local/lib/python3.12/site-packages/airflow/example_dags/example_latest_only.py took 0.080 seconds
[2024-06-11T23:01:50.631+0000] {processor.py:161} INFO - Started process (PID=2110) to work on /home/airflow/.local/lib/python3.12/site-packages/airflow/example_dags/example_latest_only.py
[2024-06-11T23:01:50.632+0000] {processor.py:830} INFO - Processing file /home/airflow/.local/lib/python3.12/site-packages/airflow/example_dags/example_latest_only.py for tasks to queue
[2024-06-11T23:01:50.634+0000] {logging_mixin.py:188} INFO - [2024-06-11T23:01:50.634+0000] {dagbag.py:545} INFO - Filling up the DagBag from /home/airflow/.local/lib/python3.12/site-packages/airflow/example_dags/example_latest_only.py
[2024-06-11T23:01:50.638+0000] {processor.py:840} INFO - DAG(s) 'latest_only' retrieved from /home/airflow/.local/lib/python3.12/site-packages/airflow/example_dags/example_latest_only.py
[2024-06-11T23:01:50.656+0000] {logging_mixin.py:188} INFO - [2024-06-11T23:01:50.656+0000] {dag.py:3096} INFO - Sync 1 DAGs
[2024-06-11T23:01:50.677+0000] {logging_mixin.py:188} INFO - [2024-06-11T23:01:50.677+0000] {dag.py:3954} INFO - Setting next_dagrun for latest_only to 2024-06-11 16:00:00+00:00, run_after=2024-06-11 20:00:00+00:00
[2024-06-11T23:01:50.697+0000] {processor.py:183} INFO - Processing /home/airflow/.local/lib/python3.12/site-packages/airflow/example_dags/example_latest_only.py took 0.071 seconds
[2024-06-11T23:02:20.818+0000] {processor.py:161} INFO - Started process (PID=2168) to work on /home/airflow/.local/lib/python3.12/site-packages/airflow/example_dags/example_latest_only.py
[2024-06-11T23:02:20.819+0000] {processor.py:830} INFO - Processing file /home/airflow/.local/lib/python3.12/site-packages/airflow/example_dags/example_latest_only.py for tasks to queue
[2024-06-11T23:02:20.821+0000] {logging_mixin.py:188} INFO - [2024-06-11T23:02:20.820+0000] {dagbag.py:545} INFO - Filling up the DagBag from /home/airflow/.local/lib/python3.12/site-packages/airflow/example_dags/example_latest_only.py
[2024-06-11T23:02:20.825+0000] {processor.py:840} INFO - DAG(s) 'latest_only' retrieved from /home/airflow/.local/lib/python3.12/site-packages/airflow/example_dags/example_latest_only.py
[2024-06-11T23:02:20.843+0000] {logging_mixin.py:188} INFO - [2024-06-11T23:02:20.843+0000] {dag.py:3096} INFO - Sync 1 DAGs
[2024-06-11T23:02:20.862+0000] {logging_mixin.py:188} INFO - [2024-06-11T23:02:20.862+0000] {dag.py:3954} INFO - Setting next_dagrun for latest_only to 2024-06-11 16:00:00+00:00, run_after=2024-06-11 20:00:00+00:00
[2024-06-11T23:02:20.881+0000] {processor.py:183} INFO - Processing /home/airflow/.local/lib/python3.12/site-packages/airflow/example_dags/example_latest_only.py took 0.068 seconds
[2024-06-11T23:02:51.130+0000] {processor.py:161} INFO - Started process (PID=2226) to work on /home/airflow/.local/lib/python3.12/site-packages/airflow/example_dags/example_latest_only.py
[2024-06-11T23:02:51.132+0000] {processor.py:830} INFO - Processing file /home/airflow/.local/lib/python3.12/site-packages/airflow/example_dags/example_latest_only.py for tasks to queue
[2024-06-11T23:02:51.133+0000] {logging_mixin.py:188} INFO - [2024-06-11T23:02:51.133+0000] {dagbag.py:545} INFO - Filling up the DagBag from /home/airflow/.local/lib/python3.12/site-packages/airflow/example_dags/example_latest_only.py
[2024-06-11T23:02:51.138+0000] {processor.py:840} INFO - DAG(s) 'latest_only' retrieved from /home/airflow/.local/lib/python3.12/site-packages/airflow/example_dags/example_latest_only.py
[2024-06-11T23:02:51.156+0000] {logging_mixin.py:188} INFO - [2024-06-11T23:02:51.156+0000] {dag.py:3096} INFO - Sync 1 DAGs
[2024-06-11T23:02:51.178+0000] {logging_mixin.py:188} INFO - [2024-06-11T23:02:51.178+0000] {dag.py:3954} INFO - Setting next_dagrun for latest_only to 2024-06-11 16:00:00+00:00, run_after=2024-06-11 20:00:00+00:00
[2024-06-11T23:02:51.196+0000] {processor.py:183} INFO - Processing /home/airflow/.local/lib/python3.12/site-packages/airflow/example_dags/example_latest_only.py took 0.071 seconds
[2024-06-11T23:03:21.609+0000] {processor.py:161} INFO - Started process (PID=2284) to work on /home/airflow/.local/lib/python3.12/site-packages/airflow/example_dags/example_latest_only.py
[2024-06-11T23:03:21.610+0000] {processor.py:830} INFO - Processing file /home/airflow/.local/lib/python3.12/site-packages/airflow/example_dags/example_latest_only.py for tasks to queue
[2024-06-11T23:03:21.612+0000] {logging_mixin.py:188} INFO - [2024-06-11T23:03:21.612+0000] {dagbag.py:545} INFO - Filling up the DagBag from /home/airflow/.local/lib/python3.12/site-packages/airflow/example_dags/example_latest_only.py
[2024-06-11T23:03:21.616+0000] {processor.py:840} INFO - DAG(s) 'latest_only' retrieved from /home/airflow/.local/lib/python3.12/site-packages/airflow/example_dags/example_latest_only.py
[2024-06-11T23:03:21.633+0000] {logging_mixin.py:188} INFO - [2024-06-11T23:03:21.633+0000] {dag.py:3096} INFO - Sync 1 DAGs
[2024-06-11T23:03:21.653+0000] {logging_mixin.py:188} INFO - [2024-06-11T23:03:21.653+0000] {dag.py:3954} INFO - Setting next_dagrun for latest_only to 2024-06-11 16:00:00+00:00, run_after=2024-06-11 20:00:00+00:00
[2024-06-11T23:03:21.672+0000] {processor.py:183} INFO - Processing /home/airflow/.local/lib/python3.12/site-packages/airflow/example_dags/example_latest_only.py took 0.068 seconds
[2024-06-11T23:03:51.715+0000] {processor.py:161} INFO - Started process (PID=2342) to work on /home/airflow/.local/lib/python3.12/site-packages/airflow/example_dags/example_latest_only.py
[2024-06-11T23:03:51.715+0000] {processor.py:830} INFO - Processing file /home/airflow/.local/lib/python3.12/site-packages/airflow/example_dags/example_latest_only.py for tasks to queue
[2024-06-11T23:03:51.717+0000] {logging_mixin.py:188} INFO - [2024-06-11T23:03:51.717+0000] {dagbag.py:545} INFO - Filling up the DagBag from /home/airflow/.local/lib/python3.12/site-packages/airflow/example_dags/example_latest_only.py
[2024-06-11T23:03:51.721+0000] {processor.py:840} INFO - DAG(s) 'latest_only' retrieved from /home/airflow/.local/lib/python3.12/site-packages/airflow/example_dags/example_latest_only.py
[2024-06-11T23:03:51.736+0000] {logging_mixin.py:188} INFO - [2024-06-11T23:03:51.736+0000] {dag.py:3096} INFO - Sync 1 DAGs
[2024-06-11T23:03:51.754+0000] {logging_mixin.py:188} INFO - [2024-06-11T23:03:51.753+0000] {dag.py:3954} INFO - Setting next_dagrun for latest_only to 2024-06-11 16:00:00+00:00, run_after=2024-06-11 20:00:00+00:00
[2024-06-11T23:03:51.770+0000] {processor.py:183} INFO - Processing /home/airflow/.local/lib/python3.12/site-packages/airflow/example_dags/example_latest_only.py took 0.060 seconds
[2024-06-11T23:04:22.255+0000] {processor.py:161} INFO - Started process (PID=2400) to work on /home/airflow/.local/lib/python3.12/site-packages/airflow/example_dags/example_latest_only.py
[2024-06-11T23:04:22.256+0000] {processor.py:830} INFO - Processing file /home/airflow/.local/lib/python3.12/site-packages/airflow/example_dags/example_latest_only.py for tasks to queue
[2024-06-11T23:04:22.258+0000] {logging_mixin.py:188} INFO - [2024-06-11T23:04:22.257+0000] {dagbag.py:545} INFO - Filling up the DagBag from /home/airflow/.local/lib/python3.12/site-packages/airflow/example_dags/example_latest_only.py
[2024-06-11T23:04:22.262+0000] {processor.py:840} INFO - DAG(s) 'latest_only' retrieved from /home/airflow/.local/lib/python3.12/site-packages/airflow/example_dags/example_latest_only.py
[2024-06-11T23:04:22.278+0000] {logging_mixin.py:188} INFO - [2024-06-11T23:04:22.278+0000] {dag.py:3096} INFO - Sync 1 DAGs
[2024-06-11T23:04:22.297+0000] {logging_mixin.py:188} INFO - [2024-06-11T23:04:22.297+0000] {dag.py:3954} INFO - Setting next_dagrun for latest_only to 2024-06-11 16:00:00+00:00, run_after=2024-06-11 20:00:00+00:00
[2024-06-11T23:04:22.315+0000] {processor.py:183} INFO - Processing /home/airflow/.local/lib/python3.12/site-packages/airflow/example_dags/example_latest_only.py took 0.065 seconds
[2024-06-11T23:04:52.676+0000] {processor.py:161} INFO - Started process (PID=2459) to work on /home/airflow/.local/lib/python3.12/site-packages/airflow/example_dags/example_latest_only.py
[2024-06-11T23:04:52.678+0000] {processor.py:830} INFO - Processing file /home/airflow/.local/lib/python3.12/site-packages/airflow/example_dags/example_latest_only.py for tasks to queue
[2024-06-11T23:04:52.680+0000] {logging_mixin.py:188} INFO - [2024-06-11T23:04:52.680+0000] {dagbag.py:545} INFO - Filling up the DagBag from /home/airflow/.local/lib/python3.12/site-packages/airflow/example_dags/example_latest_only.py
[2024-06-11T23:04:52.685+0000] {processor.py:840} INFO - DAG(s) 'latest_only' retrieved from /home/airflow/.local/lib/python3.12/site-packages/airflow/example_dags/example_latest_only.py
[2024-06-11T23:04:52.701+0000] {logging_mixin.py:188} INFO - [2024-06-11T23:04:52.701+0000] {dag.py:3096} INFO - Sync 1 DAGs
[2024-06-11T23:04:52.721+0000] {logging_mixin.py:188} INFO - [2024-06-11T23:04:52.721+0000] {dag.py:3954} INFO - Setting next_dagrun for latest_only to 2024-06-11 16:00:00+00:00, run_after=2024-06-11 20:00:00+00:00
[2024-06-11T23:04:52.781+0000] {processor.py:183} INFO - Processing /home/airflow/.local/lib/python3.12/site-packages/airflow/example_dags/example_latest_only.py took 0.109 seconds
[2024-06-11T23:05:23.307+0000] {processor.py:161} INFO - Started process (PID=2517) to work on /home/airflow/.local/lib/python3.12/site-packages/airflow/example_dags/example_latest_only.py
[2024-06-11T23:05:23.308+0000] {processor.py:830} INFO - Processing file /home/airflow/.local/lib/python3.12/site-packages/airflow/example_dags/example_latest_only.py for tasks to queue
[2024-06-11T23:05:23.310+0000] {logging_mixin.py:188} INFO - [2024-06-11T23:05:23.310+0000] {dagbag.py:545} INFO - Filling up the DagBag from /home/airflow/.local/lib/python3.12/site-packages/airflow/example_dags/example_latest_only.py
[2024-06-11T23:05:23.315+0000] {processor.py:840} INFO - DAG(s) 'latest_only' retrieved from /home/airflow/.local/lib/python3.12/site-packages/airflow/example_dags/example_latest_only.py
[2024-06-11T23:05:23.332+0000] {logging_mixin.py:188} INFO - [2024-06-11T23:05:23.332+0000] {dag.py:3096} INFO - Sync 1 DAGs
[2024-06-11T23:05:23.353+0000] {logging_mixin.py:188} INFO - [2024-06-11T23:05:23.353+0000] {dag.py:3954} INFO - Setting next_dagrun for latest_only to 2024-06-11 16:00:00+00:00, run_after=2024-06-11 20:00:00+00:00
[2024-06-11T23:05:23.372+0000] {processor.py:183} INFO - Processing /home/airflow/.local/lib/python3.12/site-packages/airflow/example_dags/example_latest_only.py took 0.071 seconds
[2024-06-11T23:05:53.422+0000] {processor.py:161} INFO - Started process (PID=2575) to work on /home/airflow/.local/lib/python3.12/site-packages/airflow/example_dags/example_latest_only.py
[2024-06-11T23:05:53.424+0000] {processor.py:830} INFO - Processing file /home/airflow/.local/lib/python3.12/site-packages/airflow/example_dags/example_latest_only.py for tasks to queue
[2024-06-11T23:05:53.426+0000] {logging_mixin.py:188} INFO - [2024-06-11T23:05:53.425+0000] {dagbag.py:545} INFO - Filling up the DagBag from /home/airflow/.local/lib/python3.12/site-packages/airflow/example_dags/example_latest_only.py
[2024-06-11T23:05:53.430+0000] {processor.py:840} INFO - DAG(s) 'latest_only' retrieved from /home/airflow/.local/lib/python3.12/site-packages/airflow/example_dags/example_latest_only.py
[2024-06-11T23:05:53.448+0000] {logging_mixin.py:188} INFO - [2024-06-11T23:05:53.448+0000] {dag.py:3096} INFO - Sync 1 DAGs
[2024-06-11T23:05:53.470+0000] {logging_mixin.py:188} INFO - [2024-06-11T23:05:53.470+0000] {dag.py:3954} INFO - Setting next_dagrun for latest_only to 2024-06-11 16:00:00+00:00, run_after=2024-06-11 20:00:00+00:00
[2024-06-11T23:05:53.489+0000] {processor.py:183} INFO - Processing /home/airflow/.local/lib/python3.12/site-packages/airflow/example_dags/example_latest_only.py took 0.071 seconds
[2024-06-11T23:06:24.008+0000] {processor.py:161} INFO - Started process (PID=2633) to work on /home/airflow/.local/lib/python3.12/site-packages/airflow/example_dags/example_latest_only.py
[2024-06-11T23:06:24.009+0000] {processor.py:830} INFO - Processing file /home/airflow/.local/lib/python3.12/site-packages/airflow/example_dags/example_latest_only.py for tasks to queue
[2024-06-11T23:06:24.011+0000] {logging_mixin.py:188} INFO - [2024-06-11T23:06:24.011+0000] {dagbag.py:545} INFO - Filling up the DagBag from /home/airflow/.local/lib/python3.12/site-packages/airflow/example_dags/example_latest_only.py
[2024-06-11T23:06:24.017+0000] {processor.py:840} INFO - DAG(s) 'latest_only' retrieved from /home/airflow/.local/lib/python3.12/site-packages/airflow/example_dags/example_latest_only.py
[2024-06-11T23:06:24.037+0000] {logging_mixin.py:188} INFO - [2024-06-11T23:06:24.037+0000] {dag.py:3096} INFO - Sync 1 DAGs
[2024-06-11T23:06:24.062+0000] {logging_mixin.py:188} INFO - [2024-06-11T23:06:24.062+0000] {dag.py:3954} INFO - Setting next_dagrun for latest_only to 2024-06-11 16:00:00+00:00, run_after=2024-06-11 20:00:00+00:00
[2024-06-11T23:06:24.089+0000] {processor.py:183} INFO - Processing /home/airflow/.local/lib/python3.12/site-packages/airflow/example_dags/example_latest_only.py took 0.087 seconds
[2024-06-11T23:06:54.651+0000] {processor.py:161} INFO - Started process (PID=2691) to work on /home/airflow/.local/lib/python3.12/site-packages/airflow/example_dags/example_latest_only.py
[2024-06-11T23:06:54.653+0000] {processor.py:830} INFO - Processing file /home/airflow/.local/lib/python3.12/site-packages/airflow/example_dags/example_latest_only.py for tasks to queue
[2024-06-11T23:06:54.656+0000] {logging_mixin.py:188} INFO - [2024-06-11T23:06:54.656+0000] {dagbag.py:545} INFO - Filling up the DagBag from /home/airflow/.local/lib/python3.12/site-packages/airflow/example_dags/example_latest_only.py
[2024-06-11T23:06:54.663+0000] {processor.py:840} INFO - DAG(s) 'latest_only' retrieved from /home/airflow/.local/lib/python3.12/site-packages/airflow/example_dags/example_latest_only.py
[2024-06-11T23:06:54.688+0000] {logging_mixin.py:188} INFO - [2024-06-11T23:06:54.687+0000] {dag.py:3096} INFO - Sync 1 DAGs
[2024-06-11T23:06:54.722+0000] {logging_mixin.py:188} INFO - [2024-06-11T23:06:54.722+0000] {dag.py:3954} INFO - Setting next_dagrun for latest_only to 2024-06-11 16:00:00+00:00, run_after=2024-06-11 20:00:00+00:00
[2024-06-11T23:06:54.760+0000] {processor.py:183} INFO - Processing /home/airflow/.local/lib/python3.12/site-packages/airflow/example_dags/example_latest_only.py took 0.119 seconds
