[2024-06-11T22:43:50.549+0000] {processor.py:161} INFO - Started process (PID=62) to work on /home/airflow/.local/lib/python3.12/site-packages/airflow/example_dags/example_branch_day_of_week_operator.py
[2024-06-11T22:43:50.551+0000] {processor.py:830} INFO - Processing file /home/airflow/.local/lib/python3.12/site-packages/airflow/example_dags/example_branch_day_of_week_operator.py for tasks to queue
[2024-06-11T22:43:50.553+0000] {logging_mixin.py:188} INFO - [2024-06-11T22:43:50.553+0000] {dagbag.py:545} INFO - Filling up the DagBag from /home/airflow/.local/lib/python3.12/site-packages/airflow/example_dags/example_branch_day_of_week_operator.py
[2024-06-11T22:43:50.569+0000] {processor.py:840} INFO - DAG(s) 'example_weekday_branch_operator' retrieved from /home/airflow/.local/lib/python3.12/site-packages/airflow/example_dags/example_branch_day_of_week_operator.py
[2024-06-11T22:43:50.585+0000] {logging_mixin.py:188} INFO - [2024-06-11T22:43:50.585+0000] {dag.py:3096} INFO - Sync 1 DAGs
[2024-06-11T22:43:50.621+0000] {logging_mixin.py:188} INFO - [2024-06-11T22:43:50.620+0000] {dag.py:3954} INFO - Setting next_dagrun for example_weekday_branch_operator to 2024-06-10 00:00:00+00:00, run_after=2024-06-11 00:00:00+00:00
[2024-06-11T22:43:50.645+0000] {processor.py:183} INFO - Processing /home/airflow/.local/lib/python3.12/site-packages/airflow/example_dags/example_branch_day_of_week_operator.py took 0.101 seconds
[2024-06-11T22:44:21.394+0000] {processor.py:161} INFO - Started process (PID=120) to work on /home/airflow/.local/lib/python3.12/site-packages/airflow/example_dags/example_branch_day_of_week_operator.py
[2024-06-11T22:44:21.395+0000] {processor.py:830} INFO - Processing file /home/airflow/.local/lib/python3.12/site-packages/airflow/example_dags/example_branch_day_of_week_operator.py for tasks to queue
[2024-06-11T22:44:21.396+0000] {logging_mixin.py:188} INFO - [2024-06-11T22:44:21.396+0000] {dagbag.py:545} INFO - Filling up the DagBag from /home/airflow/.local/lib/python3.12/site-packages/airflow/example_dags/example_branch_day_of_week_operator.py
[2024-06-11T22:44:21.401+0000] {processor.py:840} INFO - DAG(s) 'example_weekday_branch_operator' retrieved from /home/airflow/.local/lib/python3.12/site-packages/airflow/example_dags/example_branch_day_of_week_operator.py
[2024-06-11T22:44:21.466+0000] {logging_mixin.py:188} INFO - [2024-06-11T22:44:21.466+0000] {dag.py:3096} INFO - Sync 1 DAGs
[2024-06-11T22:44:21.480+0000] {logging_mixin.py:188} INFO - [2024-06-11T22:44:21.480+0000] {dag.py:3954} INFO - Setting next_dagrun for example_weekday_branch_operator to 2024-06-10 00:00:00+00:00, run_after=2024-06-11 00:00:00+00:00
[2024-06-11T22:44:21.497+0000] {processor.py:183} INFO - Processing /home/airflow/.local/lib/python3.12/site-packages/airflow/example_dags/example_branch_day_of_week_operator.py took 0.108 seconds
[2024-06-11T22:44:51.554+0000] {processor.py:161} INFO - Started process (PID=178) to work on /home/airflow/.local/lib/python3.12/site-packages/airflow/example_dags/example_branch_day_of_week_operator.py
[2024-06-11T22:44:51.555+0000] {processor.py:830} INFO - Processing file /home/airflow/.local/lib/python3.12/site-packages/airflow/example_dags/example_branch_day_of_week_operator.py for tasks to queue
[2024-06-11T22:44:51.557+0000] {logging_mixin.py:188} INFO - [2024-06-11T22:44:51.557+0000] {dagbag.py:545} INFO - Filling up the DagBag from /home/airflow/.local/lib/python3.12/site-packages/airflow/example_dags/example_branch_day_of_week_operator.py
[2024-06-11T22:44:51.563+0000] {processor.py:840} INFO - DAG(s) 'example_weekday_branch_operator' retrieved from /home/airflow/.local/lib/python3.12/site-packages/airflow/example_dags/example_branch_day_of_week_operator.py
[2024-06-11T22:44:51.579+0000] {logging_mixin.py:188} INFO - [2024-06-11T22:44:51.579+0000] {dag.py:3096} INFO - Sync 1 DAGs
[2024-06-11T22:44:51.596+0000] {logging_mixin.py:188} INFO - [2024-06-11T22:44:51.596+0000] {dag.py:3954} INFO - Setting next_dagrun for example_weekday_branch_operator to 2024-06-10 00:00:00+00:00, run_after=2024-06-11 00:00:00+00:00
[2024-06-11T22:44:51.614+0000] {processor.py:183} INFO - Processing /home/airflow/.local/lib/python3.12/site-packages/airflow/example_dags/example_branch_day_of_week_operator.py took 0.064 seconds
[2024-06-11T22:45:21.910+0000] {processor.py:161} INFO - Started process (PID=237) to work on /home/airflow/.local/lib/python3.12/site-packages/airflow/example_dags/example_branch_day_of_week_operator.py
[2024-06-11T22:45:21.911+0000] {processor.py:830} INFO - Processing file /home/airflow/.local/lib/python3.12/site-packages/airflow/example_dags/example_branch_day_of_week_operator.py for tasks to queue
[2024-06-11T22:45:21.912+0000] {logging_mixin.py:188} INFO - [2024-06-11T22:45:21.912+0000] {dagbag.py:545} INFO - Filling up the DagBag from /home/airflow/.local/lib/python3.12/site-packages/airflow/example_dags/example_branch_day_of_week_operator.py
[2024-06-11T22:45:21.919+0000] {processor.py:840} INFO - DAG(s) 'example_weekday_branch_operator' retrieved from /home/airflow/.local/lib/python3.12/site-packages/airflow/example_dags/example_branch_day_of_week_operator.py
[2024-06-11T22:45:21.933+0000] {logging_mixin.py:188} INFO - [2024-06-11T22:45:21.933+0000] {dag.py:3096} INFO - Sync 1 DAGs
[2024-06-11T22:45:21.953+0000] {logging_mixin.py:188} INFO - [2024-06-11T22:45:21.953+0000] {dag.py:3954} INFO - Setting next_dagrun for example_weekday_branch_operator to 2024-06-10 00:00:00+00:00, run_after=2024-06-11 00:00:00+00:00
[2024-06-11T22:45:21.984+0000] {processor.py:183} INFO - Processing /home/airflow/.local/lib/python3.12/site-packages/airflow/example_dags/example_branch_day_of_week_operator.py took 0.078 seconds
[2024-06-11T22:45:52.517+0000] {processor.py:161} INFO - Started process (PID=295) to work on /home/airflow/.local/lib/python3.12/site-packages/airflow/example_dags/example_branch_day_of_week_operator.py
[2024-06-11T22:45:52.518+0000] {processor.py:830} INFO - Processing file /home/airflow/.local/lib/python3.12/site-packages/airflow/example_dags/example_branch_day_of_week_operator.py for tasks to queue
[2024-06-11T22:45:52.520+0000] {logging_mixin.py:188} INFO - [2024-06-11T22:45:52.520+0000] {dagbag.py:545} INFO - Filling up the DagBag from /home/airflow/.local/lib/python3.12/site-packages/airflow/example_dags/example_branch_day_of_week_operator.py
[2024-06-11T22:45:52.526+0000] {processor.py:840} INFO - DAG(s) 'example_weekday_branch_operator' retrieved from /home/airflow/.local/lib/python3.12/site-packages/airflow/example_dags/example_branch_day_of_week_operator.py
[2024-06-11T22:45:52.544+0000] {logging_mixin.py:188} INFO - [2024-06-11T22:45:52.544+0000] {dag.py:3096} INFO - Sync 1 DAGs
[2024-06-11T22:45:52.564+0000] {logging_mixin.py:188} INFO - [2024-06-11T22:45:52.564+0000] {dag.py:3954} INFO - Setting next_dagrun for example_weekday_branch_operator to 2024-06-10 00:00:00+00:00, run_after=2024-06-11 00:00:00+00:00
[2024-06-11T22:45:52.584+0000] {processor.py:183} INFO - Processing /home/airflow/.local/lib/python3.12/site-packages/airflow/example_dags/example_branch_day_of_week_operator.py took 0.071 seconds
[2024-06-11T22:46:23.449+0000] {processor.py:161} INFO - Started process (PID=353) to work on /home/airflow/.local/lib/python3.12/site-packages/airflow/example_dags/example_branch_day_of_week_operator.py
[2024-06-11T22:46:23.451+0000] {processor.py:830} INFO - Processing file /home/airflow/.local/lib/python3.12/site-packages/airflow/example_dags/example_branch_day_of_week_operator.py for tasks to queue
[2024-06-11T22:46:23.453+0000] {logging_mixin.py:188} INFO - [2024-06-11T22:46:23.452+0000] {dagbag.py:545} INFO - Filling up the DagBag from /home/airflow/.local/lib/python3.12/site-packages/airflow/example_dags/example_branch_day_of_week_operator.py
[2024-06-11T22:46:23.460+0000] {processor.py:840} INFO - DAG(s) 'example_weekday_branch_operator' retrieved from /home/airflow/.local/lib/python3.12/site-packages/airflow/example_dags/example_branch_day_of_week_operator.py
[2024-06-11T22:46:23.479+0000] {logging_mixin.py:188} INFO - [2024-06-11T22:46:23.478+0000] {dag.py:3096} INFO - Sync 1 DAGs
[2024-06-11T22:46:23.506+0000] {logging_mixin.py:188} INFO - [2024-06-11T22:46:23.506+0000] {dag.py:3954} INFO - Setting next_dagrun for example_weekday_branch_operator to 2024-06-10 00:00:00+00:00, run_after=2024-06-11 00:00:00+00:00
[2024-06-11T22:46:23.526+0000] {processor.py:183} INFO - Processing /home/airflow/.local/lib/python3.12/site-packages/airflow/example_dags/example_branch_day_of_week_operator.py took 0.083 seconds
[2024-06-11T22:46:53.652+0000] {processor.py:161} INFO - Started process (PID=411) to work on /home/airflow/.local/lib/python3.12/site-packages/airflow/example_dags/example_branch_day_of_week_operator.py
[2024-06-11T22:46:53.653+0000] {processor.py:830} INFO - Processing file /home/airflow/.local/lib/python3.12/site-packages/airflow/example_dags/example_branch_day_of_week_operator.py for tasks to queue
[2024-06-11T22:46:53.655+0000] {logging_mixin.py:188} INFO - [2024-06-11T22:46:53.654+0000] {dagbag.py:545} INFO - Filling up the DagBag from /home/airflow/.local/lib/python3.12/site-packages/airflow/example_dags/example_branch_day_of_week_operator.py
[2024-06-11T22:46:53.662+0000] {processor.py:840} INFO - DAG(s) 'example_weekday_branch_operator' retrieved from /home/airflow/.local/lib/python3.12/site-packages/airflow/example_dags/example_branch_day_of_week_operator.py
[2024-06-11T22:46:53.686+0000] {logging_mixin.py:188} INFO - [2024-06-11T22:46:53.686+0000] {dag.py:3096} INFO - Sync 1 DAGs
[2024-06-11T22:46:53.757+0000] {logging_mixin.py:188} INFO - [2024-06-11T22:46:53.757+0000] {dag.py:3954} INFO - Setting next_dagrun for example_weekday_branch_operator to 2024-06-10 00:00:00+00:00, run_after=2024-06-11 00:00:00+00:00
[2024-06-11T22:46:53.778+0000] {processor.py:183} INFO - Processing /home/airflow/.local/lib/python3.12/site-packages/airflow/example_dags/example_branch_day_of_week_operator.py took 0.132 seconds
[2024-06-11T22:47:24.069+0000] {processor.py:161} INFO - Started process (PID=469) to work on /home/airflow/.local/lib/python3.12/site-packages/airflow/example_dags/example_branch_day_of_week_operator.py
[2024-06-11T22:47:24.070+0000] {processor.py:830} INFO - Processing file /home/airflow/.local/lib/python3.12/site-packages/airflow/example_dags/example_branch_day_of_week_operator.py for tasks to queue
[2024-06-11T22:47:24.072+0000] {logging_mixin.py:188} INFO - [2024-06-11T22:47:24.072+0000] {dagbag.py:545} INFO - Filling up the DagBag from /home/airflow/.local/lib/python3.12/site-packages/airflow/example_dags/example_branch_day_of_week_operator.py
[2024-06-11T22:47:24.078+0000] {processor.py:840} INFO - DAG(s) 'example_weekday_branch_operator' retrieved from /home/airflow/.local/lib/python3.12/site-packages/airflow/example_dags/example_branch_day_of_week_operator.py
[2024-06-11T22:47:24.097+0000] {logging_mixin.py:188} INFO - [2024-06-11T22:47:24.097+0000] {dag.py:3096} INFO - Sync 1 DAGs
[2024-06-11T22:47:24.123+0000] {logging_mixin.py:188} INFO - [2024-06-11T22:47:24.122+0000] {dag.py:3954} INFO - Setting next_dagrun for example_weekday_branch_operator to 2024-06-10 00:00:00+00:00, run_after=2024-06-11 00:00:00+00:00
[2024-06-11T22:47:24.146+0000] {processor.py:183} INFO - Processing /home/airflow/.local/lib/python3.12/site-packages/airflow/example_dags/example_branch_day_of_week_operator.py took 0.083 seconds
[2024-06-11T22:47:54.251+0000] {processor.py:161} INFO - Started process (PID=527) to work on /home/airflow/.local/lib/python3.12/site-packages/airflow/example_dags/example_branch_day_of_week_operator.py
[2024-06-11T22:47:54.252+0000] {processor.py:830} INFO - Processing file /home/airflow/.local/lib/python3.12/site-packages/airflow/example_dags/example_branch_day_of_week_operator.py for tasks to queue
[2024-06-11T22:47:54.253+0000] {logging_mixin.py:188} INFO - [2024-06-11T22:47:54.253+0000] {dagbag.py:545} INFO - Filling up the DagBag from /home/airflow/.local/lib/python3.12/site-packages/airflow/example_dags/example_branch_day_of_week_operator.py
[2024-06-11T22:47:54.260+0000] {processor.py:840} INFO - DAG(s) 'example_weekday_branch_operator' retrieved from /home/airflow/.local/lib/python3.12/site-packages/airflow/example_dags/example_branch_day_of_week_operator.py
[2024-06-11T22:47:54.281+0000] {logging_mixin.py:188} INFO - [2024-06-11T22:47:54.280+0000] {dag.py:3096} INFO - Sync 1 DAGs
[2024-06-11T22:47:54.305+0000] {logging_mixin.py:188} INFO - [2024-06-11T22:47:54.305+0000] {dag.py:3954} INFO - Setting next_dagrun for example_weekday_branch_operator to 2024-06-10 00:00:00+00:00, run_after=2024-06-11 00:00:00+00:00
[2024-06-11T22:47:54.323+0000] {processor.py:183} INFO - Processing /home/airflow/.local/lib/python3.12/site-packages/airflow/example_dags/example_branch_day_of_week_operator.py took 0.078 seconds
[2024-06-11T22:48:26.172+0000] {processor.py:161} INFO - Started process (PID=585) to work on /home/airflow/.local/lib/python3.12/site-packages/airflow/example_dags/example_branch_day_of_week_operator.py
[2024-06-11T22:48:26.173+0000] {processor.py:830} INFO - Processing file /home/airflow/.local/lib/python3.12/site-packages/airflow/example_dags/example_branch_day_of_week_operator.py for tasks to queue
[2024-06-11T22:48:26.175+0000] {logging_mixin.py:188} INFO - [2024-06-11T22:48:26.174+0000] {dagbag.py:545} INFO - Filling up the DagBag from /home/airflow/.local/lib/python3.12/site-packages/airflow/example_dags/example_branch_day_of_week_operator.py
[2024-06-11T22:48:26.191+0000] {processor.py:840} INFO - DAG(s) 'example_weekday_branch_operator' retrieved from /home/airflow/.local/lib/python3.12/site-packages/airflow/example_dags/example_branch_day_of_week_operator.py
[2024-06-11T22:48:26.328+0000] {logging_mixin.py:188} INFO - [2024-06-11T22:48:26.319+0000] {dag.py:3096} INFO - Sync 1 DAGs
[2024-06-11T22:48:26.355+0000] {logging_mixin.py:188} INFO - [2024-06-11T22:48:26.355+0000] {dag.py:3954} INFO - Setting next_dagrun for example_weekday_branch_operator to 2024-06-10 00:00:00+00:00, run_after=2024-06-11 00:00:00+00:00
[2024-06-11T22:48:26.463+0000] {processor.py:183} INFO - Processing /home/airflow/.local/lib/python3.12/site-packages/airflow/example_dags/example_branch_day_of_week_operator.py took 0.301 seconds
[2024-06-11T22:48:56.614+0000] {processor.py:161} INFO - Started process (PID=643) to work on /home/airflow/.local/lib/python3.12/site-packages/airflow/example_dags/example_branch_day_of_week_operator.py
[2024-06-11T22:48:56.615+0000] {processor.py:830} INFO - Processing file /home/airflow/.local/lib/python3.12/site-packages/airflow/example_dags/example_branch_day_of_week_operator.py for tasks to queue
[2024-06-11T22:48:56.617+0000] {logging_mixin.py:188} INFO - [2024-06-11T22:48:56.617+0000] {dagbag.py:545} INFO - Filling up the DagBag from /home/airflow/.local/lib/python3.12/site-packages/airflow/example_dags/example_branch_day_of_week_operator.py
[2024-06-11T22:48:56.624+0000] {processor.py:840} INFO - DAG(s) 'example_weekday_branch_operator' retrieved from /home/airflow/.local/lib/python3.12/site-packages/airflow/example_dags/example_branch_day_of_week_operator.py
[2024-06-11T22:48:56.648+0000] {logging_mixin.py:188} INFO - [2024-06-11T22:48:56.648+0000] {dag.py:3096} INFO - Sync 1 DAGs
[2024-06-11T22:48:56.684+0000] {logging_mixin.py:188} INFO - [2024-06-11T22:48:56.684+0000] {dag.py:3954} INFO - Setting next_dagrun for example_weekday_branch_operator to 2024-06-10 00:00:00+00:00, run_after=2024-06-11 00:00:00+00:00
[2024-06-11T22:48:56.719+0000] {processor.py:183} INFO - Processing /home/airflow/.local/lib/python3.12/site-packages/airflow/example_dags/example_branch_day_of_week_operator.py took 0.110 seconds
[2024-06-11T22:49:27.597+0000] {processor.py:161} INFO - Started process (PID=701) to work on /home/airflow/.local/lib/python3.12/site-packages/airflow/example_dags/example_branch_day_of_week_operator.py
[2024-06-11T22:49:27.598+0000] {processor.py:830} INFO - Processing file /home/airflow/.local/lib/python3.12/site-packages/airflow/example_dags/example_branch_day_of_week_operator.py for tasks to queue
[2024-06-11T22:49:27.599+0000] {logging_mixin.py:188} INFO - [2024-06-11T22:49:27.599+0000] {dagbag.py:545} INFO - Filling up the DagBag from /home/airflow/.local/lib/python3.12/site-packages/airflow/example_dags/example_branch_day_of_week_operator.py
[2024-06-11T22:49:27.606+0000] {processor.py:840} INFO - DAG(s) 'example_weekday_branch_operator' retrieved from /home/airflow/.local/lib/python3.12/site-packages/airflow/example_dags/example_branch_day_of_week_operator.py
[2024-06-11T22:49:27.624+0000] {logging_mixin.py:188} INFO - [2024-06-11T22:49:27.624+0000] {dag.py:3096} INFO - Sync 1 DAGs
[2024-06-11T22:49:27.645+0000] {logging_mixin.py:188} INFO - [2024-06-11T22:49:27.645+0000] {dag.py:3954} INFO - Setting next_dagrun for example_weekday_branch_operator to 2024-06-10 00:00:00+00:00, run_after=2024-06-11 00:00:00+00:00
[2024-06-11T22:49:27.664+0000] {processor.py:183} INFO - Processing /home/airflow/.local/lib/python3.12/site-packages/airflow/example_dags/example_branch_day_of_week_operator.py took 0.072 seconds
[2024-06-11T22:49:58.008+0000] {processor.py:161} INFO - Started process (PID=759) to work on /home/airflow/.local/lib/python3.12/site-packages/airflow/example_dags/example_branch_day_of_week_operator.py
[2024-06-11T22:49:58.009+0000] {processor.py:830} INFO - Processing file /home/airflow/.local/lib/python3.12/site-packages/airflow/example_dags/example_branch_day_of_week_operator.py for tasks to queue
[2024-06-11T22:49:58.011+0000] {logging_mixin.py:188} INFO - [2024-06-11T22:49:58.011+0000] {dagbag.py:545} INFO - Filling up the DagBag from /home/airflow/.local/lib/python3.12/site-packages/airflow/example_dags/example_branch_day_of_week_operator.py
[2024-06-11T22:49:58.017+0000] {processor.py:840} INFO - DAG(s) 'example_weekday_branch_operator' retrieved from /home/airflow/.local/lib/python3.12/site-packages/airflow/example_dags/example_branch_day_of_week_operator.py
[2024-06-11T22:49:58.039+0000] {logging_mixin.py:188} INFO - [2024-06-11T22:49:58.039+0000] {dag.py:3096} INFO - Sync 1 DAGs
[2024-06-11T22:49:58.064+0000] {logging_mixin.py:188} INFO - [2024-06-11T22:49:58.064+0000] {dag.py:3954} INFO - Setting next_dagrun for example_weekday_branch_operator to 2024-06-10 00:00:00+00:00, run_after=2024-06-11 00:00:00+00:00
[2024-06-11T22:49:58.089+0000] {processor.py:183} INFO - Processing /home/airflow/.local/lib/python3.12/site-packages/airflow/example_dags/example_branch_day_of_week_operator.py took 0.084 seconds
[2024-06-11T22:50:28.357+0000] {processor.py:161} INFO - Started process (PID=817) to work on /home/airflow/.local/lib/python3.12/site-packages/airflow/example_dags/example_branch_day_of_week_operator.py
[2024-06-11T22:50:28.359+0000] {processor.py:830} INFO - Processing file /home/airflow/.local/lib/python3.12/site-packages/airflow/example_dags/example_branch_day_of_week_operator.py for tasks to queue
[2024-06-11T22:50:28.362+0000] {logging_mixin.py:188} INFO - [2024-06-11T22:50:28.361+0000] {dagbag.py:545} INFO - Filling up the DagBag from /home/airflow/.local/lib/python3.12/site-packages/airflow/example_dags/example_branch_day_of_week_operator.py
[2024-06-11T22:50:28.371+0000] {processor.py:840} INFO - DAG(s) 'example_weekday_branch_operator' retrieved from /home/airflow/.local/lib/python3.12/site-packages/airflow/example_dags/example_branch_day_of_week_operator.py
[2024-06-11T22:50:28.390+0000] {logging_mixin.py:188} INFO - [2024-06-11T22:50:28.390+0000] {dag.py:3096} INFO - Sync 1 DAGs
[2024-06-11T22:50:28.411+0000] {logging_mixin.py:188} INFO - [2024-06-11T22:50:28.410+0000] {dag.py:3954} INFO - Setting next_dagrun for example_weekday_branch_operator to 2024-06-10 00:00:00+00:00, run_after=2024-06-11 00:00:00+00:00
[2024-06-11T22:50:28.431+0000] {processor.py:183} INFO - Processing /home/airflow/.local/lib/python3.12/site-packages/airflow/example_dags/example_branch_day_of_week_operator.py took 0.082 seconds
[2024-06-11T22:50:59.340+0000] {processor.py:161} INFO - Started process (PID=875) to work on /home/airflow/.local/lib/python3.12/site-packages/airflow/example_dags/example_branch_day_of_week_operator.py
[2024-06-11T22:50:59.357+0000] {processor.py:830} INFO - Processing file /home/airflow/.local/lib/python3.12/site-packages/airflow/example_dags/example_branch_day_of_week_operator.py for tasks to queue
[2024-06-11T22:50:59.359+0000] {logging_mixin.py:188} INFO - [2024-06-11T22:50:59.358+0000] {dagbag.py:545} INFO - Filling up the DagBag from /home/airflow/.local/lib/python3.12/site-packages/airflow/example_dags/example_branch_day_of_week_operator.py
[2024-06-11T22:50:59.365+0000] {processor.py:840} INFO - DAG(s) 'example_weekday_branch_operator' retrieved from /home/airflow/.local/lib/python3.12/site-packages/airflow/example_dags/example_branch_day_of_week_operator.py
[2024-06-11T22:50:59.386+0000] {logging_mixin.py:188} INFO - [2024-06-11T22:50:59.386+0000] {dag.py:3096} INFO - Sync 1 DAGs
[2024-06-11T22:50:59.443+0000] {logging_mixin.py:188} INFO - [2024-06-11T22:50:59.443+0000] {dag.py:3954} INFO - Setting next_dagrun for example_weekday_branch_operator to 2024-06-10 00:00:00+00:00, run_after=2024-06-11 00:00:00+00:00
[2024-06-11T22:50:59.530+0000] {processor.py:183} INFO - Processing /home/airflow/.local/lib/python3.12/site-packages/airflow/example_dags/example_branch_day_of_week_operator.py took 0.196 seconds
[2024-06-11T22:51:31.112+0000] {processor.py:161} INFO - Started process (PID=939) to work on /home/airflow/.local/lib/python3.12/site-packages/airflow/example_dags/example_branch_day_of_week_operator.py
[2024-06-11T22:51:31.113+0000] {processor.py:830} INFO - Processing file /home/airflow/.local/lib/python3.12/site-packages/airflow/example_dags/example_branch_day_of_week_operator.py for tasks to queue
[2024-06-11T22:51:31.115+0000] {logging_mixin.py:188} INFO - [2024-06-11T22:51:31.114+0000] {dagbag.py:545} INFO - Filling up the DagBag from /home/airflow/.local/lib/python3.12/site-packages/airflow/example_dags/example_branch_day_of_week_operator.py
[2024-06-11T22:51:31.120+0000] {processor.py:840} INFO - DAG(s) 'example_weekday_branch_operator' retrieved from /home/airflow/.local/lib/python3.12/site-packages/airflow/example_dags/example_branch_day_of_week_operator.py
[2024-06-11T22:51:31.138+0000] {logging_mixin.py:188} INFO - [2024-06-11T22:51:31.137+0000] {dag.py:3096} INFO - Sync 1 DAGs
[2024-06-11T22:51:31.157+0000] {logging_mixin.py:188} INFO - [2024-06-11T22:51:31.156+0000] {dag.py:3954} INFO - Setting next_dagrun for example_weekday_branch_operator to 2024-06-10 00:00:00+00:00, run_after=2024-06-11 00:00:00+00:00
[2024-06-11T22:51:31.174+0000] {processor.py:183} INFO - Processing /home/airflow/.local/lib/python3.12/site-packages/airflow/example_dags/example_branch_day_of_week_operator.py took 0.067 seconds
[2024-06-11T22:52:02.791+0000] {processor.py:161} INFO - Started process (PID=997) to work on /home/airflow/.local/lib/python3.12/site-packages/airflow/example_dags/example_branch_day_of_week_operator.py
[2024-06-11T22:52:02.838+0000] {processor.py:830} INFO - Processing file /home/airflow/.local/lib/python3.12/site-packages/airflow/example_dags/example_branch_day_of_week_operator.py for tasks to queue
[2024-06-11T22:52:02.861+0000] {logging_mixin.py:188} INFO - [2024-06-11T22:52:02.860+0000] {dagbag.py:545} INFO - Filling up the DagBag from /home/airflow/.local/lib/python3.12/site-packages/airflow/example_dags/example_branch_day_of_week_operator.py
[2024-06-11T22:52:02.882+0000] {processor.py:840} INFO - DAG(s) 'example_weekday_branch_operator' retrieved from /home/airflow/.local/lib/python3.12/site-packages/airflow/example_dags/example_branch_day_of_week_operator.py
[2024-06-11T22:52:02.933+0000] {logging_mixin.py:188} INFO - [2024-06-11T22:52:02.932+0000] {dag.py:3096} INFO - Sync 1 DAGs
[2024-06-11T22:52:02.978+0000] {logging_mixin.py:188} INFO - [2024-06-11T22:52:02.978+0000] {dag.py:3954} INFO - Setting next_dagrun for example_weekday_branch_operator to 2024-06-10 00:00:00+00:00, run_after=2024-06-11 00:00:00+00:00
[2024-06-11T22:52:03.016+0000] {processor.py:183} INFO - Processing /home/airflow/.local/lib/python3.12/site-packages/airflow/example_dags/example_branch_day_of_week_operator.py took 0.230 seconds
[2024-06-11T22:52:33.577+0000] {processor.py:161} INFO - Started process (PID=1055) to work on /home/airflow/.local/lib/python3.12/site-packages/airflow/example_dags/example_branch_day_of_week_operator.py
[2024-06-11T22:52:33.579+0000] {processor.py:830} INFO - Processing file /home/airflow/.local/lib/python3.12/site-packages/airflow/example_dags/example_branch_day_of_week_operator.py for tasks to queue
[2024-06-11T22:52:33.581+0000] {logging_mixin.py:188} INFO - [2024-06-11T22:52:33.581+0000] {dagbag.py:545} INFO - Filling up the DagBag from /home/airflow/.local/lib/python3.12/site-packages/airflow/example_dags/example_branch_day_of_week_operator.py
[2024-06-11T22:52:33.593+0000] {processor.py:840} INFO - DAG(s) 'example_weekday_branch_operator' retrieved from /home/airflow/.local/lib/python3.12/site-packages/airflow/example_dags/example_branch_day_of_week_operator.py
[2024-06-11T22:52:33.619+0000] {logging_mixin.py:188} INFO - [2024-06-11T22:52:33.618+0000] {dag.py:3096} INFO - Sync 1 DAGs
[2024-06-11T22:52:33.651+0000] {logging_mixin.py:188} INFO - [2024-06-11T22:52:33.651+0000] {dag.py:3954} INFO - Setting next_dagrun for example_weekday_branch_operator to 2024-06-10 00:00:00+00:00, run_after=2024-06-11 00:00:00+00:00
[2024-06-11T22:52:33.678+0000] {processor.py:183} INFO - Processing /home/airflow/.local/lib/python3.12/site-packages/airflow/example_dags/example_branch_day_of_week_operator.py took 0.109 seconds
[2024-06-11T22:53:05.721+0000] {processor.py:161} INFO - Started process (PID=1113) to work on /home/airflow/.local/lib/python3.12/site-packages/airflow/example_dags/example_branch_day_of_week_operator.py
[2024-06-11T22:53:05.722+0000] {processor.py:830} INFO - Processing file /home/airflow/.local/lib/python3.12/site-packages/airflow/example_dags/example_branch_day_of_week_operator.py for tasks to queue
[2024-06-11T22:53:05.724+0000] {logging_mixin.py:188} INFO - [2024-06-11T22:53:05.724+0000] {dagbag.py:545} INFO - Filling up the DagBag from /home/airflow/.local/lib/python3.12/site-packages/airflow/example_dags/example_branch_day_of_week_operator.py
[2024-06-11T22:53:05.731+0000] {processor.py:840} INFO - DAG(s) 'example_weekday_branch_operator' retrieved from /home/airflow/.local/lib/python3.12/site-packages/airflow/example_dags/example_branch_day_of_week_operator.py
[2024-06-11T22:53:05.751+0000] {logging_mixin.py:188} INFO - [2024-06-11T22:53:05.751+0000] {dag.py:3096} INFO - Sync 1 DAGs
[2024-06-11T22:53:05.770+0000] {logging_mixin.py:188} INFO - [2024-06-11T22:53:05.770+0000] {dag.py:3954} INFO - Setting next_dagrun for example_weekday_branch_operator to 2024-06-10 00:00:00+00:00, run_after=2024-06-11 00:00:00+00:00
[2024-06-11T22:53:05.790+0000] {processor.py:183} INFO - Processing /home/airflow/.local/lib/python3.12/site-packages/airflow/example_dags/example_branch_day_of_week_operator.py took 0.074 seconds
[2024-06-11T22:53:36.055+0000] {processor.py:161} INFO - Started process (PID=1171) to work on /home/airflow/.local/lib/python3.12/site-packages/airflow/example_dags/example_branch_day_of_week_operator.py
[2024-06-11T22:53:36.056+0000] {processor.py:830} INFO - Processing file /home/airflow/.local/lib/python3.12/site-packages/airflow/example_dags/example_branch_day_of_week_operator.py for tasks to queue
[2024-06-11T22:53:36.059+0000] {logging_mixin.py:188} INFO - [2024-06-11T22:53:36.058+0000] {dagbag.py:545} INFO - Filling up the DagBag from /home/airflow/.local/lib/python3.12/site-packages/airflow/example_dags/example_branch_day_of_week_operator.py
[2024-06-11T22:53:36.064+0000] {processor.py:840} INFO - DAG(s) 'example_weekday_branch_operator' retrieved from /home/airflow/.local/lib/python3.12/site-packages/airflow/example_dags/example_branch_day_of_week_operator.py
[2024-06-11T22:53:36.080+0000] {logging_mixin.py:188} INFO - [2024-06-11T22:53:36.080+0000] {dag.py:3096} INFO - Sync 1 DAGs
[2024-06-11T22:53:36.097+0000] {logging_mixin.py:188} INFO - [2024-06-11T22:53:36.097+0000] {dag.py:3954} INFO - Setting next_dagrun for example_weekday_branch_operator to 2024-06-10 00:00:00+00:00, run_after=2024-06-11 00:00:00+00:00
[2024-06-11T22:53:36.113+0000] {processor.py:183} INFO - Processing /home/airflow/.local/lib/python3.12/site-packages/airflow/example_dags/example_branch_day_of_week_operator.py took 0.061 seconds
[2024-06-11T22:54:06.409+0000] {processor.py:161} INFO - Started process (PID=1229) to work on /home/airflow/.local/lib/python3.12/site-packages/airflow/example_dags/example_branch_day_of_week_operator.py
[2024-06-11T22:54:06.410+0000] {processor.py:830} INFO - Processing file /home/airflow/.local/lib/python3.12/site-packages/airflow/example_dags/example_branch_day_of_week_operator.py for tasks to queue
[2024-06-11T22:54:06.412+0000] {logging_mixin.py:188} INFO - [2024-06-11T22:54:06.412+0000] {dagbag.py:545} INFO - Filling up the DagBag from /home/airflow/.local/lib/python3.12/site-packages/airflow/example_dags/example_branch_day_of_week_operator.py
[2024-06-11T22:54:06.419+0000] {processor.py:840} INFO - DAG(s) 'example_weekday_branch_operator' retrieved from /home/airflow/.local/lib/python3.12/site-packages/airflow/example_dags/example_branch_day_of_week_operator.py
[2024-06-11T22:54:06.437+0000] {logging_mixin.py:188} INFO - [2024-06-11T22:54:06.437+0000] {dag.py:3096} INFO - Sync 1 DAGs
[2024-06-11T22:54:06.458+0000] {logging_mixin.py:188} INFO - [2024-06-11T22:54:06.457+0000] {dag.py:3954} INFO - Setting next_dagrun for example_weekday_branch_operator to 2024-06-10 00:00:00+00:00, run_after=2024-06-11 00:00:00+00:00
[2024-06-11T22:54:06.477+0000] {processor.py:183} INFO - Processing /home/airflow/.local/lib/python3.12/site-packages/airflow/example_dags/example_branch_day_of_week_operator.py took 0.079 seconds
[2024-06-11T22:54:36.879+0000] {processor.py:161} INFO - Started process (PID=1287) to work on /home/airflow/.local/lib/python3.12/site-packages/airflow/example_dags/example_branch_day_of_week_operator.py
[2024-06-11T22:54:36.880+0000] {processor.py:830} INFO - Processing file /home/airflow/.local/lib/python3.12/site-packages/airflow/example_dags/example_branch_day_of_week_operator.py for tasks to queue
[2024-06-11T22:54:36.882+0000] {logging_mixin.py:188} INFO - [2024-06-11T22:54:36.881+0000] {dagbag.py:545} INFO - Filling up the DagBag from /home/airflow/.local/lib/python3.12/site-packages/airflow/example_dags/example_branch_day_of_week_operator.py
[2024-06-11T22:54:36.892+0000] {processor.py:840} INFO - DAG(s) 'example_weekday_branch_operator' retrieved from /home/airflow/.local/lib/python3.12/site-packages/airflow/example_dags/example_branch_day_of_week_operator.py
[2024-06-11T22:54:36.935+0000] {logging_mixin.py:188} INFO - [2024-06-11T22:54:36.935+0000] {dag.py:3096} INFO - Sync 1 DAGs
[2024-06-11T22:54:36.966+0000] {logging_mixin.py:188} INFO - [2024-06-11T22:54:36.966+0000] {dag.py:3954} INFO - Setting next_dagrun for example_weekday_branch_operator to 2024-06-10 00:00:00+00:00, run_after=2024-06-11 00:00:00+00:00
[2024-06-11T22:54:36.999+0000] {processor.py:183} INFO - Processing /home/airflow/.local/lib/python3.12/site-packages/airflow/example_dags/example_branch_day_of_week_operator.py took 0.127 seconds
[2024-06-11T22:55:07.337+0000] {processor.py:161} INFO - Started process (PID=1345) to work on /home/airflow/.local/lib/python3.12/site-packages/airflow/example_dags/example_branch_day_of_week_operator.py
[2024-06-11T22:55:07.338+0000] {processor.py:830} INFO - Processing file /home/airflow/.local/lib/python3.12/site-packages/airflow/example_dags/example_branch_day_of_week_operator.py for tasks to queue
[2024-06-11T22:55:07.340+0000] {logging_mixin.py:188} INFO - [2024-06-11T22:55:07.339+0000] {dagbag.py:545} INFO - Filling up the DagBag from /home/airflow/.local/lib/python3.12/site-packages/airflow/example_dags/example_branch_day_of_week_operator.py
[2024-06-11T22:55:07.346+0000] {processor.py:840} INFO - DAG(s) 'example_weekday_branch_operator' retrieved from /home/airflow/.local/lib/python3.12/site-packages/airflow/example_dags/example_branch_day_of_week_operator.py
[2024-06-11T22:55:07.389+0000] {logging_mixin.py:188} INFO - [2024-06-11T22:55:07.389+0000] {dag.py:3096} INFO - Sync 1 DAGs
[2024-06-11T22:55:07.408+0000] {logging_mixin.py:188} INFO - [2024-06-11T22:55:07.408+0000] {dag.py:3954} INFO - Setting next_dagrun for example_weekday_branch_operator to 2024-06-10 00:00:00+00:00, run_after=2024-06-11 00:00:00+00:00
[2024-06-11T22:55:07.425+0000] {processor.py:183} INFO - Processing /home/airflow/.local/lib/python3.12/site-packages/airflow/example_dags/example_branch_day_of_week_operator.py took 0.095 seconds
[2024-06-11T22:55:38.217+0000] {processor.py:161} INFO - Started process (PID=1403) to work on /home/airflow/.local/lib/python3.12/site-packages/airflow/example_dags/example_branch_day_of_week_operator.py
[2024-06-11T22:55:38.218+0000] {processor.py:830} INFO - Processing file /home/airflow/.local/lib/python3.12/site-packages/airflow/example_dags/example_branch_day_of_week_operator.py for tasks to queue
[2024-06-11T22:55:38.219+0000] {logging_mixin.py:188} INFO - [2024-06-11T22:55:38.219+0000] {dagbag.py:545} INFO - Filling up the DagBag from /home/airflow/.local/lib/python3.12/site-packages/airflow/example_dags/example_branch_day_of_week_operator.py
[2024-06-11T22:55:38.225+0000] {processor.py:840} INFO - DAG(s) 'example_weekday_branch_operator' retrieved from /home/airflow/.local/lib/python3.12/site-packages/airflow/example_dags/example_branch_day_of_week_operator.py
[2024-06-11T22:55:38.239+0000] {logging_mixin.py:188} INFO - [2024-06-11T22:55:38.239+0000] {dag.py:3096} INFO - Sync 1 DAGs
[2024-06-11T22:55:38.255+0000] {logging_mixin.py:188} INFO - [2024-06-11T22:55:38.255+0000] {dag.py:3954} INFO - Setting next_dagrun for example_weekday_branch_operator to 2024-06-10 00:00:00+00:00, run_after=2024-06-11 00:00:00+00:00
[2024-06-11T22:55:38.269+0000] {processor.py:183} INFO - Processing /home/airflow/.local/lib/python3.12/site-packages/airflow/example_dags/example_branch_day_of_week_operator.py took 0.057 seconds
[2024-06-11T22:56:08.590+0000] {processor.py:161} INFO - Started process (PID=1460) to work on /home/airflow/.local/lib/python3.12/site-packages/airflow/example_dags/example_branch_day_of_week_operator.py
[2024-06-11T22:56:08.591+0000] {processor.py:830} INFO - Processing file /home/airflow/.local/lib/python3.12/site-packages/airflow/example_dags/example_branch_day_of_week_operator.py for tasks to queue
[2024-06-11T22:56:08.593+0000] {logging_mixin.py:188} INFO - [2024-06-11T22:56:08.593+0000] {dagbag.py:545} INFO - Filling up the DagBag from /home/airflow/.local/lib/python3.12/site-packages/airflow/example_dags/example_branch_day_of_week_operator.py
[2024-06-11T22:56:08.599+0000] {processor.py:840} INFO - DAG(s) 'example_weekday_branch_operator' retrieved from /home/airflow/.local/lib/python3.12/site-packages/airflow/example_dags/example_branch_day_of_week_operator.py
[2024-06-11T22:56:08.615+0000] {logging_mixin.py:188} INFO - [2024-06-11T22:56:08.615+0000] {dag.py:3096} INFO - Sync 1 DAGs
[2024-06-11T22:56:08.631+0000] {logging_mixin.py:188} INFO - [2024-06-11T22:56:08.630+0000] {dag.py:3954} INFO - Setting next_dagrun for example_weekday_branch_operator to 2024-06-10 00:00:00+00:00, run_after=2024-06-11 00:00:00+00:00
[2024-06-11T22:56:08.646+0000] {processor.py:183} INFO - Processing /home/airflow/.local/lib/python3.12/site-packages/airflow/example_dags/example_branch_day_of_week_operator.py took 0.060 seconds
[2024-06-11T22:56:38.996+0000] {processor.py:161} INFO - Started process (PID=1518) to work on /home/airflow/.local/lib/python3.12/site-packages/airflow/example_dags/example_branch_day_of_week_operator.py
[2024-06-11T22:56:38.997+0000] {processor.py:830} INFO - Processing file /home/airflow/.local/lib/python3.12/site-packages/airflow/example_dags/example_branch_day_of_week_operator.py for tasks to queue
[2024-06-11T22:56:38.999+0000] {logging_mixin.py:188} INFO - [2024-06-11T22:56:38.999+0000] {dagbag.py:545} INFO - Filling up the DagBag from /home/airflow/.local/lib/python3.12/site-packages/airflow/example_dags/example_branch_day_of_week_operator.py
[2024-06-11T22:56:39.005+0000] {processor.py:840} INFO - DAG(s) 'example_weekday_branch_operator' retrieved from /home/airflow/.local/lib/python3.12/site-packages/airflow/example_dags/example_branch_day_of_week_operator.py
[2024-06-11T22:56:39.021+0000] {logging_mixin.py:188} INFO - [2024-06-11T22:56:39.021+0000] {dag.py:3096} INFO - Sync 1 DAGs
[2024-06-11T22:56:39.038+0000] {logging_mixin.py:188} INFO - [2024-06-11T22:56:39.038+0000] {dag.py:3954} INFO - Setting next_dagrun for example_weekday_branch_operator to 2024-06-10 00:00:00+00:00, run_after=2024-06-11 00:00:00+00:00
[2024-06-11T22:56:39.053+0000] {processor.py:183} INFO - Processing /home/airflow/.local/lib/python3.12/site-packages/airflow/example_dags/example_branch_day_of_week_operator.py took 0.064 seconds
[2024-06-11T22:57:09.292+0000] {processor.py:161} INFO - Started process (PID=1576) to work on /home/airflow/.local/lib/python3.12/site-packages/airflow/example_dags/example_branch_day_of_week_operator.py
[2024-06-11T22:57:09.293+0000] {processor.py:830} INFO - Processing file /home/airflow/.local/lib/python3.12/site-packages/airflow/example_dags/example_branch_day_of_week_operator.py for tasks to queue
[2024-06-11T22:57:09.295+0000] {logging_mixin.py:188} INFO - [2024-06-11T22:57:09.294+0000] {dagbag.py:545} INFO - Filling up the DagBag from /home/airflow/.local/lib/python3.12/site-packages/airflow/example_dags/example_branch_day_of_week_operator.py
[2024-06-11T22:57:09.302+0000] {processor.py:840} INFO - DAG(s) 'example_weekday_branch_operator' retrieved from /home/airflow/.local/lib/python3.12/site-packages/airflow/example_dags/example_branch_day_of_week_operator.py
[2024-06-11T22:57:09.321+0000] {logging_mixin.py:188} INFO - [2024-06-11T22:57:09.321+0000] {dag.py:3096} INFO - Sync 1 DAGs
[2024-06-11T22:57:09.341+0000] {logging_mixin.py:188} INFO - [2024-06-11T22:57:09.341+0000] {dag.py:3954} INFO - Setting next_dagrun for example_weekday_branch_operator to 2024-06-10 00:00:00+00:00, run_after=2024-06-11 00:00:00+00:00
[2024-06-11T22:57:09.359+0000] {processor.py:183} INFO - Processing /home/airflow/.local/lib/python3.12/site-packages/airflow/example_dags/example_branch_day_of_week_operator.py took 0.072 seconds
[2024-06-11T22:57:40.532+0000] {processor.py:161} INFO - Started process (PID=1633) to work on /home/airflow/.local/lib/python3.12/site-packages/airflow/example_dags/example_branch_day_of_week_operator.py
[2024-06-11T22:57:40.533+0000] {processor.py:830} INFO - Processing file /home/airflow/.local/lib/python3.12/site-packages/airflow/example_dags/example_branch_day_of_week_operator.py for tasks to queue
[2024-06-11T22:57:40.536+0000] {logging_mixin.py:188} INFO - [2024-06-11T22:57:40.535+0000] {dagbag.py:545} INFO - Filling up the DagBag from /home/airflow/.local/lib/python3.12/site-packages/airflow/example_dags/example_branch_day_of_week_operator.py
[2024-06-11T22:57:40.550+0000] {processor.py:840} INFO - DAG(s) 'example_weekday_branch_operator' retrieved from /home/airflow/.local/lib/python3.12/site-packages/airflow/example_dags/example_branch_day_of_week_operator.py
[2024-06-11T22:57:40.579+0000] {logging_mixin.py:188} INFO - [2024-06-11T22:57:40.579+0000] {dag.py:3096} INFO - Sync 1 DAGs
[2024-06-11T22:57:40.642+0000] {logging_mixin.py:188} INFO - [2024-06-11T22:57:40.642+0000] {dag.py:3954} INFO - Setting next_dagrun for example_weekday_branch_operator to 2024-06-10 00:00:00+00:00, run_after=2024-06-11 00:00:00+00:00
[2024-06-11T22:57:40.673+0000] {processor.py:183} INFO - Processing /home/airflow/.local/lib/python3.12/site-packages/airflow/example_dags/example_branch_day_of_week_operator.py took 0.150 seconds
[2024-06-11T22:58:12.217+0000] {processor.py:161} INFO - Started process (PID=1691) to work on /home/airflow/.local/lib/python3.12/site-packages/airflow/example_dags/example_branch_day_of_week_operator.py
[2024-06-11T22:58:12.320+0000] {processor.py:830} INFO - Processing file /home/airflow/.local/lib/python3.12/site-packages/airflow/example_dags/example_branch_day_of_week_operator.py for tasks to queue
[2024-06-11T22:58:12.323+0000] {logging_mixin.py:188} INFO - [2024-06-11T22:58:12.323+0000] {dagbag.py:545} INFO - Filling up the DagBag from /home/airflow/.local/lib/python3.12/site-packages/airflow/example_dags/example_branch_day_of_week_operator.py
[2024-06-11T22:58:12.338+0000] {processor.py:840} INFO - DAG(s) 'example_weekday_branch_operator' retrieved from /home/airflow/.local/lib/python3.12/site-packages/airflow/example_dags/example_branch_day_of_week_operator.py
[2024-06-11T22:58:12.367+0000] {logging_mixin.py:188} INFO - [2024-06-11T22:58:12.366+0000] {dag.py:3096} INFO - Sync 1 DAGs
[2024-06-11T22:58:12.502+0000] {logging_mixin.py:188} INFO - [2024-06-11T22:58:12.502+0000] {dag.py:3954} INFO - Setting next_dagrun for example_weekday_branch_operator to 2024-06-10 00:00:00+00:00, run_after=2024-06-11 00:00:00+00:00
[2024-06-11T22:58:12.533+0000] {processor.py:183} INFO - Processing /home/airflow/.local/lib/python3.12/site-packages/airflow/example_dags/example_branch_day_of_week_operator.py took 0.320 seconds
[2024-06-11T22:58:43.157+0000] {processor.py:161} INFO - Started process (PID=1749) to work on /home/airflow/.local/lib/python3.12/site-packages/airflow/example_dags/example_branch_day_of_week_operator.py
[2024-06-11T22:58:43.158+0000] {processor.py:830} INFO - Processing file /home/airflow/.local/lib/python3.12/site-packages/airflow/example_dags/example_branch_day_of_week_operator.py for tasks to queue
[2024-06-11T22:58:43.160+0000] {logging_mixin.py:188} INFO - [2024-06-11T22:58:43.159+0000] {dagbag.py:545} INFO - Filling up the DagBag from /home/airflow/.local/lib/python3.12/site-packages/airflow/example_dags/example_branch_day_of_week_operator.py
[2024-06-11T22:58:43.166+0000] {processor.py:840} INFO - DAG(s) 'example_weekday_branch_operator' retrieved from /home/airflow/.local/lib/python3.12/site-packages/airflow/example_dags/example_branch_day_of_week_operator.py
[2024-06-11T22:58:43.184+0000] {logging_mixin.py:188} INFO - [2024-06-11T22:58:43.184+0000] {dag.py:3096} INFO - Sync 1 DAGs
[2024-06-11T22:58:43.207+0000] {logging_mixin.py:188} INFO - [2024-06-11T22:58:43.206+0000] {dag.py:3954} INFO - Setting next_dagrun for example_weekday_branch_operator to 2024-06-10 00:00:00+00:00, run_after=2024-06-11 00:00:00+00:00
[2024-06-11T22:58:43.225+0000] {processor.py:183} INFO - Processing /home/airflow/.local/lib/python3.12/site-packages/airflow/example_dags/example_branch_day_of_week_operator.py took 0.072 seconds
[2024-06-11T22:59:13.491+0000] {processor.py:161} INFO - Started process (PID=1807) to work on /home/airflow/.local/lib/python3.12/site-packages/airflow/example_dags/example_branch_day_of_week_operator.py
[2024-06-11T22:59:13.492+0000] {processor.py:830} INFO - Processing file /home/airflow/.local/lib/python3.12/site-packages/airflow/example_dags/example_branch_day_of_week_operator.py for tasks to queue
[2024-06-11T22:59:13.493+0000] {logging_mixin.py:188} INFO - [2024-06-11T22:59:13.493+0000] {dagbag.py:545} INFO - Filling up the DagBag from /home/airflow/.local/lib/python3.12/site-packages/airflow/example_dags/example_branch_day_of_week_operator.py
[2024-06-11T22:59:13.498+0000] {processor.py:840} INFO - DAG(s) 'example_weekday_branch_operator' retrieved from /home/airflow/.local/lib/python3.12/site-packages/airflow/example_dags/example_branch_day_of_week_operator.py
[2024-06-11T22:59:13.516+0000] {logging_mixin.py:188} INFO - [2024-06-11T22:59:13.515+0000] {dag.py:3096} INFO - Sync 1 DAGs
[2024-06-11T22:59:13.536+0000] {logging_mixin.py:188} INFO - [2024-06-11T22:59:13.536+0000] {dag.py:3954} INFO - Setting next_dagrun for example_weekday_branch_operator to 2024-06-10 00:00:00+00:00, run_after=2024-06-11 00:00:00+00:00
[2024-06-11T22:59:13.558+0000] {processor.py:183} INFO - Processing /home/airflow/.local/lib/python3.12/site-packages/airflow/example_dags/example_branch_day_of_week_operator.py took 0.071 seconds
[2024-06-11T22:59:44.267+0000] {processor.py:161} INFO - Started process (PID=1865) to work on /home/airflow/.local/lib/python3.12/site-packages/airflow/example_dags/example_branch_day_of_week_operator.py
[2024-06-11T22:59:44.270+0000] {processor.py:830} INFO - Processing file /home/airflow/.local/lib/python3.12/site-packages/airflow/example_dags/example_branch_day_of_week_operator.py for tasks to queue
[2024-06-11T22:59:44.271+0000] {logging_mixin.py:188} INFO - [2024-06-11T22:59:44.271+0000] {dagbag.py:545} INFO - Filling up the DagBag from /home/airflow/.local/lib/python3.12/site-packages/airflow/example_dags/example_branch_day_of_week_operator.py
[2024-06-11T22:59:44.277+0000] {processor.py:840} INFO - DAG(s) 'example_weekday_branch_operator' retrieved from /home/airflow/.local/lib/python3.12/site-packages/airflow/example_dags/example_branch_day_of_week_operator.py
[2024-06-11T22:59:44.296+0000] {logging_mixin.py:188} INFO - [2024-06-11T22:59:44.296+0000] {dag.py:3096} INFO - Sync 1 DAGs
[2024-06-11T22:59:44.316+0000] {logging_mixin.py:188} INFO - [2024-06-11T22:59:44.316+0000] {dag.py:3954} INFO - Setting next_dagrun for example_weekday_branch_operator to 2024-06-10 00:00:00+00:00, run_after=2024-06-11 00:00:00+00:00
[2024-06-11T22:59:44.332+0000] {processor.py:183} INFO - Processing /home/airflow/.local/lib/python3.12/site-packages/airflow/example_dags/example_branch_day_of_week_operator.py took 0.070 seconds
[2024-06-11T23:00:15.142+0000] {processor.py:161} INFO - Started process (PID=1924) to work on /home/airflow/.local/lib/python3.12/site-packages/airflow/example_dags/example_branch_day_of_week_operator.py
[2024-06-11T23:00:15.143+0000] {processor.py:830} INFO - Processing file /home/airflow/.local/lib/python3.12/site-packages/airflow/example_dags/example_branch_day_of_week_operator.py for tasks to queue
[2024-06-11T23:00:15.145+0000] {logging_mixin.py:188} INFO - [2024-06-11T23:00:15.145+0000] {dagbag.py:545} INFO - Filling up the DagBag from /home/airflow/.local/lib/python3.12/site-packages/airflow/example_dags/example_branch_day_of_week_operator.py
[2024-06-11T23:00:15.150+0000] {processor.py:840} INFO - DAG(s) 'example_weekday_branch_operator' retrieved from /home/airflow/.local/lib/python3.12/site-packages/airflow/example_dags/example_branch_day_of_week_operator.py
[2024-06-11T23:00:15.168+0000] {logging_mixin.py:188} INFO - [2024-06-11T23:00:15.167+0000] {dag.py:3096} INFO - Sync 1 DAGs
[2024-06-11T23:00:15.298+0000] {logging_mixin.py:188} INFO - [2024-06-11T23:00:15.298+0000] {dag.py:3954} INFO - Setting next_dagrun for example_weekday_branch_operator to 2024-06-10 00:00:00+00:00, run_after=2024-06-11 00:00:00+00:00
[2024-06-11T23:00:15.319+0000] {processor.py:183} INFO - Processing /home/airflow/.local/lib/python3.12/site-packages/airflow/example_dags/example_branch_day_of_week_operator.py took 0.181 seconds
[2024-06-11T23:00:45.505+0000] {processor.py:161} INFO - Started process (PID=1982) to work on /home/airflow/.local/lib/python3.12/site-packages/airflow/example_dags/example_branch_day_of_week_operator.py
[2024-06-11T23:00:45.506+0000] {processor.py:830} INFO - Processing file /home/airflow/.local/lib/python3.12/site-packages/airflow/example_dags/example_branch_day_of_week_operator.py for tasks to queue
[2024-06-11T23:00:45.507+0000] {logging_mixin.py:188} INFO - [2024-06-11T23:00:45.507+0000] {dagbag.py:545} INFO - Filling up the DagBag from /home/airflow/.local/lib/python3.12/site-packages/airflow/example_dags/example_branch_day_of_week_operator.py
[2024-06-11T23:00:45.514+0000] {processor.py:840} INFO - DAG(s) 'example_weekday_branch_operator' retrieved from /home/airflow/.local/lib/python3.12/site-packages/airflow/example_dags/example_branch_day_of_week_operator.py
[2024-06-11T23:00:45.532+0000] {logging_mixin.py:188} INFO - [2024-06-11T23:00:45.532+0000] {dag.py:3096} INFO - Sync 1 DAGs
[2024-06-11T23:00:45.665+0000] {logging_mixin.py:188} INFO - [2024-06-11T23:00:45.665+0000] {dag.py:3954} INFO - Setting next_dagrun for example_weekday_branch_operator to 2024-06-10 00:00:00+00:00, run_after=2024-06-11 00:00:00+00:00
[2024-06-11T23:00:45.682+0000] {processor.py:183} INFO - Processing /home/airflow/.local/lib/python3.12/site-packages/airflow/example_dags/example_branch_day_of_week_operator.py took 0.183 seconds
[2024-06-11T23:01:16.774+0000] {processor.py:161} INFO - Started process (PID=2040) to work on /home/airflow/.local/lib/python3.12/site-packages/airflow/example_dags/example_branch_day_of_week_operator.py
[2024-06-11T23:01:16.777+0000] {processor.py:830} INFO - Processing file /home/airflow/.local/lib/python3.12/site-packages/airflow/example_dags/example_branch_day_of_week_operator.py for tasks to queue
[2024-06-11T23:01:16.780+0000] {logging_mixin.py:188} INFO - [2024-06-11T23:01:16.779+0000] {dagbag.py:545} INFO - Filling up the DagBag from /home/airflow/.local/lib/python3.12/site-packages/airflow/example_dags/example_branch_day_of_week_operator.py
[2024-06-11T23:01:16.788+0000] {processor.py:840} INFO - DAG(s) 'example_weekday_branch_operator' retrieved from /home/airflow/.local/lib/python3.12/site-packages/airflow/example_dags/example_branch_day_of_week_operator.py
[2024-06-11T23:01:16.808+0000] {logging_mixin.py:188} INFO - [2024-06-11T23:01:16.808+0000] {dag.py:3096} INFO - Sync 1 DAGs
[2024-06-11T23:01:16.829+0000] {logging_mixin.py:188} INFO - [2024-06-11T23:01:16.829+0000] {dag.py:3954} INFO - Setting next_dagrun for example_weekday_branch_operator to 2024-06-10 00:00:00+00:00, run_after=2024-06-11 00:00:00+00:00
[2024-06-11T23:01:16.849+0000] {processor.py:183} INFO - Processing /home/airflow/.local/lib/python3.12/site-packages/airflow/example_dags/example_branch_day_of_week_operator.py took 0.081 seconds
[2024-06-11T23:01:47.018+0000] {processor.py:161} INFO - Started process (PID=2098) to work on /home/airflow/.local/lib/python3.12/site-packages/airflow/example_dags/example_branch_day_of_week_operator.py
[2024-06-11T23:01:47.019+0000] {processor.py:830} INFO - Processing file /home/airflow/.local/lib/python3.12/site-packages/airflow/example_dags/example_branch_day_of_week_operator.py for tasks to queue
[2024-06-11T23:01:47.022+0000] {logging_mixin.py:188} INFO - [2024-06-11T23:01:47.022+0000] {dagbag.py:545} INFO - Filling up the DagBag from /home/airflow/.local/lib/python3.12/site-packages/airflow/example_dags/example_branch_day_of_week_operator.py
[2024-06-11T23:01:47.028+0000] {processor.py:840} INFO - DAG(s) 'example_weekday_branch_operator' retrieved from /home/airflow/.local/lib/python3.12/site-packages/airflow/example_dags/example_branch_day_of_week_operator.py
[2024-06-11T23:01:47.051+0000] {logging_mixin.py:188} INFO - [2024-06-11T23:01:47.050+0000] {dag.py:3096} INFO - Sync 1 DAGs
[2024-06-11T23:01:47.075+0000] {logging_mixin.py:188} INFO - [2024-06-11T23:01:47.074+0000] {dag.py:3954} INFO - Setting next_dagrun for example_weekday_branch_operator to 2024-06-10 00:00:00+00:00, run_after=2024-06-11 00:00:00+00:00
[2024-06-11T23:01:47.097+0000] {processor.py:183} INFO - Processing /home/airflow/.local/lib/python3.12/site-packages/airflow/example_dags/example_branch_day_of_week_operator.py took 0.084 seconds
[2024-06-11T23:02:18.003+0000] {processor.py:161} INFO - Started process (PID=2156) to work on /home/airflow/.local/lib/python3.12/site-packages/airflow/example_dags/example_branch_day_of_week_operator.py
[2024-06-11T23:02:18.004+0000] {processor.py:830} INFO - Processing file /home/airflow/.local/lib/python3.12/site-packages/airflow/example_dags/example_branch_day_of_week_operator.py for tasks to queue
[2024-06-11T23:02:18.006+0000] {logging_mixin.py:188} INFO - [2024-06-11T23:02:18.006+0000] {dagbag.py:545} INFO - Filling up the DagBag from /home/airflow/.local/lib/python3.12/site-packages/airflow/example_dags/example_branch_day_of_week_operator.py
[2024-06-11T23:02:18.013+0000] {processor.py:840} INFO - DAG(s) 'example_weekday_branch_operator' retrieved from /home/airflow/.local/lib/python3.12/site-packages/airflow/example_dags/example_branch_day_of_week_operator.py
[2024-06-11T23:02:18.038+0000] {logging_mixin.py:188} INFO - [2024-06-11T23:02:18.038+0000] {dag.py:3096} INFO - Sync 1 DAGs
[2024-06-11T23:02:18.058+0000] {logging_mixin.py:188} INFO - [2024-06-11T23:02:18.058+0000] {dag.py:3954} INFO - Setting next_dagrun for example_weekday_branch_operator to 2024-06-10 00:00:00+00:00, run_after=2024-06-11 00:00:00+00:00
[2024-06-11T23:02:18.075+0000] {processor.py:183} INFO - Processing /home/airflow/.local/lib/python3.12/site-packages/airflow/example_dags/example_branch_day_of_week_operator.py took 0.083 seconds
[2024-06-11T23:02:48.389+0000] {processor.py:161} INFO - Started process (PID=2214) to work on /home/airflow/.local/lib/python3.12/site-packages/airflow/example_dags/example_branch_day_of_week_operator.py
[2024-06-11T23:02:48.390+0000] {processor.py:830} INFO - Processing file /home/airflow/.local/lib/python3.12/site-packages/airflow/example_dags/example_branch_day_of_week_operator.py for tasks to queue
[2024-06-11T23:02:48.392+0000] {logging_mixin.py:188} INFO - [2024-06-11T23:02:48.392+0000] {dagbag.py:545} INFO - Filling up the DagBag from /home/airflow/.local/lib/python3.12/site-packages/airflow/example_dags/example_branch_day_of_week_operator.py
[2024-06-11T23:02:48.399+0000] {processor.py:840} INFO - DAG(s) 'example_weekday_branch_operator' retrieved from /home/airflow/.local/lib/python3.12/site-packages/airflow/example_dags/example_branch_day_of_week_operator.py
[2024-06-11T23:02:48.419+0000] {logging_mixin.py:188} INFO - [2024-06-11T23:02:48.419+0000] {dag.py:3096} INFO - Sync 1 DAGs
[2024-06-11T23:02:48.440+0000] {logging_mixin.py:188} INFO - [2024-06-11T23:02:48.440+0000] {dag.py:3954} INFO - Setting next_dagrun for example_weekday_branch_operator to 2024-06-10 00:00:00+00:00, run_after=2024-06-11 00:00:00+00:00
[2024-06-11T23:02:48.460+0000] {processor.py:183} INFO - Processing /home/airflow/.local/lib/python3.12/site-packages/airflow/example_dags/example_branch_day_of_week_operator.py took 0.078 seconds
[2024-06-11T23:03:19.797+0000] {processor.py:161} INFO - Started process (PID=2272) to work on /home/airflow/.local/lib/python3.12/site-packages/airflow/example_dags/example_branch_day_of_week_operator.py
[2024-06-11T23:03:19.798+0000] {processor.py:830} INFO - Processing file /home/airflow/.local/lib/python3.12/site-packages/airflow/example_dags/example_branch_day_of_week_operator.py for tasks to queue
[2024-06-11T23:03:19.800+0000] {logging_mixin.py:188} INFO - [2024-06-11T23:03:19.800+0000] {dagbag.py:545} INFO - Filling up the DagBag from /home/airflow/.local/lib/python3.12/site-packages/airflow/example_dags/example_branch_day_of_week_operator.py
[2024-06-11T23:03:19.808+0000] {processor.py:840} INFO - DAG(s) 'example_weekday_branch_operator' retrieved from /home/airflow/.local/lib/python3.12/site-packages/airflow/example_dags/example_branch_day_of_week_operator.py
[2024-06-11T23:03:19.829+0000] {logging_mixin.py:188} INFO - [2024-06-11T23:03:19.829+0000] {dag.py:3096} INFO - Sync 1 DAGs
[2024-06-11T23:03:19.849+0000] {logging_mixin.py:188} INFO - [2024-06-11T23:03:19.849+0000] {dag.py:3954} INFO - Setting next_dagrun for example_weekday_branch_operator to 2024-06-10 00:00:00+00:00, run_after=2024-06-11 00:00:00+00:00
[2024-06-11T23:03:19.913+0000] {processor.py:183} INFO - Processing /home/airflow/.local/lib/python3.12/site-packages/airflow/example_dags/example_branch_day_of_week_operator.py took 0.121 seconds
[2024-06-11T23:03:50.160+0000] {processor.py:161} INFO - Started process (PID=2330) to work on /home/airflow/.local/lib/python3.12/site-packages/airflow/example_dags/example_branch_day_of_week_operator.py
[2024-06-11T23:03:50.162+0000] {processor.py:830} INFO - Processing file /home/airflow/.local/lib/python3.12/site-packages/airflow/example_dags/example_branch_day_of_week_operator.py for tasks to queue
[2024-06-11T23:03:50.164+0000] {logging_mixin.py:188} INFO - [2024-06-11T23:03:50.164+0000] {dagbag.py:545} INFO - Filling up the DagBag from /home/airflow/.local/lib/python3.12/site-packages/airflow/example_dags/example_branch_day_of_week_operator.py
[2024-06-11T23:03:50.173+0000] {processor.py:840} INFO - DAG(s) 'example_weekday_branch_operator' retrieved from /home/airflow/.local/lib/python3.12/site-packages/airflow/example_dags/example_branch_day_of_week_operator.py
[2024-06-11T23:03:50.191+0000] {logging_mixin.py:188} INFO - [2024-06-11T23:03:50.191+0000] {dag.py:3096} INFO - Sync 1 DAGs
[2024-06-11T23:03:50.212+0000] {logging_mixin.py:188} INFO - [2024-06-11T23:03:50.212+0000] {dag.py:3954} INFO - Setting next_dagrun for example_weekday_branch_operator to 2024-06-10 00:00:00+00:00, run_after=2024-06-11 00:00:00+00:00
[2024-06-11T23:03:50.231+0000] {processor.py:183} INFO - Processing /home/airflow/.local/lib/python3.12/site-packages/airflow/example_dags/example_branch_day_of_week_operator.py took 0.076 seconds
[2024-06-11T23:04:20.632+0000] {processor.py:161} INFO - Started process (PID=2388) to work on /home/airflow/.local/lib/python3.12/site-packages/airflow/example_dags/example_branch_day_of_week_operator.py
[2024-06-11T23:04:20.633+0000] {processor.py:830} INFO - Processing file /home/airflow/.local/lib/python3.12/site-packages/airflow/example_dags/example_branch_day_of_week_operator.py for tasks to queue
[2024-06-11T23:04:20.635+0000] {logging_mixin.py:188} INFO - [2024-06-11T23:04:20.635+0000] {dagbag.py:545} INFO - Filling up the DagBag from /home/airflow/.local/lib/python3.12/site-packages/airflow/example_dags/example_branch_day_of_week_operator.py
[2024-06-11T23:04:20.642+0000] {processor.py:840} INFO - DAG(s) 'example_weekday_branch_operator' retrieved from /home/airflow/.local/lib/python3.12/site-packages/airflow/example_dags/example_branch_day_of_week_operator.py
[2024-06-11T23:04:20.659+0000] {logging_mixin.py:188} INFO - [2024-06-11T23:04:20.659+0000] {dag.py:3096} INFO - Sync 1 DAGs
[2024-06-11T23:04:20.681+0000] {logging_mixin.py:188} INFO - [2024-06-11T23:04:20.681+0000] {dag.py:3954} INFO - Setting next_dagrun for example_weekday_branch_operator to 2024-06-10 00:00:00+00:00, run_after=2024-06-11 00:00:00+00:00
[2024-06-11T23:04:20.701+0000] {processor.py:183} INFO - Processing /home/airflow/.local/lib/python3.12/site-packages/airflow/example_dags/example_branch_day_of_week_operator.py took 0.074 seconds
[2024-06-11T23:04:50.892+0000] {processor.py:161} INFO - Started process (PID=2447) to work on /home/airflow/.local/lib/python3.12/site-packages/airflow/example_dags/example_branch_day_of_week_operator.py
[2024-06-11T23:04:50.894+0000] {processor.py:830} INFO - Processing file /home/airflow/.local/lib/python3.12/site-packages/airflow/example_dags/example_branch_day_of_week_operator.py for tasks to queue
[2024-06-11T23:04:50.895+0000] {logging_mixin.py:188} INFO - [2024-06-11T23:04:50.895+0000] {dagbag.py:545} INFO - Filling up the DagBag from /home/airflow/.local/lib/python3.12/site-packages/airflow/example_dags/example_branch_day_of_week_operator.py
[2024-06-11T23:04:50.902+0000] {processor.py:840} INFO - DAG(s) 'example_weekday_branch_operator' retrieved from /home/airflow/.local/lib/python3.12/site-packages/airflow/example_dags/example_branch_day_of_week_operator.py
[2024-06-11T23:04:50.920+0000] {logging_mixin.py:188} INFO - [2024-06-11T23:04:50.919+0000] {dag.py:3096} INFO - Sync 1 DAGs
[2024-06-11T23:04:50.940+0000] {logging_mixin.py:188} INFO - [2024-06-11T23:04:50.940+0000] {dag.py:3954} INFO - Setting next_dagrun for example_weekday_branch_operator to 2024-06-10 00:00:00+00:00, run_after=2024-06-11 00:00:00+00:00
[2024-06-11T23:04:50.956+0000] {processor.py:183} INFO - Processing /home/airflow/.local/lib/python3.12/site-packages/airflow/example_dags/example_branch_day_of_week_operator.py took 0.069 seconds
[2024-06-11T23:05:21.539+0000] {processor.py:161} INFO - Started process (PID=2505) to work on /home/airflow/.local/lib/python3.12/site-packages/airflow/example_dags/example_branch_day_of_week_operator.py
[2024-06-11T23:05:21.540+0000] {processor.py:830} INFO - Processing file /home/airflow/.local/lib/python3.12/site-packages/airflow/example_dags/example_branch_day_of_week_operator.py for tasks to queue
[2024-06-11T23:05:21.541+0000] {logging_mixin.py:188} INFO - [2024-06-11T23:05:21.541+0000] {dagbag.py:545} INFO - Filling up the DagBag from /home/airflow/.local/lib/python3.12/site-packages/airflow/example_dags/example_branch_day_of_week_operator.py
[2024-06-11T23:05:21.549+0000] {processor.py:840} INFO - DAG(s) 'example_weekday_branch_operator' retrieved from /home/airflow/.local/lib/python3.12/site-packages/airflow/example_dags/example_branch_day_of_week_operator.py
[2024-06-11T23:05:21.567+0000] {logging_mixin.py:188} INFO - [2024-06-11T23:05:21.567+0000] {dag.py:3096} INFO - Sync 1 DAGs
[2024-06-11T23:05:21.587+0000] {logging_mixin.py:188} INFO - [2024-06-11T23:05:21.586+0000] {dag.py:3954} INFO - Setting next_dagrun for example_weekday_branch_operator to 2024-06-10 00:00:00+00:00, run_after=2024-06-11 00:00:00+00:00
[2024-06-11T23:05:21.602+0000] {processor.py:183} INFO - Processing /home/airflow/.local/lib/python3.12/site-packages/airflow/example_dags/example_branch_day_of_week_operator.py took 0.068 seconds
[2024-06-11T23:05:51.730+0000] {processor.py:161} INFO - Started process (PID=2563) to work on /home/airflow/.local/lib/python3.12/site-packages/airflow/example_dags/example_branch_day_of_week_operator.py
[2024-06-11T23:05:51.730+0000] {processor.py:830} INFO - Processing file /home/airflow/.local/lib/python3.12/site-packages/airflow/example_dags/example_branch_day_of_week_operator.py for tasks to queue
[2024-06-11T23:05:51.732+0000] {logging_mixin.py:188} INFO - [2024-06-11T23:05:51.732+0000] {dagbag.py:545} INFO - Filling up the DagBag from /home/airflow/.local/lib/python3.12/site-packages/airflow/example_dags/example_branch_day_of_week_operator.py
[2024-06-11T23:05:51.740+0000] {processor.py:840} INFO - DAG(s) 'example_weekday_branch_operator' retrieved from /home/airflow/.local/lib/python3.12/site-packages/airflow/example_dags/example_branch_day_of_week_operator.py
[2024-06-11T23:05:51.758+0000] {logging_mixin.py:188} INFO - [2024-06-11T23:05:51.758+0000] {dag.py:3096} INFO - Sync 1 DAGs
[2024-06-11T23:05:51.778+0000] {logging_mixin.py:188} INFO - [2024-06-11T23:05:51.777+0000] {dag.py:3954} INFO - Setting next_dagrun for example_weekday_branch_operator to 2024-06-10 00:00:00+00:00, run_after=2024-06-11 00:00:00+00:00
[2024-06-11T23:05:51.794+0000] {processor.py:183} INFO - Processing /home/airflow/.local/lib/python3.12/site-packages/airflow/example_dags/example_branch_day_of_week_operator.py took 0.070 seconds
[2024-06-11T23:06:21.980+0000] {processor.py:161} INFO - Started process (PID=2621) to work on /home/airflow/.local/lib/python3.12/site-packages/airflow/example_dags/example_branch_day_of_week_operator.py
[2024-06-11T23:06:21.981+0000] {processor.py:830} INFO - Processing file /home/airflow/.local/lib/python3.12/site-packages/airflow/example_dags/example_branch_day_of_week_operator.py for tasks to queue
[2024-06-11T23:06:21.983+0000] {logging_mixin.py:188} INFO - [2024-06-11T23:06:21.983+0000] {dagbag.py:545} INFO - Filling up the DagBag from /home/airflow/.local/lib/python3.12/site-packages/airflow/example_dags/example_branch_day_of_week_operator.py
[2024-06-11T23:06:21.990+0000] {processor.py:840} INFO - DAG(s) 'example_weekday_branch_operator' retrieved from /home/airflow/.local/lib/python3.12/site-packages/airflow/example_dags/example_branch_day_of_week_operator.py
[2024-06-11T23:06:22.008+0000] {logging_mixin.py:188} INFO - [2024-06-11T23:06:22.008+0000] {dag.py:3096} INFO - Sync 1 DAGs
[2024-06-11T23:06:22.030+0000] {logging_mixin.py:188} INFO - [2024-06-11T23:06:22.030+0000] {dag.py:3954} INFO - Setting next_dagrun for example_weekday_branch_operator to 2024-06-10 00:00:00+00:00, run_after=2024-06-11 00:00:00+00:00
[2024-06-11T23:06:22.052+0000] {processor.py:183} INFO - Processing /home/airflow/.local/lib/python3.12/site-packages/airflow/example_dags/example_branch_day_of_week_operator.py took 0.077 seconds
[2024-06-11T23:06:52.513+0000] {processor.py:161} INFO - Started process (PID=2679) to work on /home/airflow/.local/lib/python3.12/site-packages/airflow/example_dags/example_branch_day_of_week_operator.py
[2024-06-11T23:06:52.514+0000] {processor.py:830} INFO - Processing file /home/airflow/.local/lib/python3.12/site-packages/airflow/example_dags/example_branch_day_of_week_operator.py for tasks to queue
[2024-06-11T23:06:52.516+0000] {logging_mixin.py:188} INFO - [2024-06-11T23:06:52.516+0000] {dagbag.py:545} INFO - Filling up the DagBag from /home/airflow/.local/lib/python3.12/site-packages/airflow/example_dags/example_branch_day_of_week_operator.py
[2024-06-11T23:06:52.522+0000] {processor.py:840} INFO - DAG(s) 'example_weekday_branch_operator' retrieved from /home/airflow/.local/lib/python3.12/site-packages/airflow/example_dags/example_branch_day_of_week_operator.py
[2024-06-11T23:06:52.541+0000] {logging_mixin.py:188} INFO - [2024-06-11T23:06:52.541+0000] {dag.py:3096} INFO - Sync 1 DAGs
[2024-06-11T23:06:52.560+0000] {logging_mixin.py:188} INFO - [2024-06-11T23:06:52.560+0000] {dag.py:3954} INFO - Setting next_dagrun for example_weekday_branch_operator to 2024-06-10 00:00:00+00:00, run_after=2024-06-11 00:00:00+00:00
[2024-06-11T23:06:52.577+0000] {processor.py:183} INFO - Processing /home/airflow/.local/lib/python3.12/site-packages/airflow/example_dags/example_branch_day_of_week_operator.py took 0.069 seconds
