[2024-06-11T22:43:51.521+0000] {processor.py:161} INFO - Started process (PID=77) to work on /home/airflow/.local/lib/python3.12/site-packages/airflow/example_dags/example_branch_operator.py
[2024-06-11T22:43:51.523+0000] {processor.py:830} INFO - Processing file /home/airflow/.local/lib/python3.12/site-packages/airflow/example_dags/example_branch_operator.py for tasks to queue
[2024-06-11T22:43:51.524+0000] {logging_mixin.py:188} INFO - [2024-06-11T22:43:51.524+0000] {dagbag.py:545} INFO - Filling up the DagBag from /home/airflow/.local/lib/python3.12/site-packages/airflow/example_dags/example_branch_operator.py
[2024-06-11T22:43:51.537+0000] {processor.py:840} INFO - DAG(s) 'example_branch_operator' retrieved from /home/airflow/.local/lib/python3.12/site-packages/airflow/example_dags/example_branch_operator.py
[2024-06-11T22:43:51.545+0000] {logging_mixin.py:188} INFO - [2024-06-11T22:43:51.545+0000] {dag.py:3096} INFO - Sync 1 DAGs
[2024-06-11T22:43:51.568+0000] {logging_mixin.py:188} INFO - [2024-06-11T22:43:51.568+0000] {dag.py:3954} INFO - Setting next_dagrun for example_branch_operator to 2024-06-10 00:00:00+00:00, run_after=2024-06-11 00:00:00+00:00
[2024-06-11T22:43:51.587+0000] {processor.py:183} INFO - Processing /home/airflow/.local/lib/python3.12/site-packages/airflow/example_dags/example_branch_operator.py took 0.069 seconds
[2024-06-11T22:44:22.479+0000] {processor.py:161} INFO - Started process (PID=135) to work on /home/airflow/.local/lib/python3.12/site-packages/airflow/example_dags/example_branch_operator.py
[2024-06-11T22:44:22.480+0000] {processor.py:830} INFO - Processing file /home/airflow/.local/lib/python3.12/site-packages/airflow/example_dags/example_branch_operator.py for tasks to queue
[2024-06-11T22:44:22.481+0000] {logging_mixin.py:188} INFO - [2024-06-11T22:44:22.481+0000] {dagbag.py:545} INFO - Filling up the DagBag from /home/airflow/.local/lib/python3.12/site-packages/airflow/example_dags/example_branch_operator.py
[2024-06-11T22:44:22.492+0000] {processor.py:840} INFO - DAG(s) 'example_branch_operator' retrieved from /home/airflow/.local/lib/python3.12/site-packages/airflow/example_dags/example_branch_operator.py
[2024-06-11T22:44:22.565+0000] {logging_mixin.py:188} INFO - [2024-06-11T22:44:22.564+0000] {dag.py:3096} INFO - Sync 1 DAGs
[2024-06-11T22:44:22.580+0000] {logging_mixin.py:188} INFO - [2024-06-11T22:44:22.580+0000] {dag.py:3954} INFO - Setting next_dagrun for example_branch_operator to 2024-06-10 00:00:00+00:00, run_after=2024-06-11 00:00:00+00:00
[2024-06-11T22:44:22.596+0000] {processor.py:183} INFO - Processing /home/airflow/.local/lib/python3.12/site-packages/airflow/example_dags/example_branch_operator.py took 0.121 seconds
[2024-06-11T22:44:53.155+0000] {processor.py:161} INFO - Started process (PID=193) to work on /home/airflow/.local/lib/python3.12/site-packages/airflow/example_dags/example_branch_operator.py
[2024-06-11T22:44:53.156+0000] {processor.py:830} INFO - Processing file /home/airflow/.local/lib/python3.12/site-packages/airflow/example_dags/example_branch_operator.py for tasks to queue
[2024-06-11T22:44:53.158+0000] {logging_mixin.py:188} INFO - [2024-06-11T22:44:53.157+0000] {dagbag.py:545} INFO - Filling up the DagBag from /home/airflow/.local/lib/python3.12/site-packages/airflow/example_dags/example_branch_operator.py
[2024-06-11T22:44:53.169+0000] {processor.py:840} INFO - DAG(s) 'example_branch_operator' retrieved from /home/airflow/.local/lib/python3.12/site-packages/airflow/example_dags/example_branch_operator.py
[2024-06-11T22:44:53.189+0000] {logging_mixin.py:188} INFO - [2024-06-11T22:44:53.189+0000] {dag.py:3096} INFO - Sync 1 DAGs
[2024-06-11T22:44:53.206+0000] {logging_mixin.py:188} INFO - [2024-06-11T22:44:53.206+0000] {dag.py:3954} INFO - Setting next_dagrun for example_branch_operator to 2024-06-10 00:00:00+00:00, run_after=2024-06-11 00:00:00+00:00
[2024-06-11T22:44:53.223+0000] {processor.py:183} INFO - Processing /home/airflow/.local/lib/python3.12/site-packages/airflow/example_dags/example_branch_operator.py took 0.072 seconds
[2024-06-11T22:45:23.728+0000] {processor.py:161} INFO - Started process (PID=252) to work on /home/airflow/.local/lib/python3.12/site-packages/airflow/example_dags/example_branch_operator.py
[2024-06-11T22:45:23.729+0000] {processor.py:830} INFO - Processing file /home/airflow/.local/lib/python3.12/site-packages/airflow/example_dags/example_branch_operator.py for tasks to queue
[2024-06-11T22:45:23.731+0000] {logging_mixin.py:188} INFO - [2024-06-11T22:45:23.731+0000] {dagbag.py:545} INFO - Filling up the DagBag from /home/airflow/.local/lib/python3.12/site-packages/airflow/example_dags/example_branch_operator.py
[2024-06-11T22:45:23.745+0000] {processor.py:840} INFO - DAG(s) 'example_branch_operator' retrieved from /home/airflow/.local/lib/python3.12/site-packages/airflow/example_dags/example_branch_operator.py
[2024-06-11T22:45:23.767+0000] {logging_mixin.py:188} INFO - [2024-06-11T22:45:23.766+0000] {dag.py:3096} INFO - Sync 1 DAGs
[2024-06-11T22:45:23.785+0000] {logging_mixin.py:188} INFO - [2024-06-11T22:45:23.784+0000] {dag.py:3954} INFO - Setting next_dagrun for example_branch_operator to 2024-06-10 00:00:00+00:00, run_after=2024-06-11 00:00:00+00:00
[2024-06-11T22:45:23.802+0000] {processor.py:183} INFO - Processing /home/airflow/.local/lib/python3.12/site-packages/airflow/example_dags/example_branch_operator.py took 0.078 seconds
[2024-06-11T22:45:54.472+0000] {processor.py:161} INFO - Started process (PID=310) to work on /home/airflow/.local/lib/python3.12/site-packages/airflow/example_dags/example_branch_operator.py
[2024-06-11T22:45:54.473+0000] {processor.py:830} INFO - Processing file /home/airflow/.local/lib/python3.12/site-packages/airflow/example_dags/example_branch_operator.py for tasks to queue
[2024-06-11T22:45:54.474+0000] {logging_mixin.py:188} INFO - [2024-06-11T22:45:54.474+0000] {dagbag.py:545} INFO - Filling up the DagBag from /home/airflow/.local/lib/python3.12/site-packages/airflow/example_dags/example_branch_operator.py
[2024-06-11T22:45:54.488+0000] {processor.py:840} INFO - DAG(s) 'example_branch_operator' retrieved from /home/airflow/.local/lib/python3.12/site-packages/airflow/example_dags/example_branch_operator.py
[2024-06-11T22:45:54.514+0000] {logging_mixin.py:188} INFO - [2024-06-11T22:45:54.513+0000] {dag.py:3096} INFO - Sync 1 DAGs
[2024-06-11T22:45:54.537+0000] {logging_mixin.py:188} INFO - [2024-06-11T22:45:54.536+0000] {dag.py:3954} INFO - Setting next_dagrun for example_branch_operator to 2024-06-10 00:00:00+00:00, run_after=2024-06-11 00:00:00+00:00
[2024-06-11T22:45:54.554+0000] {processor.py:183} INFO - Processing /home/airflow/.local/lib/python3.12/site-packages/airflow/example_dags/example_branch_operator.py took 0.087 seconds
[2024-06-11T22:46:25.539+0000] {processor.py:161} INFO - Started process (PID=368) to work on /home/airflow/.local/lib/python3.12/site-packages/airflow/example_dags/example_branch_operator.py
[2024-06-11T22:46:25.540+0000] {processor.py:830} INFO - Processing file /home/airflow/.local/lib/python3.12/site-packages/airflow/example_dags/example_branch_operator.py for tasks to queue
[2024-06-11T22:46:25.541+0000] {logging_mixin.py:188} INFO - [2024-06-11T22:46:25.541+0000] {dagbag.py:545} INFO - Filling up the DagBag from /home/airflow/.local/lib/python3.12/site-packages/airflow/example_dags/example_branch_operator.py
[2024-06-11T22:46:25.555+0000] {processor.py:840} INFO - DAG(s) 'example_branch_operator' retrieved from /home/airflow/.local/lib/python3.12/site-packages/airflow/example_dags/example_branch_operator.py
[2024-06-11T22:46:25.579+0000] {logging_mixin.py:188} INFO - [2024-06-11T22:46:25.578+0000] {dag.py:3096} INFO - Sync 1 DAGs
[2024-06-11T22:46:25.598+0000] {logging_mixin.py:188} INFO - [2024-06-11T22:46:25.598+0000] {dag.py:3954} INFO - Setting next_dagrun for example_branch_operator to 2024-06-10 00:00:00+00:00, run_after=2024-06-11 00:00:00+00:00
[2024-06-11T22:46:25.616+0000] {processor.py:183} INFO - Processing /home/airflow/.local/lib/python3.12/site-packages/airflow/example_dags/example_branch_operator.py took 0.082 seconds
[2024-06-11T22:46:55.695+0000] {processor.py:161} INFO - Started process (PID=426) to work on /home/airflow/.local/lib/python3.12/site-packages/airflow/example_dags/example_branch_operator.py
[2024-06-11T22:46:55.696+0000] {processor.py:830} INFO - Processing file /home/airflow/.local/lib/python3.12/site-packages/airflow/example_dags/example_branch_operator.py for tasks to queue
[2024-06-11T22:46:55.697+0000] {logging_mixin.py:188} INFO - [2024-06-11T22:46:55.697+0000] {dagbag.py:545} INFO - Filling up the DagBag from /home/airflow/.local/lib/python3.12/site-packages/airflow/example_dags/example_branch_operator.py
[2024-06-11T22:46:55.710+0000] {processor.py:840} INFO - DAG(s) 'example_branch_operator' retrieved from /home/airflow/.local/lib/python3.12/site-packages/airflow/example_dags/example_branch_operator.py
[2024-06-11T22:46:55.737+0000] {logging_mixin.py:188} INFO - [2024-06-11T22:46:55.736+0000] {dag.py:3096} INFO - Sync 1 DAGs
[2024-06-11T22:46:55.756+0000] {logging_mixin.py:188} INFO - [2024-06-11T22:46:55.756+0000] {dag.py:3954} INFO - Setting next_dagrun for example_branch_operator to 2024-06-10 00:00:00+00:00, run_after=2024-06-11 00:00:00+00:00
[2024-06-11T22:46:55.774+0000] {processor.py:183} INFO - Processing /home/airflow/.local/lib/python3.12/site-packages/airflow/example_dags/example_branch_operator.py took 0.084 seconds
[2024-06-11T22:47:25.906+0000] {processor.py:161} INFO - Started process (PID=484) to work on /home/airflow/.local/lib/python3.12/site-packages/airflow/example_dags/example_branch_operator.py
[2024-06-11T22:47:25.906+0000] {processor.py:830} INFO - Processing file /home/airflow/.local/lib/python3.12/site-packages/airflow/example_dags/example_branch_operator.py for tasks to queue
[2024-06-11T22:47:25.908+0000] {logging_mixin.py:188} INFO - [2024-06-11T22:47:25.908+0000] {dagbag.py:545} INFO - Filling up the DagBag from /home/airflow/.local/lib/python3.12/site-packages/airflow/example_dags/example_branch_operator.py
[2024-06-11T22:47:25.923+0000] {processor.py:840} INFO - DAG(s) 'example_branch_operator' retrieved from /home/airflow/.local/lib/python3.12/site-packages/airflow/example_dags/example_branch_operator.py
[2024-06-11T22:47:25.946+0000] {logging_mixin.py:188} INFO - [2024-06-11T22:47:25.946+0000] {dag.py:3096} INFO - Sync 1 DAGs
[2024-06-11T22:47:25.969+0000] {logging_mixin.py:188} INFO - [2024-06-11T22:47:25.969+0000] {dag.py:3954} INFO - Setting next_dagrun for example_branch_operator to 2024-06-10 00:00:00+00:00, run_after=2024-06-11 00:00:00+00:00
[2024-06-11T22:47:25.992+0000] {processor.py:183} INFO - Processing /home/airflow/.local/lib/python3.12/site-packages/airflow/example_dags/example_branch_operator.py took 0.091 seconds
[2024-06-11T22:47:56.323+0000] {processor.py:161} INFO - Started process (PID=542) to work on /home/airflow/.local/lib/python3.12/site-packages/airflow/example_dags/example_branch_operator.py
[2024-06-11T22:47:56.327+0000] {processor.py:830} INFO - Processing file /home/airflow/.local/lib/python3.12/site-packages/airflow/example_dags/example_branch_operator.py for tasks to queue
[2024-06-11T22:47:56.330+0000] {logging_mixin.py:188} INFO - [2024-06-11T22:47:56.329+0000] {dagbag.py:545} INFO - Filling up the DagBag from /home/airflow/.local/lib/python3.12/site-packages/airflow/example_dags/example_branch_operator.py
[2024-06-11T22:47:56.347+0000] {processor.py:840} INFO - DAG(s) 'example_branch_operator' retrieved from /home/airflow/.local/lib/python3.12/site-packages/airflow/example_dags/example_branch_operator.py
[2024-06-11T22:47:56.371+0000] {logging_mixin.py:188} INFO - [2024-06-11T22:47:56.370+0000] {dag.py:3096} INFO - Sync 1 DAGs
[2024-06-11T22:47:56.390+0000] {logging_mixin.py:188} INFO - [2024-06-11T22:47:56.390+0000] {dag.py:3954} INFO - Setting next_dagrun for example_branch_operator to 2024-06-10 00:00:00+00:00, run_after=2024-06-11 00:00:00+00:00
[2024-06-11T22:47:56.407+0000] {processor.py:183} INFO - Processing /home/airflow/.local/lib/python3.12/site-packages/airflow/example_dags/example_branch_operator.py took 0.089 seconds
[2024-06-11T22:48:29.395+0000] {processor.py:161} INFO - Started process (PID=600) to work on /home/airflow/.local/lib/python3.12/site-packages/airflow/example_dags/example_branch_operator.py
[2024-06-11T22:48:29.503+0000] {processor.py:830} INFO - Processing file /home/airflow/.local/lib/python3.12/site-packages/airflow/example_dags/example_branch_operator.py for tasks to queue
[2024-06-11T22:48:29.525+0000] {logging_mixin.py:188} INFO - [2024-06-11T22:48:29.524+0000] {dagbag.py:545} INFO - Filling up the DagBag from /home/airflow/.local/lib/python3.12/site-packages/airflow/example_dags/example_branch_operator.py
[2024-06-11T22:48:29.551+0000] {processor.py:840} INFO - DAG(s) 'example_branch_operator' retrieved from /home/airflow/.local/lib/python3.12/site-packages/airflow/example_dags/example_branch_operator.py
[2024-06-11T22:48:29.672+0000] {logging_mixin.py:188} INFO - [2024-06-11T22:48:29.672+0000] {dag.py:3096} INFO - Sync 1 DAGs
[2024-06-11T22:48:29.796+0000] {logging_mixin.py:188} INFO - [2024-06-11T22:48:29.787+0000] {dag.py:3954} INFO - Setting next_dagrun for example_branch_operator to 2024-06-10 00:00:00+00:00, run_after=2024-06-11 00:00:00+00:00
[2024-06-11T22:48:29.818+0000] {processor.py:183} INFO - Processing /home/airflow/.local/lib/python3.12/site-packages/airflow/example_dags/example_branch_operator.py took 0.435 seconds
[2024-06-11T22:49:00.663+0000] {processor.py:161} INFO - Started process (PID=659) to work on /home/airflow/.local/lib/python3.12/site-packages/airflow/example_dags/example_branch_operator.py
[2024-06-11T22:49:00.670+0000] {processor.py:830} INFO - Processing file /home/airflow/.local/lib/python3.12/site-packages/airflow/example_dags/example_branch_operator.py for tasks to queue
[2024-06-11T22:49:00.676+0000] {logging_mixin.py:188} INFO - [2024-06-11T22:49:00.675+0000] {dagbag.py:545} INFO - Filling up the DagBag from /home/airflow/.local/lib/python3.12/site-packages/airflow/example_dags/example_branch_operator.py
[2024-06-11T22:49:00.695+0000] {processor.py:840} INFO - DAG(s) 'example_branch_operator' retrieved from /home/airflow/.local/lib/python3.12/site-packages/airflow/example_dags/example_branch_operator.py
[2024-06-11T22:49:00.727+0000] {logging_mixin.py:188} INFO - [2024-06-11T22:49:00.727+0000] {dag.py:3096} INFO - Sync 1 DAGs
[2024-06-11T22:49:00.748+0000] {logging_mixin.py:188} INFO - [2024-06-11T22:49:00.748+0000] {dag.py:3954} INFO - Setting next_dagrun for example_branch_operator to 2024-06-10 00:00:00+00:00, run_after=2024-06-11 00:00:00+00:00
[2024-06-11T22:49:00.768+0000] {processor.py:183} INFO - Processing /home/airflow/.local/lib/python3.12/site-packages/airflow/example_dags/example_branch_operator.py took 0.112 seconds
[2024-06-11T22:49:31.719+0000] {processor.py:161} INFO - Started process (PID=722) to work on /home/airflow/.local/lib/python3.12/site-packages/airflow/example_dags/example_branch_operator.py
[2024-06-11T22:49:31.719+0000] {processor.py:830} INFO - Processing file /home/airflow/.local/lib/python3.12/site-packages/airflow/example_dags/example_branch_operator.py for tasks to queue
[2024-06-11T22:49:31.721+0000] {logging_mixin.py:188} INFO - [2024-06-11T22:49:31.721+0000] {dagbag.py:545} INFO - Filling up the DagBag from /home/airflow/.local/lib/python3.12/site-packages/airflow/example_dags/example_branch_operator.py
[2024-06-11T22:49:31.738+0000] {processor.py:840} INFO - DAG(s) 'example_branch_operator' retrieved from /home/airflow/.local/lib/python3.12/site-packages/airflow/example_dags/example_branch_operator.py
[2024-06-11T22:49:31.766+0000] {logging_mixin.py:188} INFO - [2024-06-11T22:49:31.765+0000] {dag.py:3096} INFO - Sync 1 DAGs
[2024-06-11T22:49:31.786+0000] {logging_mixin.py:188} INFO - [2024-06-11T22:49:31.785+0000] {dag.py:3954} INFO - Setting next_dagrun for example_branch_operator to 2024-06-10 00:00:00+00:00, run_after=2024-06-11 00:00:00+00:00
[2024-06-11T22:49:31.810+0000] {processor.py:183} INFO - Processing /home/airflow/.local/lib/python3.12/site-packages/airflow/example_dags/example_branch_operator.py took 0.096 seconds
[2024-06-11T22:50:01.984+0000] {processor.py:161} INFO - Started process (PID=780) to work on /home/airflow/.local/lib/python3.12/site-packages/airflow/example_dags/example_branch_operator.py
[2024-06-11T22:50:02.072+0000] {processor.py:830} INFO - Processing file /home/airflow/.local/lib/python3.12/site-packages/airflow/example_dags/example_branch_operator.py for tasks to queue
[2024-06-11T22:50:02.075+0000] {logging_mixin.py:188} INFO - [2024-06-11T22:50:02.075+0000] {dagbag.py:545} INFO - Filling up the DagBag from /home/airflow/.local/lib/python3.12/site-packages/airflow/example_dags/example_branch_operator.py
[2024-06-11T22:50:02.100+0000] {processor.py:840} INFO - DAG(s) 'example_branch_operator' retrieved from /home/airflow/.local/lib/python3.12/site-packages/airflow/example_dags/example_branch_operator.py
[2024-06-11T22:50:02.129+0000] {logging_mixin.py:188} INFO - [2024-06-11T22:50:02.128+0000] {dag.py:3096} INFO - Sync 1 DAGs
[2024-06-11T22:50:02.224+0000] {logging_mixin.py:188} INFO - [2024-06-11T22:50:02.224+0000] {dag.py:3954} INFO - Setting next_dagrun for example_branch_operator to 2024-06-10 00:00:00+00:00, run_after=2024-06-11 00:00:00+00:00
[2024-06-11T22:50:02.245+0000] {processor.py:183} INFO - Processing /home/airflow/.local/lib/python3.12/site-packages/airflow/example_dags/example_branch_operator.py took 0.267 seconds
[2024-06-11T22:50:33.707+0000] {processor.py:161} INFO - Started process (PID=838) to work on /home/airflow/.local/lib/python3.12/site-packages/airflow/example_dags/example_branch_operator.py
[2024-06-11T22:50:33.708+0000] {processor.py:830} INFO - Processing file /home/airflow/.local/lib/python3.12/site-packages/airflow/example_dags/example_branch_operator.py for tasks to queue
[2024-06-11T22:50:33.710+0000] {logging_mixin.py:188} INFO - [2024-06-11T22:50:33.710+0000] {dagbag.py:545} INFO - Filling up the DagBag from /home/airflow/.local/lib/python3.12/site-packages/airflow/example_dags/example_branch_operator.py
[2024-06-11T22:50:33.726+0000] {processor.py:840} INFO - DAG(s) 'example_branch_operator' retrieved from /home/airflow/.local/lib/python3.12/site-packages/airflow/example_dags/example_branch_operator.py
[2024-06-11T22:50:33.757+0000] {logging_mixin.py:188} INFO - [2024-06-11T22:50:33.757+0000] {dag.py:3096} INFO - Sync 1 DAGs
[2024-06-11T22:50:33.787+0000] {logging_mixin.py:188} INFO - [2024-06-11T22:50:33.787+0000] {dag.py:3954} INFO - Setting next_dagrun for example_branch_operator to 2024-06-10 00:00:00+00:00, run_after=2024-06-11 00:00:00+00:00
[2024-06-11T22:50:33.813+0000] {processor.py:183} INFO - Processing /home/airflow/.local/lib/python3.12/site-packages/airflow/example_dags/example_branch_operator.py took 0.111 seconds
[2024-06-11T22:51:04.416+0000] {processor.py:161} INFO - Started process (PID=896) to work on /home/airflow/.local/lib/python3.12/site-packages/airflow/example_dags/example_branch_operator.py
[2024-06-11T22:51:04.417+0000] {processor.py:830} INFO - Processing file /home/airflow/.local/lib/python3.12/site-packages/airflow/example_dags/example_branch_operator.py for tasks to queue
[2024-06-11T22:51:04.419+0000] {logging_mixin.py:188} INFO - [2024-06-11T22:51:04.418+0000] {dagbag.py:545} INFO - Filling up the DagBag from /home/airflow/.local/lib/python3.12/site-packages/airflow/example_dags/example_branch_operator.py
[2024-06-11T22:51:04.434+0000] {processor.py:840} INFO - DAG(s) 'example_branch_operator' retrieved from /home/airflow/.local/lib/python3.12/site-packages/airflow/example_dags/example_branch_operator.py
[2024-06-11T22:51:04.459+0000] {logging_mixin.py:188} INFO - [2024-06-11T22:51:04.459+0000] {dag.py:3096} INFO - Sync 1 DAGs
[2024-06-11T22:51:04.480+0000] {logging_mixin.py:188} INFO - [2024-06-11T22:51:04.480+0000] {dag.py:3954} INFO - Setting next_dagrun for example_branch_operator to 2024-06-10 00:00:00+00:00, run_after=2024-06-11 00:00:00+00:00
[2024-06-11T22:51:04.505+0000] {processor.py:183} INFO - Processing /home/airflow/.local/lib/python3.12/site-packages/airflow/example_dags/example_branch_operator.py took 0.095 seconds
[2024-06-11T22:51:34.639+0000] {processor.py:161} INFO - Started process (PID=954) to work on /home/airflow/.local/lib/python3.12/site-packages/airflow/example_dags/example_branch_operator.py
[2024-06-11T22:51:34.641+0000] {processor.py:830} INFO - Processing file /home/airflow/.local/lib/python3.12/site-packages/airflow/example_dags/example_branch_operator.py for tasks to queue
[2024-06-11T22:51:34.645+0000] {logging_mixin.py:188} INFO - [2024-06-11T22:51:34.644+0000] {dagbag.py:545} INFO - Filling up the DagBag from /home/airflow/.local/lib/python3.12/site-packages/airflow/example_dags/example_branch_operator.py
[2024-06-11T22:51:34.660+0000] {processor.py:840} INFO - DAG(s) 'example_branch_operator' retrieved from /home/airflow/.local/lib/python3.12/site-packages/airflow/example_dags/example_branch_operator.py
[2024-06-11T22:51:34.685+0000] {logging_mixin.py:188} INFO - [2024-06-11T22:51:34.685+0000] {dag.py:3096} INFO - Sync 1 DAGs
[2024-06-11T22:51:34.705+0000] {logging_mixin.py:188} INFO - [2024-06-11T22:51:34.705+0000] {dag.py:3954} INFO - Setting next_dagrun for example_branch_operator to 2024-06-10 00:00:00+00:00, run_after=2024-06-11 00:00:00+00:00
[2024-06-11T22:51:34.727+0000] {processor.py:183} INFO - Processing /home/airflow/.local/lib/python3.12/site-packages/airflow/example_dags/example_branch_operator.py took 0.092 seconds
[2024-06-11T22:52:05.133+0000] {processor.py:161} INFO - Started process (PID=1012) to work on /home/airflow/.local/lib/python3.12/site-packages/airflow/example_dags/example_branch_operator.py
[2024-06-11T22:52:05.134+0000] {processor.py:830} INFO - Processing file /home/airflow/.local/lib/python3.12/site-packages/airflow/example_dags/example_branch_operator.py for tasks to queue
[2024-06-11T22:52:05.136+0000] {logging_mixin.py:188} INFO - [2024-06-11T22:52:05.136+0000] {dagbag.py:545} INFO - Filling up the DagBag from /home/airflow/.local/lib/python3.12/site-packages/airflow/example_dags/example_branch_operator.py
[2024-06-11T22:52:05.150+0000] {processor.py:840} INFO - DAG(s) 'example_branch_operator' retrieved from /home/airflow/.local/lib/python3.12/site-packages/airflow/example_dags/example_branch_operator.py
[2024-06-11T22:52:05.178+0000] {logging_mixin.py:188} INFO - [2024-06-11T22:52:05.177+0000] {dag.py:3096} INFO - Sync 1 DAGs
[2024-06-11T22:52:05.201+0000] {logging_mixin.py:188} INFO - [2024-06-11T22:52:05.201+0000] {dag.py:3954} INFO - Setting next_dagrun for example_branch_operator to 2024-06-10 00:00:00+00:00, run_after=2024-06-11 00:00:00+00:00
[2024-06-11T22:52:05.222+0000] {processor.py:183} INFO - Processing /home/airflow/.local/lib/python3.12/site-packages/airflow/example_dags/example_branch_operator.py took 0.095 seconds
[2024-06-11T22:52:35.451+0000] {processor.py:161} INFO - Started process (PID=1070) to work on /home/airflow/.local/lib/python3.12/site-packages/airflow/example_dags/example_branch_operator.py
[2024-06-11T22:52:35.452+0000] {processor.py:830} INFO - Processing file /home/airflow/.local/lib/python3.12/site-packages/airflow/example_dags/example_branch_operator.py for tasks to queue
[2024-06-11T22:52:35.453+0000] {logging_mixin.py:188} INFO - [2024-06-11T22:52:35.453+0000] {dagbag.py:545} INFO - Filling up the DagBag from /home/airflow/.local/lib/python3.12/site-packages/airflow/example_dags/example_branch_operator.py
[2024-06-11T22:52:35.465+0000] {processor.py:840} INFO - DAG(s) 'example_branch_operator' retrieved from /home/airflow/.local/lib/python3.12/site-packages/airflow/example_dags/example_branch_operator.py
[2024-06-11T22:52:35.485+0000] {logging_mixin.py:188} INFO - [2024-06-11T22:52:35.484+0000] {dag.py:3096} INFO - Sync 1 DAGs
[2024-06-11T22:52:35.502+0000] {logging_mixin.py:188} INFO - [2024-06-11T22:52:35.502+0000] {dag.py:3954} INFO - Setting next_dagrun for example_branch_operator to 2024-06-10 00:00:00+00:00, run_after=2024-06-11 00:00:00+00:00
[2024-06-11T22:52:35.517+0000] {processor.py:183} INFO - Processing /home/airflow/.local/lib/python3.12/site-packages/airflow/example_dags/example_branch_operator.py took 0.072 seconds
[2024-06-11T22:53:06.523+0000] {processor.py:161} INFO - Started process (PID=1128) to work on /home/airflow/.local/lib/python3.12/site-packages/airflow/example_dags/example_branch_operator.py
[2024-06-11T22:53:06.524+0000] {processor.py:830} INFO - Processing file /home/airflow/.local/lib/python3.12/site-packages/airflow/example_dags/example_branch_operator.py for tasks to queue
[2024-06-11T22:53:06.526+0000] {logging_mixin.py:188} INFO - [2024-06-11T22:53:06.525+0000] {dagbag.py:545} INFO - Filling up the DagBag from /home/airflow/.local/lib/python3.12/site-packages/airflow/example_dags/example_branch_operator.py
[2024-06-11T22:53:06.538+0000] {processor.py:840} INFO - DAG(s) 'example_branch_operator' retrieved from /home/airflow/.local/lib/python3.12/site-packages/airflow/example_dags/example_branch_operator.py
[2024-06-11T22:53:06.560+0000] {logging_mixin.py:188} INFO - [2024-06-11T22:53:06.560+0000] {dag.py:3096} INFO - Sync 1 DAGs
[2024-06-11T22:53:06.579+0000] {logging_mixin.py:188} INFO - [2024-06-11T22:53:06.579+0000] {dag.py:3954} INFO - Setting next_dagrun for example_branch_operator to 2024-06-10 00:00:00+00:00, run_after=2024-06-11 00:00:00+00:00
[2024-06-11T22:53:06.595+0000] {processor.py:183} INFO - Processing /home/airflow/.local/lib/python3.12/site-packages/airflow/example_dags/example_branch_operator.py took 0.079 seconds
[2024-06-11T22:53:37.072+0000] {processor.py:161} INFO - Started process (PID=1186) to work on /home/airflow/.local/lib/python3.12/site-packages/airflow/example_dags/example_branch_operator.py
[2024-06-11T22:53:37.073+0000] {processor.py:830} INFO - Processing file /home/airflow/.local/lib/python3.12/site-packages/airflow/example_dags/example_branch_operator.py for tasks to queue
[2024-06-11T22:53:37.075+0000] {logging_mixin.py:188} INFO - [2024-06-11T22:53:37.075+0000] {dagbag.py:545} INFO - Filling up the DagBag from /home/airflow/.local/lib/python3.12/site-packages/airflow/example_dags/example_branch_operator.py
[2024-06-11T22:53:37.088+0000] {processor.py:840} INFO - DAG(s) 'example_branch_operator' retrieved from /home/airflow/.local/lib/python3.12/site-packages/airflow/example_dags/example_branch_operator.py
[2024-06-11T22:53:37.111+0000] {logging_mixin.py:188} INFO - [2024-06-11T22:53:37.111+0000] {dag.py:3096} INFO - Sync 1 DAGs
[2024-06-11T22:53:37.127+0000] {logging_mixin.py:188} INFO - [2024-06-11T22:53:37.127+0000] {dag.py:3954} INFO - Setting next_dagrun for example_branch_operator to 2024-06-10 00:00:00+00:00, run_after=2024-06-11 00:00:00+00:00
[2024-06-11T22:53:37.145+0000] {processor.py:183} INFO - Processing /home/airflow/.local/lib/python3.12/site-packages/airflow/example_dags/example_branch_operator.py took 0.076 seconds
[2024-06-11T22:54:07.244+0000] {processor.py:161} INFO - Started process (PID=1244) to work on /home/airflow/.local/lib/python3.12/site-packages/airflow/example_dags/example_branch_operator.py
[2024-06-11T22:54:07.245+0000] {processor.py:830} INFO - Processing file /home/airflow/.local/lib/python3.12/site-packages/airflow/example_dags/example_branch_operator.py for tasks to queue
[2024-06-11T22:54:07.247+0000] {logging_mixin.py:188} INFO - [2024-06-11T22:54:07.246+0000] {dagbag.py:545} INFO - Filling up the DagBag from /home/airflow/.local/lib/python3.12/site-packages/airflow/example_dags/example_branch_operator.py
[2024-06-11T22:54:07.261+0000] {processor.py:840} INFO - DAG(s) 'example_branch_operator' retrieved from /home/airflow/.local/lib/python3.12/site-packages/airflow/example_dags/example_branch_operator.py
[2024-06-11T22:54:07.293+0000] {logging_mixin.py:188} INFO - [2024-06-11T22:54:07.293+0000] {dag.py:3096} INFO - Sync 1 DAGs
[2024-06-11T22:54:07.319+0000] {logging_mixin.py:188} INFO - [2024-06-11T22:54:07.319+0000] {dag.py:3954} INFO - Setting next_dagrun for example_branch_operator to 2024-06-10 00:00:00+00:00, run_after=2024-06-11 00:00:00+00:00
[2024-06-11T22:54:07.341+0000] {processor.py:183} INFO - Processing /home/airflow/.local/lib/python3.12/site-packages/airflow/example_dags/example_branch_operator.py took 0.102 seconds
[2024-06-11T22:54:37.802+0000] {processor.py:161} INFO - Started process (PID=1302) to work on /home/airflow/.local/lib/python3.12/site-packages/airflow/example_dags/example_branch_operator.py
[2024-06-11T22:54:37.803+0000] {processor.py:830} INFO - Processing file /home/airflow/.local/lib/python3.12/site-packages/airflow/example_dags/example_branch_operator.py for tasks to queue
[2024-06-11T22:54:37.805+0000] {logging_mixin.py:188} INFO - [2024-06-11T22:54:37.805+0000] {dagbag.py:545} INFO - Filling up the DagBag from /home/airflow/.local/lib/python3.12/site-packages/airflow/example_dags/example_branch_operator.py
[2024-06-11T22:54:37.819+0000] {processor.py:840} INFO - DAG(s) 'example_branch_operator' retrieved from /home/airflow/.local/lib/python3.12/site-packages/airflow/example_dags/example_branch_operator.py
[2024-06-11T22:54:37.845+0000] {logging_mixin.py:188} INFO - [2024-06-11T22:54:37.844+0000] {dag.py:3096} INFO - Sync 1 DAGs
[2024-06-11T22:54:37.867+0000] {logging_mixin.py:188} INFO - [2024-06-11T22:54:37.867+0000] {dag.py:3954} INFO - Setting next_dagrun for example_branch_operator to 2024-06-10 00:00:00+00:00, run_after=2024-06-11 00:00:00+00:00
[2024-06-11T22:54:37.884+0000] {processor.py:183} INFO - Processing /home/airflow/.local/lib/python3.12/site-packages/airflow/example_dags/example_branch_operator.py took 0.087 seconds
[2024-06-11T22:55:08.126+0000] {processor.py:161} INFO - Started process (PID=1360) to work on /home/airflow/.local/lib/python3.12/site-packages/airflow/example_dags/example_branch_operator.py
[2024-06-11T22:55:08.127+0000] {processor.py:830} INFO - Processing file /home/airflow/.local/lib/python3.12/site-packages/airflow/example_dags/example_branch_operator.py for tasks to queue
[2024-06-11T22:55:08.128+0000] {logging_mixin.py:188} INFO - [2024-06-11T22:55:08.128+0000] {dagbag.py:545} INFO - Filling up the DagBag from /home/airflow/.local/lib/python3.12/site-packages/airflow/example_dags/example_branch_operator.py
[2024-06-11T22:55:08.143+0000] {processor.py:840} INFO - DAG(s) 'example_branch_operator' retrieved from /home/airflow/.local/lib/python3.12/site-packages/airflow/example_dags/example_branch_operator.py
[2024-06-11T22:55:08.169+0000] {logging_mixin.py:188} INFO - [2024-06-11T22:55:08.168+0000] {dag.py:3096} INFO - Sync 1 DAGs
[2024-06-11T22:55:08.190+0000] {logging_mixin.py:188} INFO - [2024-06-11T22:55:08.190+0000] {dag.py:3954} INFO - Setting next_dagrun for example_branch_operator to 2024-06-10 00:00:00+00:00, run_after=2024-06-11 00:00:00+00:00
[2024-06-11T22:55:08.207+0000] {processor.py:183} INFO - Processing /home/airflow/.local/lib/python3.12/site-packages/airflow/example_dags/example_branch_operator.py took 0.085 seconds
[2024-06-11T22:55:39.052+0000] {processor.py:161} INFO - Started process (PID=1418) to work on /home/airflow/.local/lib/python3.12/site-packages/airflow/example_dags/example_branch_operator.py
[2024-06-11T22:55:39.053+0000] {processor.py:830} INFO - Processing file /home/airflow/.local/lib/python3.12/site-packages/airflow/example_dags/example_branch_operator.py for tasks to queue
[2024-06-11T22:55:39.055+0000] {logging_mixin.py:188} INFO - [2024-06-11T22:55:39.055+0000] {dagbag.py:545} INFO - Filling up the DagBag from /home/airflow/.local/lib/python3.12/site-packages/airflow/example_dags/example_branch_operator.py
[2024-06-11T22:55:39.079+0000] {processor.py:840} INFO - DAG(s) 'example_branch_operator' retrieved from /home/airflow/.local/lib/python3.12/site-packages/airflow/example_dags/example_branch_operator.py
[2024-06-11T22:55:39.107+0000] {logging_mixin.py:188} INFO - [2024-06-11T22:55:39.106+0000] {dag.py:3096} INFO - Sync 1 DAGs
[2024-06-11T22:55:39.130+0000] {logging_mixin.py:188} INFO - [2024-06-11T22:55:39.130+0000] {dag.py:3954} INFO - Setting next_dagrun for example_branch_operator to 2024-06-10 00:00:00+00:00, run_after=2024-06-11 00:00:00+00:00
[2024-06-11T22:55:39.154+0000] {processor.py:183} INFO - Processing /home/airflow/.local/lib/python3.12/site-packages/airflow/example_dags/example_branch_operator.py took 0.107 seconds
[2024-06-11T22:56:09.286+0000] {processor.py:161} INFO - Started process (PID=1475) to work on /home/airflow/.local/lib/python3.12/site-packages/airflow/example_dags/example_branch_operator.py
[2024-06-11T22:56:09.287+0000] {processor.py:830} INFO - Processing file /home/airflow/.local/lib/python3.12/site-packages/airflow/example_dags/example_branch_operator.py for tasks to queue
[2024-06-11T22:56:09.288+0000] {logging_mixin.py:188} INFO - [2024-06-11T22:56:09.288+0000] {dagbag.py:545} INFO - Filling up the DagBag from /home/airflow/.local/lib/python3.12/site-packages/airflow/example_dags/example_branch_operator.py
[2024-06-11T22:56:09.299+0000] {processor.py:840} INFO - DAG(s) 'example_branch_operator' retrieved from /home/airflow/.local/lib/python3.12/site-packages/airflow/example_dags/example_branch_operator.py
[2024-06-11T22:56:09.320+0000] {logging_mixin.py:188} INFO - [2024-06-11T22:56:09.320+0000] {dag.py:3096} INFO - Sync 1 DAGs
[2024-06-11T22:56:09.336+0000] {logging_mixin.py:188} INFO - [2024-06-11T22:56:09.336+0000] {dag.py:3954} INFO - Setting next_dagrun for example_branch_operator to 2024-06-10 00:00:00+00:00, run_after=2024-06-11 00:00:00+00:00
[2024-06-11T22:56:09.350+0000] {processor.py:183} INFO - Processing /home/airflow/.local/lib/python3.12/site-packages/airflow/example_dags/example_branch_operator.py took 0.068 seconds
[2024-06-11T22:56:39.902+0000] {processor.py:161} INFO - Started process (PID=1533) to work on /home/airflow/.local/lib/python3.12/site-packages/airflow/example_dags/example_branch_operator.py
[2024-06-11T22:56:39.904+0000] {processor.py:830} INFO - Processing file /home/airflow/.local/lib/python3.12/site-packages/airflow/example_dags/example_branch_operator.py for tasks to queue
[2024-06-11T22:56:39.905+0000] {logging_mixin.py:188} INFO - [2024-06-11T22:56:39.905+0000] {dagbag.py:545} INFO - Filling up the DagBag from /home/airflow/.local/lib/python3.12/site-packages/airflow/example_dags/example_branch_operator.py
[2024-06-11T22:56:39.917+0000] {processor.py:840} INFO - DAG(s) 'example_branch_operator' retrieved from /home/airflow/.local/lib/python3.12/site-packages/airflow/example_dags/example_branch_operator.py
[2024-06-11T22:56:39.936+0000] {logging_mixin.py:188} INFO - [2024-06-11T22:56:39.936+0000] {dag.py:3096} INFO - Sync 1 DAGs
[2024-06-11T22:56:39.956+0000] {logging_mixin.py:188} INFO - [2024-06-11T22:56:39.955+0000] {dag.py:3954} INFO - Setting next_dagrun for example_branch_operator to 2024-06-10 00:00:00+00:00, run_after=2024-06-11 00:00:00+00:00
[2024-06-11T22:56:39.973+0000] {processor.py:183} INFO - Processing /home/airflow/.local/lib/python3.12/site-packages/airflow/example_dags/example_branch_operator.py took 0.075 seconds
[2024-06-11T22:57:10.257+0000] {processor.py:161} INFO - Started process (PID=1591) to work on /home/airflow/.local/lib/python3.12/site-packages/airflow/example_dags/example_branch_operator.py
[2024-06-11T22:57:10.258+0000] {processor.py:830} INFO - Processing file /home/airflow/.local/lib/python3.12/site-packages/airflow/example_dags/example_branch_operator.py for tasks to queue
[2024-06-11T22:57:10.259+0000] {logging_mixin.py:188} INFO - [2024-06-11T22:57:10.259+0000] {dagbag.py:545} INFO - Filling up the DagBag from /home/airflow/.local/lib/python3.12/site-packages/airflow/example_dags/example_branch_operator.py
[2024-06-11T22:57:10.273+0000] {processor.py:840} INFO - DAG(s) 'example_branch_operator' retrieved from /home/airflow/.local/lib/python3.12/site-packages/airflow/example_dags/example_branch_operator.py
[2024-06-11T22:57:10.299+0000] {logging_mixin.py:188} INFO - [2024-06-11T22:57:10.298+0000] {dag.py:3096} INFO - Sync 1 DAGs
[2024-06-11T22:57:10.319+0000] {logging_mixin.py:188} INFO - [2024-06-11T22:57:10.318+0000] {dag.py:3954} INFO - Setting next_dagrun for example_branch_operator to 2024-06-10 00:00:00+00:00, run_after=2024-06-11 00:00:00+00:00
[2024-06-11T22:57:10.336+0000] {processor.py:183} INFO - Processing /home/airflow/.local/lib/python3.12/site-packages/airflow/example_dags/example_branch_operator.py took 0.084 seconds
[2024-06-11T22:57:41.392+0000] {processor.py:161} INFO - Started process (PID=1648) to work on /home/airflow/.local/lib/python3.12/site-packages/airflow/example_dags/example_branch_operator.py
[2024-06-11T22:57:41.393+0000] {processor.py:830} INFO - Processing file /home/airflow/.local/lib/python3.12/site-packages/airflow/example_dags/example_branch_operator.py for tasks to queue
[2024-06-11T22:57:41.394+0000] {logging_mixin.py:188} INFO - [2024-06-11T22:57:41.394+0000] {dagbag.py:545} INFO - Filling up the DagBag from /home/airflow/.local/lib/python3.12/site-packages/airflow/example_dags/example_branch_operator.py
[2024-06-11T22:57:41.409+0000] {processor.py:840} INFO - DAG(s) 'example_branch_operator' retrieved from /home/airflow/.local/lib/python3.12/site-packages/airflow/example_dags/example_branch_operator.py
[2024-06-11T22:57:41.434+0000] {logging_mixin.py:188} INFO - [2024-06-11T22:57:41.434+0000] {dag.py:3096} INFO - Sync 1 DAGs
[2024-06-11T22:57:41.454+0000] {logging_mixin.py:188} INFO - [2024-06-11T22:57:41.454+0000] {dag.py:3954} INFO - Setting next_dagrun for example_branch_operator to 2024-06-10 00:00:00+00:00, run_after=2024-06-11 00:00:00+00:00
[2024-06-11T22:57:41.471+0000] {processor.py:183} INFO - Processing /home/airflow/.local/lib/python3.12/site-packages/airflow/example_dags/example_branch_operator.py took 0.084 seconds
[2024-06-11T22:58:14.866+0000] {processor.py:161} INFO - Started process (PID=1706) to work on /home/airflow/.local/lib/python3.12/site-packages/airflow/example_dags/example_branch_operator.py
[2024-06-11T22:58:14.868+0000] {processor.py:830} INFO - Processing file /home/airflow/.local/lib/python3.12/site-packages/airflow/example_dags/example_branch_operator.py for tasks to queue
[2024-06-11T22:58:14.869+0000] {logging_mixin.py:188} INFO - [2024-06-11T22:58:14.869+0000] {dagbag.py:545} INFO - Filling up the DagBag from /home/airflow/.local/lib/python3.12/site-packages/airflow/example_dags/example_branch_operator.py
[2024-06-11T22:58:14.887+0000] {processor.py:840} INFO - DAG(s) 'example_branch_operator' retrieved from /home/airflow/.local/lib/python3.12/site-packages/airflow/example_dags/example_branch_operator.py
[2024-06-11T22:58:14.920+0000] {logging_mixin.py:188} INFO - [2024-06-11T22:58:14.919+0000] {dag.py:3096} INFO - Sync 1 DAGs
[2024-06-11T22:58:14.954+0000] {logging_mixin.py:188} INFO - [2024-06-11T22:58:14.954+0000] {dag.py:3954} INFO - Setting next_dagrun for example_branch_operator to 2024-06-10 00:00:00+00:00, run_after=2024-06-11 00:00:00+00:00
[2024-06-11T22:58:15.192+0000] {processor.py:183} INFO - Processing /home/airflow/.local/lib/python3.12/site-packages/airflow/example_dags/example_branch_operator.py took 0.333 seconds
[2024-06-11T22:58:45.556+0000] {processor.py:161} INFO - Started process (PID=1764) to work on /home/airflow/.local/lib/python3.12/site-packages/airflow/example_dags/example_branch_operator.py
[2024-06-11T22:58:45.558+0000] {processor.py:830} INFO - Processing file /home/airflow/.local/lib/python3.12/site-packages/airflow/example_dags/example_branch_operator.py for tasks to queue
[2024-06-11T22:58:45.560+0000] {logging_mixin.py:188} INFO - [2024-06-11T22:58:45.559+0000] {dagbag.py:545} INFO - Filling up the DagBag from /home/airflow/.local/lib/python3.12/site-packages/airflow/example_dags/example_branch_operator.py
[2024-06-11T22:58:45.576+0000] {processor.py:840} INFO - DAG(s) 'example_branch_operator' retrieved from /home/airflow/.local/lib/python3.12/site-packages/airflow/example_dags/example_branch_operator.py
[2024-06-11T22:58:45.606+0000] {logging_mixin.py:188} INFO - [2024-06-11T22:58:45.606+0000] {dag.py:3096} INFO - Sync 1 DAGs
[2024-06-11T22:58:45.731+0000] {logging_mixin.py:188} INFO - [2024-06-11T22:58:45.731+0000] {dag.py:3954} INFO - Setting next_dagrun for example_branch_operator to 2024-06-10 00:00:00+00:00, run_after=2024-06-11 00:00:00+00:00
[2024-06-11T22:58:45.856+0000] {processor.py:183} INFO - Processing /home/airflow/.local/lib/python3.12/site-packages/airflow/example_dags/example_branch_operator.py took 0.305 seconds
[2024-06-11T22:59:16.402+0000] {processor.py:161} INFO - Started process (PID=1822) to work on /home/airflow/.local/lib/python3.12/site-packages/airflow/example_dags/example_branch_operator.py
[2024-06-11T22:59:16.403+0000] {processor.py:830} INFO - Processing file /home/airflow/.local/lib/python3.12/site-packages/airflow/example_dags/example_branch_operator.py for tasks to queue
[2024-06-11T22:59:16.404+0000] {logging_mixin.py:188} INFO - [2024-06-11T22:59:16.404+0000] {dagbag.py:545} INFO - Filling up the DagBag from /home/airflow/.local/lib/python3.12/site-packages/airflow/example_dags/example_branch_operator.py
[2024-06-11T22:59:16.416+0000] {processor.py:840} INFO - DAG(s) 'example_branch_operator' retrieved from /home/airflow/.local/lib/python3.12/site-packages/airflow/example_dags/example_branch_operator.py
[2024-06-11T22:59:16.440+0000] {logging_mixin.py:188} INFO - [2024-06-11T22:59:16.439+0000] {dag.py:3096} INFO - Sync 1 DAGs
[2024-06-11T22:59:16.458+0000] {logging_mixin.py:188} INFO - [2024-06-11T22:59:16.458+0000] {dag.py:3954} INFO - Setting next_dagrun for example_branch_operator to 2024-06-10 00:00:00+00:00, run_after=2024-06-11 00:00:00+00:00
[2024-06-11T22:59:16.482+0000] {processor.py:183} INFO - Processing /home/airflow/.local/lib/python3.12/site-packages/airflow/example_dags/example_branch_operator.py took 0.084 seconds
[2024-06-11T22:59:47.017+0000] {processor.py:161} INFO - Started process (PID=1880) to work on /home/airflow/.local/lib/python3.12/site-packages/airflow/example_dags/example_branch_operator.py
[2024-06-11T22:59:47.020+0000] {processor.py:830} INFO - Processing file /home/airflow/.local/lib/python3.12/site-packages/airflow/example_dags/example_branch_operator.py for tasks to queue
[2024-06-11T22:59:47.023+0000] {logging_mixin.py:188} INFO - [2024-06-11T22:59:47.022+0000] {dagbag.py:545} INFO - Filling up the DagBag from /home/airflow/.local/lib/python3.12/site-packages/airflow/example_dags/example_branch_operator.py
[2024-06-11T22:59:47.043+0000] {processor.py:840} INFO - DAG(s) 'example_branch_operator' retrieved from /home/airflow/.local/lib/python3.12/site-packages/airflow/example_dags/example_branch_operator.py
[2024-06-11T22:59:47.068+0000] {logging_mixin.py:188} INFO - [2024-06-11T22:59:47.068+0000] {dag.py:3096} INFO - Sync 1 DAGs
[2024-06-11T22:59:47.086+0000] {logging_mixin.py:188} INFO - [2024-06-11T22:59:47.086+0000] {dag.py:3954} INFO - Setting next_dagrun for example_branch_operator to 2024-06-10 00:00:00+00:00, run_after=2024-06-11 00:00:00+00:00
[2024-06-11T22:59:47.106+0000] {processor.py:183} INFO - Processing /home/airflow/.local/lib/python3.12/site-packages/airflow/example_dags/example_branch_operator.py took 0.093 seconds
[2024-06-11T23:00:17.962+0000] {processor.py:161} INFO - Started process (PID=1939) to work on /home/airflow/.local/lib/python3.12/site-packages/airflow/example_dags/example_branch_operator.py
[2024-06-11T23:00:17.963+0000] {processor.py:830} INFO - Processing file /home/airflow/.local/lib/python3.12/site-packages/airflow/example_dags/example_branch_operator.py for tasks to queue
[2024-06-11T23:00:17.966+0000] {logging_mixin.py:188} INFO - [2024-06-11T23:00:17.966+0000] {dagbag.py:545} INFO - Filling up the DagBag from /home/airflow/.local/lib/python3.12/site-packages/airflow/example_dags/example_branch_operator.py
[2024-06-11T23:00:17.981+0000] {processor.py:840} INFO - DAG(s) 'example_branch_operator' retrieved from /home/airflow/.local/lib/python3.12/site-packages/airflow/example_dags/example_branch_operator.py
[2024-06-11T23:00:18.004+0000] {logging_mixin.py:188} INFO - [2024-06-11T23:00:18.004+0000] {dag.py:3096} INFO - Sync 1 DAGs
[2024-06-11T23:00:18.020+0000] {logging_mixin.py:188} INFO - [2024-06-11T23:00:18.020+0000] {dag.py:3954} INFO - Setting next_dagrun for example_branch_operator to 2024-06-10 00:00:00+00:00, run_after=2024-06-11 00:00:00+00:00
[2024-06-11T23:00:18.038+0000] {processor.py:183} INFO - Processing /home/airflow/.local/lib/python3.12/site-packages/airflow/example_dags/example_branch_operator.py took 0.084 seconds
[2024-06-11T23:00:49.968+0000] {processor.py:161} INFO - Started process (PID=1997) to work on /home/airflow/.local/lib/python3.12/site-packages/airflow/example_dags/example_branch_operator.py
[2024-06-11T23:00:49.970+0000] {processor.py:830} INFO - Processing file /home/airflow/.local/lib/python3.12/site-packages/airflow/example_dags/example_branch_operator.py for tasks to queue
[2024-06-11T23:00:49.972+0000] {logging_mixin.py:188} INFO - [2024-06-11T23:00:49.972+0000] {dagbag.py:545} INFO - Filling up the DagBag from /home/airflow/.local/lib/python3.12/site-packages/airflow/example_dags/example_branch_operator.py
[2024-06-11T23:00:50.109+0000] {processor.py:840} INFO - DAG(s) 'example_branch_operator' retrieved from /home/airflow/.local/lib/python3.12/site-packages/airflow/example_dags/example_branch_operator.py
[2024-06-11T23:00:50.132+0000] {logging_mixin.py:188} INFO - [2024-06-11T23:00:50.131+0000] {dag.py:3096} INFO - Sync 1 DAGs
[2024-06-11T23:00:50.149+0000] {logging_mixin.py:188} INFO - [2024-06-11T23:00:50.149+0000] {dag.py:3954} INFO - Setting next_dagrun for example_branch_operator to 2024-06-10 00:00:00+00:00, run_after=2024-06-11 00:00:00+00:00
[2024-06-11T23:00:50.167+0000] {processor.py:183} INFO - Processing /home/airflow/.local/lib/python3.12/site-packages/airflow/example_dags/example_branch_operator.py took 0.204 seconds
[2024-06-11T23:01:20.751+0000] {processor.py:161} INFO - Started process (PID=2055) to work on /home/airflow/.local/lib/python3.12/site-packages/airflow/example_dags/example_branch_operator.py
[2024-06-11T23:01:20.752+0000] {processor.py:830} INFO - Processing file /home/airflow/.local/lib/python3.12/site-packages/airflow/example_dags/example_branch_operator.py for tasks to queue
[2024-06-11T23:01:20.754+0000] {logging_mixin.py:188} INFO - [2024-06-11T23:01:20.754+0000] {dagbag.py:545} INFO - Filling up the DagBag from /home/airflow/.local/lib/python3.12/site-packages/airflow/example_dags/example_branch_operator.py
[2024-06-11T23:01:20.768+0000] {processor.py:840} INFO - DAG(s) 'example_branch_operator' retrieved from /home/airflow/.local/lib/python3.12/site-packages/airflow/example_dags/example_branch_operator.py
[2024-06-11T23:01:20.790+0000] {logging_mixin.py:188} INFO - [2024-06-11T23:01:20.790+0000] {dag.py:3096} INFO - Sync 1 DAGs
[2024-06-11T23:01:20.810+0000] {logging_mixin.py:188} INFO - [2024-06-11T23:01:20.810+0000] {dag.py:3954} INFO - Setting next_dagrun for example_branch_operator to 2024-06-10 00:00:00+00:00, run_after=2024-06-11 00:00:00+00:00
[2024-06-11T23:01:20.827+0000] {processor.py:183} INFO - Processing /home/airflow/.local/lib/python3.12/site-packages/airflow/example_dags/example_branch_operator.py took 0.081 seconds
[2024-06-11T23:01:51.819+0000] {processor.py:161} INFO - Started process (PID=2113) to work on /home/airflow/.local/lib/python3.12/site-packages/airflow/example_dags/example_branch_operator.py
[2024-06-11T23:01:51.822+0000] {processor.py:830} INFO - Processing file /home/airflow/.local/lib/python3.12/site-packages/airflow/example_dags/example_branch_operator.py for tasks to queue
[2024-06-11T23:01:51.824+0000] {logging_mixin.py:188} INFO - [2024-06-11T23:01:51.824+0000] {dagbag.py:545} INFO - Filling up the DagBag from /home/airflow/.local/lib/python3.12/site-packages/airflow/example_dags/example_branch_operator.py
[2024-06-11T23:01:51.838+0000] {processor.py:840} INFO - DAG(s) 'example_branch_operator' retrieved from /home/airflow/.local/lib/python3.12/site-packages/airflow/example_dags/example_branch_operator.py
[2024-06-11T23:01:51.866+0000] {logging_mixin.py:188} INFO - [2024-06-11T23:01:51.866+0000] {dag.py:3096} INFO - Sync 1 DAGs
[2024-06-11T23:01:51.887+0000] {logging_mixin.py:188} INFO - [2024-06-11T23:01:51.887+0000] {dag.py:3954} INFO - Setting next_dagrun for example_branch_operator to 2024-06-10 00:00:00+00:00, run_after=2024-06-11 00:00:00+00:00
[2024-06-11T23:01:51.909+0000] {processor.py:183} INFO - Processing /home/airflow/.local/lib/python3.12/site-packages/airflow/example_dags/example_branch_operator.py took 0.095 seconds
[2024-06-11T23:02:22.006+0000] {processor.py:161} INFO - Started process (PID=2172) to work on /home/airflow/.local/lib/python3.12/site-packages/airflow/example_dags/example_branch_operator.py
[2024-06-11T23:02:22.008+0000] {processor.py:830} INFO - Processing file /home/airflow/.local/lib/python3.12/site-packages/airflow/example_dags/example_branch_operator.py for tasks to queue
[2024-06-11T23:02:22.009+0000] {logging_mixin.py:188} INFO - [2024-06-11T23:02:22.009+0000] {dagbag.py:545} INFO - Filling up the DagBag from /home/airflow/.local/lib/python3.12/site-packages/airflow/example_dags/example_branch_operator.py
[2024-06-11T23:02:22.024+0000] {processor.py:840} INFO - DAG(s) 'example_branch_operator' retrieved from /home/airflow/.local/lib/python3.12/site-packages/airflow/example_dags/example_branch_operator.py
[2024-06-11T23:02:22.061+0000] {logging_mixin.py:188} INFO - [2024-06-11T23:02:22.060+0000] {dag.py:3096} INFO - Sync 1 DAGs
[2024-06-11T23:02:22.088+0000] {logging_mixin.py:188} INFO - [2024-06-11T23:02:22.088+0000] {dag.py:3954} INFO - Setting next_dagrun for example_branch_operator to 2024-06-10 00:00:00+00:00, run_after=2024-06-11 00:00:00+00:00
[2024-06-11T23:02:22.106+0000] {processor.py:183} INFO - Processing /home/airflow/.local/lib/python3.12/site-packages/airflow/example_dags/example_branch_operator.py took 0.105 seconds
[2024-06-11T23:02:52.332+0000] {processor.py:161} INFO - Started process (PID=2229) to work on /home/airflow/.local/lib/python3.12/site-packages/airflow/example_dags/example_branch_operator.py
[2024-06-11T23:02:52.333+0000] {processor.py:830} INFO - Processing file /home/airflow/.local/lib/python3.12/site-packages/airflow/example_dags/example_branch_operator.py for tasks to queue
[2024-06-11T23:02:52.335+0000] {logging_mixin.py:188} INFO - [2024-06-11T23:02:52.335+0000] {dagbag.py:545} INFO - Filling up the DagBag from /home/airflow/.local/lib/python3.12/site-packages/airflow/example_dags/example_branch_operator.py
[2024-06-11T23:02:52.351+0000] {processor.py:840} INFO - DAG(s) 'example_branch_operator' retrieved from /home/airflow/.local/lib/python3.12/site-packages/airflow/example_dags/example_branch_operator.py
[2024-06-11T23:02:52.376+0000] {logging_mixin.py:188} INFO - [2024-06-11T23:02:52.375+0000] {dag.py:3096} INFO - Sync 1 DAGs
[2024-06-11T23:02:52.395+0000] {logging_mixin.py:188} INFO - [2024-06-11T23:02:52.395+0000] {dag.py:3954} INFO - Setting next_dagrun for example_branch_operator to 2024-06-10 00:00:00+00:00, run_after=2024-06-11 00:00:00+00:00
[2024-06-11T23:02:52.411+0000] {processor.py:183} INFO - Processing /home/airflow/.local/lib/python3.12/site-packages/airflow/example_dags/example_branch_operator.py took 0.083 seconds
[2024-06-11T23:03:22.888+0000] {processor.py:161} INFO - Started process (PID=2287) to work on /home/airflow/.local/lib/python3.12/site-packages/airflow/example_dags/example_branch_operator.py
[2024-06-11T23:03:22.889+0000] {processor.py:830} INFO - Processing file /home/airflow/.local/lib/python3.12/site-packages/airflow/example_dags/example_branch_operator.py for tasks to queue
[2024-06-11T23:03:22.891+0000] {logging_mixin.py:188} INFO - [2024-06-11T23:03:22.891+0000] {dagbag.py:545} INFO - Filling up the DagBag from /home/airflow/.local/lib/python3.12/site-packages/airflow/example_dags/example_branch_operator.py
[2024-06-11T23:03:22.907+0000] {processor.py:840} INFO - DAG(s) 'example_branch_operator' retrieved from /home/airflow/.local/lib/python3.12/site-packages/airflow/example_dags/example_branch_operator.py
[2024-06-11T23:03:22.934+0000] {logging_mixin.py:188} INFO - [2024-06-11T23:03:22.933+0000] {dag.py:3096} INFO - Sync 1 DAGs
[2024-06-11T23:03:22.955+0000] {logging_mixin.py:188} INFO - [2024-06-11T23:03:22.955+0000] {dag.py:3954} INFO - Setting next_dagrun for example_branch_operator to 2024-06-10 00:00:00+00:00, run_after=2024-06-11 00:00:00+00:00
[2024-06-11T23:03:22.973+0000] {processor.py:183} INFO - Processing /home/airflow/.local/lib/python3.12/site-packages/airflow/example_dags/example_branch_operator.py took 0.090 seconds
[2024-06-11T23:03:53.897+0000] {processor.py:161} INFO - Started process (PID=2345) to work on /home/airflow/.local/lib/python3.12/site-packages/airflow/example_dags/example_branch_operator.py
[2024-06-11T23:03:53.898+0000] {processor.py:830} INFO - Processing file /home/airflow/.local/lib/python3.12/site-packages/airflow/example_dags/example_branch_operator.py for tasks to queue
[2024-06-11T23:03:53.900+0000] {logging_mixin.py:188} INFO - [2024-06-11T23:03:53.900+0000] {dagbag.py:545} INFO - Filling up the DagBag from /home/airflow/.local/lib/python3.12/site-packages/airflow/example_dags/example_branch_operator.py
[2024-06-11T23:03:53.913+0000] {processor.py:840} INFO - DAG(s) 'example_branch_operator' retrieved from /home/airflow/.local/lib/python3.12/site-packages/airflow/example_dags/example_branch_operator.py
[2024-06-11T23:03:53.937+0000] {logging_mixin.py:188} INFO - [2024-06-11T23:03:53.937+0000] {dag.py:3096} INFO - Sync 1 DAGs
[2024-06-11T23:03:53.957+0000] {logging_mixin.py:188} INFO - [2024-06-11T23:03:53.957+0000] {dag.py:3954} INFO - Setting next_dagrun for example_branch_operator to 2024-06-10 00:00:00+00:00, run_after=2024-06-11 00:00:00+00:00
[2024-06-11T23:03:53.994+0000] {processor.py:183} INFO - Processing /home/airflow/.local/lib/python3.12/site-packages/airflow/example_dags/example_branch_operator.py took 0.102 seconds
[2024-06-11T23:04:24.399+0000] {processor.py:161} INFO - Started process (PID=2403) to work on /home/airflow/.local/lib/python3.12/site-packages/airflow/example_dags/example_branch_operator.py
[2024-06-11T23:04:24.400+0000] {processor.py:830} INFO - Processing file /home/airflow/.local/lib/python3.12/site-packages/airflow/example_dags/example_branch_operator.py for tasks to queue
[2024-06-11T23:04:24.402+0000] {logging_mixin.py:188} INFO - [2024-06-11T23:04:24.402+0000] {dagbag.py:545} INFO - Filling up the DagBag from /home/airflow/.local/lib/python3.12/site-packages/airflow/example_dags/example_branch_operator.py
[2024-06-11T23:04:24.420+0000] {processor.py:840} INFO - DAG(s) 'example_branch_operator' retrieved from /home/airflow/.local/lib/python3.12/site-packages/airflow/example_dags/example_branch_operator.py
[2024-06-11T23:04:24.443+0000] {logging_mixin.py:188} INFO - [2024-06-11T23:04:24.442+0000] {dag.py:3096} INFO - Sync 1 DAGs
[2024-06-11T23:04:24.464+0000] {logging_mixin.py:188} INFO - [2024-06-11T23:04:24.464+0000] {dag.py:3954} INFO - Setting next_dagrun for example_branch_operator to 2024-06-10 00:00:00+00:00, run_after=2024-06-11 00:00:00+00:00
[2024-06-11T23:04:24.483+0000] {processor.py:183} INFO - Processing /home/airflow/.local/lib/python3.12/site-packages/airflow/example_dags/example_branch_operator.py took 0.089 seconds
[2024-06-11T23:04:54.837+0000] {processor.py:161} INFO - Started process (PID=2462) to work on /home/airflow/.local/lib/python3.12/site-packages/airflow/example_dags/example_branch_operator.py
[2024-06-11T23:04:54.839+0000] {processor.py:830} INFO - Processing file /home/airflow/.local/lib/python3.12/site-packages/airflow/example_dags/example_branch_operator.py for tasks to queue
[2024-06-11T23:04:54.840+0000] {logging_mixin.py:188} INFO - [2024-06-11T23:04:54.840+0000] {dagbag.py:545} INFO - Filling up the DagBag from /home/airflow/.local/lib/python3.12/site-packages/airflow/example_dags/example_branch_operator.py
[2024-06-11T23:04:54.854+0000] {processor.py:840} INFO - DAG(s) 'example_branch_operator' retrieved from /home/airflow/.local/lib/python3.12/site-packages/airflow/example_dags/example_branch_operator.py
[2024-06-11T23:04:54.879+0000] {logging_mixin.py:188} INFO - [2024-06-11T23:04:54.879+0000] {dag.py:3096} INFO - Sync 1 DAGs
[2024-06-11T23:04:54.900+0000] {logging_mixin.py:188} INFO - [2024-06-11T23:04:54.899+0000] {dag.py:3954} INFO - Setting next_dagrun for example_branch_operator to 2024-06-10 00:00:00+00:00, run_after=2024-06-11 00:00:00+00:00
[2024-06-11T23:04:54.922+0000] {processor.py:183} INFO - Processing /home/airflow/.local/lib/python3.12/site-packages/airflow/example_dags/example_branch_operator.py took 0.093 seconds
[2024-06-11T23:05:25.419+0000] {processor.py:161} INFO - Started process (PID=2520) to work on /home/airflow/.local/lib/python3.12/site-packages/airflow/example_dags/example_branch_operator.py
[2024-06-11T23:05:25.420+0000] {processor.py:830} INFO - Processing file /home/airflow/.local/lib/python3.12/site-packages/airflow/example_dags/example_branch_operator.py for tasks to queue
[2024-06-11T23:05:25.422+0000] {logging_mixin.py:188} INFO - [2024-06-11T23:05:25.422+0000] {dagbag.py:545} INFO - Filling up the DagBag from /home/airflow/.local/lib/python3.12/site-packages/airflow/example_dags/example_branch_operator.py
[2024-06-11T23:05:25.438+0000] {processor.py:840} INFO - DAG(s) 'example_branch_operator' retrieved from /home/airflow/.local/lib/python3.12/site-packages/airflow/example_dags/example_branch_operator.py
[2024-06-11T23:05:25.462+0000] {logging_mixin.py:188} INFO - [2024-06-11T23:05:25.461+0000] {dag.py:3096} INFO - Sync 1 DAGs
[2024-06-11T23:05:25.482+0000] {logging_mixin.py:188} INFO - [2024-06-11T23:05:25.482+0000] {dag.py:3954} INFO - Setting next_dagrun for example_branch_operator to 2024-06-10 00:00:00+00:00, run_after=2024-06-11 00:00:00+00:00
[2024-06-11T23:05:25.502+0000] {processor.py:183} INFO - Processing /home/airflow/.local/lib/python3.12/site-packages/airflow/example_dags/example_branch_operator.py took 0.090 seconds
[2024-06-11T23:05:55.562+0000] {processor.py:161} INFO - Started process (PID=2578) to work on /home/airflow/.local/lib/python3.12/site-packages/airflow/example_dags/example_branch_operator.py
[2024-06-11T23:05:55.564+0000] {processor.py:830} INFO - Processing file /home/airflow/.local/lib/python3.12/site-packages/airflow/example_dags/example_branch_operator.py for tasks to queue
[2024-06-11T23:05:55.566+0000] {logging_mixin.py:188} INFO - [2024-06-11T23:05:55.565+0000] {dagbag.py:545} INFO - Filling up the DagBag from /home/airflow/.local/lib/python3.12/site-packages/airflow/example_dags/example_branch_operator.py
[2024-06-11T23:05:55.580+0000] {processor.py:840} INFO - DAG(s) 'example_branch_operator' retrieved from /home/airflow/.local/lib/python3.12/site-packages/airflow/example_dags/example_branch_operator.py
[2024-06-11T23:05:55.603+0000] {logging_mixin.py:188} INFO - [2024-06-11T23:05:55.602+0000] {dag.py:3096} INFO - Sync 1 DAGs
[2024-06-11T23:05:55.622+0000] {logging_mixin.py:188} INFO - [2024-06-11T23:05:55.622+0000] {dag.py:3954} INFO - Setting next_dagrun for example_branch_operator to 2024-06-10 00:00:00+00:00, run_after=2024-06-11 00:00:00+00:00
[2024-06-11T23:05:55.638+0000] {processor.py:183} INFO - Processing /home/airflow/.local/lib/python3.12/site-packages/airflow/example_dags/example_branch_operator.py took 0.082 seconds
[2024-06-11T23:06:26.117+0000] {processor.py:161} INFO - Started process (PID=2636) to work on /home/airflow/.local/lib/python3.12/site-packages/airflow/example_dags/example_branch_operator.py
[2024-06-11T23:06:26.118+0000] {processor.py:830} INFO - Processing file /home/airflow/.local/lib/python3.12/site-packages/airflow/example_dags/example_branch_operator.py for tasks to queue
[2024-06-11T23:06:26.120+0000] {logging_mixin.py:188} INFO - [2024-06-11T23:06:26.120+0000] {dagbag.py:545} INFO - Filling up the DagBag from /home/airflow/.local/lib/python3.12/site-packages/airflow/example_dags/example_branch_operator.py
[2024-06-11T23:06:26.134+0000] {processor.py:840} INFO - DAG(s) 'example_branch_operator' retrieved from /home/airflow/.local/lib/python3.12/site-packages/airflow/example_dags/example_branch_operator.py
[2024-06-11T23:06:26.157+0000] {logging_mixin.py:188} INFO - [2024-06-11T23:06:26.157+0000] {dag.py:3096} INFO - Sync 1 DAGs
[2024-06-11T23:06:26.178+0000] {logging_mixin.py:188} INFO - [2024-06-11T23:06:26.177+0000] {dag.py:3954} INFO - Setting next_dagrun for example_branch_operator to 2024-06-10 00:00:00+00:00, run_after=2024-06-11 00:00:00+00:00
[2024-06-11T23:06:26.196+0000] {processor.py:183} INFO - Processing /home/airflow/.local/lib/python3.12/site-packages/airflow/example_dags/example_branch_operator.py took 0.083 seconds
[2024-06-11T23:06:56.689+0000] {processor.py:161} INFO - Started process (PID=2694) to work on /home/airflow/.local/lib/python3.12/site-packages/airflow/example_dags/example_branch_operator.py
[2024-06-11T23:06:56.691+0000] {processor.py:830} INFO - Processing file /home/airflow/.local/lib/python3.12/site-packages/airflow/example_dags/example_branch_operator.py for tasks to queue
[2024-06-11T23:06:56.693+0000] {logging_mixin.py:188} INFO - [2024-06-11T23:06:56.693+0000] {dagbag.py:545} INFO - Filling up the DagBag from /home/airflow/.local/lib/python3.12/site-packages/airflow/example_dags/example_branch_operator.py
[2024-06-11T23:06:56.707+0000] {processor.py:840} INFO - DAG(s) 'example_branch_operator' retrieved from /home/airflow/.local/lib/python3.12/site-packages/airflow/example_dags/example_branch_operator.py
[2024-06-11T23:06:56.732+0000] {logging_mixin.py:188} INFO - [2024-06-11T23:06:56.731+0000] {dag.py:3096} INFO - Sync 1 DAGs
[2024-06-11T23:06:56.751+0000] {logging_mixin.py:188} INFO - [2024-06-11T23:06:56.751+0000] {dag.py:3954} INFO - Setting next_dagrun for example_branch_operator to 2024-06-10 00:00:00+00:00, run_after=2024-06-11 00:00:00+00:00
[2024-06-11T23:06:56.772+0000] {processor.py:183} INFO - Processing /home/airflow/.local/lib/python3.12/site-packages/airflow/example_dags/example_branch_operator.py took 0.091 seconds
