[2024-06-11T22:43:51.784+0000] {processor.py:161} INFO - Started process (PID=82) to work on /home/airflow/.local/lib/python3.12/site-packages/airflow/example_dags/example_sla_dag.py
[2024-06-11T22:43:51.785+0000] {processor.py:830} INFO - Processing file /home/airflow/.local/lib/python3.12/site-packages/airflow/example_dags/example_sla_dag.py for tasks to queue
[2024-06-11T22:43:51.789+0000] {logging_mixin.py:188} INFO - [2024-06-11T22:43:51.789+0000] {dagbag.py:545} INFO - Filling up the DagBag from /home/airflow/.local/lib/python3.12/site-packages/airflow/example_dags/example_sla_dag.py
[2024-06-11T22:43:51.797+0000] {processor.py:840} INFO - DAG(s) 'example_sla_dag' retrieved from /home/airflow/.local/lib/python3.12/site-packages/airflow/example_dags/example_sla_dag.py
[2024-06-11T22:43:51.806+0000] {logging_mixin.py:188} INFO - [2024-06-11T22:43:51.806+0000] {dag.py:3096} INFO - Sync 1 DAGs
[2024-06-11T22:43:51.827+0000] {logging_mixin.py:188} INFO - [2024-06-11T22:43:51.827+0000] {dag.py:3954} INFO - Setting next_dagrun for example_sla_dag to 2024-06-11 22:40:00+00:00, run_after=2024-06-11 22:42:00+00:00
[2024-06-11T22:43:51.842+0000] {processor.py:183} INFO - Processing /home/airflow/.local/lib/python3.12/site-packages/airflow/example_dags/example_sla_dag.py took 0.063 seconds
[2024-06-11T22:44:22.952+0000] {processor.py:161} INFO - Started process (PID=140) to work on /home/airflow/.local/lib/python3.12/site-packages/airflow/example_dags/example_sla_dag.py
[2024-06-11T22:44:22.953+0000] {processor.py:830} INFO - Processing file /home/airflow/.local/lib/python3.12/site-packages/airflow/example_dags/example_sla_dag.py for tasks to queue
[2024-06-11T22:44:22.954+0000] {logging_mixin.py:188} INFO - [2024-06-11T22:44:22.954+0000] {dagbag.py:545} INFO - Filling up the DagBag from /home/airflow/.local/lib/python3.12/site-packages/airflow/example_dags/example_sla_dag.py
[2024-06-11T22:44:22.960+0000] {processor.py:840} INFO - DAG(s) 'example_sla_dag' retrieved from /home/airflow/.local/lib/python3.12/site-packages/airflow/example_dags/example_sla_dag.py
[2024-06-11T22:44:23.037+0000] {logging_mixin.py:188} INFO - [2024-06-11T22:44:23.037+0000] {dag.py:3096} INFO - Sync 1 DAGs
[2024-06-11T22:44:23.053+0000] {logging_mixin.py:188} INFO - [2024-06-11T22:44:23.053+0000] {dag.py:3954} INFO - Setting next_dagrun for example_sla_dag to 2024-06-11 22:42:00+00:00, run_after=2024-06-11 22:44:00+00:00
[2024-06-11T22:44:23.071+0000] {processor.py:183} INFO - Processing /home/airflow/.local/lib/python3.12/site-packages/airflow/example_dags/example_sla_dag.py took 0.123 seconds
[2024-06-11T22:44:53.392+0000] {processor.py:161} INFO - Started process (PID=198) to work on /home/airflow/.local/lib/python3.12/site-packages/airflow/example_dags/example_sla_dag.py
[2024-06-11T22:44:53.393+0000] {processor.py:830} INFO - Processing file /home/airflow/.local/lib/python3.12/site-packages/airflow/example_dags/example_sla_dag.py for tasks to queue
[2024-06-11T22:44:53.394+0000] {logging_mixin.py:188} INFO - [2024-06-11T22:44:53.394+0000] {dagbag.py:545} INFO - Filling up the DagBag from /home/airflow/.local/lib/python3.12/site-packages/airflow/example_dags/example_sla_dag.py
[2024-06-11T22:44:53.400+0000] {processor.py:840} INFO - DAG(s) 'example_sla_dag' retrieved from /home/airflow/.local/lib/python3.12/site-packages/airflow/example_dags/example_sla_dag.py
[2024-06-11T22:44:53.416+0000] {logging_mixin.py:188} INFO - [2024-06-11T22:44:53.416+0000] {dag.py:3096} INFO - Sync 1 DAGs
[2024-06-11T22:44:53.434+0000] {logging_mixin.py:188} INFO - [2024-06-11T22:44:53.433+0000] {dag.py:3954} INFO - Setting next_dagrun for example_sla_dag to 2024-06-11 22:42:00+00:00, run_after=2024-06-11 22:44:00+00:00
[2024-06-11T22:44:53.449+0000] {processor.py:183} INFO - Processing /home/airflow/.local/lib/python3.12/site-packages/airflow/example_dags/example_sla_dag.py took 0.062 seconds
[2024-06-11T22:45:24.072+0000] {processor.py:161} INFO - Started process (PID=257) to work on /home/airflow/.local/lib/python3.12/site-packages/airflow/example_dags/example_sla_dag.py
[2024-06-11T22:45:24.073+0000] {processor.py:830} INFO - Processing file /home/airflow/.local/lib/python3.12/site-packages/airflow/example_dags/example_sla_dag.py for tasks to queue
[2024-06-11T22:45:24.075+0000] {logging_mixin.py:188} INFO - [2024-06-11T22:45:24.075+0000] {dagbag.py:545} INFO - Filling up the DagBag from /home/airflow/.local/lib/python3.12/site-packages/airflow/example_dags/example_sla_dag.py
[2024-06-11T22:45:24.082+0000] {processor.py:840} INFO - DAG(s) 'example_sla_dag' retrieved from /home/airflow/.local/lib/python3.12/site-packages/airflow/example_dags/example_sla_dag.py
[2024-06-11T22:45:24.099+0000] {logging_mixin.py:188} INFO - [2024-06-11T22:45:24.099+0000] {dag.py:3096} INFO - Sync 1 DAGs
[2024-06-11T22:45:24.124+0000] {logging_mixin.py:188} INFO - [2024-06-11T22:45:24.124+0000] {dag.py:3954} INFO - Setting next_dagrun for example_sla_dag to 2024-06-11 22:42:00+00:00, run_after=2024-06-11 22:44:00+00:00
[2024-06-11T22:45:24.143+0000] {processor.py:183} INFO - Processing /home/airflow/.local/lib/python3.12/site-packages/airflow/example_dags/example_sla_dag.py took 0.077 seconds
[2024-06-11T22:45:54.795+0000] {processor.py:161} INFO - Started process (PID=315) to work on /home/airflow/.local/lib/python3.12/site-packages/airflow/example_dags/example_sla_dag.py
[2024-06-11T22:45:54.796+0000] {processor.py:830} INFO - Processing file /home/airflow/.local/lib/python3.12/site-packages/airflow/example_dags/example_sla_dag.py for tasks to queue
[2024-06-11T22:45:54.798+0000] {logging_mixin.py:188} INFO - [2024-06-11T22:45:54.797+0000] {dagbag.py:545} INFO - Filling up the DagBag from /home/airflow/.local/lib/python3.12/site-packages/airflow/example_dags/example_sla_dag.py
[2024-06-11T22:45:54.805+0000] {processor.py:840} INFO - DAG(s) 'example_sla_dag' retrieved from /home/airflow/.local/lib/python3.12/site-packages/airflow/example_dags/example_sla_dag.py
[2024-06-11T22:45:54.821+0000] {logging_mixin.py:188} INFO - [2024-06-11T22:45:54.820+0000] {dag.py:3096} INFO - Sync 1 DAGs
[2024-06-11T22:45:54.842+0000] {logging_mixin.py:188} INFO - [2024-06-11T22:45:54.841+0000] {dag.py:3954} INFO - Setting next_dagrun for example_sla_dag to 2024-06-11 22:42:00+00:00, run_after=2024-06-11 22:44:00+00:00
[2024-06-11T22:45:54.859+0000] {processor.py:183} INFO - Processing /home/airflow/.local/lib/python3.12/site-packages/airflow/example_dags/example_sla_dag.py took 0.069 seconds
[2024-06-11T22:46:26.095+0000] {processor.py:161} INFO - Started process (PID=373) to work on /home/airflow/.local/lib/python3.12/site-packages/airflow/example_dags/example_sla_dag.py
[2024-06-11T22:46:26.096+0000] {processor.py:830} INFO - Processing file /home/airflow/.local/lib/python3.12/site-packages/airflow/example_dags/example_sla_dag.py for tasks to queue
[2024-06-11T22:46:26.098+0000] {logging_mixin.py:188} INFO - [2024-06-11T22:46:26.097+0000] {dagbag.py:545} INFO - Filling up the DagBag from /home/airflow/.local/lib/python3.12/site-packages/airflow/example_dags/example_sla_dag.py
[2024-06-11T22:46:26.105+0000] {processor.py:840} INFO - DAG(s) 'example_sla_dag' retrieved from /home/airflow/.local/lib/python3.12/site-packages/airflow/example_dags/example_sla_dag.py
[2024-06-11T22:46:26.122+0000] {logging_mixin.py:188} INFO - [2024-06-11T22:46:26.121+0000] {dag.py:3096} INFO - Sync 1 DAGs
[2024-06-11T22:46:26.142+0000] {logging_mixin.py:188} INFO - [2024-06-11T22:46:26.142+0000] {dag.py:3954} INFO - Setting next_dagrun for example_sla_dag to 2024-06-11 22:44:00+00:00, run_after=2024-06-11 22:46:00+00:00
[2024-06-11T22:46:26.161+0000] {processor.py:183} INFO - Processing /home/airflow/.local/lib/python3.12/site-packages/airflow/example_dags/example_sla_dag.py took 0.072 seconds
[2024-06-11T22:46:57.038+0000] {processor.py:161} INFO - Started process (PID=431) to work on /home/airflow/.local/lib/python3.12/site-packages/airflow/example_dags/example_sla_dag.py
[2024-06-11T22:46:57.044+0000] {processor.py:830} INFO - Processing file /home/airflow/.local/lib/python3.12/site-packages/airflow/example_dags/example_sla_dag.py for tasks to queue
[2024-06-11T22:46:57.046+0000] {logging_mixin.py:188} INFO - [2024-06-11T22:46:57.046+0000] {dagbag.py:545} INFO - Filling up the DagBag from /home/airflow/.local/lib/python3.12/site-packages/airflow/example_dags/example_sla_dag.py
[2024-06-11T22:46:57.054+0000] {processor.py:840} INFO - DAG(s) 'example_sla_dag' retrieved from /home/airflow/.local/lib/python3.12/site-packages/airflow/example_dags/example_sla_dag.py
[2024-06-11T22:46:57.074+0000] {logging_mixin.py:188} INFO - [2024-06-11T22:46:57.073+0000] {dag.py:3096} INFO - Sync 1 DAGs
[2024-06-11T22:46:57.113+0000] {logging_mixin.py:188} INFO - [2024-06-11T22:46:57.112+0000] {dag.py:3954} INFO - Setting next_dagrun for example_sla_dag to 2024-06-11 22:44:00+00:00, run_after=2024-06-11 22:46:00+00:00
[2024-06-11T22:46:57.142+0000] {processor.py:183} INFO - Processing /home/airflow/.local/lib/python3.12/site-packages/airflow/example_dags/example_sla_dag.py took 0.109 seconds
[2024-06-11T22:47:27.343+0000] {processor.py:161} INFO - Started process (PID=489) to work on /home/airflow/.local/lib/python3.12/site-packages/airflow/example_dags/example_sla_dag.py
[2024-06-11T22:47:27.344+0000] {processor.py:830} INFO - Processing file /home/airflow/.local/lib/python3.12/site-packages/airflow/example_dags/example_sla_dag.py for tasks to queue
[2024-06-11T22:47:27.346+0000] {logging_mixin.py:188} INFO - [2024-06-11T22:47:27.346+0000] {dagbag.py:545} INFO - Filling up the DagBag from /home/airflow/.local/lib/python3.12/site-packages/airflow/example_dags/example_sla_dag.py
[2024-06-11T22:47:27.353+0000] {processor.py:840} INFO - DAG(s) 'example_sla_dag' retrieved from /home/airflow/.local/lib/python3.12/site-packages/airflow/example_dags/example_sla_dag.py
[2024-06-11T22:47:27.370+0000] {logging_mixin.py:188} INFO - [2024-06-11T22:47:27.370+0000] {dag.py:3096} INFO - Sync 1 DAGs
[2024-06-11T22:47:27.390+0000] {logging_mixin.py:188} INFO - [2024-06-11T22:47:27.390+0000] {dag.py:3954} INFO - Setting next_dagrun for example_sla_dag to 2024-06-11 22:44:00+00:00, run_after=2024-06-11 22:46:00+00:00
[2024-06-11T22:47:27.408+0000] {processor.py:183} INFO - Processing /home/airflow/.local/lib/python3.12/site-packages/airflow/example_dags/example_sla_dag.py took 0.069 seconds
[2024-06-11T22:47:57.540+0000] {processor.py:161} INFO - Started process (PID=547) to work on /home/airflow/.local/lib/python3.12/site-packages/airflow/example_dags/example_sla_dag.py
[2024-06-11T22:47:57.541+0000] {processor.py:830} INFO - Processing file /home/airflow/.local/lib/python3.12/site-packages/airflow/example_dags/example_sla_dag.py for tasks to queue
[2024-06-11T22:47:57.543+0000] {logging_mixin.py:188} INFO - [2024-06-11T22:47:57.543+0000] {dagbag.py:545} INFO - Filling up the DagBag from /home/airflow/.local/lib/python3.12/site-packages/airflow/example_dags/example_sla_dag.py
[2024-06-11T22:47:57.550+0000] {processor.py:840} INFO - DAG(s) 'example_sla_dag' retrieved from /home/airflow/.local/lib/python3.12/site-packages/airflow/example_dags/example_sla_dag.py
[2024-06-11T22:47:57.566+0000] {logging_mixin.py:188} INFO - [2024-06-11T22:47:57.565+0000] {dag.py:3096} INFO - Sync 1 DAGs
[2024-06-11T22:47:57.587+0000] {logging_mixin.py:188} INFO - [2024-06-11T22:47:57.587+0000] {dag.py:3954} INFO - Setting next_dagrun for example_sla_dag to 2024-06-11 22:44:00+00:00, run_after=2024-06-11 22:46:00+00:00
[2024-06-11T22:47:57.605+0000] {processor.py:183} INFO - Processing /home/airflow/.local/lib/python3.12/site-packages/airflow/example_dags/example_sla_dag.py took 0.072 seconds
[2024-06-11T22:48:30.387+0000] {processor.py:161} INFO - Started process (PID=605) to work on /home/airflow/.local/lib/python3.12/site-packages/airflow/example_dags/example_sla_dag.py
[2024-06-11T22:48:30.388+0000] {processor.py:830} INFO - Processing file /home/airflow/.local/lib/python3.12/site-packages/airflow/example_dags/example_sla_dag.py for tasks to queue
[2024-06-11T22:48:30.390+0000] {logging_mixin.py:188} INFO - [2024-06-11T22:48:30.390+0000] {dagbag.py:545} INFO - Filling up the DagBag from /home/airflow/.local/lib/python3.12/site-packages/airflow/example_dags/example_sla_dag.py
[2024-06-11T22:48:30.396+0000] {processor.py:840} INFO - DAG(s) 'example_sla_dag' retrieved from /home/airflow/.local/lib/python3.12/site-packages/airflow/example_dags/example_sla_dag.py
[2024-06-11T22:48:30.411+0000] {logging_mixin.py:188} INFO - [2024-06-11T22:48:30.410+0000] {dag.py:3096} INFO - Sync 1 DAGs
[2024-06-11T22:48:30.428+0000] {logging_mixin.py:188} INFO - [2024-06-11T22:48:30.428+0000] {dag.py:3954} INFO - Setting next_dagrun for example_sla_dag to 2024-06-11 22:46:00+00:00, run_after=2024-06-11 22:48:00+00:00
[2024-06-11T22:48:30.444+0000] {processor.py:183} INFO - Processing /home/airflow/.local/lib/python3.12/site-packages/airflow/example_dags/example_sla_dag.py took 0.061 seconds
[2024-06-11T22:49:00.977+0000] {processor.py:161} INFO - Started process (PID=669) to work on /home/airflow/.local/lib/python3.12/site-packages/airflow/example_dags/example_sla_dag.py
[2024-06-11T22:49:00.978+0000] {processor.py:830} INFO - Processing file /home/airflow/.local/lib/python3.12/site-packages/airflow/example_dags/example_sla_dag.py for tasks to queue
[2024-06-11T22:49:00.980+0000] {logging_mixin.py:188} INFO - [2024-06-11T22:49:00.979+0000] {dagbag.py:545} INFO - Filling up the DagBag from /home/airflow/.local/lib/python3.12/site-packages/airflow/example_dags/example_sla_dag.py
[2024-06-11T22:49:00.987+0000] {processor.py:840} INFO - DAG(s) 'example_sla_dag' retrieved from /home/airflow/.local/lib/python3.12/site-packages/airflow/example_dags/example_sla_dag.py
[2024-06-11T22:49:01.005+0000] {logging_mixin.py:188} INFO - [2024-06-11T22:49:01.005+0000] {dag.py:3096} INFO - Sync 1 DAGs
[2024-06-11T22:49:01.026+0000] {logging_mixin.py:188} INFO - [2024-06-11T22:49:01.026+0000] {dag.py:3954} INFO - Setting next_dagrun for example_sla_dag to 2024-06-11 22:46:00+00:00, run_after=2024-06-11 22:48:00+00:00
[2024-06-11T22:49:01.046+0000] {processor.py:183} INFO - Processing /home/airflow/.local/lib/python3.12/site-packages/airflow/example_dags/example_sla_dag.py took 0.074 seconds
[2024-06-11T22:49:32.253+0000] {processor.py:161} INFO - Started process (PID=727) to work on /home/airflow/.local/lib/python3.12/site-packages/airflow/example_dags/example_sla_dag.py
[2024-06-11T22:49:32.290+0000] {processor.py:830} INFO - Processing file /home/airflow/.local/lib/python3.12/site-packages/airflow/example_dags/example_sla_dag.py for tasks to queue
[2024-06-11T22:49:32.341+0000] {logging_mixin.py:188} INFO - [2024-06-11T22:49:32.340+0000] {dagbag.py:545} INFO - Filling up the DagBag from /home/airflow/.local/lib/python3.12/site-packages/airflow/example_dags/example_sla_dag.py
[2024-06-11T22:49:32.363+0000] {processor.py:840} INFO - DAG(s) 'example_sla_dag' retrieved from /home/airflow/.local/lib/python3.12/site-packages/airflow/example_dags/example_sla_dag.py
[2024-06-11T22:49:32.382+0000] {logging_mixin.py:188} INFO - [2024-06-11T22:49:32.382+0000] {dag.py:3096} INFO - Sync 1 DAGs
[2024-06-11T22:49:32.500+0000] {logging_mixin.py:188} INFO - [2024-06-11T22:49:32.500+0000] {dag.py:3954} INFO - Setting next_dagrun for example_sla_dag to 2024-06-11 22:46:00+00:00, run_after=2024-06-11 22:48:00+00:00
[2024-06-11T22:49:32.519+0000] {processor.py:183} INFO - Processing /home/airflow/.local/lib/python3.12/site-packages/airflow/example_dags/example_sla_dag.py took 0.271 seconds
[2024-06-11T22:50:03.149+0000] {processor.py:161} INFO - Started process (PID=785) to work on /home/airflow/.local/lib/python3.12/site-packages/airflow/example_dags/example_sla_dag.py
[2024-06-11T22:50:03.150+0000] {processor.py:830} INFO - Processing file /home/airflow/.local/lib/python3.12/site-packages/airflow/example_dags/example_sla_dag.py for tasks to queue
[2024-06-11T22:50:03.207+0000] {logging_mixin.py:188} INFO - [2024-06-11T22:50:03.206+0000] {dagbag.py:545} INFO - Filling up the DagBag from /home/airflow/.local/lib/python3.12/site-packages/airflow/example_dags/example_sla_dag.py
[2024-06-11T22:50:03.217+0000] {processor.py:840} INFO - DAG(s) 'example_sla_dag' retrieved from /home/airflow/.local/lib/python3.12/site-packages/airflow/example_dags/example_sla_dag.py
[2024-06-11T22:50:03.241+0000] {logging_mixin.py:188} INFO - [2024-06-11T22:50:03.241+0000] {dag.py:3096} INFO - Sync 1 DAGs
[2024-06-11T22:50:03.303+0000] {logging_mixin.py:188} INFO - [2024-06-11T22:50:03.303+0000] {dag.py:3954} INFO - Setting next_dagrun for example_sla_dag to 2024-06-11 22:48:00+00:00, run_after=2024-06-11 22:50:00+00:00
[2024-06-11T22:50:03.419+0000] {processor.py:183} INFO - Processing /home/airflow/.local/lib/python3.12/site-packages/airflow/example_dags/example_sla_dag.py took 0.275 seconds
[2024-06-11T22:50:34.046+0000] {processor.py:161} INFO - Started process (PID=843) to work on /home/airflow/.local/lib/python3.12/site-packages/airflow/example_dags/example_sla_dag.py
[2024-06-11T22:50:34.048+0000] {processor.py:830} INFO - Processing file /home/airflow/.local/lib/python3.12/site-packages/airflow/example_dags/example_sla_dag.py for tasks to queue
[2024-06-11T22:50:34.049+0000] {logging_mixin.py:188} INFO - [2024-06-11T22:50:34.049+0000] {dagbag.py:545} INFO - Filling up the DagBag from /home/airflow/.local/lib/python3.12/site-packages/airflow/example_dags/example_sla_dag.py
[2024-06-11T22:50:34.057+0000] {processor.py:840} INFO - DAG(s) 'example_sla_dag' retrieved from /home/airflow/.local/lib/python3.12/site-packages/airflow/example_dags/example_sla_dag.py
[2024-06-11T22:50:34.075+0000] {logging_mixin.py:188} INFO - [2024-06-11T22:50:34.074+0000] {dag.py:3096} INFO - Sync 1 DAGs
[2024-06-11T22:50:34.099+0000] {logging_mixin.py:188} INFO - [2024-06-11T22:50:34.099+0000] {dag.py:3954} INFO - Setting next_dagrun for example_sla_dag to 2024-06-11 22:48:00+00:00, run_after=2024-06-11 22:50:00+00:00
[2024-06-11T22:50:34.119+0000] {processor.py:183} INFO - Processing /home/airflow/.local/lib/python3.12/site-packages/airflow/example_dags/example_sla_dag.py took 0.081 seconds
[2024-06-11T22:51:04.924+0000] {processor.py:161} INFO - Started process (PID=901) to work on /home/airflow/.local/lib/python3.12/site-packages/airflow/example_dags/example_sla_dag.py
[2024-06-11T22:51:04.925+0000] {processor.py:830} INFO - Processing file /home/airflow/.local/lib/python3.12/site-packages/airflow/example_dags/example_sla_dag.py for tasks to queue
[2024-06-11T22:51:04.927+0000] {logging_mixin.py:188} INFO - [2024-06-11T22:51:04.927+0000] {dagbag.py:545} INFO - Filling up the DagBag from /home/airflow/.local/lib/python3.12/site-packages/airflow/example_dags/example_sla_dag.py
[2024-06-11T22:51:04.935+0000] {processor.py:840} INFO - DAG(s) 'example_sla_dag' retrieved from /home/airflow/.local/lib/python3.12/site-packages/airflow/example_dags/example_sla_dag.py
[2024-06-11T22:51:04.960+0000] {logging_mixin.py:188} INFO - [2024-06-11T22:51:04.960+0000] {dag.py:3096} INFO - Sync 1 DAGs
[2024-06-11T22:51:04.985+0000] {logging_mixin.py:188} INFO - [2024-06-11T22:51:04.985+0000] {dag.py:3954} INFO - Setting next_dagrun for example_sla_dag to 2024-06-11 22:48:00+00:00, run_after=2024-06-11 22:50:00+00:00
[2024-06-11T22:51:05.004+0000] {processor.py:183} INFO - Processing /home/airflow/.local/lib/python3.12/site-packages/airflow/example_dags/example_sla_dag.py took 0.084 seconds
[2024-06-11T22:51:35.545+0000] {processor.py:161} INFO - Started process (PID=959) to work on /home/airflow/.local/lib/python3.12/site-packages/airflow/example_dags/example_sla_dag.py
[2024-06-11T22:51:35.546+0000] {processor.py:830} INFO - Processing file /home/airflow/.local/lib/python3.12/site-packages/airflow/example_dags/example_sla_dag.py for tasks to queue
[2024-06-11T22:51:35.548+0000] {logging_mixin.py:188} INFO - [2024-06-11T22:51:35.548+0000] {dagbag.py:545} INFO - Filling up the DagBag from /home/airflow/.local/lib/python3.12/site-packages/airflow/example_dags/example_sla_dag.py
[2024-06-11T22:51:35.556+0000] {processor.py:840} INFO - DAG(s) 'example_sla_dag' retrieved from /home/airflow/.local/lib/python3.12/site-packages/airflow/example_dags/example_sla_dag.py
[2024-06-11T22:51:35.573+0000] {logging_mixin.py:188} INFO - [2024-06-11T22:51:35.573+0000] {dag.py:3096} INFO - Sync 1 DAGs
[2024-06-11T22:51:35.595+0000] {logging_mixin.py:188} INFO - [2024-06-11T22:51:35.594+0000] {dag.py:3954} INFO - Setting next_dagrun for example_sla_dag to 2024-06-11 22:48:00+00:00, run_after=2024-06-11 22:50:00+00:00
[2024-06-11T22:51:35.612+0000] {processor.py:183} INFO - Processing /home/airflow/.local/lib/python3.12/site-packages/airflow/example_dags/example_sla_dag.py took 0.073 seconds
[2024-06-11T22:52:07.414+0000] {processor.py:161} INFO - Started process (PID=1017) to work on /home/airflow/.local/lib/python3.12/site-packages/airflow/example_dags/example_sla_dag.py
[2024-06-11T22:52:07.418+0000] {processor.py:830} INFO - Processing file /home/airflow/.local/lib/python3.12/site-packages/airflow/example_dags/example_sla_dag.py for tasks to queue
[2024-06-11T22:52:07.429+0000] {logging_mixin.py:188} INFO - [2024-06-11T22:52:07.428+0000] {dagbag.py:545} INFO - Filling up the DagBag from /home/airflow/.local/lib/python3.12/site-packages/airflow/example_dags/example_sla_dag.py
[2024-06-11T22:52:07.440+0000] {processor.py:840} INFO - DAG(s) 'example_sla_dag' retrieved from /home/airflow/.local/lib/python3.12/site-packages/airflow/example_dags/example_sla_dag.py
[2024-06-11T22:52:07.476+0000] {logging_mixin.py:188} INFO - [2024-06-11T22:52:07.476+0000] {dag.py:3096} INFO - Sync 1 DAGs
[2024-06-11T22:52:07.620+0000] {logging_mixin.py:188} INFO - [2024-06-11T22:52:07.620+0000] {dag.py:3954} INFO - Setting next_dagrun for example_sla_dag to 2024-06-11 22:50:00+00:00, run_after=2024-06-11 22:52:00+00:00
[2024-06-11T22:52:07.662+0000] {processor.py:183} INFO - Processing /home/airflow/.local/lib/python3.12/site-packages/airflow/example_dags/example_sla_dag.py took 0.256 seconds
[2024-06-11T22:52:38.371+0000] {processor.py:161} INFO - Started process (PID=1075) to work on /home/airflow/.local/lib/python3.12/site-packages/airflow/example_dags/example_sla_dag.py
[2024-06-11T22:52:38.463+0000] {processor.py:830} INFO - Processing file /home/airflow/.local/lib/python3.12/site-packages/airflow/example_dags/example_sla_dag.py for tasks to queue
[2024-06-11T22:52:38.466+0000] {logging_mixin.py:188} INFO - [2024-06-11T22:52:38.465+0000] {dagbag.py:545} INFO - Filling up the DagBag from /home/airflow/.local/lib/python3.12/site-packages/airflow/example_dags/example_sla_dag.py
[2024-06-11T22:52:38.475+0000] {processor.py:840} INFO - DAG(s) 'example_sla_dag' retrieved from /home/airflow/.local/lib/python3.12/site-packages/airflow/example_dags/example_sla_dag.py
[2024-06-11T22:52:38.500+0000] {logging_mixin.py:188} INFO - [2024-06-11T22:52:38.500+0000] {dag.py:3096} INFO - Sync 1 DAGs
[2024-06-11T22:52:38.524+0000] {logging_mixin.py:188} INFO - [2024-06-11T22:52:38.524+0000] {dag.py:3954} INFO - Setting next_dagrun for example_sla_dag to 2024-06-11 22:50:00+00:00, run_after=2024-06-11 22:52:00+00:00
[2024-06-11T22:52:38.546+0000] {processor.py:183} INFO - Processing /home/airflow/.local/lib/python3.12/site-packages/airflow/example_dags/example_sla_dag.py took 0.187 seconds
[2024-06-11T22:53:08.834+0000] {processor.py:161} INFO - Started process (PID=1133) to work on /home/airflow/.local/lib/python3.12/site-packages/airflow/example_dags/example_sla_dag.py
[2024-06-11T22:53:08.836+0000] {processor.py:830} INFO - Processing file /home/airflow/.local/lib/python3.12/site-packages/airflow/example_dags/example_sla_dag.py for tasks to queue
[2024-06-11T22:53:08.838+0000] {logging_mixin.py:188} INFO - [2024-06-11T22:53:08.837+0000] {dagbag.py:545} INFO - Filling up the DagBag from /home/airflow/.local/lib/python3.12/site-packages/airflow/example_dags/example_sla_dag.py
[2024-06-11T22:53:08.844+0000] {processor.py:840} INFO - DAG(s) 'example_sla_dag' retrieved from /home/airflow/.local/lib/python3.12/site-packages/airflow/example_dags/example_sla_dag.py
[2024-06-11T22:53:08.863+0000] {logging_mixin.py:188} INFO - [2024-06-11T22:53:08.862+0000] {dag.py:3096} INFO - Sync 1 DAGs
[2024-06-11T22:53:08.884+0000] {logging_mixin.py:188} INFO - [2024-06-11T22:53:08.884+0000] {dag.py:3954} INFO - Setting next_dagrun for example_sla_dag to 2024-06-11 22:50:00+00:00, run_after=2024-06-11 22:52:00+00:00
[2024-06-11T22:53:08.900+0000] {processor.py:183} INFO - Processing /home/airflow/.local/lib/python3.12/site-packages/airflow/example_dags/example_sla_dag.py took 0.071 seconds
[2024-06-11T22:53:39.311+0000] {processor.py:161} INFO - Started process (PID=1191) to work on /home/airflow/.local/lib/python3.12/site-packages/airflow/example_dags/example_sla_dag.py
[2024-06-11T22:53:39.312+0000] {processor.py:830} INFO - Processing file /home/airflow/.local/lib/python3.12/site-packages/airflow/example_dags/example_sla_dag.py for tasks to queue
[2024-06-11T22:53:39.314+0000] {logging_mixin.py:188} INFO - [2024-06-11T22:53:39.314+0000] {dagbag.py:545} INFO - Filling up the DagBag from /home/airflow/.local/lib/python3.12/site-packages/airflow/example_dags/example_sla_dag.py
[2024-06-11T22:53:39.323+0000] {processor.py:840} INFO - DAG(s) 'example_sla_dag' retrieved from /home/airflow/.local/lib/python3.12/site-packages/airflow/example_dags/example_sla_dag.py
[2024-06-11T22:53:39.341+0000] {logging_mixin.py:188} INFO - [2024-06-11T22:53:39.341+0000] {dag.py:3096} INFO - Sync 1 DAGs
[2024-06-11T22:53:39.359+0000] {logging_mixin.py:188} INFO - [2024-06-11T22:53:39.359+0000] {dag.py:3954} INFO - Setting next_dagrun for example_sla_dag to 2024-06-11 22:50:00+00:00, run_after=2024-06-11 22:52:00+00:00
[2024-06-11T22:53:39.374+0000] {processor.py:183} INFO - Processing /home/airflow/.local/lib/python3.12/site-packages/airflow/example_dags/example_sla_dag.py took 0.069 seconds
[2024-06-11T22:54:09.483+0000] {processor.py:161} INFO - Started process (PID=1248) to work on /home/airflow/.local/lib/python3.12/site-packages/airflow/example_dags/example_sla_dag.py
[2024-06-11T22:54:09.485+0000] {processor.py:830} INFO - Processing file /home/airflow/.local/lib/python3.12/site-packages/airflow/example_dags/example_sla_dag.py for tasks to queue
[2024-06-11T22:54:09.487+0000] {logging_mixin.py:188} INFO - [2024-06-11T22:54:09.486+0000] {dagbag.py:545} INFO - Filling up the DagBag from /home/airflow/.local/lib/python3.12/site-packages/airflow/example_dags/example_sla_dag.py
[2024-06-11T22:54:09.493+0000] {processor.py:840} INFO - DAG(s) 'example_sla_dag' retrieved from /home/airflow/.local/lib/python3.12/site-packages/airflow/example_dags/example_sla_dag.py
[2024-06-11T22:54:09.513+0000] {logging_mixin.py:188} INFO - [2024-06-11T22:54:09.512+0000] {dag.py:3096} INFO - Sync 1 DAGs
[2024-06-11T22:54:09.532+0000] {logging_mixin.py:188} INFO - [2024-06-11T22:54:09.532+0000] {dag.py:3954} INFO - Setting next_dagrun for example_sla_dag to 2024-06-11 22:52:00+00:00, run_after=2024-06-11 22:54:00+00:00
[2024-06-11T22:54:09.555+0000] {processor.py:183} INFO - Processing /home/airflow/.local/lib/python3.12/site-packages/airflow/example_dags/example_sla_dag.py took 0.076 seconds
[2024-06-11T22:54:40.062+0000] {processor.py:161} INFO - Started process (PID=1306) to work on /home/airflow/.local/lib/python3.12/site-packages/airflow/example_dags/example_sla_dag.py
[2024-06-11T22:54:40.063+0000] {processor.py:830} INFO - Processing file /home/airflow/.local/lib/python3.12/site-packages/airflow/example_dags/example_sla_dag.py for tasks to queue
[2024-06-11T22:54:40.065+0000] {logging_mixin.py:188} INFO - [2024-06-11T22:54:40.065+0000] {dagbag.py:545} INFO - Filling up the DagBag from /home/airflow/.local/lib/python3.12/site-packages/airflow/example_dags/example_sla_dag.py
[2024-06-11T22:54:40.072+0000] {processor.py:840} INFO - DAG(s) 'example_sla_dag' retrieved from /home/airflow/.local/lib/python3.12/site-packages/airflow/example_dags/example_sla_dag.py
[2024-06-11T22:54:40.090+0000] {logging_mixin.py:188} INFO - [2024-06-11T22:54:40.090+0000] {dag.py:3096} INFO - Sync 1 DAGs
[2024-06-11T22:54:40.113+0000] {logging_mixin.py:188} INFO - [2024-06-11T22:54:40.113+0000] {dag.py:3954} INFO - Setting next_dagrun for example_sla_dag to 2024-06-11 22:52:00+00:00, run_after=2024-06-11 22:54:00+00:00
[2024-06-11T22:54:40.132+0000] {processor.py:183} INFO - Processing /home/airflow/.local/lib/python3.12/site-packages/airflow/example_dags/example_sla_dag.py took 0.075 seconds
[2024-06-11T22:55:10.338+0000] {processor.py:161} INFO - Started process (PID=1364) to work on /home/airflow/.local/lib/python3.12/site-packages/airflow/example_dags/example_sla_dag.py
[2024-06-11T22:55:10.339+0000] {processor.py:830} INFO - Processing file /home/airflow/.local/lib/python3.12/site-packages/airflow/example_dags/example_sla_dag.py for tasks to queue
[2024-06-11T22:55:10.341+0000] {logging_mixin.py:188} INFO - [2024-06-11T22:55:10.340+0000] {dagbag.py:545} INFO - Filling up the DagBag from /home/airflow/.local/lib/python3.12/site-packages/airflow/example_dags/example_sla_dag.py
[2024-06-11T22:55:10.346+0000] {processor.py:840} INFO - DAG(s) 'example_sla_dag' retrieved from /home/airflow/.local/lib/python3.12/site-packages/airflow/example_dags/example_sla_dag.py
[2024-06-11T22:55:10.362+0000] {logging_mixin.py:188} INFO - [2024-06-11T22:55:10.362+0000] {dag.py:3096} INFO - Sync 1 DAGs
[2024-06-11T22:55:10.381+0000] {logging_mixin.py:188} INFO - [2024-06-11T22:55:10.380+0000] {dag.py:3954} INFO - Setting next_dagrun for example_sla_dag to 2024-06-11 22:52:00+00:00, run_after=2024-06-11 22:54:00+00:00
[2024-06-11T22:55:10.397+0000] {processor.py:183} INFO - Processing /home/airflow/.local/lib/python3.12/site-packages/airflow/example_dags/example_sla_dag.py took 0.063 seconds
[2024-06-11T22:55:41.307+0000] {processor.py:161} INFO - Started process (PID=1422) to work on /home/airflow/.local/lib/python3.12/site-packages/airflow/example_dags/example_sla_dag.py
[2024-06-11T22:55:41.308+0000] {processor.py:830} INFO - Processing file /home/airflow/.local/lib/python3.12/site-packages/airflow/example_dags/example_sla_dag.py for tasks to queue
[2024-06-11T22:55:41.310+0000] {logging_mixin.py:188} INFO - [2024-06-11T22:55:41.310+0000] {dagbag.py:545} INFO - Filling up the DagBag from /home/airflow/.local/lib/python3.12/site-packages/airflow/example_dags/example_sla_dag.py
[2024-06-11T22:55:41.323+0000] {processor.py:840} INFO - DAG(s) 'example_sla_dag' retrieved from /home/airflow/.local/lib/python3.12/site-packages/airflow/example_dags/example_sla_dag.py
[2024-06-11T22:55:41.352+0000] {logging_mixin.py:188} INFO - [2024-06-11T22:55:41.351+0000] {dag.py:3096} INFO - Sync 1 DAGs
[2024-06-11T22:55:41.374+0000] {logging_mixin.py:188} INFO - [2024-06-11T22:55:41.373+0000] {dag.py:3954} INFO - Setting next_dagrun for example_sla_dag to 2024-06-11 22:52:00+00:00, run_after=2024-06-11 22:54:00+00:00
[2024-06-11T22:55:41.394+0000] {processor.py:183} INFO - Processing /home/airflow/.local/lib/python3.12/site-packages/airflow/example_dags/example_sla_dag.py took 0.091 seconds
[2024-06-11T22:56:11.655+0000] {processor.py:161} INFO - Started process (PID=1479) to work on /home/airflow/.local/lib/python3.12/site-packages/airflow/example_dags/example_sla_dag.py
[2024-06-11T22:56:11.658+0000] {processor.py:830} INFO - Processing file /home/airflow/.local/lib/python3.12/site-packages/airflow/example_dags/example_sla_dag.py for tasks to queue
[2024-06-11T22:56:11.660+0000] {logging_mixin.py:188} INFO - [2024-06-11T22:56:11.659+0000] {dagbag.py:545} INFO - Filling up the DagBag from /home/airflow/.local/lib/python3.12/site-packages/airflow/example_dags/example_sla_dag.py
[2024-06-11T22:56:11.665+0000] {processor.py:840} INFO - DAG(s) 'example_sla_dag' retrieved from /home/airflow/.local/lib/python3.12/site-packages/airflow/example_dags/example_sla_dag.py
[2024-06-11T22:56:11.680+0000] {logging_mixin.py:188} INFO - [2024-06-11T22:56:11.680+0000] {dag.py:3096} INFO - Sync 1 DAGs
[2024-06-11T22:56:11.696+0000] {logging_mixin.py:188} INFO - [2024-06-11T22:56:11.696+0000] {dag.py:3954} INFO - Setting next_dagrun for example_sla_dag to 2024-06-11 22:54:00+00:00, run_after=2024-06-11 22:56:00+00:00
[2024-06-11T22:56:11.713+0000] {processor.py:183} INFO - Processing /home/airflow/.local/lib/python3.12/site-packages/airflow/example_dags/example_sla_dag.py took 0.063 seconds
[2024-06-11T22:56:42.139+0000] {processor.py:161} INFO - Started process (PID=1537) to work on /home/airflow/.local/lib/python3.12/site-packages/airflow/example_dags/example_sla_dag.py
[2024-06-11T22:56:42.141+0000] {processor.py:830} INFO - Processing file /home/airflow/.local/lib/python3.12/site-packages/airflow/example_dags/example_sla_dag.py for tasks to queue
[2024-06-11T22:56:42.143+0000] {logging_mixin.py:188} INFO - [2024-06-11T22:56:42.142+0000] {dagbag.py:545} INFO - Filling up the DagBag from /home/airflow/.local/lib/python3.12/site-packages/airflow/example_dags/example_sla_dag.py
[2024-06-11T22:56:42.149+0000] {processor.py:840} INFO - DAG(s) 'example_sla_dag' retrieved from /home/airflow/.local/lib/python3.12/site-packages/airflow/example_dags/example_sla_dag.py
[2024-06-11T22:56:42.164+0000] {logging_mixin.py:188} INFO - [2024-06-11T22:56:42.163+0000] {dag.py:3096} INFO - Sync 1 DAGs
[2024-06-11T22:56:42.182+0000] {logging_mixin.py:188} INFO - [2024-06-11T22:56:42.181+0000] {dag.py:3954} INFO - Setting next_dagrun for example_sla_dag to 2024-06-11 22:54:00+00:00, run_after=2024-06-11 22:56:00+00:00
[2024-06-11T22:56:42.199+0000] {processor.py:183} INFO - Processing /home/airflow/.local/lib/python3.12/site-packages/airflow/example_dags/example_sla_dag.py took 0.072 seconds
[2024-06-11T22:57:12.478+0000] {processor.py:161} INFO - Started process (PID=1595) to work on /home/airflow/.local/lib/python3.12/site-packages/airflow/example_dags/example_sla_dag.py
[2024-06-11T22:57:12.479+0000] {processor.py:830} INFO - Processing file /home/airflow/.local/lib/python3.12/site-packages/airflow/example_dags/example_sla_dag.py for tasks to queue
[2024-06-11T22:57:12.481+0000] {logging_mixin.py:188} INFO - [2024-06-11T22:57:12.480+0000] {dagbag.py:545} INFO - Filling up the DagBag from /home/airflow/.local/lib/python3.12/site-packages/airflow/example_dags/example_sla_dag.py
[2024-06-11T22:57:12.489+0000] {processor.py:840} INFO - DAG(s) 'example_sla_dag' retrieved from /home/airflow/.local/lib/python3.12/site-packages/airflow/example_dags/example_sla_dag.py
[2024-06-11T22:57:12.509+0000] {logging_mixin.py:188} INFO - [2024-06-11T22:57:12.508+0000] {dag.py:3096} INFO - Sync 1 DAGs
[2024-06-11T22:57:12.531+0000] {logging_mixin.py:188} INFO - [2024-06-11T22:57:12.531+0000] {dag.py:3954} INFO - Setting next_dagrun for example_sla_dag to 2024-06-11 22:54:00+00:00, run_after=2024-06-11 22:56:00+00:00
[2024-06-11T22:57:12.549+0000] {processor.py:183} INFO - Processing /home/airflow/.local/lib/python3.12/site-packages/airflow/example_dags/example_sla_dag.py took 0.077 seconds
[2024-06-11T22:57:42.639+0000] {processor.py:161} INFO - Started process (PID=1652) to work on /home/airflow/.local/lib/python3.12/site-packages/airflow/example_dags/example_sla_dag.py
[2024-06-11T22:57:42.640+0000] {processor.py:830} INFO - Processing file /home/airflow/.local/lib/python3.12/site-packages/airflow/example_dags/example_sla_dag.py for tasks to queue
[2024-06-11T22:57:42.642+0000] {logging_mixin.py:188} INFO - [2024-06-11T22:57:42.642+0000] {dagbag.py:545} INFO - Filling up the DagBag from /home/airflow/.local/lib/python3.12/site-packages/airflow/example_dags/example_sla_dag.py
[2024-06-11T22:57:42.651+0000] {processor.py:840} INFO - DAG(s) 'example_sla_dag' retrieved from /home/airflow/.local/lib/python3.12/site-packages/airflow/example_dags/example_sla_dag.py
[2024-06-11T22:57:42.670+0000] {logging_mixin.py:188} INFO - [2024-06-11T22:57:42.670+0000] {dag.py:3096} INFO - Sync 1 DAGs
[2024-06-11T22:57:42.694+0000] {logging_mixin.py:188} INFO - [2024-06-11T22:57:42.694+0000] {dag.py:3954} INFO - Setting next_dagrun for example_sla_dag to 2024-06-11 22:54:00+00:00, run_after=2024-06-11 22:56:00+00:00
[2024-06-11T22:57:42.717+0000] {processor.py:183} INFO - Processing /home/airflow/.local/lib/python3.12/site-packages/airflow/example_dags/example_sla_dag.py took 0.084 seconds
[2024-06-11T22:58:15.267+0000] {processor.py:161} INFO - Started process (PID=1710) to work on /home/airflow/.local/lib/python3.12/site-packages/airflow/example_dags/example_sla_dag.py
[2024-06-11T22:58:15.268+0000] {processor.py:830} INFO - Processing file /home/airflow/.local/lib/python3.12/site-packages/airflow/example_dags/example_sla_dag.py for tasks to queue
[2024-06-11T22:58:15.270+0000] {logging_mixin.py:188} INFO - [2024-06-11T22:58:15.270+0000] {dagbag.py:545} INFO - Filling up the DagBag from /home/airflow/.local/lib/python3.12/site-packages/airflow/example_dags/example_sla_dag.py
[2024-06-11T22:58:15.279+0000] {processor.py:840} INFO - DAG(s) 'example_sla_dag' retrieved from /home/airflow/.local/lib/python3.12/site-packages/airflow/example_dags/example_sla_dag.py
[2024-06-11T22:58:15.299+0000] {logging_mixin.py:188} INFO - [2024-06-11T22:58:15.299+0000] {dag.py:3096} INFO - Sync 1 DAGs
[2024-06-11T22:58:15.328+0000] {logging_mixin.py:188} INFO - [2024-06-11T22:58:15.327+0000] {dag.py:3954} INFO - Setting next_dagrun for example_sla_dag to 2024-06-11 22:56:00+00:00, run_after=2024-06-11 22:58:00+00:00
[2024-06-11T22:58:15.358+0000] {processor.py:183} INFO - Processing /home/airflow/.local/lib/python3.12/site-packages/airflow/example_dags/example_sla_dag.py took 0.098 seconds
[2024-06-11T22:58:46.264+0000] {processor.py:161} INFO - Started process (PID=1768) to work on /home/airflow/.local/lib/python3.12/site-packages/airflow/example_dags/example_sla_dag.py
[2024-06-11T22:58:46.265+0000] {processor.py:830} INFO - Processing file /home/airflow/.local/lib/python3.12/site-packages/airflow/example_dags/example_sla_dag.py for tasks to queue
[2024-06-11T22:58:46.267+0000] {logging_mixin.py:188} INFO - [2024-06-11T22:58:46.267+0000] {dagbag.py:545} INFO - Filling up the DagBag from /home/airflow/.local/lib/python3.12/site-packages/airflow/example_dags/example_sla_dag.py
[2024-06-11T22:58:46.275+0000] {processor.py:840} INFO - DAG(s) 'example_sla_dag' retrieved from /home/airflow/.local/lib/python3.12/site-packages/airflow/example_dags/example_sla_dag.py
[2024-06-11T22:58:46.295+0000] {logging_mixin.py:188} INFO - [2024-06-11T22:58:46.295+0000] {dag.py:3096} INFO - Sync 1 DAGs
[2024-06-11T22:58:46.321+0000] {logging_mixin.py:188} INFO - [2024-06-11T22:58:46.321+0000] {dag.py:3954} INFO - Setting next_dagrun for example_sla_dag to 2024-06-11 22:56:00+00:00, run_after=2024-06-11 22:58:00+00:00
[2024-06-11T22:58:46.344+0000] {processor.py:183} INFO - Processing /home/airflow/.local/lib/python3.12/site-packages/airflow/example_dags/example_sla_dag.py took 0.086 seconds
[2024-06-11T22:59:16.572+0000] {processor.py:161} INFO - Started process (PID=1825) to work on /home/airflow/.local/lib/python3.12/site-packages/airflow/example_dags/example_sla_dag.py
[2024-06-11T22:59:16.573+0000] {processor.py:830} INFO - Processing file /home/airflow/.local/lib/python3.12/site-packages/airflow/example_dags/example_sla_dag.py for tasks to queue
[2024-06-11T22:59:16.577+0000] {logging_mixin.py:188} INFO - [2024-06-11T22:59:16.577+0000] {dagbag.py:545} INFO - Filling up the DagBag from /home/airflow/.local/lib/python3.12/site-packages/airflow/example_dags/example_sla_dag.py
[2024-06-11T22:59:16.593+0000] {processor.py:840} INFO - DAG(s) 'example_sla_dag' retrieved from /home/airflow/.local/lib/python3.12/site-packages/airflow/example_dags/example_sla_dag.py
[2024-06-11T22:59:16.626+0000] {logging_mixin.py:188} INFO - [2024-06-11T22:59:16.625+0000] {dag.py:3096} INFO - Sync 1 DAGs
[2024-06-11T22:59:16.657+0000] {logging_mixin.py:188} INFO - [2024-06-11T22:59:16.656+0000] {dag.py:3954} INFO - Setting next_dagrun for example_sla_dag to 2024-06-11 22:56:00+00:00, run_after=2024-06-11 22:58:00+00:00
[2024-06-11T22:59:16.681+0000] {processor.py:183} INFO - Processing /home/airflow/.local/lib/python3.12/site-packages/airflow/example_dags/example_sla_dag.py took 0.116 seconds
[2024-06-11T22:59:47.223+0000] {processor.py:161} INFO - Started process (PID=1884) to work on /home/airflow/.local/lib/python3.12/site-packages/airflow/example_dags/example_sla_dag.py
[2024-06-11T22:59:47.224+0000] {processor.py:830} INFO - Processing file /home/airflow/.local/lib/python3.12/site-packages/airflow/example_dags/example_sla_dag.py for tasks to queue
[2024-06-11T22:59:47.226+0000] {logging_mixin.py:188} INFO - [2024-06-11T22:59:47.226+0000] {dagbag.py:545} INFO - Filling up the DagBag from /home/airflow/.local/lib/python3.12/site-packages/airflow/example_dags/example_sla_dag.py
[2024-06-11T22:59:47.232+0000] {processor.py:840} INFO - DAG(s) 'example_sla_dag' retrieved from /home/airflow/.local/lib/python3.12/site-packages/airflow/example_dags/example_sla_dag.py
[2024-06-11T22:59:47.248+0000] {logging_mixin.py:188} INFO - [2024-06-11T22:59:47.248+0000] {dag.py:3096} INFO - Sync 1 DAGs
[2024-06-11T22:59:47.271+0000] {logging_mixin.py:188} INFO - [2024-06-11T22:59:47.271+0000] {dag.py:3954} INFO - Setting next_dagrun for example_sla_dag to 2024-06-11 22:56:00+00:00, run_after=2024-06-11 22:58:00+00:00
[2024-06-11T22:59:47.291+0000] {processor.py:183} INFO - Processing /home/airflow/.local/lib/python3.12/site-packages/airflow/example_dags/example_sla_dag.py took 0.072 seconds
[2024-06-11T23:00:18.149+0000] {processor.py:161} INFO - Started process (PID=1943) to work on /home/airflow/.local/lib/python3.12/site-packages/airflow/example_dags/example_sla_dag.py
[2024-06-11T23:00:18.150+0000] {processor.py:830} INFO - Processing file /home/airflow/.local/lib/python3.12/site-packages/airflow/example_dags/example_sla_dag.py for tasks to queue
[2024-06-11T23:00:18.151+0000] {logging_mixin.py:188} INFO - [2024-06-11T23:00:18.151+0000] {dagbag.py:545} INFO - Filling up the DagBag from /home/airflow/.local/lib/python3.12/site-packages/airflow/example_dags/example_sla_dag.py
[2024-06-11T23:00:18.158+0000] {processor.py:840} INFO - DAG(s) 'example_sla_dag' retrieved from /home/airflow/.local/lib/python3.12/site-packages/airflow/example_dags/example_sla_dag.py
[2024-06-11T23:00:18.177+0000] {logging_mixin.py:188} INFO - [2024-06-11T23:00:18.176+0000] {dag.py:3096} INFO - Sync 1 DAGs
[2024-06-11T23:00:18.194+0000] {logging_mixin.py:188} INFO - [2024-06-11T23:00:18.194+0000] {dag.py:3954} INFO - Setting next_dagrun for example_sla_dag to 2024-06-11 22:58:00+00:00, run_after=2024-06-11 23:00:00+00:00
[2024-06-11T23:00:18.211+0000] {processor.py:183} INFO - Processing /home/airflow/.local/lib/python3.12/site-packages/airflow/example_dags/example_sla_dag.py took 0.067 seconds
[2024-06-11T23:00:50.428+0000] {processor.py:161} INFO - Started process (PID=2001) to work on /home/airflow/.local/lib/python3.12/site-packages/airflow/example_dags/example_sla_dag.py
[2024-06-11T23:00:50.429+0000] {processor.py:830} INFO - Processing file /home/airflow/.local/lib/python3.12/site-packages/airflow/example_dags/example_sla_dag.py for tasks to queue
[2024-06-11T23:00:50.431+0000] {logging_mixin.py:188} INFO - [2024-06-11T23:00:50.431+0000] {dagbag.py:545} INFO - Filling up the DagBag from /home/airflow/.local/lib/python3.12/site-packages/airflow/example_dags/example_sla_dag.py
[2024-06-11T23:00:50.563+0000] {processor.py:840} INFO - DAG(s) 'example_sla_dag' retrieved from /home/airflow/.local/lib/python3.12/site-packages/airflow/example_dags/example_sla_dag.py
[2024-06-11T23:00:50.581+0000] {logging_mixin.py:188} INFO - [2024-06-11T23:00:50.580+0000] {dag.py:3096} INFO - Sync 1 DAGs
[2024-06-11T23:00:50.601+0000] {logging_mixin.py:188} INFO - [2024-06-11T23:00:50.601+0000] {dag.py:3954} INFO - Setting next_dagrun for example_sla_dag to 2024-06-11 22:58:00+00:00, run_after=2024-06-11 23:00:00+00:00
[2024-06-11T23:00:50.618+0000] {processor.py:183} INFO - Processing /home/airflow/.local/lib/python3.12/site-packages/airflow/example_dags/example_sla_dag.py took 0.196 seconds
[2024-06-11T23:01:21.085+0000] {processor.py:161} INFO - Started process (PID=2059) to work on /home/airflow/.local/lib/python3.12/site-packages/airflow/example_dags/example_sla_dag.py
[2024-06-11T23:01:21.086+0000] {processor.py:830} INFO - Processing file /home/airflow/.local/lib/python3.12/site-packages/airflow/example_dags/example_sla_dag.py for tasks to queue
[2024-06-11T23:01:21.087+0000] {logging_mixin.py:188} INFO - [2024-06-11T23:01:21.087+0000] {dagbag.py:545} INFO - Filling up the DagBag from /home/airflow/.local/lib/python3.12/site-packages/airflow/example_dags/example_sla_dag.py
[2024-06-11T23:01:21.095+0000] {processor.py:840} INFO - DAG(s) 'example_sla_dag' retrieved from /home/airflow/.local/lib/python3.12/site-packages/airflow/example_dags/example_sla_dag.py
[2024-06-11T23:01:21.117+0000] {logging_mixin.py:188} INFO - [2024-06-11T23:01:21.116+0000] {dag.py:3096} INFO - Sync 1 DAGs
[2024-06-11T23:01:21.138+0000] {logging_mixin.py:188} INFO - [2024-06-11T23:01:21.138+0000] {dag.py:3954} INFO - Setting next_dagrun for example_sla_dag to 2024-06-11 22:58:00+00:00, run_after=2024-06-11 23:00:00+00:00
[2024-06-11T23:01:21.155+0000] {processor.py:183} INFO - Processing /home/airflow/.local/lib/python3.12/site-packages/airflow/example_dags/example_sla_dag.py took 0.076 seconds
[2024-06-11T23:01:52.052+0000] {processor.py:161} INFO - Started process (PID=2117) to work on /home/airflow/.local/lib/python3.12/site-packages/airflow/example_dags/example_sla_dag.py
[2024-06-11T23:01:52.054+0000] {processor.py:830} INFO - Processing file /home/airflow/.local/lib/python3.12/site-packages/airflow/example_dags/example_sla_dag.py for tasks to queue
[2024-06-11T23:01:52.058+0000] {logging_mixin.py:188} INFO - [2024-06-11T23:01:52.058+0000] {dagbag.py:545} INFO - Filling up the DagBag from /home/airflow/.local/lib/python3.12/site-packages/airflow/example_dags/example_sla_dag.py
[2024-06-11T23:01:52.068+0000] {processor.py:840} INFO - DAG(s) 'example_sla_dag' retrieved from /home/airflow/.local/lib/python3.12/site-packages/airflow/example_dags/example_sla_dag.py
[2024-06-11T23:01:52.093+0000] {logging_mixin.py:188} INFO - [2024-06-11T23:01:52.093+0000] {dag.py:3096} INFO - Sync 1 DAGs
[2024-06-11T23:01:52.120+0000] {logging_mixin.py:188} INFO - [2024-06-11T23:01:52.120+0000] {dag.py:3954} INFO - Setting next_dagrun for example_sla_dag to 2024-06-11 22:58:00+00:00, run_after=2024-06-11 23:00:00+00:00
[2024-06-11T23:01:52.143+0000] {processor.py:183} INFO - Processing /home/airflow/.local/lib/python3.12/site-packages/airflow/example_dags/example_sla_dag.py took 0.099 seconds
[2024-06-11T23:02:22.175+0000] {processor.py:161} INFO - Started process (PID=2175) to work on /home/airflow/.local/lib/python3.12/site-packages/airflow/example_dags/example_sla_dag.py
[2024-06-11T23:02:22.176+0000] {processor.py:830} INFO - Processing file /home/airflow/.local/lib/python3.12/site-packages/airflow/example_dags/example_sla_dag.py for tasks to queue
[2024-06-11T23:02:22.178+0000] {logging_mixin.py:188} INFO - [2024-06-11T23:02:22.178+0000] {dagbag.py:545} INFO - Filling up the DagBag from /home/airflow/.local/lib/python3.12/site-packages/airflow/example_dags/example_sla_dag.py
[2024-06-11T23:02:22.186+0000] {processor.py:840} INFO - DAG(s) 'example_sla_dag' retrieved from /home/airflow/.local/lib/python3.12/site-packages/airflow/example_dags/example_sla_dag.py
[2024-06-11T23:02:22.206+0000] {logging_mixin.py:188} INFO - [2024-06-11T23:02:22.206+0000] {dag.py:3096} INFO - Sync 1 DAGs
[2024-06-11T23:02:22.229+0000] {logging_mixin.py:188} INFO - [2024-06-11T23:02:22.228+0000] {dag.py:3954} INFO - Setting next_dagrun for example_sla_dag to 2024-06-11 23:00:00+00:00, run_after=2024-06-11 23:02:00+00:00
[2024-06-11T23:02:22.245+0000] {processor.py:183} INFO - Processing /home/airflow/.local/lib/python3.12/site-packages/airflow/example_dags/example_sla_dag.py took 0.076 seconds
[2024-06-11T23:02:52.537+0000] {processor.py:161} INFO - Started process (PID=2233) to work on /home/airflow/.local/lib/python3.12/site-packages/airflow/example_dags/example_sla_dag.py
[2024-06-11T23:02:52.538+0000] {processor.py:830} INFO - Processing file /home/airflow/.local/lib/python3.12/site-packages/airflow/example_dags/example_sla_dag.py for tasks to queue
[2024-06-11T23:02:52.540+0000] {logging_mixin.py:188} INFO - [2024-06-11T23:02:52.539+0000] {dagbag.py:545} INFO - Filling up the DagBag from /home/airflow/.local/lib/python3.12/site-packages/airflow/example_dags/example_sla_dag.py
[2024-06-11T23:02:52.547+0000] {processor.py:840} INFO - DAG(s) 'example_sla_dag' retrieved from /home/airflow/.local/lib/python3.12/site-packages/airflow/example_dags/example_sla_dag.py
[2024-06-11T23:02:52.564+0000] {logging_mixin.py:188} INFO - [2024-06-11T23:02:52.563+0000] {dag.py:3096} INFO - Sync 1 DAGs
[2024-06-11T23:02:52.586+0000] {logging_mixin.py:188} INFO - [2024-06-11T23:02:52.586+0000] {dag.py:3954} INFO - Setting next_dagrun for example_sla_dag to 2024-06-11 23:00:00+00:00, run_after=2024-06-11 23:02:00+00:00
[2024-06-11T23:02:52.605+0000] {processor.py:183} INFO - Processing /home/airflow/.local/lib/python3.12/site-packages/airflow/example_dags/example_sla_dag.py took 0.073 seconds
[2024-06-11T23:03:23.148+0000] {processor.py:161} INFO - Started process (PID=2291) to work on /home/airflow/.local/lib/python3.12/site-packages/airflow/example_dags/example_sla_dag.py
[2024-06-11T23:03:23.149+0000] {processor.py:830} INFO - Processing file /home/airflow/.local/lib/python3.12/site-packages/airflow/example_dags/example_sla_dag.py for tasks to queue
[2024-06-11T23:03:23.151+0000] {logging_mixin.py:188} INFO - [2024-06-11T23:03:23.150+0000] {dagbag.py:545} INFO - Filling up the DagBag from /home/airflow/.local/lib/python3.12/site-packages/airflow/example_dags/example_sla_dag.py
[2024-06-11T23:03:23.158+0000] {processor.py:840} INFO - DAG(s) 'example_sla_dag' retrieved from /home/airflow/.local/lib/python3.12/site-packages/airflow/example_dags/example_sla_dag.py
[2024-06-11T23:03:23.176+0000] {logging_mixin.py:188} INFO - [2024-06-11T23:03:23.176+0000] {dag.py:3096} INFO - Sync 1 DAGs
[2024-06-11T23:03:23.272+0000] {logging_mixin.py:188} INFO - [2024-06-11T23:03:23.271+0000] {dag.py:3954} INFO - Setting next_dagrun for example_sla_dag to 2024-06-11 23:00:00+00:00, run_after=2024-06-11 23:02:00+00:00
[2024-06-11T23:03:23.289+0000] {processor.py:183} INFO - Processing /home/airflow/.local/lib/python3.12/site-packages/airflow/example_dags/example_sla_dag.py took 0.147 seconds
[2024-06-11T23:03:54.252+0000] {processor.py:161} INFO - Started process (PID=2349) to work on /home/airflow/.local/lib/python3.12/site-packages/airflow/example_dags/example_sla_dag.py
[2024-06-11T23:03:54.253+0000] {processor.py:830} INFO - Processing file /home/airflow/.local/lib/python3.12/site-packages/airflow/example_dags/example_sla_dag.py for tasks to queue
[2024-06-11T23:03:54.256+0000] {logging_mixin.py:188} INFO - [2024-06-11T23:03:54.255+0000] {dagbag.py:545} INFO - Filling up the DagBag from /home/airflow/.local/lib/python3.12/site-packages/airflow/example_dags/example_sla_dag.py
[2024-06-11T23:03:54.263+0000] {processor.py:840} INFO - DAG(s) 'example_sla_dag' retrieved from /home/airflow/.local/lib/python3.12/site-packages/airflow/example_dags/example_sla_dag.py
[2024-06-11T23:03:54.281+0000] {logging_mixin.py:188} INFO - [2024-06-11T23:03:54.280+0000] {dag.py:3096} INFO - Sync 1 DAGs
[2024-06-11T23:03:54.304+0000] {logging_mixin.py:188} INFO - [2024-06-11T23:03:54.304+0000] {dag.py:3954} INFO - Setting next_dagrun for example_sla_dag to 2024-06-11 23:00:00+00:00, run_after=2024-06-11 23:02:00+00:00
[2024-06-11T23:03:54.322+0000] {processor.py:183} INFO - Processing /home/airflow/.local/lib/python3.12/site-packages/airflow/example_dags/example_sla_dag.py took 0.076 seconds
[2024-06-11T23:04:24.590+0000] {processor.py:161} INFO - Started process (PID=2407) to work on /home/airflow/.local/lib/python3.12/site-packages/airflow/example_dags/example_sla_dag.py
[2024-06-11T23:04:24.591+0000] {processor.py:830} INFO - Processing file /home/airflow/.local/lib/python3.12/site-packages/airflow/example_dags/example_sla_dag.py for tasks to queue
[2024-06-11T23:04:24.598+0000] {logging_mixin.py:188} INFO - [2024-06-11T23:04:24.598+0000] {dagbag.py:545} INFO - Filling up the DagBag from /home/airflow/.local/lib/python3.12/site-packages/airflow/example_dags/example_sla_dag.py
[2024-06-11T23:04:24.606+0000] {processor.py:840} INFO - DAG(s) 'example_sla_dag' retrieved from /home/airflow/.local/lib/python3.12/site-packages/airflow/example_dags/example_sla_dag.py
[2024-06-11T23:04:24.622+0000] {logging_mixin.py:188} INFO - [2024-06-11T23:04:24.622+0000] {dag.py:3096} INFO - Sync 1 DAGs
[2024-06-11T23:04:24.643+0000] {logging_mixin.py:188} INFO - [2024-06-11T23:04:24.643+0000] {dag.py:3954} INFO - Setting next_dagrun for example_sla_dag to 2024-06-11 23:02:00+00:00, run_after=2024-06-11 23:04:00+00:00
[2024-06-11T23:04:24.661+0000] {processor.py:183} INFO - Processing /home/airflow/.local/lib/python3.12/site-packages/airflow/example_dags/example_sla_dag.py took 0.077 seconds
[2024-06-11T23:04:55.353+0000] {processor.py:161} INFO - Started process (PID=2466) to work on /home/airflow/.local/lib/python3.12/site-packages/airflow/example_dags/example_sla_dag.py
[2024-06-11T23:04:55.356+0000] {processor.py:830} INFO - Processing file /home/airflow/.local/lib/python3.12/site-packages/airflow/example_dags/example_sla_dag.py for tasks to queue
[2024-06-11T23:04:55.359+0000] {logging_mixin.py:188} INFO - [2024-06-11T23:04:55.358+0000] {dagbag.py:545} INFO - Filling up the DagBag from /home/airflow/.local/lib/python3.12/site-packages/airflow/example_dags/example_sla_dag.py
[2024-06-11T23:04:55.373+0000] {processor.py:840} INFO - DAG(s) 'example_sla_dag' retrieved from /home/airflow/.local/lib/python3.12/site-packages/airflow/example_dags/example_sla_dag.py
[2024-06-11T23:04:55.395+0000] {logging_mixin.py:188} INFO - [2024-06-11T23:04:55.395+0000] {dag.py:3096} INFO - Sync 1 DAGs
[2024-06-11T23:04:55.447+0000] {logging_mixin.py:188} INFO - [2024-06-11T23:04:55.447+0000] {dag.py:3954} INFO - Setting next_dagrun for example_sla_dag to 2024-06-11 23:02:00+00:00, run_after=2024-06-11 23:04:00+00:00
[2024-06-11T23:04:55.508+0000] {processor.py:183} INFO - Processing /home/airflow/.local/lib/python3.12/site-packages/airflow/example_dags/example_sla_dag.py took 0.173 seconds
[2024-06-11T23:05:25.603+0000] {processor.py:161} INFO - Started process (PID=2524) to work on /home/airflow/.local/lib/python3.12/site-packages/airflow/example_dags/example_sla_dag.py
[2024-06-11T23:05:25.626+0000] {processor.py:830} INFO - Processing file /home/airflow/.local/lib/python3.12/site-packages/airflow/example_dags/example_sla_dag.py for tasks to queue
[2024-06-11T23:05:25.635+0000] {logging_mixin.py:188} INFO - [2024-06-11T23:05:25.634+0000] {dagbag.py:545} INFO - Filling up the DagBag from /home/airflow/.local/lib/python3.12/site-packages/airflow/example_dags/example_sla_dag.py
[2024-06-11T23:05:25.649+0000] {processor.py:840} INFO - DAG(s) 'example_sla_dag' retrieved from /home/airflow/.local/lib/python3.12/site-packages/airflow/example_dags/example_sla_dag.py
[2024-06-11T23:05:25.669+0000] {logging_mixin.py:188} INFO - [2024-06-11T23:05:25.669+0000] {dag.py:3096} INFO - Sync 1 DAGs
[2024-06-11T23:05:25.725+0000] {logging_mixin.py:188} INFO - [2024-06-11T23:05:25.724+0000] {dag.py:3954} INFO - Setting next_dagrun for example_sla_dag to 2024-06-11 23:02:00+00:00, run_after=2024-06-11 23:04:00+00:00
[2024-06-11T23:05:25.741+0000] {processor.py:183} INFO - Processing /home/airflow/.local/lib/python3.12/site-packages/airflow/example_dags/example_sla_dag.py took 0.143 seconds
[2024-06-11T23:05:55.906+0000] {processor.py:161} INFO - Started process (PID=2582) to work on /home/airflow/.local/lib/python3.12/site-packages/airflow/example_dags/example_sla_dag.py
[2024-06-11T23:05:55.907+0000] {processor.py:830} INFO - Processing file /home/airflow/.local/lib/python3.12/site-packages/airflow/example_dags/example_sla_dag.py for tasks to queue
[2024-06-11T23:05:55.909+0000] {logging_mixin.py:188} INFO - [2024-06-11T23:05:55.908+0000] {dagbag.py:545} INFO - Filling up the DagBag from /home/airflow/.local/lib/python3.12/site-packages/airflow/example_dags/example_sla_dag.py
[2024-06-11T23:05:55.916+0000] {processor.py:840} INFO - DAG(s) 'example_sla_dag' retrieved from /home/airflow/.local/lib/python3.12/site-packages/airflow/example_dags/example_sla_dag.py
[2024-06-11T23:05:55.932+0000] {logging_mixin.py:188} INFO - [2024-06-11T23:05:55.932+0000] {dag.py:3096} INFO - Sync 1 DAGs
[2024-06-11T23:05:55.951+0000] {logging_mixin.py:188} INFO - [2024-06-11T23:05:55.951+0000] {dag.py:3954} INFO - Setting next_dagrun for example_sla_dag to 2024-06-11 23:02:00+00:00, run_after=2024-06-11 23:04:00+00:00
[2024-06-11T23:05:55.966+0000] {processor.py:183} INFO - Processing /home/airflow/.local/lib/python3.12/site-packages/airflow/example_dags/example_sla_dag.py took 0.066 seconds
[2024-06-11T23:06:26.377+0000] {processor.py:161} INFO - Started process (PID=2640) to work on /home/airflow/.local/lib/python3.12/site-packages/airflow/example_dags/example_sla_dag.py
[2024-06-11T23:06:26.378+0000] {processor.py:830} INFO - Processing file /home/airflow/.local/lib/python3.12/site-packages/airflow/example_dags/example_sla_dag.py for tasks to queue
[2024-06-11T23:06:26.380+0000] {logging_mixin.py:188} INFO - [2024-06-11T23:06:26.379+0000] {dagbag.py:545} INFO - Filling up the DagBag from /home/airflow/.local/lib/python3.12/site-packages/airflow/example_dags/example_sla_dag.py
[2024-06-11T23:06:26.386+0000] {processor.py:840} INFO - DAG(s) 'example_sla_dag' retrieved from /home/airflow/.local/lib/python3.12/site-packages/airflow/example_dags/example_sla_dag.py
[2024-06-11T23:06:26.402+0000] {logging_mixin.py:188} INFO - [2024-06-11T23:06:26.402+0000] {dag.py:3096} INFO - Sync 1 DAGs
[2024-06-11T23:06:26.423+0000] {logging_mixin.py:188} INFO - [2024-06-11T23:06:26.423+0000] {dag.py:3954} INFO - Setting next_dagrun for example_sla_dag to 2024-06-11 23:04:00+00:00, run_after=2024-06-11 23:06:00+00:00
[2024-06-11T23:06:26.437+0000] {processor.py:183} INFO - Processing /home/airflow/.local/lib/python3.12/site-packages/airflow/example_dags/example_sla_dag.py took 0.065 seconds
[2024-06-11T23:06:56.904+0000] {processor.py:161} INFO - Started process (PID=2698) to work on /home/airflow/.local/lib/python3.12/site-packages/airflow/example_dags/example_sla_dag.py
[2024-06-11T23:06:56.905+0000] {processor.py:830} INFO - Processing file /home/airflow/.local/lib/python3.12/site-packages/airflow/example_dags/example_sla_dag.py for tasks to queue
[2024-06-11T23:06:56.907+0000] {logging_mixin.py:188} INFO - [2024-06-11T23:06:56.907+0000] {dagbag.py:545} INFO - Filling up the DagBag from /home/airflow/.local/lib/python3.12/site-packages/airflow/example_dags/example_sla_dag.py
[2024-06-11T23:06:56.915+0000] {processor.py:840} INFO - DAG(s) 'example_sla_dag' retrieved from /home/airflow/.local/lib/python3.12/site-packages/airflow/example_dags/example_sla_dag.py
[2024-06-11T23:06:56.933+0000] {logging_mixin.py:188} INFO - [2024-06-11T23:06:56.933+0000] {dag.py:3096} INFO - Sync 1 DAGs
[2024-06-11T23:06:56.969+0000] {logging_mixin.py:188} INFO - [2024-06-11T23:06:56.969+0000] {dag.py:3954} INFO - Setting next_dagrun for example_sla_dag to 2024-06-11 23:04:00+00:00, run_after=2024-06-11 23:06:00+00:00
[2024-06-11T23:06:56.994+0000] {processor.py:183} INFO - Processing /home/airflow/.local/lib/python3.12/site-packages/airflow/example_dags/example_sla_dag.py took 0.095 seconds
